17.893952479 :(1 [ 2 [ 3 [ 4 ] ] , 5 ],1 [ 2 [ 3 ] , 4 , 5 ]) 1.0
7.624197883 :(1 [ 2 [ 3 [ 4 ] ] , 5 ],1 [ 2 [ 3 ] , 4 , 5 ]) 1.06066275
6.257995659 :(1 [ 2 [ 3 [ 4 ] ] , 5 ],1 [ 2 [ 3 ] , 4 , 5 ]) 1.12673752
6.924263271 :(1 [ 2 [ 3 [ 4 ] ] , 5 ],1 [ 2 [ 3 ] , 4 , 5 ]) 1.12987671
8.483359309 :(1 [ 2 [ 3 [ 4 ] ] , 5 ],1 [ 2 [ 3 ] , 4 , 5 ]) 1.13245798
10.389386881 :(1 [ 2 [ 3 [ 4 ] ] , 5 ],1 [ 2 [ 3 ] , 4 , 5 ]) 1.22563136
8.918240995 :(1 [ 2 [ 3 [ 4 ] ] , 5 ],1 [ 2 [ 3 ] , 4 , 5 ]) 1.22663136
31.689341433 :(1 [ 2 [ 3 [ 4 ] ] , 5 ],1 [ 2 [ 3 ] , 4 , 5 ]) 1.22763136
38.13975682 :(1 [ 2 [ 3 [ 4 ] ] , 5 ],1 [ 2 [ 3 ] , 4 , 5 ]) 1.23293805
6.15130421 :(1 [ 2 [ 3 [ 4 ] ] , 5 ],1 [ 2 [ 3 ] , 4 , 5 ]) 1.25373903
6.396547159 :(1 [ 2 [ 3 [ 4 ] ] , 5 ],1 [ 2 [ 3 ] , 4 , 5 ]) 1.25689658
6.535403511 :(1 [ 2 [ 3 [ 4 ] ] , 5 ],1 [ 2 [ 3 ] , 4 , 5 ]) 1.25945450
8.294999754 :(1 [ 2 [ 3 [ 4 ] ] , 5 ],1 [ 2 [ 3 ] , 4 , 5 ]) 1.26152666
8.581345796 :(1 [ 2 [ 3 [ 4 ] ] , 5 ],1 [ 2 [ 3 ] , 4 , 5 ]) 1.26320532
8.866359439 :(1 [ 2 [ 3 [ 4 ] ] , 5 ],1 [ 2 [ 3 ] , 4 , 5 ]) 1.26456519
9.031425853 :(1 [ 2 [ 3 [ 4 ] ] , 5 ],1 [ 2 [ 3 ] , 4 , 5 ]) 1.26566682
8.740073966 :(1 [ 2 [ 3 [ 4 ] ] , 5 ],1 [ 2 [ 3 ] , 4 , 5 ]) 1.26666682
8.835360204 :(1 [ 2 [ 3 [ 4 ] ] , 5 ],1 [ 2 [ 3 ] , 4 , 5 ]) 1.26766682
9.055766669 :(1 [ 2 [ 3 [ 4 ] ] , 5 ],1 [ 2 [ 3 ] , 4 , 5 ]) 1.26866682
7.900343322 :(1 [ 2 [ 3 [ 4 ] ] , 5 ],1 [ 2 [ 3 ] , 4 , 5 ]) 1.26966682
0.429981713 :(1 [ 2 [ 3 [ 4 ] ] , 5 ],1 [ 2 [ 3 ] , 4 , 5 ]) 1.27066682
9.486704875 :(1 [ 2 [ 3 [ 4 ] ] , 5 ],1 [ 2 [ 3 , 4 ] , 5 ]) 1.26966682
0.405716159 :(1 [ 2 [ 3 [ 4 ] ] , 5 ],1 [ 2 [ 3 , 4 ] , 5 ]) 1.27066682
0.33882464 :(1 [ 2 [ 3 [ 4 ] ] , 5 ],1 [ 2 [ 3 [ 4 ] ] , 5 ]) 1.26966682
9.547353757 :(1 [ 2 [ 3 [ 4 ] ] , 5 ],1 [ 2 [ 3 ] , 5 [ 4 ] ]) 1.26966682
0.423102555 :(1 [ 2 [ 3 [ 4 ] ] , 5 ],1 [ 2 [ 3 ] , 5 [ 4 ] ]) 1.27066682
7.700148866 :(1 [ 2 [ 3 [ 4 ] ] , 5 ],1 [ 2 , 3 , 5 [ 4 ] ]) 1.26966682
44.554997545 :(1 [ 2 [ 3 [ 4 ] ] , 5 ],1 [ 2 , 3 , 5 [ 4 ] ]) 1.27066682
43.632987482 :(1 [ 2 [ 3 [ 4 ] ] , 5 ],1 [ 2 , 3 , 5 [ 4 ] ]) 1.27166682
65.48636539 :(1 [ 2 [ 3 [ 4 ] ] , 5 ],1 [ 2 , 3 , 5 [ 4 ] ]) 1.27266682
70.144753879 :(1 [ 2 [ 3 [ 4 ] ] , 5 ],1 [ 2 , 3 , 5 [ 4 ] ]) 1.27366682
75.077985551 :(1 [ 2 [ 3 [ 4 ] ] , 5 ],1 [ 2 , 3 , 5 [ 4 ] ]) 1.27466682
64.15815683 :(1 [ 2 [ 3 [ 4 ] ] , 5 ],1 [ 2 , 3 , 5 [ 4 ] ]) 1.31760951
49.583275825 :(1 [ 2 [ 3 [ 4 ] ] , 5 ],1 [ 2 , 3 , 5 [ 4 ] ]) 1.33821664
74.701504724 :(1 [ 2 [ 3 [ 4 ] ] , 5 ],1 [ 2 , 3 , 5 [ 4 ] ]) 1.33921664
126.415025687 :(1 [ 2 [ 3 [ 4 ] ] , 5 ],1 [ 2 , 3 , 5 [ 4 ] ]) 1.34021664
111.067763851 :(1 [ 2 [ 3 [ 4 ] ] , 5 ],1 [ 2 , 3 , 5 [ 4 ] ]) 1.34121664
119.095454682 :(1 [ 2 [ 3 [ 4 ] ] , 5 ],1 [ 2 , 3 , 5 [ 4 ] ]) 1.34221664
157.606019515 :(1 [ 2 [ 3 [ 4 ] ] , 5 ],1 [ 2 , 3 , 5 [ 4 ] ]) 1.34777837
56.182005032 :(1 [ 2 [ 3 [ 4 ] ] , 5 ],1 [ 2 , 3 , 5 [ 4 ] ]) 1.34877837
65.353693726 :(1 [ 2 [ 3 [ 4 ] ] , 5 ],1 [ 2 , 3 , 5 [ 4 ] ]) 1.37552555
91.087807052 :(1 [ 2 [ 3 [ 4 ] ] , 5 ],1 [ 2 , 3 , 5 [ 4 ] ]) 1.37730240
91.209496633 :(1 [ 2 [ 3 [ 4 ] ] , 5 ],1 [ 2 , 3 , 5 [ 4 ] ]) 1.37971675
17.340005013 :(1 [ 2 [ 3 [ 4 ] ] , 5 ],1 [ 2 , 3 , 5 [ 4 ] ]) 1.38071675
48.776029787 :(1 [ 2 [ 3 [ 4 ] ] , 5 ],1 [ 2 , 5 [ 4 [ 3 ] ] ]) 1.37971675
210.565799851 :(1 [ 2 [ 3 [ 4 ] ] , 5 ],1 [ 2 , 5 [ 3 , 4 ] ]) 1.37971675
4.447324886 :(1 [ 2 [ 3 [ 4 ] ] , 5 ],1 [ 2 , 5 [ 3 , 4 ] ]) 1.38071675
34.678278305 :(1 [ 2 [ 3 [ 4 ] ] , 5 ],1 [ 2 , 4 , 5 [ 3 ] ]) 1.37971675
2.794220602 :(1 [ 2 [ 3 [ 4 ] ] , 5 ],1 [ 2 , 4 , 5 [ 3 ] ]) 1.38071675
0.412191015 :(1 [ 2 [ 3 [ 4 ] ] , 5 ],1 [ 2 [ 4 ] , 5 [ 3 ] ]) 1.37971675
130.039792132 :(1 [ 2 [ 3 [ 4 ] ] , 5 ],1 [ 2 , 5 [ 3 [ 4 ] ] ]) 1.37971675
180.16679207 :(1 [ 2 [ 3 [ 4 ] ] , 5 ],1 [ 2 , 3 [ 4 ] , 5 ]) 1.37971675
94.345916599 :(1 [ 2 [ 3 [ 4 ] ] , 5 ],1 [ 2 , 4 [ 3 ] , 5 ]) 1.37971675
29.390412456 :(1 [ 2 [ 3 [ 4 ] ] , 5 ],1 [ 2 [ 4 [ 3 ] ] , 5 ]) 1.37971675
0.414018558 :(1 [ 2 [ 3 [ 4 ] ] , 5 ],1 [ 2 [ 4 ] , 3 , 5 ]) 1.37971675
92.802967916 :(1 [ 2 [ 3 [ 4 ] ] , 5 ],1 [ 2 , 3 , 4 , 5 ]) 1.37971675
26.238843835 :(1 [ 2 [ 3 [ 4 ] ] , 5 ],1 [ 2 , 3 , 4 , 5 ]) 1.38071675
0.334765428 :(1 [ 2 [ 3 [ 4 ] ] , 5 ],1 [ 2 [ 5 ] , 3 , 4 ]) 1.37971675
0.395702801 :(1 [ 2 [ 3 [ 4 ] ] , 5 ],1 [ 2 , 3 [ 5 ] , 4 ]) 1.37971675
0.489052637 :(1 [ 2 [ 3 [ 4 ] ] , 5 ],1 [ 2 , 3 , 4 [ 5 ] ]) 1.37971675
0.432666256 :(1 [ 2 [ 3 [ 4 ] ] , 5 ],1 [ 2 [ 4 [ 5 ] ] , 3 ]) 1.37971675
0.419880262 :(1 [ 2 [ 3 [ 4 ] ] , 5 ],1 [ 2 [ 5 [ 4 ] ] , 3 ]) 1.37971675
0.434176405 :(1 [ 2 [ 3 [ 4 ] ] , 5 ],1 [ 2 , 3 [ 4 [ 5 ] ] ]) 1.37971675
0.417736462 :(1 [ 2 [ 3 [ 4 ] ] , 5 ],1 [ 2 , 3 [ 5 [ 4 ] ] ]) 1.37971675
0.418951483 :(1 [ 2 [ 3 [ 4 ] ] , 5 ],1 [ 2 [ 4 ] , 3 [ 5 ] ]) 1.37971675
0.390770825 :(1 [ 2 [ 3 [ 4 ] ] , 5 ],1 [ 2 , 3 [ 4 , 5 ] ]) 1.37971675
37.248766786 :(1 [ 2 [ 3 [ 4 ] ] , 5 ],1 [ 2 [ 5 ] , 3 [ 4 ] ]) 1.37971675
0.403911692 :(1 [ 2 [ 3 [ 4 ] ] , 5 ],1 [ 2 [ 4 , 5 ] , 3 ]) 1.37971675
0.409770298 :(1 [ 2 [ 3 [ 4 ] ] , 5 ],1 [ 2 [ 3 , 4 , 5 ] ]) 1.37971675
16.560903882 :(1 [ 2 [ 3 [ 4 ] ] , 5 ],1 [ 2 [ 4 [ 3 ] , 5 ] ]) 1.37971675
0.398343483 :(1 [ 2 [ 3 [ 4 ] ] , 5 ],1 [ 2 [ 4 , 5 [ 3 ] ] ]) 1.37971675
0.44220056 :(1 [ 2 [ 3 [ 4 ] ] , 5 ],1 [ 2 [ 5 [ 3 ] ] , 4 ]) 1.37971675
30.488371612 :(1 [ 2 [ 3 [ 4 ] ] , 5 ],1 [ 2 [ 5 [ 3 [ 4 ] ] ] ]) 1.37971675
0.432859287 :(1 [ 2 [ 3 [ 4 ] ] , 5 ],1 [ 2 [ 5 [ 3 , 4 ] ] ]) 1.37971675
0.41208092 :(1 [ 2 [ 3 [ 4 ] ] , 5 ],1 [ 2 [ 3 , 5 [ 4 ] ] ]) 1.37971675
18.676670684 :(1 [ 2 [ 3 [ 4 ] ] , 5 ],1 [ 2 [ 5 [ 4 [ 3 ] ] ] ]) 1.37971675
10.086387495 :(1 [ 2 [ 3 [ 4 ] ] , 5 ],1 [ 2 [ 5 ] , 4 [ 3 ] ]) 1.37971675
0.332485595 :(1 [ 2 [ 3 [ 4 ] ] , 5 ],1 [ 2 [ 3 [ 4 ] , 5 ] ]) 1.37971675
0.404468434 :(1 [ 2 [ 3 [ 4 ] ] , 5 ],1 [ 2 [ 3 , 5 ] , 4 ]) 1.37971675
0.443868786 :(1 [ 2 [ 3 [ 4 ] ] , 5 ],1 [ 2 [ 3 [ 5 ] ] , 4 ]) 1.37971675
0.413596888 :(1 [ 2 [ 3 [ 4 ] ] , 5 ],1 [ 2 [ 3 ] , 4 [ 5 ] ]) 1.37971675
0.426580812 :(1 [ 2 [ 3 [ 4 ] ] , 5 ],1 [ 2 [ 3 , 4 [ 5 ] ] ]) 1.37971675
0.426536756 :(1 [ 2 [ 3 [ 4 ] ] , 5 ],1 [ 2 [ 3 [ 4 [ 5 ] ] ] ]) 1.37971675
0.428844171 :(1 [ 2 [ 3 [ 4 ] ] , 5 ],1 [ 2 [ 3 [ 5 [ 4 ] ] ] ]) 1.37971675
0.393301488 :(1 [ 2 [ 3 [ 4 ] ] , 5 ],1 [ 2 [ 3 [ 5 ] , 4 ] ]) 1.37971675
0.418903686 :(1 [ 2 [ 3 [ 4 ] ] , 5 ],1 [ 2 [ 3 [ 4 , 5 ] ] ]) 1.37971675
0.431295114 :(1 [ 2 [ 3 [ 4 ] ] , 5 ],1 [ 2 , 4 [ 3 [ 5 ] ] ]) 1.37971675
0.460900606 :(1 [ 2 [ 3 [ 4 ] ] , 5 ],1 [ 2 [ 4 [ 3 [ 5 ] ] ] ]) 1.37971675
0.411937814 :(1 [ 2 [ 3 [ 4 ] ] , 5 ],1 [ 2 [ 4 [ 5 [ 3 ] ] ] ]) 1.37971675
0.499552822 :(1 [ 2 [ 3 [ 4 ] ] , 5 ],1 [ 2 , 4 [ 5 [ 3 ] ] ]) 1.37971675
0.427417837 :(1 [ 2 [ 3 [ 4 ] ] , 5 ],1 [ 2 , 4 [ 3 , 5 ] ]) 1.37971675
0.430595814 :(1 [ 2 [ 3 [ 4 ] ] , 5 ],1 [ 2 [ 4 [ 3 , 5 ] ] ]) 1.37971675
0.57360695 :(1 [ 2 [ 3 [ 4 ] ] , 5 ],1 [ 3 [ 4 [ 2 , 5 ] ] ]) 1.37971675
0.440461416 :(1 [ 2 [ 3 [ 4 ] ] , 5 ],1 [ 4 [ 2 , 3 , 5 ] ]) 1.37971675
103.443369945 :(1 [ 2 [ 3 [ 4 ] ] , 5 ],1 [ 5 [ 4 [ 2 , 3 ] ] ]) 1.37971675
43.919790648 :(1 [ 2 [ 3 [ 4 ] ] , 5 ],1 [ 5 [ 4 [ 3 [ 2 ] ] ] ]) 1.37971675
9.988940041 :(1 [ 2 [ 3 [ 4 ] ] , 5 ],1 [ 5 [ 2 , 4 [ 3 ] ] ]) 1.37971675
0.431872055 :(1 [ 2 [ 3 [ 4 ] ] , 5 ],1 [ 3 [ 4 [ 5 [ 2 ] ] ] ]) 1.37971675
0.472274688 :(1 [ 2 [ 3 [ 4 ] ] , 5 ],1 [ 4 [ 3 , 5 [ 2 ] ] ]) 1.37971675
0.41237448 :(1 [ 2 [ 3 [ 4 ] ] , 5 ],1 [ 4 [ 3 [ 2 ] , 5 ] ]) 1.37971675
0.442092662 :(1 [ 2 [ 3 [ 4 ] ] , 5 ],1 [ 3 [ 2 , 4 [ 5 ] ] ]) 1.37971675
0.509371244 :(1 [ 2 [ 3 [ 4 ] ] , 5 ],1 [ 3 [ 2 ] , 4 [ 5 ] ]) 1.37971675
99.667730825 :(1 [ 2 [ 3 [ 4 ] ] , 5 ],1 [ 3 [ 2 ] , 5 [ 4 ] ]) 1.37971675
0.412780523 :(1 [ 2 [ 3 [ 4 ] ] , 5 ],1 [ 3 [ 2 [ 4 [ 5 ] ] ] ]) 1.37971675
0.395967947 :(1 [ 2 [ 3 [ 4 ] ] , 5 ],1 [ 3 [ 2 [ 5 [ 4 ] ] ] ]) 1.37971675
0.396853592 :(1 [ 2 [ 3 [ 4 ] ] , 5 ],1 [ 3 [ 2 , 5 [ 4 ] ] ]) 1.37971675
0.452896001 :(1 [ 2 [ 3 [ 4 ] ] , 5 ],1 [ 4 [ 5 [ 3 [ 2 ] ] ] ]) 1.37971675
126.406419825 :(1 [ 2 [ 3 [ 4 ] ] , 5 ],1 [ 5 [ 3 [ 2 ] , 4 ] ]) 1.37971675
66.357018375 :(1 [ 2 [ 3 [ 4 ] ] , 5 ],1 [ 5 [ 4 [ 2 [ 3 ] ] ] ]) 1.37971675
231.879826526 :(1 [ 2 [ 3 [ 4 ] ] , 5 ],1 [ 5 [ 2 [ 3 ] , 4 ] ]) 1.37971675
0.431953259 :(1 [ 2 [ 3 [ 4 ] ] , 5 ],1 [ 4 [ 5 [ 2 [ 3 ] ] ] ]) 1.37971675
0.431073165 :(1 [ 2 [ 3 [ 4 ] ] , 5 ],1 [ 4 [ 2 [ 3 ] , 5 ] ]) 1.37971675
0.508254968 :(1 [ 2 [ 3 [ 4 ] ] , 5 ],1 [ 3 , 4 [ 2 , 5 ] ]) 1.37971675
0.425117343 :(1 [ 2 [ 3 [ 4 ] ] , 5 ],1 [ 4 [ 2 , 5 [ 3 ] ] ]) 1.37971675
0.424036658 :(1 [ 2 [ 3 [ 4 ] ] , 5 ],1 [ 4 [ 5 [ 2 , 3 ] ] ]) 1.37971675
0.461456909 :(1 [ 2 [ 3 [ 4 ] ] , 5 ],1 [ 3 , 4 [ 5 [ 2 ] ] ]) 1.37971675
39.413192227 :(1 [ 2 [ 3 [ 4 ] ] , 5 ],1 [ 3 , 5 [ 2 , 4 ] ]) 1.37971675
18.842726871 :(1 [ 2 [ 3 [ 4 ] ] , 5 ],1 [ 3 , 5 [ 2 , 4 ] ]) 1.38071675
0.50170689 :(1 [ 2 [ 3 [ 4 ] ] , 5 ],1 [ 3 [ 5 [ 2 , 4 ] ] ]) 1.37971675
99.678321419 :(1 [ 2 [ 3 [ 4 ] ] , 5 ],1 [ 5 [ 2 , 3 , 4 ] ]) 1.37971675
2.583871804 :(1 [ 2 [ 3 [ 4 ] ] , 5 ],1 [ 5 [ 2 , 3 , 4 ] ]) 1.38071675
0.470828153 :(1 [ 2 [ 3 [ 4 ] ] , 5 ],1 [ 5 [ 3 , 4 [ 2 ] ] ]) 1.37971675
0.413483077 :(1 [ 2 [ 3 [ 4 ] ] , 5 ],1 [ 3 [ 5 [ 4 [ 2 ] ] ] ]) 1.37971675
0.540527702 :(1 [ 2 [ 3 [ 4 ] ] , 5 ],1 [ 3 , 5 [ 4 [ 2 ] ] ]) 1.37971675
0.441623635 :(1 [ 2 [ 3 [ 4 ] ] , 5 ],1 [ 3 , 4 [ 2 ] , 5 ]) 1.37971675
14.397977079 :(1 [ 2 [ 3 [ 4 ] ] , 5 ],1 [ 3 [ 2 [ 4 ] ] , 5 ]) 1.37971675
0.554146671 :(1 [ 2 [ 3 [ 4 ] ] , 5 ],1 [ 3 , 5 [ 2 [ 4 ] ] ]) 1.37971675
9.920773498 :(1 [ 2 [ 3 [ 4 ] ] , 5 ],1 [ 3 [ 4 [ 2 ] ] , 5 ]) 1.37971675
0.452109371 :(1 [ 2 [ 3 [ 4 ] ] , 5 ],1 [ 3 [ 4 [ 2 [ 5 ] ] ] ]) 1.37971675
0.449582184 :(1 [ 2 [ 3 [ 4 ] ] , 5 ],1 [ 3 [ 4 [ 2 ] , 5 ] ]) 1.37971675
0.510774742 :(1 [ 2 [ 3 [ 4 ] ] , 5 ],1 [ 3 [ 5 ] , 4 [ 2 ] ]) 1.37971675
0.386734636 :(1 [ 2 [ 3 [ 4 ] ] , 5 ],1 [ 3 [ 2 [ 4 ] , 5 ] ]) 1.37971675
0.448510419 :(1 [ 2 [ 3 [ 4 ] ] , 5 ],1 [ 3 [ 5 [ 2 [ 4 ] ] ] ]) 1.37971675
0.445419329 :(1 [ 2 [ 3 [ 4 ] ] , 5 ],1 [ 3 , 4 [ 2 [ 5 ] ] ]) 1.37971675
0.394609957 :(1 [ 2 [ 3 [ 4 ] ] , 5 ],1 [ 3 [ 2 [ 4 , 5 ] ] ]) 1.37971675
0.412725524 :(1 [ 2 [ 3 [ 4 ] ] , 5 ],1 [ 4 [ 2 [ 3 , 5 ] ] ]) 1.37971675
53.414809335 :(1 [ 2 [ 3 [ 4 ] ] , 5 ],1 [ 5 [ 2 [ 3 , 4 ] ] ]) 1.37971675
48.66687729 :(1 [ 2 [ 3 [ 4 ] ] , 5 ],1 [ 5 [ 2 [ 4 [ 3 ] ] ] ]) 1.37971675
0.550992035 :(1 [ 2 [ 3 [ 4 ] ] , 5 ],1 [ 5 [ 2 [ 4 ] , 3 ] ]) 1.37971675
0.437953252 :(1 [ 2 [ 3 [ 4 ] ] , 5 ],1 [ 4 [ 2 [ 5 [ 3 ] ] ] ]) 1.37971675
0.426411824 :(1 [ 2 [ 3 [ 4 ] ] , 5 ],1 [ 4 [ 2 [ 5 ] , 3 ] ]) 1.37971675
81.719878771 :(1 [ 2 [ 3 [ 4 ] ] , 5 ],1 [ 4 [ 2 , 3 ] , 5 ]) 1.37971675
0.453074554 :(1 [ 2 [ 3 [ 4 ] ] , 5 ],1 [ 4 [ 2 , 3 [ 5 ] ] ]) 1.37971675
0.470273946 :(1 [ 2 [ 3 [ 4 ] ] , 5 ],1 [ 4 [ 2 ] , 5 [ 3 ] ]) 1.37971675
0.416583924 :(1 [ 2 [ 3 [ 4 ] ] , 5 ],1 [ 4 [ 2 [ 3 [ 5 ] ] ] ]) 1.37971675
138.072743401 :(1 [ 2 [ 3 [ 4 ] ] , 5 ],1 [ 4 [ 2 [ 3 ] ] , 5 ]) 1.37971675
23.709612882 :(1 [ 2 [ 3 [ 4 ] ] , 5 ],1 [ 5 [ 3 [ 2 [ 4 ] ] ] ]) 1.37971675
9.962210975 :(1 [ 2 [ 3 [ 4 ] ] , 5 ],1 [ 5 [ 3 [ 4 [ 2 ] ] ] ]) 1.37971675
73.173377858 :(1 [ 2 [ 3 [ 4 ] ] , 5 ],1 [ 5 [ 3 [ 2 , 4 ] ] ]) 1.37971675
8.660088666 :(1 [ 2 [ 3 [ 4 ] ] , 5 ],1 [ 5 [ 2 , 3 [ 4 ] ] ]) 1.37971675
65.845678462 :(1 [ 2 [ 3 [ 4 ] ] , 5 ],1 [ 4 , 5 [ 2 , 3 ] ]) 1.37971675
4.338315598 :(1 [ 2 [ 3 [ 4 ] ] , 5 ],1 [ 4 , 5 [ 2 , 3 ] ]) 1.38071675
119.983086345 :(1 [ 2 [ 3 [ 4 ] ] , 5 ],1 [ 4 , 5 [ 3 [ 2 ] ] ]) 1.37971675
41.429434605 :(1 [ 2 [ 3 [ 4 ] ] , 5 ],1 [ 3 [ 2 ] , 4 , 5 ]) 1.37971675
172.254573674 :(1 [ 2 [ 3 [ 4 ] ] , 5 ],1 [ 4 , 5 [ 2 [ 3 ] ] ]) 1.37971675
33.382637945 :(1 [ 2 [ 3 [ 4 ] ] , 5 ],1 [ 4 [ 3 [ 2 ] ] , 5 ]) 1.37971675
40.722066781 :(1 [ 2 [ 3 [ 4 ] ] , 5 ],1 [ 4 [ 3 ] , 5 [ 2 ] ]) 1.37971675
35.976998502 :(1 [ 2 [ 3 [ 4 ] ] , 5 ],1 [ 3 , 4 , 5 [ 2 ] ]) 1.37971675
24.210924844 :(1 [ 2 [ 3 [ 4 ] ] , 5 ],1 [ 3 , 4 , 5 [ 2 ] ]) 1.38071675
9.674082168 :(1 [ 2 [ 3 [ 4 ] ] , 5 ],1 [ 3 [ 4 ] , 5 [ 2 ] ]) 1.37971675
34.967608916 :(1 [ 2 [ 3 [ 4 ] ] , 5 ],1 [ 5 [ 2 [ 3 [ 4 ] ] ] ]) 1.37971675
76.314830901 :(1 [ 2 [ 3 [ 4 ] ] , 5 ],1 [ 3 [ 2 , 4 ] , 5 ]) 1.37971675
0.3972608 :(1 [ 2 [ 3 [ 4 ] ] , 5 ],1 [ 3 [ 2 [ 5 ] , 4 ] ]) 1.37971675
0.399341311 :(1 [ 2 [ 3 [ 4 ] ] , 5 ],1 [ 3 [ 2 , 4 , 5 ] ]) 1.37971675
0.409070431 :(1 [ 2 [ 3 [ 4 ] ] , 5 ],1 [ 4 [ 3 [ 2 , 5 ] ] ]) 1.37971675
0.429232432 :(1 [ 2 [ 3 [ 4 ] ] , 5 ],1 [ 4 [ 3 [ 2 [ 5 ] ] ] ]) 1.37971675
0.495232922 :(1 [ 2 [ 3 [ 4 ] ] , 5 ],1 [ 4 [ 3 [ 5 [ 2 ] ] ] ]) 1.37971675
0.400322832 :(1 [ 2 [ 3 [ 4 ] ] , 5 ],1 [ 3 [ 4 , 5 [ 2 ] ] ]) 1.37971675
0.418557409 :(1 [ 2 [ 3 [ 4 ] ] , 5 ],1 [ 3 [ 5 [ 2 ] ] , 4 ]) 1.37971675
0.409137249 :(1 [ 2 [ 3 [ 4 ] ] , 5 ],1 [ 3 [ 2 [ 5 ] ] , 4 ]) 1.37971675
0.394347754 :(1 [ 2 [ 3 [ 4 ] ] , 5 ],1 [ 3 [ 2 , 5 ] , 4 ]) 1.37971675
0.402407133 :(1 [ 2 [ 3 [ 4 ] , 5 ] ],1 [ 2 [ 3 , 5 ] , 4 ]) 1.37971675
0.400620865 :(1 [ 2 [ 3 [ 4 ] , 5 ] ],1 [ 2 [ 3 , 4 , 5 ] ]) 1.37971675
0.357893979 :(1 [ 2 [ 3 [ 4 ] , 5 ] ],1 [ 2 [ 3 [ 4 ] , 5 ] ]) 1.37971675
0.415904244 :(1 [ 2 [ 3 [ 4 ] , 5 ] ],1 [ 2 [ 3 , 5 [ 4 ] ] ]) 1.37971675
0.462979541 :(1 [ 2 [ 3 [ 4 ] , 5 ] ],1 [ 2 [ 3 ] , 4 [ 5 ] ]) 1.37971675
0.434832131 :(1 [ 2 [ 3 [ 4 ] , 5 ] ],1 [ 2 [ 3 ] , 5 [ 4 ] ]) 1.37971675
0.449862269 :(1 [ 2 [ 3 [ 4 ] , 5 ] ],1 [ 2 [ 3 , 4 [ 5 ] ] ]) 1.37971675
0.401682747 :(1 [ 2 [ 3 [ 4 ] , 5 ] ],1 [ 2 [ 3 [ 4 [ 5 ] ] ] ]) 1.37971675
0.420394825 :(1 [ 2 [ 3 [ 4 ] , 5 ] ],1 [ 2 [ 3 [ 5 [ 4 ] ] ] ]) 1.37971675
0.418962856 :(1 [ 2 [ 3 [ 4 ] , 5 ] ],1 [ 2 [ 3 [ 5 ] ] , 4 ]) 1.37971675
0.396464601 :(1 [ 2 [ 3 [ 4 ] , 5 ] ],1 [ 2 [ 3 [ 5 ] , 4 ] ]) 1.37971675
0.410371723 :(1 [ 2 [ 3 [ 4 ] , 5 ] ],1 [ 2 [ 3 [ 4 , 5 ] ] ]) 1.37971675
0.401606925 :(1 [ 2 [ 3 [ 4 ] , 5 ] ],1 [ 2 [ 3 [ 4 ] ] , 5 ]) 1.37971675
0.44251091 :(1 [ 2 [ 3 [ 4 ] , 5 ] ],1 [ 2 [ 3 ] , 4 , 5 ]) 1.37971675
0.397902294 :(1 [ 2 [ 3 [ 4 ] , 5 ] ],1 [ 2 [ 3 , 4 ] , 5 ]) 1.37971675
0.408302535 :(1 [ 2 [ 3 [ 4 ] , 5 ] ],1 [ 2 [ 4 ] , 3 , 5 ]) 1.37971675
6.153620147 :(1 [ 2 [ 3 [ 4 ] , 5 ] ],1 [ 2 [ 4 [ 3 ] ] , 5 ]) 1.37971675
0.416647115 :(1 [ 2 [ 3 [ 4 ] , 5 ] ],1 [ 2 [ 4 ] , 5 [ 3 ] ]) 1.37971675
0.558281283 :(1 [ 2 [ 3 [ 4 ] , 5 ] ],1 [ 2 , 4 , 5 [ 3 ] ]) 1.37971675
68.566945545 :(1 [ 2 [ 3 [ 4 ] , 5 ] ],1 [ 2 , 5 [ 3 [ 4 ] ] ]) 1.37971675
162.707461486 :(1 [ 2 [ 3 [ 4 ] , 5 ] ],1 [ 2 , 5 [ 3 , 4 ] ]) 1.37971675
53.924651819 :(1 [ 2 [ 3 [ 4 ] , 5 ] ],1 [ 2 , 3 , 5 [ 4 ] ]) 1.37971675
303.651258565 :(1 [ 2 [ 3 [ 4 ] , 5 ] ],1 [ 2 , 5 [ 4 [ 3 ] ] ]) 1.37971675
140.37289446 :(1 [ 2 [ 3 [ 4 ] , 5 ] ],1 [ 2 , 3 [ 4 ] , 5 ]) 1.37971675
232.859113026 :(1 [ 2 [ 3 [ 4 ] , 5 ] ],1 [ 2 , 4 [ 3 ] , 5 ]) 1.37971675
220.708403077 :(1 [ 2 [ 3 [ 4 ] , 5 ] ],1 [ 2 , 3 , 4 , 5 ]) 1.37971675
204.496950784 :(1 [ 2 [ 3 [ 4 ] , 5 ] ],1 [ 2 , 3 , 4 , 5 ]) 1.38071675
149.390764071 :(1 [ 2 [ 3 [ 4 ] , 5 ] ],1 [ 2 , 3 , 4 , 5 ]) 1.38171675
179.037153955 :(1 [ 2 [ 3 [ 4 ] , 5 ] ],1 [ 2 , 3 , 4 , 5 ]) 1.40718234
267.50065711 :(1 [ 2 [ 3 [ 4 ] , 5 ] ],1 [ 2 , 3 , 4 , 5 ]) 1.40818234
120.166803995 :(1 [ 2 [ 3 [ 4 ] , 5 ] ],1 [ 2 , 3 , 4 , 5 ]) 1.40918234
216.269128742 :(1 [ 2 [ 3 [ 4 ] , 5 ] ],1 [ 2 , 3 , 4 , 5 ]) 1.41018234
319.110728503 :(1 [ 2 [ 3 [ 4 ] , 5 ] ],1 [ 2 , 3 , 4 , 5 ]) 1.41118234
251.281043887 :(1 [ 2 [ 3 [ 4 ] , 5 ] ],1 [ 2 , 3 , 4 , 5 ]) 1.41218234
240.467143759 :(1 [ 2 [ 3 [ 4 ] , 5 ] ],1 [ 2 , 3 , 4 , 5 ]) 1.41318234
146.949602432 :(1 [ 2 [ 3 [ 4 ] , 5 ] ],1 [ 2 , 3 , 4 , 5 ]) 1.41418234
209.12115106 :(1 [ 2 [ 3 [ 4 ] , 5 ] ],1 [ 2 , 3 , 4 , 5 ]) 1.41518234
274.955848067 :(1 [ 2 [ 3 [ 4 ] , 5 ] ],1 [ 2 , 3 , 4 , 5 ]) 1.41618234
194.050891682 :(1 [ 2 [ 3 [ 4 ] , 5 ] ],1 [ 2 , 3 , 4 , 5 ]) 1.41718234
97.339419693 :(1 [ 2 [ 3 [ 4 ] , 5 ] ],1 [ 2 , 3 , 4 , 5 ]) 1.41818234
129.172256068 :(1 [ 2 [ 3 [ 4 ] , 5 ] ],1 [ 2 , 3 , 4 , 5 ]) 1.41918234
209.8877812 :(1 [ 2 [ 3 [ 4 ] , 5 ] ],1 [ 2 , 3 , 4 , 5 ]) 1.42202162
179.438099314 :(1 [ 2 [ 3 [ 4 ] , 5 ] ],1 [ 2 , 3 , 4 , 5 ]) 1.42302162
159.717930849 :(1 [ 2 [ 3 [ 4 ] , 5 ] ],1 [ 2 , 3 , 4 , 5 ]) 1.42402162
0.386859146 :(1 [ 2 [ 3 [ 4 ] , 5 ] ],1 [ 2 [ 5 ] , 3 , 4 ]) 1.42302162
0.418365432 :(1 [ 2 [ 3 [ 4 ] , 5 ] ],1 [ 2 , 3 [ 5 ] , 4 ]) 1.42302162
0.460277897 :(1 [ 2 [ 3 [ 4 ] , 5 ] ],1 [ 2 , 3 , 4 [ 5 ] ]) 1.42302162
76.968633325 :(1 [ 2 [ 3 [ 4 ] , 5 ] ],1 [ 2 , 4 [ 3 , 5 ] ]) 1.42302162
0.45762702 :(1 [ 2 [ 3 [ 4 ] , 5 ] ],1 [ 2 , 4 [ 5 [ 3 ] ] ]) 1.42302162
0.441307586 :(1 [ 2 [ 3 [ 4 ] , 5 ] ],1 [ 2 [ 5 [ 3 ] ] , 4 ]) 1.42302162
0.427153121 :(1 [ 2 [ 3 [ 4 ] , 5 ] ],1 [ 2 , 4 [ 3 [ 5 ] ] ]) 1.42302162
22.100708882 :(1 [ 2 [ 3 [ 4 ] , 5 ] ],1 [ 2 [ 5 ] , 4 [ 3 ] ]) 1.42302162
33.287875521 :(1 [ 2 [ 3 [ 4 ] , 5 ] ],1 [ 2 [ 5 ] , 3 [ 4 ] ]) 1.42302162
35.872733595 :(1 [ 2 [ 3 [ 4 ] , 5 ] ],1 [ 2 [ 4 [ 3 ] , 5 ] ]) 1.42302162
64.948617396 :(1 [ 2 [ 3 [ 4 ] , 5 ] ],1 [ 2 [ 5 [ 3 [ 4 ] ] ] ]) 1.42302162
66.05518003 :(1 [ 2 [ 3 [ 4 ] , 5 ] ],1 [ 2 [ 5 [ 4 [ 3 ] ] ] ]) 1.42302162
0.443760985 :(1 [ 2 [ 3 [ 4 ] , 5 ] ],1 [ 2 , 3 [ 4 [ 5 ] ] ]) 1.42302162
0.414918034 :(1 [ 2 [ 3 [ 4 ] , 5 ] ],1 [ 2 [ 4 [ 3 , 5 ] ] ]) 1.42302162
0.419260775 :(1 [ 2 [ 3 [ 4 ] , 5 ] ],1 [ 2 [ 4 [ 3 [ 5 ] ] ] ]) 1.42302162
0.419111807 :(1 [ 2 [ 3 [ 4 ] , 5 ] ],1 [ 2 , 3 [ 4 , 5 ] ]) 1.42302162
0.412957418 :(1 [ 2 [ 3 [ 4 ] , 5 ] ],1 [ 2 [ 4 ] , 3 [ 5 ] ]) 1.42302162
0.437594026 :(1 [ 2 [ 3 [ 4 ] , 5 ] ],1 [ 2 , 3 [ 5 [ 4 ] ] ]) 1.42302162
0.431905672 :(1 [ 2 [ 3 [ 4 ] , 5 ] ],1 [ 2 [ 4 [ 5 [ 3 ] ] ] ]) 1.42302162
0.391543301 :(1 [ 2 [ 3 [ 4 ] , 5 ] ],1 [ 2 [ 5 [ 3 , 4 ] ] ]) 1.42302162
0.42946115 :(1 [ 2 [ 3 [ 4 ] , 5 ] ],1 [ 2 [ 4 , 5 [ 3 ] ] ]) 1.42302162
0.4088985 :(1 [ 2 [ 3 [ 4 ] , 5 ] ],1 [ 2 [ 4 , 5 ] , 3 ]) 1.42302162
0.392143384 :(1 [ 2 [ 3 [ 4 ] , 5 ] ],1 [ 2 [ 5 [ 4 ] ] , 3 ]) 1.42302162
0.411725591 :(1 [ 2 [ 3 [ 4 ] , 5 ] ],1 [ 2 [ 4 [ 5 ] ] , 3 ]) 1.42302162
0.586024313 :(1 [ 2 [ 3 [ 4 ] , 5 ] ],1 [ 3 , 4 [ 2 , 5 ] ]) 1.42302162
0.541730472 :(1 [ 2 [ 3 [ 4 ] , 5 ] ],1 [ 3 , 5 [ 4 [ 2 ] ] ]) 1.42302162
3.532603986 :(1 [ 2 [ 3 [ 4 ] , 5 ] ],1 [ 3 [ 2 [ 4 [ 5 ] ] ] ]) 1.42302162
3.931396403 :(1 [ 2 [ 3 [ 4 ] , 5 ] ],1 [ 3 [ 4 [ 2 , 5 ] ] ]) 1.42302162
1.062751076 :(1 [ 2 [ 3 [ 4 ] , 5 ] ],1 [ 3 [ 5 [ 4 [ 2 ] ] ] ]) 1.42302162
3.299621467 :(1 [ 2 [ 3 [ 4 ] , 5 ] ],1 [ 3 [ 2 , 5 [ 4 ] ] ]) 1.42302162
2.00874511 :(1 [ 2 [ 3 [ 4 ] , 5 ] ],1 [ 3 [ 5 [ 2 , 4 ] ] ]) 1.42302162
197.113401306 :(1 [ 2 [ 3 [ 4 ] , 5 ] ],1 [ 3 , 4 [ 5 [ 2 ] ] ]) 1.42302162
77.910318176 :(1 [ 2 [ 3 [ 4 ] , 5 ] ],1 [ 3 , 5 [ 2 , 4 ] ]) 1.42302162
10.103856281 :(1 [ 2 [ 3 [ 4 ] , 5 ] ],1 [ 3 [ 2 [ 5 [ 4 ] ] ] ]) 1.42302162
49.372415557 :(1 [ 2 [ 3 [ 4 ] , 5 ] ],1 [ 3 [ 4 [ 5 [ 2 ] ] ] ]) 1.42302162
36.989673586 :(1 [ 2 [ 3 [ 4 ] , 5 ] ],1 [ 3 [ 2 , 4 [ 5 ] ] ]) 1.42302162
224.338521585 :(1 [ 2 [ 3 [ 4 ] , 5 ] ],1 [ 3 [ 2 ] , 4 [ 5 ] ]) 1.42302162
99.420735429 :(1 [ 2 [ 3 [ 4 ] , 5 ] ],1 [ 3 [ 2 ] , 5 [ 4 ] ]) 1.42302162
302.391362898 :(1 [ 2 [ 3 [ 4 ] , 5 ] ],1 [ 3 [ 2 ] , 4 , 5 ]) 1.42302162
29.933443774 :(1 [ 2 [ 3 [ 4 ] , 5 ] ],1 [ 3 [ 2 [ 4 ] ] , 5 ]) 1.42302162
134.951380104 :(1 [ 2 [ 3 [ 4 ] , 5 ] ],1 [ 3 [ 2 , 4 ] , 5 ]) 1.42302162
128.96381488 :(1 [ 2 [ 3 [ 4 ] , 5 ] ],1 [ 3 [ 2 [ 5 ] , 4 ] ]) 1.42302162
74.164962788 :(1 [ 2 [ 3 [ 4 ] , 5 ] ],1 [ 3 [ 2 , 4 , 5 ] ]) 1.42302162
296.88071395 :(1 [ 2 [ 3 [ 4 ] , 5 ] ],1 [ 3 [ 2 , 5 ] , 4 ]) 1.42302162
14.594916588 :(1 [ 2 [ 3 [ 4 ] , 5 ] ],1 [ 3 [ 2 [ 4 ] , 5 ] ]) 1.42302162
10.352251461 :(1 [ 2 [ 3 [ 4 ] , 5 ] ],1 [ 3 [ 2 [ 4 , 5 ] ] ]) 1.42302162
161.450628204 :(1 [ 2 [ 3 [ 4 ] , 5 ] ],1 [ 3 [ 2 [ 5 ] ] , 4 ]) 1.42302162
394.611063579 :(1 [ 2 [ 3 [ 4 ] , 5 ] ],1 [ 3 , 4 , 5 [ 2 ] ]) 1.42302162
106.755055671 :(1 [ 2 [ 3 [ 4 ] , 5 ] ],1 [ 3 , 4 [ 2 [ 5 ] ] ]) 1.42302162
41.856535136 :(1 [ 2 [ 3 [ 4 ] , 5 ] ],1 [ 3 [ 5 [ 2 ] ] , 4 ]) 1.42302162
2.52068951 :(1 [ 2 [ 3 [ 4 ] , 5 ] ],1 [ 3 [ 5 [ 2 [ 4 ] ] ] ]) 1.42302162
203.556997783 :(1 [ 2 [ 3 [ 4 ] , 5 ] ],1 [ 3 [ 4 , 5 [ 2 ] ] ]) 1.42302162
781.517863921 :(1 [ 2 [ 3 [ 4 ] , 5 ] ],1 [ 3 [ 4 ] , 5 [ 2 ] ]) 1.42302162
49.583942351 :(1 [ 2 [ 3 [ 4 ] , 5 ] ],1 [ 3 [ 4 [ 2 [ 5 ] ] ] ]) 1.42302162
52.13918504 :(1 [ 2 [ 3 [ 4 ] , 5 ] ],1 [ 3 , 5 [ 2 [ 4 ] ] ]) 1.42302162
0.540617786 :(1 [ 2 [ 3 [ 4 ] , 5 ] ],1 [ 3 , 4 [ 2 ] , 5 ]) 1.42302162
24.4140296 :(1 [ 2 [ 3 [ 4 ] , 5 ] ],1 [ 3 [ 4 [ 2 ] ] , 5 ]) 1.42302162
22.036839807 :(1 [ 2 [ 3 [ 4 ] , 5 ] ],1 [ 3 [ 4 [ 2 ] , 5 ] ]) 1.42302162
0.443635144 :(1 [ 2 [ 3 [ 4 ] , 5 ] ],1 [ 3 [ 5 ] , 4 [ 2 ] ]) 1.42302162
0.478976959 :(1 [ 2 [ 3 [ 4 ] , 5 ] ],1 [ 4 [ 2 ] , 5 [ 3 ] ]) 1.42302162
5.331685238 :(1 [ 2 [ 3 [ 4 ] , 5 ] ],1 [ 4 [ 2 [ 3 [ 5 ] ] ] ]) 1.42302162
60.566780885 :(1 [ 2 [ 3 [ 4 ] , 5 ] ],1 [ 4 [ 2 [ 5 [ 3 ] ] ] ]) 1.42302162
24.599554007 :(1 [ 2 [ 3 [ 4 ] , 5 ] ],1 [ 4 [ 2 , 3 [ 5 ] ] ]) 1.42302162
1.717859794 :(1 [ 2 [ 3 [ 4 ] , 5 ] ],1 [ 4 [ 2 , 5 [ 3 ] ] ]) 1.42302162
2.886720124 :(1 [ 2 [ 3 [ 4 ] , 5 ] ],1 [ 5 [ 3 , 4 [ 2 ] ] ]) 1.42302162
20.606450126 :(1 [ 2 [ 3 [ 4 ] , 5 ] ],1 [ 5 [ 3 [ 2 [ 4 ] ] ] ]) 1.42302162
30.718113964 :(1 [ 2 [ 3 [ 4 ] , 5 ] ],1 [ 5 [ 2 [ 4 ] , 3 ] ]) 1.42302162
21.968610814 :(1 [ 2 [ 3 [ 4 ] , 5 ] ],1 [ 5 [ 3 [ 4 [ 2 ] ] ] ]) 1.42302162
84.461712369 :(1 [ 2 [ 3 [ 4 ] , 5 ] ],1 [ 4 [ 2 , 3 ] , 5 ]) 1.42302162
13.988809963 :(1 [ 2 [ 3 [ 4 ] , 5 ] ],1 [ 5 [ 2 [ 4 [ 3 ] ] ] ]) 1.42302162
128.846227954 :(1 [ 2 [ 3 [ 4 ] , 5 ] ],1 [ 5 [ 4 [ 2 , 3 ] ] ]) 1.42302162
139.141814375 :(1 [ 2 [ 3 [ 4 ] , 5 ] ],1 [ 5 [ 4 [ 2 [ 3 ] ] ] ]) 1.42302162
336.669392395 :(1 [ 2 [ 3 [ 4 ] , 5 ] ],1 [ 4 [ 2 [ 3 ] ] , 5 ]) 1.42302162
14.249113729 :(1 [ 2 [ 3 [ 4 ] , 5 ] ],1 [ 5 [ 2 [ 3 , 4 ] ] ]) 1.42302162
157.866217049 :(1 [ 2 [ 3 [ 4 ] , 5 ] ],1 [ 4 [ 2 [ 3 , 5 ] ] ]) 1.42302162
194.207595648 :(1 [ 2 [ 3 [ 4 ] , 5 ] ],1 [ 4 [ 2 [ 3 ] , 5 ] ]) 1.42302162
27.436486244 :(1 [ 2 [ 3 [ 4 ] , 5 ] ],1 [ 4 [ 2 , 3 , 5 ] ]) 1.42302162
83.106774679 :(1 [ 2 [ 3 [ 4 ] , 5 ] ],1 [ 4 [ 2 [ 5 ] , 3 ] ]) 1.42302162
255.552119917 :(1 [ 2 [ 3 [ 4 ] , 5 ] ],1 [ 4 [ 3 ] , 5 [ 2 ] ]) 1.42302162
61.432034411 :(1 [ 2 [ 3 [ 4 ] , 5 ] ],1 [ 4 [ 3 [ 2 [ 5 ] ] ] ]) 1.42302162
61.194438827 :(1 [ 2 [ 3 [ 4 ] , 5 ] ],1 [ 4 [ 3 [ 5 [ 2 ] ] ] ]) 1.42302162
94.548170653 :(1 [ 2 [ 3 [ 4 ] , 5 ] ],1 [ 4 [ 3 , 5 [ 2 ] ] ]) 1.42302162
39.32829813 :(1 [ 2 [ 3 [ 4 ] , 5 ] ],1 [ 4 [ 3 [ 2 ] , 5 ] ]) 1.42302162
212.482169375 :(1 [ 2 [ 3 [ 4 ] , 5 ] ],1 [ 4 [ 3 [ 2 ] ] , 5 ]) 1.42302162
169.02201233 :(1 [ 2 [ 3 [ 4 ] , 5 ] ],1 [ 4 [ 3 [ 2 , 5 ] ] ]) 1.42302162
192.554184943 :(1 [ 2 [ 3 [ 4 ] , 5 ] ],1 [ 4 , 5 [ 3 [ 2 ] ] ]) 1.42302162
104.334268646 :(1 [ 2 [ 3 [ 4 ] , 5 ] ],1 [ 4 [ 5 [ 3 [ 2 ] ] ] ]) 1.42302162
224.383876499 :(1 [ 2 [ 3 [ 4 ] , 5 ] ],1 [ 4 [ 5 [ 2 [ 3 ] ] ] ]) 1.42302162
405.957268414 :(1 [ 2 [ 3 [ 4 ] , 5 ] ],1 [ 4 , 5 [ 2 [ 3 ] ] ]) 1.42302162
240.555153857 :(1 [ 2 [ 3 [ 4 ] , 5 ] ],1 [ 4 , 5 [ 2 , 3 ] ]) 1.42302162
89.574985333 :(1 [ 2 [ 3 [ 4 ] , 5 ] ],1 [ 4 [ 5 [ 2 , 3 ] ] ]) 1.42302162
79.849646947 :(1 [ 2 [ 3 [ 4 ] , 5 ] ],1 [ 5 [ 2 , 3 , 4 ] ]) 1.42302162
80.477519659 :(1 [ 2 [ 3 [ 4 ] , 5 ] ],1 [ 5 [ 2 , 3 [ 4 ] ] ]) 1.42302162
23.551242809 :(1 [ 2 [ 3 [ 4 ] , 5 ] ],1 [ 5 [ 2 [ 3 [ 4 ] ] ] ]) 1.42302162
291.567015356 :(1 [ 2 [ 3 [ 4 ] , 5 ] ],1 [ 5 [ 2 , 4 [ 3 ] ] ]) 1.42302162
171.309874509 :(1 [ 2 [ 3 [ 4 ] , 5 ] ],1 [ 5 [ 2 [ 3 ] , 4 ] ]) 1.42302162
52.016533838 :(1 [ 2 [ 3 [ 4 ] , 5 ] ],1 [ 5 [ 4 [ 3 [ 2 ] ] ] ]) 1.42302162
82.197180971 :(1 [ 2 [ 3 [ 4 ] , 5 ] ],1 [ 5 [ 3 [ 2 ] , 4 ] ]) 1.42302162
61.00651068 :(1 [ 2 [ 3 [ 4 ] , 5 ] ],1 [ 5 [ 3 [ 2 , 4 ] ] ]) 1.42302162
0.386106542 :(1 [ 2 [ 3 [ 4 , 5 ] ] ],1 [ 2 [ 3 [ 4 ] ] , 5 ]) 1.42302162
0.407181348 :(1 [ 2 [ 3 [ 4 , 5 ] ] ],1 [ 2 [ 3 [ 4 ] , 5 ] ]) 1.42302162
0.34895142 :(1 [ 2 [ 3 [ 4 , 5 ] ] ],1 [ 2 [ 3 [ 4 , 5 ] ] ]) 1.42302162
0.385303719 :(1 [ 2 [ 3 [ 4 , 5 ] ] ],1 [ 2 [ 3 [ 4 [ 5 ] ] ] ]) 1.42302162
0.439246288 :(1 [ 2 [ 3 [ 4 , 5 ] ] ],1 [ 2 [ 3 ] , 4 [ 5 ] ]) 1.42302162
0.431084697 :(1 [ 2 [ 3 [ 4 , 5 ] ] ],1 [ 2 [ 3 ] , 5 [ 4 ] ]) 1.42302162
0.404646021 :(1 [ 2 [ 3 [ 4 , 5 ] ] ],1 [ 2 [ 3 , 4 [ 5 ] ] ]) 1.42302162
0.429904782 :(1 [ 2 [ 3 [ 4 , 5 ] ] ],1 [ 2 [ 3 , 5 [ 4 ] ] ]) 1.42302162
0.408272065 :(1 [ 2 [ 3 [ 4 , 5 ] ] ],1 [ 2 [ 3 [ 5 [ 4 ] ] ] ]) 1.42302162
0.403876409 :(1 [ 2 [ 3 [ 4 , 5 ] ] ],1 [ 2 [ 3 [ 5 ] ] , 4 ]) 1.42302162
0.424893886 :(1 [ 2 [ 3 [ 4 , 5 ] ] ],1 [ 2 [ 3 [ 5 ] , 4 ] ]) 1.42302162
31.992307532 :(1 [ 2 [ 3 [ 4 , 5 ] ] ],1 [ 2 [ 3 , 4 ] , 5 ]) 1.42302162
37.933085024 :(1 [ 2 [ 3 [ 4 , 5 ] ] ],1 [ 2 [ 3 , 4 , 5 ] ]) 1.42302162
33.065705853 :(1 [ 2 [ 3 [ 4 , 5 ] ] ],1 [ 2 [ 3 , 5 ] , 4 ]) 1.42302162
60.169416299 :(1 [ 2 [ 3 [ 4 , 5 ] ] ],1 [ 2 [ 3 ] , 4 , 5 ]) 1.42302162
109.734188355 :(1 [ 2 [ 3 [ 4 , 5 ] ] ],1 [ 2 , 3 , 4 , 5 ]) 1.42302162
613.405263139 :(1 [ 2 [ 3 [ 4 , 5 ] ] ],1 [ 2 , 4 [ 3 ] , 5 ]) 1.42302162
403.117510646 :(1 [ 2 [ 3 [ 4 , 5 ] ] ],1 [ 2 , 4 , 5 [ 3 ] ]) 1.42302162
209.001151925 :(1 [ 2 [ 3 [ 4 , 5 ] ] ],1 [ 2 , 3 [ 5 ] , 4 ]) 1.42302162
179.887666566 :(1 [ 2 [ 3 [ 4 , 5 ] ] ],1 [ 2 [ 5 [ 3 ] ] , 4 ]) 1.42302162
240.320384421 :(1 [ 2 [ 3 [ 4 , 5 ] ] ],1 [ 2 , 4 [ 3 [ 5 ] ] ]) 1.42302162
176.236386839 :(1 [ 2 [ 3 [ 4 , 5 ] ] ],1 [ 2 , 4 [ 5 [ 3 ] ] ]) 1.42302162
0.411957391 :(1 [ 2 [ 3 [ 4 , 5 ] ] ],1 [ 2 , 3 , 4 [ 5 ] ]) 1.42302162
580.594269625 :(1 [ 2 [ 3 [ 4 , 5 ] ] ],1 [ 2 , 4 [ 3 , 5 ] ]) 1.42302162
119.802006826 :(1 [ 2 [ 3 [ 4 , 5 ] ] ],1 [ 2 [ 5 ] , 4 [ 3 ] ]) 1.42302162
49.967964355 :(1 [ 2 [ 3 [ 4 , 5 ] ] ],1 [ 2 [ 5 ] , 3 , 4 ]) 1.42302162
19.771061929 :(1 [ 2 [ 3 [ 4 , 5 ] ] ],1 [ 2 [ 4 , 5 ] , 3 ]) 1.42302162
277.379820686 :(1 [ 2 [ 3 [ 4 , 5 ] ] ],1 [ 2 [ 5 ] , 3 [ 4 ] ]) 1.42302162
0.447790512 :(1 [ 2 [ 3 [ 4 , 5 ] ] ],1 [ 2 [ 5 [ 4 ] ] , 3 ]) 1.42302162
30.928061764 :(1 [ 2 [ 3 [ 4 , 5 ] ] ],1 [ 2 [ 5 [ 4 [ 3 ] ] ] ]) 1.42302162
25.649314177 :(1 [ 2 [ 3 [ 4 , 5 ] ] ],1 [ 2 [ 5 [ 3 , 4 ] ] ]) 1.42302162
104.816979204 :(1 [ 2 [ 3 [ 4 , 5 ] ] ],1 [ 2 [ 4 , 5 [ 3 ] ] ]) 1.42302162
30.006186631 :(1 [ 2 [ 3 [ 4 , 5 ] ] ],1 [ 2 [ 5 [ 3 [ 4 ] ] ] ]) 1.42302162
152.351333131 :(1 [ 2 [ 3 [ 4 , 5 ] ] ],1 [ 2 [ 4 [ 3 ] , 5 ] ]) 1.42302162
62.180704906 :(1 [ 2 [ 3 [ 4 , 5 ] ] ],1 [ 2 [ 4 [ 3 ] ] , 5 ]) 1.42302162
35.3083204 :(1 [ 2 [ 3 [ 4 , 5 ] ] ],1 [ 2 [ 4 [ 3 [ 5 ] ] ] ]) 1.42302162
49.669684162 :(1 [ 2 [ 3 [ 4 , 5 ] ] ],1 [ 2 [ 4 [ 3 , 5 ] ] ]) 1.42302162
64.273948644 :(1 [ 2 [ 3 [ 4 , 5 ] ] ],1 [ 2 , 3 [ 4 [ 5 ] ] ]) 1.42302162
226.084628709 :(1 [ 2 [ 3 [ 4 , 5 ] ] ],1 [ 2 , 5 [ 4 [ 3 ] ] ]) 1.42302162
295.842306012 :(1 [ 2 [ 3 [ 4 , 5 ] ] ],1 [ 2 , 3 [ 4 ] , 5 ]) 1.42302162
118.202282674 :(1 [ 2 [ 3 [ 4 , 5 ] ] ],1 [ 2 , 5 [ 3 [ 4 ] ] ]) 1.42302162
375.117788418 :(1 [ 2 [ 3 [ 4 , 5 ] ] ],1 [ 2 , 3 [ 4 , 5 ] ]) 1.42302162
58.913396194 :(1 [ 2 [ 3 [ 4 , 5 ] ] ],1 [ 2 [ 4 ] , 3 [ 5 ] ]) 1.42302162
132.551857426 :(1 [ 2 [ 3 [ 4 , 5 ] ] ],1 [ 2 , 3 [ 5 [ 4 ] ] ]) 1.42302162
269.919903174 :(1 [ 2 [ 3 [ 4 , 5 ] ] ],1 [ 2 , 5 [ 3 , 4 ] ]) 1.42302162
55.577044002 :(1 [ 2 [ 3 [ 4 , 5 ] ] ],1 [ 2 [ 4 [ 5 [ 3 ] ] ] ]) 1.42302162
63.713385605 :(1 [ 2 [ 3 [ 4 , 5 ] ] ],1 [ 2 [ 4 ] , 5 [ 3 ] ]) 1.42302162
42.532372306 :(1 [ 2 [ 3 [ 4 , 5 ] ] ],1 [ 2 [ 4 ] , 3 , 5 ]) 1.42302162
0.410458747 :(1 [ 2 [ 3 [ 4 , 5 ] ] ],1 [ 2 [ 4 [ 5 ] ] , 3 ]) 1.42302162
0.439946973 :(1 [ 2 [ 3 [ 4 , 5 ] ] ],1 [ 2 , 3 , 5 [ 4 ] ]) 1.42302162
101.668351595 :(1 [ 2 [ 3 [ 4 , 5 ] ] ],1 [ 3 [ 2 ] , 5 [ 4 ] ]) 1.42302162
0.510834976 :(1 [ 2 [ 3 [ 4 , 5 ] ] ],1 [ 3 , 5 [ 4 [ 2 ] ] ]) 1.42302162
0.415165409 :(1 [ 2 [ 3 [ 4 , 5 ] ] ],1 [ 3 , 5 [ 2 , 4 ] ]) 1.42302162
0.831518727 :(1 [ 2 [ 3 [ 4 , 5 ] ] ],1 [ 3 , 4 [ 5 [ 2 ] ] ]) 1.42302162
2.745882746 :(1 [ 2 [ 3 [ 4 , 5 ] ] ],1 [ 3 [ 2 [ 5 [ 4 ] ] ] ]) 1.42302162
0.793974833 :(1 [ 2 [ 3 [ 4 , 5 ] ] ],1 [ 3 [ 4 [ 5 [ 2 ] ] ] ]) 1.42302162
9.366934756 :(1 [ 2 [ 3 [ 4 , 5 ] ] ],1 [ 3 [ 5 [ 2 , 4 ] ] ]) 1.42302162
28.146983559 :(1 [ 2 [ 3 [ 4 , 5 ] ] ],1 [ 3 [ 2 , 5 [ 4 ] ] ]) 1.42302162
1.297046345 :(1 [ 2 [ 3 [ 4 , 5 ] ] ],1 [ 3 [ 5 [ 4 [ 2 ] ] ] ]) 1.42302162
0.426119096 :(1 [ 2 [ 3 [ 4 , 5 ] ] ],1 [ 3 , 4 [ 2 , 5 ] ]) 1.42302162
8.713791946 :(1 [ 2 [ 3 [ 4 , 5 ] ] ],1 [ 3 [ 2 [ 4 [ 5 ] ] ] ]) 1.42302162
8.249988659 :(1 [ 2 [ 3 [ 4 , 5 ] ] ],1 [ 3 [ 4 [ 2 , 5 ] ] ]) 1.42302162
33.111820868 :(1 [ 2 [ 3 [ 4 , 5 ] ] ],1 [ 3 [ 2 , 4 [ 5 ] ] ]) 1.42302162
77.516802855 :(1 [ 2 [ 3 [ 4 , 5 ] ] ],1 [ 3 [ 2 ] , 4 [ 5 ] ]) 1.42302162
293.804077077 :(1 [ 2 [ 3 [ 4 , 5 ] ] ],1 [ 3 [ 2 ] , 4 , 5 ]) 1.42302162
44.806890536 :(1 [ 2 [ 3 [ 4 , 5 ] ] ],1 [ 3 [ 2 [ 5 ] ] , 4 ]) 1.42302162
387.507721493 :(1 [ 2 [ 3 [ 4 , 5 ] ] ],1 [ 3 [ 2 , 5 ] , 4 ]) 1.42302162
26.394372056 :(1 [ 2 [ 3 [ 4 , 5 ] ] ],1 [ 3 [ 2 [ 4 ] , 5 ] ]) 1.42302162
130.058218849 :(1 [ 2 [ 3 [ 4 , 5 ] ] ],1 [ 3 [ 2 , 4 , 5 ] ]) 1.42302162
434.247552403 :(1 [ 2 [ 3 [ 4 , 5 ] ] ],1 [ 3 [ 2 , 4 ] , 5 ]) 1.42302162
10.369663141 :(1 [ 2 [ 3 [ 4 , 5 ] ] ],1 [ 3 [ 2 [ 5 ] , 4 ] ]) 1.42302162
2.108472938 :(1 [ 2 [ 3 [ 4 , 5 ] ] ],1 [ 3 [ 2 [ 4 , 5 ] ] ]) 1.42302162
11.135506599 :(1 [ 2 [ 3 [ 4 , 5 ] ] ],1 [ 3 [ 2 [ 4 ] ] , 5 ]) 1.42302162
0.418858472 :(1 [ 2 [ 3 [ 4 , 5 ] ] ],1 [ 3 , 4 [ 2 ] , 5 ]) 1.42302162
0.487068049 :(1 [ 2 [ 3 [ 4 , 5 ] ] ],1 [ 3 , 5 [ 2 [ 4 ] ] ]) 1.42302162
42.967685907 :(1 [ 2 [ 3 [ 4 , 5 ] ] ],1 [ 3 [ 4 [ 2 ] ] , 5 ]) 1.42302162
1.740361545 :(1 [ 2 [ 3 [ 4 , 5 ] ] ],1 [ 3 [ 4 [ 2 [ 5 ] ] ] ]) 1.42302162
13.230332858 :(1 [ 2 [ 3 [ 4 , 5 ] ] ],1 [ 3 [ 4 [ 2 ] , 5 ] ]) 1.42302162
0.438072615 :(1 [ 2 [ 3 [ 4 , 5 ] ] ],1 [ 3 [ 5 ] , 4 [ 2 ] ]) 1.42302162
9.025592535 :(1 [ 2 [ 3 [ 4 , 5 ] ] ],1 [ 3 [ 5 [ 2 [ 4 ] ] ] ]) 1.42302162
0.502658936 :(1 [ 2 [ 3 [ 4 , 5 ] ] ],1 [ 3 , 4 [ 2 [ 5 ] ] ]) 1.42302162
0.42612793 :(1 [ 2 [ 3 [ 4 , 5 ] ] ],1 [ 3 , 4 , 5 [ 2 ] ]) 1.42302162
51.072392316 :(1 [ 2 [ 3 [ 4 , 5 ] ] ],1 [ 3 [ 5 [ 2 ] ] , 4 ]) 1.42302162
11.636465058 :(1 [ 2 [ 3 [ 4 , 5 ] ] ],1 [ 3 [ 4 , 5 [ 2 ] ] ]) 1.42302162
0.539589594 :(1 [ 2 [ 3 [ 4 , 5 ] ] ],1 [ 3 [ 4 ] , 5 [ 2 ] ]) 1.42302162
0.56809113 :(1 [ 2 [ 3 [ 4 , 5 ] ] ],1 [ 4 [ 3 ] , 5 [ 2 ] ]) 1.42302162
155.180516618 :(1 [ 2 [ 3 [ 4 , 5 ] ] ],1 [ 5 [ 2 [ 3 [ 4 ] ] ] ]) 1.42302162
242.720271095 :(1 [ 2 [ 3 [ 4 , 5 ] ] ],1 [ 5 [ 2 [ 4 [ 3 ] ] ] ]) 1.42302162
197.366534855 :(1 [ 2 [ 3 [ 4 , 5 ] ] ],1 [ 5 [ 2 , 3 [ 4 ] ] ]) 1.42302162
121.578913903 :(1 [ 2 [ 3 [ 4 , 5 ] ] ],1 [ 5 [ 2 , 4 [ 3 ] ] ]) 1.42302162
32.589222284 :(1 [ 2 [ 3 [ 4 , 5 ] ] ],1 [ 4 [ 3 , 5 [ 2 ] ] ]) 1.42302162
12.610045979 :(1 [ 2 [ 3 [ 4 , 5 ] ] ],1 [ 4 [ 3 [ 2 [ 5 ] ] ] ]) 1.42302162
3.375087698 :(1 [ 2 [ 3 [ 4 , 5 ] ] ],1 [ 4 [ 2 [ 5 ] , 3 ] ]) 1.42302162
36.979480553 :(1 [ 2 [ 3 [ 4 , 5 ] ] ],1 [ 4 [ 3 [ 5 [ 2 ] ] ] ]) 1.42302162
217.158184097 :(1 [ 2 [ 3 [ 4 , 5 ] ] ],1 [ 4 , 5 [ 2 , 3 ] ]) 1.42302162
274.648104577 :(1 [ 2 [ 3 [ 4 , 5 ] ] ],1 [ 4 [ 2 [ 5 [ 3 ] ] ] ]) 1.42302162
184.808066123 :(1 [ 2 [ 3 [ 4 , 5 ] ] ],1 [ 4 [ 5 [ 2 , 3 ] ] ]) 1.42302162
203.782260707 :(1 [ 2 [ 3 [ 4 , 5 ] ] ],1 [ 4 [ 5 [ 2 [ 3 ] ] ] ]) 1.42302162
409.546639362 :(1 [ 2 [ 3 [ 4 , 5 ] ] ],1 [ 4 , 5 [ 2 [ 3 ] ] ]) 1.42302162
203.633649673 :(1 [ 2 [ 3 [ 4 , 5 ] ] ],1 [ 4 [ 2 [ 3 , 5 ] ] ]) 1.42302162
211.663901533 :(1 [ 2 [ 3 [ 4 , 5 ] ] ],1 [ 5 [ 2 [ 3 , 4 ] ] ]) 1.42302162
245.735898835 :(1 [ 2 [ 3 [ 4 , 5 ] ] ],1 [ 5 [ 2 [ 3 ] , 4 ] ]) 1.42302162
92.568945316 :(1 [ 2 [ 3 [ 4 , 5 ] ] ],1 [ 5 [ 2 , 3 , 4 ] ]) 1.42302162
0.920592563 :(1 [ 2 [ 3 [ 4 , 5 ] ] ],1 [ 5 [ 2 [ 4 ] , 3 ] ]) 1.42302162
0.524012639 :(1 [ 2 [ 3 [ 4 , 5 ] ] ],1 [ 4 [ 2 ] , 5 [ 3 ] ]) 1.42302162
13.938920169 :(1 [ 2 [ 3 [ 4 , 5 ] ] ],1 [ 5 [ 3 [ 2 [ 4 ] ] ] ]) 1.42302162
9.965950981 :(1 [ 2 [ 3 [ 4 , 5 ] ] ],1 [ 5 [ 3 [ 4 [ 2 ] ] ] ]) 1.42302162
122.251818711 :(1 [ 2 [ 3 [ 4 , 5 ] ] ],1 [ 5 [ 3 , 4 [ 2 ] ] ]) 1.42302162
40.518175088 :(1 [ 2 [ 3 [ 4 , 5 ] ] ],1 [ 5 [ 3 [ 2 ] , 4 ] ]) 1.42302162
114.856439112 :(1 [ 2 [ 3 [ 4 , 5 ] ] ],1 [ 4 , 5 [ 3 [ 2 ] ] ]) 1.42302162
145.350257789 :(1 [ 2 [ 3 [ 4 , 5 ] ] ],1 [ 5 [ 3 [ 2 , 4 ] ] ]) 1.42302162
176.647978128 :(1 [ 2 [ 3 [ 4 , 5 ] ] ],1 [ 4 [ 3 [ 2 ] ] , 5 ]) 1.42302162
100.790215516 :(1 [ 2 [ 3 [ 4 , 5 ] ] ],1 [ 5 [ 4 [ 3 [ 2 ] ] ] ]) 1.42302162
152.826854806 :(1 [ 2 [ 3 [ 4 , 5 ] ] ],1 [ 5 [ 4 [ 2 [ 3 ] ] ] ]) 1.42302162
362.785380203 :(1 [ 2 [ 3 [ 4 , 5 ] ] ],1 [ 4 [ 2 [ 3 ] ] , 5 ]) 1.42302162
176.832355342 :(1 [ 2 [ 3 [ 4 , 5 ] ] ],1 [ 4 [ 2 , 3 ] , 5 ]) 1.42302162
125.082970732 :(1 [ 2 [ 3 [ 4 , 5 ] ] ],1 [ 5 [ 4 [ 2 , 3 ] ] ]) 1.42302162
86.290397229 :(1 [ 2 [ 3 [ 4 , 5 ] ] ],1 [ 4 [ 2 , 3 , 5 ] ]) 1.42302162
112.159425062 :(1 [ 2 [ 3 [ 4 , 5 ] ] ],1 [ 4 [ 2 , 3 [ 5 ] ] ]) 1.42302162
117.954071519 :(1 [ 2 [ 3 [ 4 , 5 ] ] ],1 [ 4 [ 2 [ 3 [ 5 ] ] ] ]) 1.42302162
92.531554773 :(1 [ 2 [ 3 [ 4 , 5 ] ] ],1 [ 4 [ 2 , 5 [ 3 ] ] ]) 1.42302162
193.465957633 :(1 [ 2 [ 3 [ 4 , 5 ] ] ],1 [ 4 [ 2 [ 3 ] , 5 ] ]) 1.42302162
94.073117128 :(1 [ 2 [ 3 [ 4 , 5 ] ] ],1 [ 4 [ 3 [ 2 ] , 5 ] ]) 1.42302162
69.151722702 :(1 [ 2 [ 3 [ 4 , 5 ] ] ],1 [ 4 [ 5 [ 3 [ 2 ] ] ] ]) 1.42302162
113.036151618 :(1 [ 2 [ 3 [ 4 , 5 ] ] ],1 [ 4 [ 3 [ 2 , 5 ] ] ]) 1.42302162
0.393592826 :(1 [ 2 [ 3 [ 4 [ 5 ] ] ] ],1 [ 2 [ 3 [ 4 ] ] , 5 ]) 1.42302162
0.347318159 :(1 [ 2 [ 3 [ 4 [ 5 ] ] ] ],1 [ 2 [ 3 [ 4 ] , 5 ] ]) 1.42302162
0.41927951 :(1 [ 2 [ 3 [ 4 [ 5 ] ] ] ],1 [ 2 [ 3 [ 4 , 5 ] ] ]) 1.42302162
0.375869952 :(1 [ 2 [ 3 [ 4 [ 5 ] ] ] ],1 [ 2 [ 3 [ 4 [ 5 ] ] ] ]) 1.42302162
145.730612999 :(1 [ 2 [ 3 [ 4 [ 5 ] ] ] ],1 [ 2 [ 3 ] , 4 [ 5 ] ]) 1.42302162
129.992817675 :(1 [ 2 [ 3 [ 4 [ 5 ] ] ] ],1 [ 2 [ 3 ] , 5 [ 4 ] ]) 1.42302162
109.250356345 :(1 [ 2 [ 3 [ 4 [ 5 ] ] ] ],1 [ 2 [ 3 , 4 [ 5 ] ] ]) 1.42302162
159.500370934 :(1 [ 2 [ 3 [ 4 [ 5 ] ] ] ],1 [ 2 [ 3 , 5 [ 4 ] ] ]) 1.42302162
87.519905129 :(1 [ 2 [ 3 [ 4 [ 5 ] ] ] ],1 [ 2 [ 3 [ 5 [ 4 ] ] ] ]) 1.42302162
0.403513915 :(1 [ 2 [ 3 [ 4 [ 5 ] ] ] ],1 [ 2 [ 3 [ 5 ] ] , 4 ]) 1.42302162
0.412726086 :(1 [ 2 [ 3 [ 4 [ 5 ] ] ] ],1 [ 2 [ 3 [ 5 ] , 4 ] ]) 1.42302162
0.404593748 :(1 [ 2 [ 3 [ 4 [ 5 ] ] ] ],1 [ 2 [ 3 , 4 ] , 5 ]) 1.42302162
0.416141914 :(1 [ 2 [ 3 [ 4 [ 5 ] ] ] ],1 [ 2 [ 3 , 4 , 5 ] ]) 1.42302162
0.438044532 :(1 [ 2 [ 3 [ 4 [ 5 ] ] ] ],1 [ 2 [ 3 , 5 ] , 4 ]) 1.42302162
0.405987075 :(1 [ 2 [ 3 [ 4 [ 5 ] ] ] ],1 [ 2 [ 3 ] , 4 , 5 ]) 1.42302162
163.741203629 :(1 [ 2 [ 3 [ 4 [ 5 ] ] ] ],1 [ 2 , 3 , 4 , 5 ]) 1.42302162
272.839387797 :(1 [ 2 [ 3 [ 4 [ 5 ] ] ] ],1 [ 2 , 3 , 4 , 5 ]) 1.42402162
251.064397537 :(1 [ 2 [ 3 [ 4 [ 5 ] ] ] ],1 [ 2 , 3 , 4 , 5 ]) 1.42502162
269.728735948 :(1 [ 2 [ 3 [ 4 [ 5 ] ] ] ],1 [ 2 , 3 , 4 , 5 ]) 1.42919166
226.409099756 :(1 [ 2 [ 3 [ 4 [ 5 ] ] ] ],1 [ 2 , 3 , 4 , 5 ]) 1.43172097
84.988355541 :(1 [ 2 [ 3 [ 4 [ 5 ] ] ] ],1 [ 2 , 3 , 4 , 5 ]) 1.43272097
561.487388025 :(1 [ 2 [ 3 [ 4 [ 5 ] ] ] ],1 [ 2 , 4 [ 3 ] , 5 ]) 1.43172097
0.562797556 :(1 [ 2 [ 3 [ 4 [ 5 ] ] ] ],1 [ 2 , 4 , 5 [ 3 ] ]) 1.43172097
0.414392135 :(1 [ 2 [ 3 [ 4 [ 5 ] ] ] ],1 [ 2 , 3 [ 5 ] , 4 ]) 1.43172097
0.445011907 :(1 [ 2 [ 3 [ 4 [ 5 ] ] ] ],1 [ 2 [ 5 [ 3 ] ] , 4 ]) 1.43172097
86.876486181 :(1 [ 2 [ 3 [ 4 [ 5 ] ] ] ],1 [ 2 , 4 [ 3 [ 5 ] ] ]) 1.43172097
66.001854147 :(1 [ 2 [ 3 [ 4 [ 5 ] ] ] ],1 [ 2 , 4 [ 5 [ 3 ] ] ]) 1.43172097
181.298295263 :(1 [ 2 [ 3 [ 4 [ 5 ] ] ] ],1 [ 2 , 3 , 4 [ 5 ] ]) 1.43172097
457.818419331 :(1 [ 2 [ 3 [ 4 [ 5 ] ] ] ],1 [ 2 , 4 [ 3 , 5 ] ]) 1.43172097
101.502389868 :(1 [ 2 [ 3 [ 4 [ 5 ] ] ] ],1 [ 2 [ 5 ] , 4 [ 3 ] ]) 1.43172097
0.406802939 :(1 [ 2 [ 3 [ 4 [ 5 ] ] ] ],1 [ 2 [ 5 ] , 3 , 4 ]) 1.43172097
0.446881993 :(1 [ 2 [ 3 [ 4 [ 5 ] ] ] ],1 [ 2 [ 4 , 5 ] , 3 ]) 1.43172097
194.803256809 :(1 [ 2 [ 3 [ 4 [ 5 ] ] ] ],1 [ 2 [ 5 ] , 3 [ 4 ] ]) 1.43172097
71.9090186 :(1 [ 2 [ 3 [ 4 [ 5 ] ] ] ],1 [ 2 [ 5 [ 4 ] ] , 3 ]) 1.43172097
71.119788485 :(1 [ 2 [ 3 [ 4 [ 5 ] ] ] ],1 [ 2 [ 5 [ 4 [ 3 ] ] ] ]) 1.43172097
94.004674713 :(1 [ 2 [ 3 [ 4 [ 5 ] ] ] ],1 [ 2 [ 5 [ 3 , 4 ] ] ]) 1.43172097
0.457833467 :(1 [ 2 [ 3 [ 4 [ 5 ] ] ] ],1 [ 2 [ 4 , 5 [ 3 ] ] ]) 1.43172097
142.681552361 :(1 [ 2 [ 3 [ 4 [ 5 ] ] ] ],1 [ 2 [ 5 [ 3 [ 4 ] ] ] ]) 1.43172097
224.026095432 :(1 [ 2 [ 3 [ 4 [ 5 ] ] ] ],1 [ 2 [ 4 [ 3 ] , 5 ] ]) 1.43172097
397.238910378 :(1 [ 2 [ 3 [ 4 [ 5 ] ] ] ],1 [ 2 [ 4 [ 3 ] ] , 5 ]) 1.43172097
0.981839554 :(1 [ 2 [ 3 [ 4 [ 5 ] ] ] ],1 [ 2 [ 4 [ 3 [ 5 ] ] ] ]) 1.43172097
89.514370548 :(1 [ 2 [ 3 [ 4 [ 5 ] ] ] ],1 [ 2 [ 4 [ 3 , 5 ] ] ]) 1.43172097
279.967340181 :(1 [ 2 [ 3 [ 4 [ 5 ] ] ] ],1 [ 2 , 3 [ 4 [ 5 ] ] ]) 1.43172097
266.532456184 :(1 [ 2 [ 3 [ 4 [ 5 ] ] ] ],1 [ 2 , 5 [ 4 [ 3 ] ] ]) 1.43172097
597.024131006 :(1 [ 2 [ 3 [ 4 [ 5 ] ] ] ],1 [ 2 , 3 [ 4 ] , 5 ]) 1.43172097
186.105968674 :(1 [ 2 [ 3 [ 4 [ 5 ] ] ] ],1 [ 2 , 5 [ 3 [ 4 ] ] ]) 1.43172097
258.838578361 :(1 [ 2 [ 3 [ 4 [ 5 ] ] ] ],1 [ 2 , 3 [ 4 , 5 ] ]) 1.43172097
0.349938514 :(1 [ 2 [ 3 [ 4 [ 5 ] ] ] ],1 [ 2 [ 4 ] , 3 [ 5 ] ]) 1.43172097
187.84027547 :(1 [ 2 [ 3 [ 4 [ 5 ] ] ] ],1 [ 2 , 3 [ 5 [ 4 ] ] ]) 1.43172097
381.705571532 :(1 [ 2 [ 3 [ 4 [ 5 ] ] ] ],1 [ 2 , 5 [ 3 , 4 ] ]) 1.43172097
65.034478386 :(1 [ 2 [ 3 [ 4 [ 5 ] ] ] ],1 [ 2 [ 4 [ 5 [ 3 ] ] ] ]) 1.43172097
0.546898698 :(1 [ 2 [ 3 [ 4 [ 5 ] ] ] ],1 [ 2 [ 4 ] , 5 [ 3 ] ]) 1.43172097
0.41938905 :(1 [ 2 [ 3 [ 4 [ 5 ] ] ] ],1 [ 2 [ 4 ] , 3 , 5 ]) 1.43172097
21.139082769 :(1 [ 2 [ 3 [ 4 [ 5 ] ] ] ],1 [ 2 [ 4 [ 5 ] ] , 3 ]) 1.43172097
406.171523074 :(1 [ 2 [ 3 [ 4 [ 5 ] ] ] ],1 [ 2 , 3 , 5 [ 4 ] ]) 1.43172097
505.678101942 :(1 [ 2 [ 3 [ 4 [ 5 ] ] ] ],1 [ 3 [ 2 ] , 5 [ 4 ] ]) 1.43172097
0.495809133 :(1 [ 2 [ 3 [ 4 [ 5 ] ] ] ],1 [ 3 , 5 [ 4 [ 2 ] ] ]) 1.43172097
0.416616758 :(1 [ 2 [ 3 [ 4 [ 5 ] ] ] ],1 [ 3 , 5 [ 2 , 4 ] ]) 1.43172097
0.547046925 :(1 [ 2 [ 3 [ 4 [ 5 ] ] ] ],1 [ 3 , 4 [ 5 [ 2 ] ] ]) 1.43172097
162.823775611 :(1 [ 2 [ 3 [ 4 [ 5 ] ] ] ],1 [ 3 [ 2 [ 5 [ 4 ] ] ] ]) 1.43172097
6.207202675 :(1 [ 2 [ 3 [ 4 [ 5 ] ] ] ],1 [ 3 [ 4 [ 5 [ 2 ] ] ] ]) 1.43172097
10.095993037 :(1 [ 2 [ 3 [ 4 [ 5 ] ] ] ],1 [ 3 [ 5 [ 2 , 4 ] ] ]) 1.43172097
160.66613525 :(1 [ 2 [ 3 [ 4 [ 5 ] ] ] ],1 [ 3 [ 2 , 5 [ 4 ] ] ]) 1.43172097
8.604253355 :(1 [ 2 [ 3 [ 4 [ 5 ] ] ] ],1 [ 3 [ 5 [ 4 [ 2 ] ] ] ]) 1.43172097
0.402222806 :(1 [ 2 [ 3 [ 4 [ 5 ] ] ] ],1 [ 3 , 4 [ 2 , 5 ] ]) 1.43172097
113.811367086 :(1 [ 2 [ 3 [ 4 [ 5 ] ] ] ],1 [ 3 [ 2 [ 4 [ 5 ] ] ] ]) 1.43172097
12.899107533 :(1 [ 2 [ 3 [ 4 [ 5 ] ] ] ],1 [ 3 [ 4 [ 2 , 5 ] ] ]) 1.43172097
200.852038544 :(1 [ 2 [ 3 [ 4 [ 5 ] ] ] ],1 [ 3 [ 2 , 4 [ 5 ] ] ]) 1.43172097
311.026688281 :(1 [ 2 [ 3 [ 4 [ 5 ] ] ] ],1 [ 3 [ 2 ] , 4 [ 5 ] ]) 1.43172097
255.48808264 :(1 [ 2 [ 3 [ 4 [ 5 ] ] ] ],1 [ 3 [ 2 ] , 4 , 5 ]) 1.43172097
90.126085494 :(1 [ 2 [ 3 [ 4 [ 5 ] ] ] ],1 [ 3 [ 2 [ 5 ] ] , 4 ]) 1.43172097
37.092208419 :(1 [ 2 [ 3 [ 4 [ 5 ] ] ] ],1 [ 3 [ 2 , 5 ] , 4 ]) 1.43172097
69.673746585 :(1 [ 2 [ 3 [ 4 [ 5 ] ] ] ],1 [ 3 [ 2 [ 4 ] , 5 ] ]) 1.43172097
108.490780399 :(1 [ 2 [ 3 [ 4 [ 5 ] ] ] ],1 [ 3 [ 2 , 4 , 5 ] ]) 1.43172097
349.501356149 :(1 [ 2 [ 3 [ 4 [ 5 ] ] ] ],1 [ 3 [ 2 , 4 ] , 5 ]) 1.43172097
37.315422968 :(1 [ 2 [ 3 [ 4 [ 5 ] ] ] ],1 [ 3 [ 2 [ 5 ] , 4 ] ]) 1.43172097
11.371419939 :(1 [ 2 [ 3 [ 4 [ 5 ] ] ] ],1 [ 3 [ 2 [ 4 , 5 ] ] ]) 1.43172097
89.704847493 :(1 [ 2 [ 3 [ 4 [ 5 ] ] ] ],1 [ 3 [ 2 [ 4 ] ] , 5 ]) 1.43172097
0.458596281 :(1 [ 2 [ 3 [ 4 [ 5 ] ] ] ],1 [ 3 , 4 [ 2 ] , 5 ]) 1.43172097
0.521769346 :(1 [ 2 [ 3 [ 4 [ 5 ] ] ] ],1 [ 3 , 5 [ 2 [ 4 ] ] ]) 1.43172097
94.635624846 :(1 [ 2 [ 3 [ 4 [ 5 ] ] ] ],1 [ 3 [ 4 [ 2 ] ] , 5 ]) 1.43172097
10.173803814 :(1 [ 2 [ 3 [ 4 [ 5 ] ] ] ],1 [ 3 [ 4 [ 2 [ 5 ] ] ] ]) 1.43172097
13.216715417 :(1 [ 2 [ 3 [ 4 [ 5 ] ] ] ],1 [ 3 [ 4 [ 2 ] , 5 ] ]) 1.43172097
0.440563498 :(1 [ 2 [ 3 [ 4 [ 5 ] ] ] ],1 [ 3 [ 5 ] , 4 [ 2 ] ]) 1.43172097
1.132044795 :(1 [ 2 [ 3 [ 4 [ 5 ] ] ] ],1 [ 3 [ 5 [ 2 [ 4 ] ] ] ]) 1.43172097
0.429568129 :(1 [ 2 [ 3 [ 4 [ 5 ] ] ] ],1 [ 3 , 4 [ 2 [ 5 ] ] ]) 1.43172097
0.538519049 :(1 [ 2 [ 3 [ 4 [ 5 ] ] ] ],1 [ 3 , 4 , 5 [ 2 ] ]) 1.43172097
0.460280234 :(1 [ 2 [ 3 [ 4 [ 5 ] ] ] ],1 [ 3 [ 5 [ 2 ] ] , 4 ]) 1.43172097
0.78269037 :(1 [ 2 [ 3 [ 4 [ 5 ] ] ] ],1 [ 3 [ 4 , 5 [ 2 ] ] ]) 1.43172097
0.490864153 :(1 [ 2 [ 3 [ 4 [ 5 ] ] ] ],1 [ 3 [ 4 ] , 5 [ 2 ] ]) 1.43172097
30.985203388 :(1 [ 2 [ 3 [ 4 [ 5 ] ] ] ],1 [ 4 [ 3 ] , 5 [ 2 ] ]) 1.43172097
293.497889354 :(1 [ 2 [ 3 [ 4 [ 5 ] ] ] ],1 [ 5 [ 2 [ 3 [ 4 ] ] ] ]) 1.43172097
466.207154118 :(1 [ 2 [ 3 [ 4 [ 5 ] ] ] ],1 [ 5 [ 2 [ 4 [ 3 ] ] ] ]) 1.43172097
59.557912263 :(1 [ 2 [ 3 [ 4 [ 5 ] ] ] ],1 [ 5 [ 2 , 3 [ 4 ] ] ]) 1.43172097
150.47992803 :(1 [ 2 [ 3 [ 4 [ 5 ] ] ] ],1 [ 5 [ 2 , 4 [ 3 ] ] ]) 1.43172097
85.075134741 :(1 [ 2 [ 3 [ 4 [ 5 ] ] ] ],1 [ 4 [ 3 , 5 [ 2 ] ] ]) 1.43172097
8.299382064 :(1 [ 2 [ 3 [ 4 [ 5 ] ] ] ],1 [ 4 [ 3 [ 2 [ 5 ] ] ] ]) 1.43172097
1.085313833 :(1 [ 2 [ 3 [ 4 [ 5 ] ] ] ],1 [ 4 [ 2 [ 5 ] , 3 ] ]) 1.43172097
1.074421854 :(1 [ 2 [ 3 [ 4 [ 5 ] ] ] ],1 [ 4 [ 3 [ 5 [ 2 ] ] ] ]) 1.43172097
0.358683434 :(1 [ 2 [ 3 [ 4 [ 5 ] ] ] ],1 [ 4 , 5 [ 2 , 3 ] ]) 1.43172097
1.733172401 :(1 [ 2 [ 3 [ 4 [ 5 ] ] ] ],1 [ 4 [ 2 [ 5 [ 3 ] ] ] ]) 1.43172097
18.033727807 :(1 [ 2 [ 3 [ 4 [ 5 ] ] ] ],1 [ 4 [ 5 [ 2 , 3 ] ] ]) 1.43172097
56.537223345 :(1 [ 2 [ 3 [ 4 [ 5 ] ] ] ],1 [ 4 [ 5 [ 2 [ 3 ] ] ] ]) 1.43172097
22.70918157 :(1 [ 2 [ 3 [ 4 [ 5 ] ] ] ],1 [ 4 , 5 [ 2 [ 3 ] ] ]) 1.43172097
2.914213033 :(1 [ 2 [ 3 [ 4 [ 5 ] ] ] ],1 [ 4 [ 2 [ 3 , 5 ] ] ]) 1.43172097
178.68111275 :(1 [ 2 [ 3 [ 4 [ 5 ] ] ] ],1 [ 5 [ 2 [ 3 , 4 ] ] ]) 1.43172097
464.768396366 :(1 [ 2 [ 3 [ 4 [ 5 ] ] ] ],1 [ 5 [ 2 [ 3 ] , 4 ] ]) 1.43172097
179.997323053 :(1 [ 2 [ 3 [ 4 [ 5 ] ] ] ],1 [ 5 [ 2 , 3 , 4 ] ]) 1.43172097
0.604260711 :(1 [ 2 [ 3 [ 4 [ 5 ] ] ] ],1 [ 5 [ 2 [ 4 ] , 3 ] ]) 1.43172097
0.420759768 :(1 [ 2 [ 3 [ 4 [ 5 ] ] ] ],1 [ 4 [ 2 ] , 5 [ 3 ] ]) 1.43172097
37.709607046 :(1 [ 2 [ 3 [ 4 [ 5 ] ] ] ],1 [ 5 [ 3 [ 2 [ 4 ] ] ] ]) 1.43172097
21.826382718 :(1 [ 2 [ 3 [ 4 [ 5 ] ] ] ],1 [ 5 [ 3 [ 4 [ 2 ] ] ] ]) 1.43172097
42.320427788 :(1 [ 2 [ 3 [ 4 [ 5 ] ] ] ],1 [ 5 [ 3 , 4 [ 2 ] ] ]) 1.43172097
285.620528862 :(1 [ 2 [ 3 [ 4 [ 5 ] ] ] ],1 [ 5 [ 3 [ 2 ] , 4 ] ]) 1.43172097
57.46353963 :(1 [ 2 [ 3 [ 4 [ 5 ] ] ] ],1 [ 4 , 5 [ 3 [ 2 ] ] ]) 1.43172097
183.595928299 :(1 [ 2 [ 3 [ 4 [ 5 ] ] ] ],1 [ 5 [ 3 [ 2 , 4 ] ] ]) 1.43172097
380.530029921 :(1 [ 2 [ 3 [ 4 [ 5 ] ] ] ],1 [ 4 [ 3 [ 2 ] ] , 5 ]) 1.43172097
230.762685047 :(1 [ 2 [ 3 [ 4 [ 5 ] ] ] ],1 [ 5 [ 4 [ 3 [ 2 ] ] ] ]) 1.43172097
258.410042448 :(1 [ 2 [ 3 [ 4 [ 5 ] ] ] ],1 [ 5 [ 4 [ 2 [ 3 ] ] ] ]) 1.43172097
337.771274483 :(1 [ 2 [ 3 [ 4 [ 5 ] ] ] ],1 [ 4 [ 2 [ 3 ] ] , 5 ]) 1.43172097
176.340442547 :(1 [ 2 [ 3 [ 4 [ 5 ] ] ] ],1 [ 4 [ 2 , 3 ] , 5 ]) 1.43172097
143.96193094 :(1 [ 2 [ 3 [ 4 [ 5 ] ] ] ],1 [ 5 [ 4 [ 2 , 3 ] ] ]) 1.43172097
223.649048418 :(1 [ 2 [ 3 [ 4 [ 5 ] ] ] ],1 [ 4 [ 2 , 3 , 5 ] ]) 1.43172097
30.322020467 :(1 [ 2 [ 3 [ 4 [ 5 ] ] ] ],1 [ 4 [ 2 , 3 [ 5 ] ] ]) 1.43172097
4.306060996 :(1 [ 2 [ 3 [ 4 [ 5 ] ] ] ],1 [ 4 [ 2 [ 3 [ 5 ] ] ] ]) 1.43172097
15.499884592 :(1 [ 2 [ 3 [ 4 [ 5 ] ] ] ],1 [ 4 [ 2 , 5 [ 3 ] ] ]) 1.43172097
421.717125109 :(1 [ 2 [ 3 [ 4 [ 5 ] ] ] ],1 [ 4 [ 2 [ 3 ] , 5 ] ]) 1.43172097
349.242449918 :(1 [ 2 [ 3 [ 4 [ 5 ] ] ] ],1 [ 4 [ 3 [ 2 ] , 5 ] ]) 1.43172097
23.971805039 :(1 [ 2 [ 3 [ 4 [ 5 ] ] ] ],1 [ 4 [ 5 [ 3 [ 2 ] ] ] ]) 1.43172097
19.396689627 :(1 [ 2 [ 3 [ 4 [ 5 ] ] ] ],1 [ 4 [ 3 [ 2 , 5 ] ] ]) 1.43172097
0.387295816 :(1 [ 2 [ 3 ] , 4 [ 5 ] ],1 [ 2 [ 3 ] , 4 , 5 ]) 1.43172097
0.445435297 :(1 [ 2 [ 3 ] , 4 [ 5 ] ],1 [ 2 [ 3 , 5 ] , 4 ]) 1.43172097
0.408209236 :(1 [ 2 [ 3 ] , 4 [ 5 ] ],1 [ 2 [ 3 [ 5 ] ] , 4 ]) 1.43172097
0.362684033 :(1 [ 2 [ 3 ] , 4 [ 5 ] ],1 [ 2 [ 3 ] , 4 [ 5 ] ]) 1.43172097
0.389061403 :(1 [ 2 [ 3 ] , 4 [ 5 ] ],1 [ 2 , 3 , 4 [ 5 ] ]) 1.43172097
0.388299063 :(1 [ 2 [ 3 ] , 4 [ 5 ] ],1 [ 2 , 4 [ 3 , 5 ] ]) 1.43172097
0.411973484 :(1 [ 2 [ 3 ] , 4 [ 5 ] ],1 [ 2 , 4 [ 5 [ 3 ] ] ]) 1.43172097
0.390106391 :(1 [ 2 [ 3 ] , 4 [ 5 ] ],1 [ 2 , 3 [ 5 ] , 4 ]) 1.43172097
0.407250797 :(1 [ 2 [ 3 ] , 4 [ 5 ] ],1 [ 2 , 4 , 5 [ 3 ] ]) 1.43172097
0.428729115 :(1 [ 2 [ 3 ] , 4 [ 5 ] ],1 [ 2 [ 5 [ 3 ] ] , 4 ]) 1.43172097
0.407541203 :(1 [ 2 [ 3 ] , 4 [ 5 ] ],1 [ 2 , 4 [ 3 [ 5 ] ] ]) 1.43172097
0.456016662 :(1 [ 2 [ 3 ] , 4 [ 5 ] ],1 [ 2 , 4 [ 3 ] , 5 ]) 1.43172097
0.392210506 :(1 [ 2 [ 3 ] , 4 [ 5 ] ],1 [ 2 [ 5 ] , 4 [ 3 ] ]) 1.43172097
0.414639595 :(1 [ 2 [ 3 ] , 4 [ 5 ] ],1 [ 2 [ 5 ] , 3 , 4 ]) 1.43172097
0.411843695 :(1 [ 2 [ 3 ] , 4 [ 5 ] ],1 [ 2 , 3 , 4 , 5 ]) 1.43172097
0.411913417 :(1 [ 2 [ 3 ] , 4 [ 5 ] ],1 [ 2 [ 4 ] , 3 , 5 ]) 1.43172097
0.402880025 :(1 [ 2 [ 3 ] , 4 [ 5 ] ],1 [ 2 , 3 [ 4 ] , 5 ]) 1.43172097
58.476378394 :(1 [ 2 [ 3 ] , 4 [ 5 ] ],1 [ 2 , 3 , 5 [ 4 ] ]) 1.43172097
7.502928495 :(1 [ 2 [ 3 ] , 4 [ 5 ] ],1 [ 2 [ 4 [ 5 ] ] , 3 ]) 1.43172097
2.525530095 :(1 [ 2 [ 3 ] , 4 [ 5 ] ],1 [ 2 [ 5 [ 4 ] ] , 3 ]) 1.43172097
70.017817426 :(1 [ 2 [ 3 ] , 4 [ 5 ] ],1 [ 2 , 3 [ 4 [ 5 ] ] ]) 1.43172097
132.210612134 :(1 [ 2 [ 3 ] , 4 [ 5 ] ],1 [ 2 , 3 [ 5 [ 4 ] ] ]) 1.43172097
0.353302556 :(1 [ 2 [ 3 ] , 4 [ 5 ] ],1 [ 2 [ 4 ] , 3 [ 5 ] ]) 1.43172097
0.393165683 :(1 [ 2 [ 3 ] , 4 [ 5 ] ],1 [ 2 , 3 [ 4 , 5 ] ]) 1.43172097
0.408375966 :(1 [ 2 [ 3 ] , 4 [ 5 ] ],1 [ 2 [ 5 ] , 3 [ 4 ] ]) 1.43172097
0.393810605 :(1 [ 2 [ 3 ] , 4 [ 5 ] ],1 [ 2 [ 4 , 5 ] , 3 ]) 1.43172097
0.39697624 :(1 [ 2 [ 3 ] , 4 [ 5 ] ],1 [ 2 [ 3 , 4 , 5 ] ]) 1.43172097
0.391262645 :(1 [ 2 [ 3 ] , 4 [ 5 ] ],1 [ 2 [ 4 [ 3 ] , 5 ] ]) 1.43172097
0.400455809 :(1 [ 2 [ 3 ] , 4 [ 5 ] ],1 [ 2 [ 4 , 5 [ 3 ] ] ]) 1.43172097
0.427898441 :(1 [ 2 [ 3 ] , 4 [ 5 ] ],1 [ 2 [ 5 [ 3 [ 4 ] ] ] ]) 1.43172097
0.395939048 :(1 [ 2 [ 3 ] , 4 [ 5 ] ],1 [ 2 [ 5 [ 3 , 4 ] ] ]) 1.43172097
43.900444958 :(1 [ 2 [ 3 ] , 4 [ 5 ] ],1 [ 2 [ 3 , 5 [ 4 ] ] ]) 1.43172097
0.415226207 :(1 [ 2 [ 3 ] , 4 [ 5 ] ],1 [ 2 [ 5 [ 4 [ 3 ] ] ] ]) 1.43172097
0.457613542 :(1 [ 2 [ 3 ] , 4 [ 5 ] ],1 [ 2 [ 3 [ 4 ] , 5 ] ]) 1.43172097
0.40708322 :(1 [ 2 [ 3 ] , 4 [ 5 ] ],1 [ 2 [ 3 [ 4 ] ] , 5 ]) 1.43172097
0.414650501 :(1 [ 2 [ 3 ] , 4 [ 5 ] ],1 [ 2 [ 3 [ 4 , 5 ] ] ]) 1.43172097
39.3363992 :(1 [ 2 [ 3 ] , 4 [ 5 ] ],1 [ 2 [ 3 [ 4 [ 5 ] ] ] ]) 1.43172097
0.482390393 :(1 [ 2 [ 3 ] , 4 [ 5 ] ],1 [ 2 , 5 [ 4 [ 3 ] ] ]) 1.43172097
0.411272068 :(1 [ 2 [ 3 ] , 4 [ 5 ] ],1 [ 2 [ 4 [ 3 , 5 ] ] ]) 1.43172097
0.399016298 :(1 [ 2 [ 3 ] , 4 [ 5 ] ],1 [ 2 [ 4 [ 3 ] ] , 5 ]) 1.43172097
0.418918937 :(1 [ 2 [ 3 ] , 4 [ 5 ] ],1 [ 2 [ 4 [ 3 [ 5 ] ] ] ]) 1.43172097
0.406302528 :(1 [ 2 [ 3 ] , 4 [ 5 ] ],1 [ 2 , 5 [ 3 [ 4 ] ] ]) 1.43172097
0.40836004 :(1 [ 2 [ 3 ] , 4 [ 5 ] ],1 [ 2 [ 4 ] , 5 [ 3 ] ]) 1.43172097
0.438324263 :(1 [ 2 [ 3 ] , 4 [ 5 ] ],1 [ 2 , 5 [ 3 , 4 ] ]) 1.43172097
97.54050514 :(1 [ 2 [ 3 ] , 4 [ 5 ] ],1 [ 2 [ 3 [ 5 [ 4 ] ] ] ]) 1.43172097
0.328733915 :(1 [ 2 [ 3 ] , 4 [ 5 ] ],1 [ 2 [ 4 [ 5 [ 3 ] ] ] ]) 1.43172097
0.354506441 :(1 [ 2 [ 3 ] , 4 [ 5 ] ],1 [ 2 [ 3 [ 5 ] , 4 ] ]) 1.43172097
0.319061996 :(1 [ 2 [ 3 ] , 4 [ 5 ] ],1 [ 2 [ 3 , 4 ] , 5 ]) 1.43172097
56.931614125 :(1 [ 2 [ 3 ] , 4 [ 5 ] ],1 [ 2 [ 3 , 4 [ 5 ] ] ]) 1.43172097
53.744531846 :(1 [ 2 [ 3 ] , 4 [ 5 ] ],1 [ 2 [ 3 ] , 5 [ 4 ] ]) 1.43172097
21.556582444 :(1 [ 2 [ 3 ] , 4 [ 5 ] ],1 [ 3 [ 2 ] , 5 [ 4 ] ]) 1.43172097
36.683492182 :(1 [ 2 [ 3 ] , 4 [ 5 ] ],1 [ 5 [ 4 [ 2 [ 3 ] ] ] ]) 1.43172097
42.28958258 :(1 [ 2 [ 3 ] , 4 [ 5 ] ],1 [ 5 [ 2 [ 3 ] , 4 ] ]) 1.43172097
33.273353146 :(1 [ 2 [ 3 ] , 4 [ 5 ] ],1 [ 5 [ 4 [ 3 [ 2 ] ] ] ]) 1.43172097
86.44594442 :(1 [ 2 [ 3 ] , 4 [ 5 ] ],1 [ 5 [ 3 [ 2 ] , 4 ] ]) 1.43172097
57.279288451 :(1 [ 2 [ 3 ] , 4 [ 5 ] ],1 [ 3 [ 2 , 5 [ 4 ] ] ]) 1.43172097
54.529437614 :(1 [ 2 [ 3 ] , 4 [ 5 ] ],1 [ 4 [ 5 [ 3 [ 2 ] ] ] ]) 1.43172097
95.581589676 :(1 [ 2 [ 3 ] , 4 [ 5 ] ],1 [ 3 [ 2 ] , 4 [ 5 ] ]) 1.43172097
92.24104299 :(1 [ 2 [ 3 ] , 4 [ 5 ] ],1 [ 4 [ 2 [ 3 ] , 5 ] ]) 1.43172097
65.241036711 :(1 [ 2 [ 3 ] , 4 [ 5 ] ],1 [ 4 [ 5 [ 2 [ 3 ] ] ] ]) 1.43172097
62.201293512 :(1 [ 2 [ 3 ] , 4 [ 5 ] ],1 [ 4 [ 3 [ 2 ] , 5 ] ]) 1.43172097
131.733640058 :(1 [ 2 [ 3 ] , 4 [ 5 ] ],1 [ 3 [ 2 , 4 [ 5 ] ] ]) 1.43172097
26.094710976 :(1 [ 2 [ 3 ] , 4 [ 5 ] ],1 [ 3 [ 2 [ 4 [ 5 ] ] ] ]) 1.43172097
64.319650836 :(1 [ 2 [ 3 ] , 4 [ 5 ] ],1 [ 3 [ 2 [ 5 [ 4 ] ] ] ]) 1.43172097
0.422552659 :(1 [ 2 [ 3 ] , 4 [ 5 ] ],1 [ 3 [ 2 [ 5 ] ] , 4 ]) 1.43172097
0.409514226 :(1 [ 2 [ 3 ] , 4 [ 5 ] ],1 [ 3 [ 2 [ 4 , 5 ] ] ]) 1.43172097
0.41298539 :(1 [ 2 [ 3 ] , 4 [ 5 ] ],1 [ 3 [ 2 [ 5 ] , 4 ] ]) 1.43172097
0.443447763 :(1 [ 2 [ 3 ] , 4 [ 5 ] ],1 [ 3 [ 2 , 4 ] , 5 ]) 1.43172097
0.396854999 :(1 [ 2 [ 3 ] , 4 [ 5 ] ],1 [ 3 [ 2 , 4 , 5 ] ]) 1.43172097
0.418352929 :(1 [ 2 [ 3 ] , 4 [ 5 ] ],1 [ 3 [ 2 , 5 ] , 4 ]) 1.43172097
0.437216599 :(1 [ 2 [ 3 ] , 4 [ 5 ] ],1 [ 3 [ 2 [ 4 ] , 5 ] ]) 1.43172097
0.403349765 :(1 [ 2 [ 3 ] , 4 [ 5 ] ],1 [ 3 [ 2 [ 4 ] ] , 5 ]) 1.43172097
50.696819225 :(1 [ 2 [ 3 ] , 4 [ 5 ] ],1 [ 3 [ 2 ] , 4 , 5 ]) 1.43172097
43.298683593 :(1 [ 2 [ 3 ] , 4 [ 5 ] ],1 [ 4 [ 2 [ 3 ] ] , 5 ]) 1.43172097
60.914554772 :(1 [ 2 [ 3 ] , 4 [ 5 ] ],1 [ 4 , 5 [ 2 [ 3 ] ] ]) 1.43172097
23.115700734 :(1 [ 2 [ 3 ] , 4 [ 5 ] ],1 [ 4 [ 3 [ 2 ] ] , 5 ]) 1.43172097
36.530457486 :(1 [ 2 [ 3 ] , 4 [ 5 ] ],1 [ 4 , 5 [ 3 [ 2 ] ] ]) 1.43172097
0.438344372 :(1 [ 2 [ 3 ] , 4 [ 5 ] ],1 [ 5 [ 3 [ 2 [ 4 ] ] ] ]) 1.43172097
0.446497542 :(1 [ 2 [ 3 ] , 4 [ 5 ] ],1 [ 5 [ 3 [ 2 , 4 ] ] ]) 1.43172097
0.42710557 :(1 [ 2 [ 3 ] , 4 [ 5 ] ],1 [ 5 [ 2 [ 3 [ 4 ] ] ] ]) 1.43172097
0.412809077 :(1 [ 2 [ 3 ] , 4 [ 5 ] ],1 [ 5 [ 2 [ 3 , 4 ] ] ]) 1.43172097
0.427437602 :(1 [ 2 [ 3 ] , 4 [ 5 ] ],1 [ 4 [ 2 [ 3 , 5 ] ] ]) 1.43172097
0.403682946 :(1 [ 2 [ 3 ] , 4 [ 5 ] ],1 [ 4 [ 3 [ 2 [ 5 ] ] ] ]) 1.43172097
0.425442661 :(1 [ 2 [ 3 ] , 4 [ 5 ] ],1 [ 4 [ 3 [ 2 , 5 ] ] ]) 1.43172097
0.404001992 :(1 [ 2 [ 3 ] , 4 [ 5 ] ],1 [ 4 [ 2 [ 3 [ 5 ] ] ] ]) 1.43172097
0.40646156 :(1 [ 2 [ 3 ] , 4 [ 5 ] ],1 [ 3 [ 5 ] , 4 [ 2 ] ]) 1.43172097
0.417463028 :(1 [ 2 [ 3 ] , 4 [ 5 ] ],1 [ 4 [ 2 ] , 5 [ 3 ] ]) 1.43172097
0.414940261 :(1 [ 2 [ 3 ] , 4 [ 5 ] ],1 [ 4 [ 2 [ 5 [ 3 ] ] ] ]) 1.43172097
0.42145867 :(1 [ 2 [ 3 ] , 4 [ 5 ] ],1 [ 4 [ 2 , 3 [ 5 ] ] ]) 1.43172097
0.437853024 :(1 [ 2 [ 3 ] , 4 [ 5 ] ],1 [ 4 [ 2 , 5 [ 3 ] ] ]) 1.43172097
0.425665488 :(1 [ 2 [ 3 ] , 4 [ 5 ] ],1 [ 4 [ 5 [ 2 , 3 ] ] ]) 1.43172097
0.404558597 :(1 [ 2 [ 3 ] , 4 [ 5 ] ],1 [ 3 [ 5 [ 2 ] ] , 4 ]) 1.43172097
0.486377053 :(1 [ 2 [ 3 ] , 4 [ 5 ] ],1 [ 4 , 5 [ 2 , 3 ] ]) 1.43172097
0.403811219 :(1 [ 2 [ 3 ] , 4 [ 5 ] ],1 [ 4 [ 3 [ 5 [ 2 ] ] ] ]) 1.43172097
0.42532373 :(1 [ 2 [ 3 ] , 4 [ 5 ] ],1 [ 4 [ 3 ] , 5 [ 2 ] ]) 1.43172097
0.418678329 :(1 [ 2 [ 3 ] , 4 [ 5 ] ],1 [ 4 [ 2 [ 5 ] , 3 ] ]) 1.43172097
0.420724231 :(1 [ 2 [ 3 ] , 4 [ 5 ] ],1 [ 4 [ 3 , 5 [ 2 ] ] ]) 1.43172097
0.414543327 :(1 [ 2 [ 3 ] , 4 [ 5 ] ],1 [ 3 , 4 [ 5 [ 2 ] ] ]) 1.43172097
0.449270185 :(1 [ 2 [ 3 ] , 4 [ 5 ] ],1 [ 3 , 4 , 5 [ 2 ] ]) 1.43172097
0.417884353 :(1 [ 2 [ 3 ] , 4 [ 5 ] ],1 [ 3 , 4 [ 2 [ 5 ] ] ]) 1.43172097
0.403012905 :(1 [ 2 [ 3 ] , 4 [ 5 ] ],1 [ 3 , 4 [ 2 ] , 5 ]) 1.43172097
0.410579582 :(1 [ 2 [ 3 ] , 4 [ 5 ] ],1 [ 3 , 4 [ 2 , 5 ] ]) 1.43172097
0.402198283 :(1 [ 2 [ 3 ] , 4 [ 5 ] ],1 [ 4 [ 2 , 3 , 5 ] ]) 1.43172097
0.384494281 :(1 [ 2 [ 3 ] , 4 [ 5 ] ],1 [ 4 [ 2 , 3 ] , 5 ]) 1.43172097
0.471575533 :(1 [ 2 [ 3 ] , 4 [ 5 ] ],1 [ 3 [ 4 [ 2 ] ] , 5 ]) 1.43172097
0.438955061 :(1 [ 2 [ 3 ] , 4 [ 5 ] ],1 [ 5 [ 2 [ 4 [ 3 ] ] ] ]) 1.43172097
0.451579489 :(1 [ 2 [ 3 ] , 4 [ 5 ] ],1 [ 5 [ 3 [ 4 [ 2 ] ] ] ]) 1.43172097
0.393709538 :(1 [ 2 [ 3 ] , 4 [ 5 ] ],1 [ 5 [ 4 [ 2 , 3 ] ] ]) 1.43172097
0.400239929 :(1 [ 2 [ 3 ] , 4 [ 5 ] ],1 [ 3 [ 4 [ 2 , 5 ] ] ]) 1.43172097
0.424925843 :(1 [ 2 [ 3 ] , 4 [ 5 ] ],1 [ 3 [ 4 [ 2 [ 5 ] ] ] ]) 1.43172097
0.434694611 :(1 [ 2 [ 3 ] , 4 [ 5 ] ],1 [ 3 [ 4 [ 2 ] , 5 ] ]) 1.43172097
0.493149627 :(1 [ 2 [ 3 ] , 4 [ 5 ] ],1 [ 3 [ 5 [ 2 [ 4 ] ] ] ]) 1.43172097
0.544828493 :(1 [ 2 [ 3 ] , 4 [ 5 ] ],1 [ 3 [ 5 [ 4 [ 2 ] ] ] ]) 1.43172097
0.422361585 :(1 [ 2 [ 3 ] , 4 [ 5 ] ],1 [ 3 , 5 [ 4 [ 2 ] ] ]) 1.43172097
0.412989204 :(1 [ 2 [ 3 ] , 4 [ 5 ] ],1 [ 3 , 5 [ 2 [ 4 ] ] ]) 1.43172097
0.41042816 :(1 [ 2 [ 3 ] , 4 [ 5 ] ],1 [ 5 [ 2 [ 4 ] , 3 ] ]) 1.43172097
0.444879413 :(1 [ 2 [ 3 ] , 4 [ 5 ] ],1 [ 5 [ 3 , 4 [ 2 ] ] ]) 1.43172097
0.452163776 :(1 [ 2 [ 3 ] , 4 [ 5 ] ],1 [ 5 [ 2 , 3 , 4 ] ]) 1.43172097
0.455421199 :(1 [ 2 [ 3 ] , 4 [ 5 ] ],1 [ 5 [ 2 , 3 [ 4 ] ] ]) 1.43172097
0.451775408 :(1 [ 2 [ 3 ] , 4 [ 5 ] ],1 [ 3 [ 4 ] , 5 [ 2 ] ]) 1.43172097
0.441333324 :(1 [ 2 [ 3 ] , 4 [ 5 ] ],1 [ 5 [ 2 , 4 [ 3 ] ] ]) 1.43172097
0.431164173 :(1 [ 2 [ 3 ] , 4 [ 5 ] ],1 [ 3 , 5 [ 2 , 4 ] ]) 1.43172097
0.45394728 :(1 [ 2 [ 3 ] , 4 [ 5 ] ],1 [ 3 [ 4 [ 5 [ 2 ] ] ] ]) 1.43172097
0.424150803 :(1 [ 2 [ 3 ] , 4 [ 5 ] ],1 [ 3 [ 5 [ 2 , 4 ] ] ]) 1.43172097
0.417770794 :(1 [ 2 [ 3 ] , 4 [ 5 ] ],1 [ 3 [ 4 , 5 [ 2 ] ] ]) 1.43172097
0.398422983 :(1 [ 2 [ 3 , 4 ] , 5 ],1 [ 2 [ 3 ] , 4 , 5 ]) 1.43172097
0.335282516 :(1 [ 2 [ 3 , 4 ] , 5 ],1 [ 2 [ 3 , 4 ] , 5 ]) 1.43172097
0.405316261 :(1 [ 2 [ 3 , 4 ] , 5 ],1 [ 2 [ 3 [ 4 ] ] , 5 ]) 1.43172097
0.404703344 :(1 [ 2 [ 3 , 4 ] , 5 ],1 [ 2 [ 3 ] , 5 [ 4 ] ]) 1.43172097
0.3994431 :(1 [ 2 [ 3 , 4 ] , 5 ],1 [ 2 , 3 , 5 [ 4 ] ]) 1.43172097
0.472325612 :(1 [ 2 [ 3 , 4 ] , 5 ],1 [ 2 , 5 [ 4 [ 3 ] ] ]) 1.43172097
0.41275929 :(1 [ 2 [ 3 , 4 ] , 5 ],1 [ 2 , 5 [ 3 , 4 ] ]) 1.43172097
0.411376196 :(1 [ 2 [ 3 , 4 ] , 5 ],1 [ 2 , 4 , 5 [ 3 ] ]) 1.43172097
0.421287938 :(1 [ 2 [ 3 , 4 ] , 5 ],1 [ 2 [ 4 ] , 5 [ 3 ] ]) 1.43172097
0.411276151 :(1 [ 2 [ 3 , 4 ] , 5 ],1 [ 2 , 5 [ 3 [ 4 ] ] ]) 1.43172097
0.423294026 :(1 [ 2 [ 3 , 4 ] , 5 ],1 [ 2 , 3 [ 4 ] , 5 ]) 1.43172097
0.408351591 :(1 [ 2 [ 3 , 4 ] , 5 ],1 [ 2 , 4 [ 3 ] , 5 ]) 1.43172097
0.407271604 :(1 [ 2 [ 3 , 4 ] , 5 ],1 [ 2 [ 4 [ 3 ] ] , 5 ]) 1.43172097
0.400709858 :(1 [ 2 [ 3 , 4 ] , 5 ],1 [ 2 [ 4 ] , 3 , 5 ]) 1.43172097
0.400505489 :(1 [ 2 [ 3 , 4 ] , 5 ],1 [ 2 , 3 , 4 , 5 ]) 1.43172097
0.416761216 :(1 [ 2 [ 3 , 4 ] , 5 ],1 [ 2 [ 5 ] , 3 , 4 ]) 1.43172097
0.399246794 :(1 [ 2 [ 3 , 4 ] , 5 ],1 [ 2 , 3 [ 5 ] , 4 ]) 1.43172097
0.402852485 :(1 [ 2 [ 3 , 4 ] , 5 ],1 [ 2 , 3 , 4 [ 5 ] ]) 1.43172097
0.438907176 :(1 [ 2 [ 3 , 4 ] , 5 ],1 [ 2 [ 4 [ 5 ] ] , 3 ]) 1.43172097
0.413268332 :(1 [ 2 [ 3 , 4 ] , 5 ],1 [ 2 [ 5 [ 4 ] ] , 3 ]) 1.43172097
0.437339288 :(1 [ 2 [ 3 , 4 ] , 5 ],1 [ 2 , 3 [ 4 [ 5 ] ] ]) 1.43172097
0.403198374 :(1 [ 2 [ 3 , 4 ] , 5 ],1 [ 2 , 3 [ 5 [ 4 ] ] ]) 1.43172097
0.410632089 :(1 [ 2 [ 3 , 4 ] , 5 ],1 [ 2 [ 4 ] , 3 [ 5 ] ]) 1.43172097
0.391581966 :(1 [ 2 [ 3 , 4 ] , 5 ],1 [ 2 , 3 [ 4 , 5 ] ]) 1.43172097
0.4206296 :(1 [ 2 [ 3 , 4 ] , 5 ],1 [ 2 [ 5 ] , 3 [ 4 ] ]) 1.43172097
0.384999095 :(1 [ 2 [ 3 , 4 ] , 5 ],1 [ 2 [ 4 , 5 ] , 3 ]) 1.43172097
0.406881717 :(1 [ 2 [ 3 , 4 ] , 5 ],1 [ 2 [ 3 , 4 , 5 ] ]) 1.43172097
0.427755966 :(1 [ 2 [ 3 , 4 ] , 5 ],1 [ 2 [ 4 [ 3 ] , 5 ] ]) 1.43172097
0.4043722 :(1 [ 2 [ 3 , 4 ] , 5 ],1 [ 2 [ 4 , 5 [ 3 ] ] ]) 1.43172097
0.39404308 :(1 [ 2 [ 3 , 4 ] , 5 ],1 [ 2 [ 5 [ 3 ] ] , 4 ]) 1.43172097
0.42852544 :(1 [ 2 [ 3 , 4 ] , 5 ],1 [ 2 [ 5 [ 3 [ 4 ] ] ] ]) 1.43172097
0.40727255 :(1 [ 2 [ 3 , 4 ] , 5 ],1 [ 2 [ 5 [ 3 , 4 ] ] ]) 1.43172097
0.396798432 :(1 [ 2 [ 3 , 4 ] , 5 ],1 [ 2 [ 3 , 5 [ 4 ] ] ]) 1.43172097
0.359073039 :(1 [ 2 [ 3 , 4 ] , 5 ],1 [ 2 [ 5 [ 4 [ 3 ] ] ] ]) 1.43172097
0.409310932 :(1 [ 2 [ 3 , 4 ] , 5 ],1 [ 2 [ 5 ] , 4 [ 3 ] ]) 1.43172097
0.406139519 :(1 [ 2 [ 3 , 4 ] , 5 ],1 [ 2 [ 3 [ 4 ] , 5 ] ]) 1.43172097
0.405282187 :(1 [ 2 [ 3 , 4 ] , 5 ],1 [ 2 [ 3 , 5 ] , 4 ]) 1.43172097
0.405070112 :(1 [ 2 [ 3 , 4 ] , 5 ],1 [ 2 [ 3 [ 5 ] ] , 4 ]) 1.43172097
0.399494844 :(1 [ 2 [ 3 , 4 ] , 5 ],1 [ 2 [ 3 ] , 4 [ 5 ] ]) 1.43172097
0.392082769 :(1 [ 2 [ 3 , 4 ] , 5 ],1 [ 2 [ 3 , 4 [ 5 ] ] ]) 1.43172097
0.437866782 :(1 [ 2 [ 3 , 4 ] , 5 ],1 [ 2 [ 3 [ 4 [ 5 ] ] ] ]) 1.43172097
0.407464192 :(1 [ 2 [ 3 , 4 ] , 5 ],1 [ 2 [ 3 [ 5 [ 4 ] ] ] ]) 1.43172097
0.403570688 :(1 [ 2 [ 3 , 4 ] , 5 ],1 [ 2 [ 3 [ 5 ] , 4 ] ]) 1.43172097
0.398463286 :(1 [ 2 [ 3 , 4 ] , 5 ],1 [ 2 [ 3 [ 4 , 5 ] ] ]) 1.43172097
0.459368257 :(1 [ 2 [ 3 , 4 ] , 5 ],1 [ 2 , 4 [ 3 [ 5 ] ] ]) 1.43172097
0.444735198 :(1 [ 2 [ 3 , 4 ] , 5 ],1 [ 2 [ 4 [ 3 [ 5 ] ] ] ]) 1.43172097
0.416055318 :(1 [ 2 [ 3 , 4 ] , 5 ],1 [ 2 [ 4 [ 5 [ 3 ] ] ] ]) 1.43172097
0.416152147 :(1 [ 2 [ 3 , 4 ] , 5 ],1 [ 2 , 4 [ 5 [ 3 ] ] ]) 1.43172097
0.408696136 :(1 [ 2 [ 3 , 4 ] , 5 ],1 [ 2 , 4 [ 3 , 5 ] ]) 1.43172097
0.407775755 :(1 [ 2 [ 3 , 4 ] , 5 ],1 [ 2 [ 4 [ 3 , 5 ] ] ]) 1.43172097
0.415847563 :(1 [ 2 [ 3 , 4 ] , 5 ],1 [ 3 [ 4 [ 2 , 5 ] ] ]) 1.43172097
0.413999334 :(1 [ 2 [ 3 , 4 ] , 5 ],1 [ 4 [ 2 , 3 , 5 ] ]) 1.43172097
25.412660604 :(1 [ 2 [ 3 , 4 ] , 5 ],1 [ 5 [ 4 [ 2 , 3 ] ] ]) 1.43172097
26.714262169 :(1 [ 2 [ 3 , 4 ] , 5 ],1 [ 5 [ 4 [ 3 [ 2 ] ] ] ]) 1.43172097
0.378306751 :(1 [ 2 [ 3 , 4 ] , 5 ],1 [ 5 [ 2 , 4 [ 3 ] ] ]) 1.43172097
0.434947746 :(1 [ 2 [ 3 , 4 ] , 5 ],1 [ 3 [ 4 [ 5 [ 2 ] ] ] ]) 1.43172097
0.426712077 :(1 [ 2 [ 3 , 4 ] , 5 ],1 [ 4 [ 3 , 5 [ 2 ] ] ]) 1.43172097
0.58722939 :(1 [ 2 [ 3 , 4 ] , 5 ],1 [ 4 [ 3 [ 2 ] , 5 ] ]) 1.43172097
0.434294662 :(1 [ 2 [ 3 , 4 ] , 5 ],1 [ 3 [ 2 , 4 [ 5 ] ] ]) 1.43172097
0.450539469 :(1 [ 2 [ 3 , 4 ] , 5 ],1 [ 3 [ 2 ] , 4 [ 5 ] ]) 1.43172097
107.892970004 :(1 [ 2 [ 3 , 4 ] , 5 ],1 [ 3 [ 2 ] , 5 [ 4 ] ]) 1.43172097
0.426342565 :(1 [ 2 [ 3 , 4 ] , 5 ],1 [ 3 [ 2 [ 4 [ 5 ] ] ] ]) 1.43172097
0.43386933 :(1 [ 2 [ 3 , 4 ] , 5 ],1 [ 3 [ 2 [ 5 [ 4 ] ] ] ]) 1.43172097
0.43632093 :(1 [ 2 [ 3 , 4 ] , 5 ],1 [ 3 [ 2 , 5 [ 4 ] ] ]) 1.43172097
0.52059643 :(1 [ 2 [ 3 , 4 ] , 5 ],1 [ 4 [ 5 [ 3 [ 2 ] ] ] ]) 1.43172097
161.058712202 :(1 [ 2 [ 3 , 4 ] , 5 ],1 [ 5 [ 3 [ 2 ] , 4 ] ]) 1.43172097
69.759606841 :(1 [ 2 [ 3 , 4 ] , 5 ],1 [ 5 [ 4 [ 2 [ 3 ] ] ] ]) 1.43172097
63.187339997 :(1 [ 2 [ 3 , 4 ] , 5 ],1 [ 5 [ 2 [ 3 ] , 4 ] ]) 1.43172097
0.462396634 :(1 [ 2 [ 3 , 4 ] , 5 ],1 [ 4 [ 5 [ 2 [ 3 ] ] ] ]) 1.43172097
0.39365124 :(1 [ 2 [ 3 , 4 ] , 5 ],1 [ 4 [ 2 [ 3 ] , 5 ] ]) 1.43172097
0.39926729 :(1 [ 2 [ 3 , 4 ] , 5 ],1 [ 3 , 4 [ 2 , 5 ] ]) 1.43172097
0.406129078 :(1 [ 2 [ 3 , 4 ] , 5 ],1 [ 4 [ 2 , 5 [ 3 ] ] ]) 1.43172097
0.435979166 :(1 [ 2 [ 3 , 4 ] , 5 ],1 [ 4 [ 5 [ 2 , 3 ] ] ]) 1.43172097
0.477256794 :(1 [ 2 [ 3 , 4 ] , 5 ],1 [ 3 , 4 [ 5 [ 2 ] ] ]) 1.43172097
0.420956019 :(1 [ 2 [ 3 , 4 ] , 5 ],1 [ 3 , 5 [ 2 , 4 ] ]) 1.43172097
0.466541701 :(1 [ 2 [ 3 , 4 ] , 5 ],1 [ 3 [ 5 [ 2 , 4 ] ] ]) 1.43172097
0.422294146 :(1 [ 2 [ 3 , 4 ] , 5 ],1 [ 5 [ 2 , 3 , 4 ] ]) 1.43172097
149.738671366 :(1 [ 2 [ 3 , 4 ] , 5 ],1 [ 5 [ 3 , 4 [ 2 ] ] ]) 1.43172097
0.484148471 :(1 [ 2 [ 3 , 4 ] , 5 ],1 [ 3 [ 5 [ 4 [ 2 ] ] ] ]) 1.43172097
130.582434637 :(1 [ 2 [ 3 , 4 ] , 5 ],1 [ 3 , 5 [ 4 [ 2 ] ] ]) 1.43172097
99.395368859 :(1 [ 2 [ 3 , 4 ] , 5 ],1 [ 3 , 4 [ 2 ] , 5 ]) 1.43172097
22.493831722 :(1 [ 2 [ 3 , 4 ] , 5 ],1 [ 3 [ 2 [ 4 ] ] , 5 ]) 1.43172097
84.404318704 :(1 [ 2 [ 3 , 4 ] , 5 ],1 [ 3 , 5 [ 2 [ 4 ] ] ]) 1.43172097
51.915592942 :(1 [ 2 [ 3 , 4 ] , 5 ],1 [ 3 [ 4 [ 2 ] ] , 5 ]) 1.43172097
0.44598755 :(1 [ 2 [ 3 , 4 ] , 5 ],1 [ 3 [ 4 [ 2 [ 5 ] ] ] ]) 1.43172097
0.421279026 :(1 [ 2 [ 3 , 4 ] , 5 ],1 [ 3 [ 4 [ 2 ] , 5 ] ]) 1.43172097
0.421573804 :(1 [ 2 [ 3 , 4 ] , 5 ],1 [ 3 [ 5 ] , 4 [ 2 ] ]) 1.43172097
0.397572399 :(1 [ 2 [ 3 , 4 ] , 5 ],1 [ 3 [ 2 [ 4 ] , 5 ] ]) 1.43172097
0.4638898 :(1 [ 2 [ 3 , 4 ] , 5 ],1 [ 3 [ 5 [ 2 [ 4 ] ] ] ]) 1.43172097
0.420174378 :(1 [ 2 [ 3 , 4 ] , 5 ],1 [ 3 , 4 [ 2 [ 5 ] ] ]) 1.43172097
0.405637488 :(1 [ 2 [ 3 , 4 ] , 5 ],1 [ 3 [ 2 [ 4 , 5 ] ] ]) 1.43172097
0.399410593 :(1 [ 2 [ 3 , 4 ] , 5 ],1 [ 4 [ 2 [ 3 , 5 ] ] ]) 1.43172097
35.753752027 :(1 [ 2 [ 3 , 4 ] , 5 ],1 [ 5 [ 2 [ 3 , 4 ] ] ]) 1.43172097
7.90314845 :(1 [ 2 [ 3 , 4 ] , 5 ],1 [ 5 [ 2 [ 4 [ 3 ] ] ] ]) 1.43172097
93.949379382 :(1 [ 2 [ 3 , 4 ] , 5 ],1 [ 5 [ 2 [ 4 ] , 3 ] ]) 1.43172097
0.344135031 :(1 [ 2 [ 3 , 4 ] , 5 ],1 [ 4 [ 2 [ 5 [ 3 ] ] ] ]) 1.43172097
0.416375849 :(1 [ 2 [ 3 , 4 ] , 5 ],1 [ 4 [ 2 [ 5 ] , 3 ] ]) 1.43172097
70.919129248 :(1 [ 2 [ 3 , 4 ] , 5 ],1 [ 4 [ 2 , 3 ] , 5 ]) 1.43172097
0.428062806 :(1 [ 2 [ 3 , 4 ] , 5 ],1 [ 4 [ 2 , 3 [ 5 ] ] ]) 1.43172097
214.726807708 :(1 [ 2 [ 3 , 4 ] , 5 ],1 [ 4 [ 2 ] , 5 [ 3 ] ]) 1.43172097
0.420154818 :(1 [ 2 [ 3 , 4 ] , 5 ],1 [ 4 [ 2 [ 3 [ 5 ] ] ] ]) 1.43172097
77.738012223 :(1 [ 2 [ 3 , 4 ] , 5 ],1 [ 4 [ 2 [ 3 ] ] , 5 ]) 1.43172097
43.198245497 :(1 [ 2 [ 3 , 4 ] , 5 ],1 [ 5 [ 3 [ 2 [ 4 ] ] ] ]) 1.43172097
69.361479254 :(1 [ 2 [ 3 , 4 ] , 5 ],1 [ 5 [ 3 [ 4 [ 2 ] ] ] ]) 1.43172097
36.283242376 :(1 [ 2 [ 3 , 4 ] , 5 ],1 [ 5 [ 3 [ 2 , 4 ] ] ]) 1.43172097
0.4030083 :(1 [ 2 [ 3 , 4 ] , 5 ],1 [ 5 [ 2 , 3 [ 4 ] ] ]) 1.43172097
0.406703736 :(1 [ 2 [ 3 , 4 ] , 5 ],1 [ 4 , 5 [ 2 , 3 ] ]) 1.43172097
126.402551572 :(1 [ 2 [ 3 , 4 ] , 5 ],1 [ 4 , 5 [ 3 [ 2 ] ] ]) 1.43172097
219.390379342 :(1 [ 2 [ 3 , 4 ] , 5 ],1 [ 3 [ 2 ] , 4 , 5 ]) 1.43172097
115.465685219 :(1 [ 2 [ 3 , 4 ] , 5 ],1 [ 4 , 5 [ 2 [ 3 ] ] ]) 1.43172097
64.702714608 :(1 [ 2 [ 3 , 4 ] , 5 ],1 [ 4 [ 3 [ 2 ] ] , 5 ]) 1.43172097
0.417668781 :(1 [ 2 [ 3 , 4 ] , 5 ],1 [ 4 [ 3 ] , 5 [ 2 ] ]) 1.43172097
0.415923519 :(1 [ 2 [ 3 , 4 ] , 5 ],1 [ 3 , 4 , 5 [ 2 ] ]) 1.43172097
0.409254598 :(1 [ 2 [ 3 , 4 ] , 5 ],1 [ 3 [ 4 ] , 5 [ 2 ] ]) 1.43172097
20.47641112 :(1 [ 2 [ 3 , 4 ] , 5 ],1 [ 5 [ 2 [ 3 [ 4 ] ] ] ]) 1.43172097
82.722020848 :(1 [ 2 [ 3 , 4 ] , 5 ],1 [ 3 [ 2 , 4 ] , 5 ]) 1.43172097
0.441199359 :(1 [ 2 [ 3 , 4 ] , 5 ],1 [ 3 [ 2 [ 5 ] , 4 ] ]) 1.43172097
0.388303852 :(1 [ 2 [ 3 , 4 ] , 5 ],1 [ 3 [ 2 , 4 , 5 ] ]) 1.43172097
0.422223325 :(1 [ 2 [ 3 , 4 ] , 5 ],1 [ 4 [ 3 [ 2 , 5 ] ] ]) 1.43172097
0.44531174 :(1 [ 2 [ 3 , 4 ] , 5 ],1 [ 4 [ 3 [ 2 [ 5 ] ] ] ]) 1.43172097
0.474158643 :(1 [ 2 [ 3 , 4 ] , 5 ],1 [ 4 [ 3 [ 5 [ 2 ] ] ] ]) 1.43172097
0.42285776 :(1 [ 2 [ 3 , 4 ] , 5 ],1 [ 3 [ 4 , 5 [ 2 ] ] ]) 1.43172097
0.428822859 :(1 [ 2 [ 3 , 4 ] , 5 ],1 [ 3 [ 5 [ 2 ] ] , 4 ]) 1.43172097
0.387961577 :(1 [ 2 [ 3 , 4 ] , 5 ],1 [ 3 [ 2 [ 5 ] ] , 4 ]) 1.43172097
0.414728155 :(1 [ 2 [ 3 , 4 ] , 5 ],1 [ 3 [ 2 , 5 ] , 4 ]) 1.43172097
0.393158998 :(1 [ 2 [ 3 , 4 , 5 ] ],1 [ 2 [ 3 , 4 ] , 5 ]) 1.43172097
0.33571675 :(1 [ 2 [ 3 , 4 , 5 ] ],1 [ 2 [ 3 , 4 , 5 ] ]) 1.43172097
0.404702054 :(1 [ 2 [ 3 , 4 , 5 ] ],1 [ 2 [ 3 [ 5 ] , 4 ] ]) 1.43172097
0.395076068 :(1 [ 2 [ 3 , 4 , 5 ] ],1 [ 2 [ 3 , 4 [ 5 ] ] ]) 1.43172097
0.453653532 :(1 [ 2 [ 3 , 4 , 5 ] ],1 [ 2 [ 3 ] , 4 [ 5 ] ]) 1.43172097
0.424137326 :(1 [ 2 [ 3 , 4 , 5 ] ],1 [ 2 [ 3 ] , 5 [ 4 ] ]) 1.43172097
0.411779209 :(1 [ 2 [ 3 , 4 , 5 ] ],1 [ 2 [ 3 , 5 [ 4 ] ] ]) 1.43172097
0.365352198 :(1 [ 2 [ 3 , 4 , 5 ] ],1 [ 2 [ 3 [ 4 [ 5 ] ] ] ]) 1.43172097
0.324377979 :(1 [ 2 [ 3 , 4 , 5 ] ],1 [ 2 [ 3 [ 5 [ 4 ] ] ] ]) 1.43172097
0.316929796 :(1 [ 2 [ 3 , 4 , 5 ] ],1 [ 2 [ 3 [ 5 ] ] , 4 ]) 1.43172097
0.381837591 :(1 [ 2 [ 3 , 4 , 5 ] ],1 [ 2 [ 3 [ 4 , 5 ] ] ]) 1.43172097
0.415347636 :(1 [ 2 [ 3 , 4 , 5 ] ],1 [ 2 [ 3 [ 4 ] ] , 5 ]) 1.43172097
0.419709713 :(1 [ 2 [ 3 , 4 , 5 ] ],1 [ 2 [ 3 [ 4 ] , 5 ] ]) 1.43172097
0.447372464 :(1 [ 2 [ 3 , 4 , 5 ] ],1 [ 2 [ 3 , 5 ] , 4 ]) 1.43172097
0.401382729 :(1 [ 2 [ 3 , 4 , 5 ] ],1 [ 2 [ 3 ] , 4 , 5 ]) 1.43172097
96.433945067 :(1 [ 2 [ 3 , 4 , 5 ] ],1 [ 2 , 3 , 4 , 5 ]) 1.43172097
0.363040359 :(1 [ 2 [ 3 , 4 , 5 ] ],1 [ 2 , 4 [ 3 ] , 5 ]) 1.43172097
0.358083484 :(1 [ 2 [ 3 , 4 , 5 ] ],1 [ 2 , 4 , 5 [ 3 ] ]) 1.43172097
0.417827767 :(1 [ 2 [ 3 , 4 , 5 ] ],1 [ 2 , 3 [ 5 ] , 4 ]) 1.43172097
0.430048863 :(1 [ 2 [ 3 , 4 , 5 ] ],1 [ 2 [ 5 [ 3 ] ] , 4 ]) 1.43172097
0.478235907 :(1 [ 2 [ 3 , 4 , 5 ] ],1 [ 2 , 4 [ 3 [ 5 ] ] ]) 1.43172097
0.455891426 :(1 [ 2 [ 3 , 4 , 5 ] ],1 [ 2 , 4 [ 5 [ 3 ] ] ]) 1.43172097
0.410599044 :(1 [ 2 [ 3 , 4 , 5 ] ],1 [ 2 , 3 , 4 [ 5 ] ]) 1.43172097
0.452220489 :(1 [ 2 [ 3 , 4 , 5 ] ],1 [ 2 , 4 [ 3 , 5 ] ]) 1.43172097
0.406445079 :(1 [ 2 [ 3 , 4 , 5 ] ],1 [ 2 [ 5 ] , 4 [ 3 ] ]) 1.43172097
0.444617148 :(1 [ 2 [ 3 , 4 , 5 ] ],1 [ 2 [ 5 ] , 3 , 4 ]) 1.43172097
0.395085511 :(1 [ 2 [ 3 , 4 , 5 ] ],1 [ 2 [ 4 , 5 ] , 3 ]) 1.43172097
0.429227663 :(1 [ 2 [ 3 , 4 , 5 ] ],1 [ 2 [ 5 ] , 3 [ 4 ] ]) 1.43172097
0.428914607 :(1 [ 2 [ 3 , 4 , 5 ] ],1 [ 2 [ 5 [ 4 ] ] , 3 ]) 1.43172097
0.388677092 :(1 [ 2 [ 3 , 4 , 5 ] ],1 [ 2 [ 5 [ 4 [ 3 ] ] ] ]) 1.43172097
0.341932973 :(1 [ 2 [ 3 , 4 , 5 ] ],1 [ 2 [ 5 [ 3 , 4 ] ] ]) 1.43172097
0.33486296 :(1 [ 2 [ 3 , 4 , 5 ] ],1 [ 2 [ 4 , 5 [ 3 ] ] ]) 1.43172097
0.429445822 :(1 [ 2 [ 3 , 4 , 5 ] ],1 [ 2 [ 5 [ 3 [ 4 ] ] ] ]) 1.43172097
0.385706296 :(1 [ 2 [ 3 , 4 , 5 ] ],1 [ 2 [ 4 [ 3 ] , 5 ] ]) 1.43172097
0.397397158 :(1 [ 2 [ 3 , 4 , 5 ] ],1 [ 2 [ 4 [ 3 ] ] , 5 ]) 1.43172097
0.389463235 :(1 [ 2 [ 3 , 4 , 5 ] ],1 [ 2 [ 4 [ 3 [ 5 ] ] ] ]) 1.43172097
0.404473271 :(1 [ 2 [ 3 , 4 , 5 ] ],1 [ 2 [ 4 [ 3 , 5 ] ] ]) 1.43172097
0.429092577 :(1 [ 2 [ 3 , 4 , 5 ] ],1 [ 2 , 3 [ 4 [ 5 ] ] ]) 1.43172097
0.479307046 :(1 [ 2 [ 3 , 4 , 5 ] ],1 [ 2 , 5 [ 4 [ 3 ] ] ]) 1.43172097
0.405615066 :(1 [ 2 [ 3 , 4 , 5 ] ],1 [ 2 , 3 [ 4 ] , 5 ]) 1.43172097
0.464202278 :(1 [ 2 [ 3 , 4 , 5 ] ],1 [ 2 , 5 [ 3 [ 4 ] ] ]) 1.43172097
0.436510029 :(1 [ 2 [ 3 , 4 , 5 ] ],1 [ 2 , 3 [ 4 , 5 ] ]) 1.43172097
0.417467346 :(1 [ 2 [ 3 , 4 , 5 ] ],1 [ 2 [ 4 ] , 3 [ 5 ] ]) 1.43172097
0.511752305 :(1 [ 2 [ 3 , 4 , 5 ] ],1 [ 2 , 3 [ 5 [ 4 ] ] ]) 1.43172097
0.449900458 :(1 [ 2 [ 3 , 4 , 5 ] ],1 [ 2 , 5 [ 3 , 4 ] ]) 1.43172097
0.422108162 :(1 [ 2 [ 3 , 4 , 5 ] ],1 [ 2 [ 4 [ 5 [ 3 ] ] ] ]) 1.43172097
0.414487416 :(1 [ 2 [ 3 , 4 , 5 ] ],1 [ 2 [ 4 ] , 5 [ 3 ] ]) 1.43172097
0.406533222 :(1 [ 2 [ 3 , 4 , 5 ] ],1 [ 2 [ 4 ] , 3 , 5 ]) 1.43172097
0.384458848 :(1 [ 2 [ 3 , 4 , 5 ] ],1 [ 2 [ 4 [ 5 ] ] , 3 ]) 1.43172097
0.435875994 :(1 [ 2 [ 3 , 4 , 5 ] ],1 [ 2 , 3 , 5 [ 4 ] ]) 1.43172097
101.592943645 :(1 [ 2 [ 3 , 4 , 5 ] ],1 [ 3 [ 2 ] , 5 [ 4 ] ]) 1.43172097
91.533269459 :(1 [ 2 [ 3 , 4 , 5 ] ],1 [ 3 , 5 [ 4 [ 2 ] ] ]) 1.43172097
25.296107004 :(1 [ 2 [ 3 , 4 , 5 ] ],1 [ 3 , 5 [ 2 , 4 ] ]) 1.43172097
20.868320838 :(1 [ 2 [ 3 , 4 , 5 ] ],1 [ 3 , 4 [ 5 [ 2 ] ] ]) 1.43172097
5.455386309 :(1 [ 2 [ 3 , 4 , 5 ] ],1 [ 3 [ 2 [ 5 [ 4 ] ] ] ]) 1.43172097
46.82278875 :(1 [ 2 [ 3 , 4 , 5 ] ],1 [ 3 [ 4 [ 5 [ 2 ] ] ] ]) 1.43172097
42.865133284 :(1 [ 2 [ 3 , 4 , 5 ] ],1 [ 3 [ 5 [ 2 , 4 ] ] ]) 1.43172097
16.075884248 :(1 [ 2 [ 3 , 4 , 5 ] ],1 [ 3 [ 2 , 5 [ 4 ] ] ]) 1.43172097
82.511266713 :(1 [ 2 [ 3 , 4 , 5 ] ],1 [ 3 [ 5 [ 4 [ 2 ] ] ] ]) 1.43172097
112.335458747 :(1 [ 2 [ 3 , 4 , 5 ] ],1 [ 3 , 4 [ 2 , 5 ] ]) 1.43172097
9.938727445 :(1 [ 2 [ 3 , 4 , 5 ] ],1 [ 3 [ 2 [ 4 [ 5 ] ] ] ]) 1.43172097
23.694531044 :(1 [ 2 [ 3 , 4 , 5 ] ],1 [ 3 [ 4 [ 2 , 5 ] ] ]) 1.43172097
18.055824125 :(1 [ 2 [ 3 , 4 , 5 ] ],1 [ 3 [ 2 , 4 [ 5 ] ] ]) 1.43172097
49.802624104 :(1 [ 2 [ 3 , 4 , 5 ] ],1 [ 3 [ 2 ] , 4 [ 5 ] ]) 1.43172097
169.812519745 :(1 [ 2 [ 3 , 4 , 5 ] ],1 [ 3 [ 2 ] , 4 , 5 ]) 1.43172097
116.945963032 :(1 [ 2 [ 3 , 4 , 5 ] ],1 [ 3 [ 2 [ 5 ] ] , 4 ]) 1.43172097
68.507751047 :(1 [ 2 [ 3 , 4 , 5 ] ],1 [ 3 [ 2 , 5 ] , 4 ]) 1.43172097
5.68623708 :(1 [ 2 [ 3 , 4 , 5 ] ],1 [ 3 [ 2 [ 4 ] , 5 ] ]) 1.43172097
26.099622024 :(1 [ 2 [ 3 , 4 , 5 ] ],1 [ 3 [ 2 , 4 , 5 ] ]) 1.43172097
99.737352121 :(1 [ 2 [ 3 , 4 , 5 ] ],1 [ 3 [ 2 , 4 ] , 5 ]) 1.43172097
31.025845607 :(1 [ 2 [ 3 , 4 , 5 ] ],1 [ 3 [ 2 [ 5 ] , 4 ] ]) 1.43172097
41.825334318 :(1 [ 2 [ 3 , 4 , 5 ] ],1 [ 3 [ 2 [ 4 , 5 ] ] ]) 1.43172097
84.85911403 :(1 [ 2 [ 3 , 4 , 5 ] ],1 [ 3 [ 2 [ 4 ] ] , 5 ]) 1.43172097
212.355240915 :(1 [ 2 [ 3 , 4 , 5 ] ],1 [ 3 , 4 [ 2 ] , 5 ]) 1.43172097
114.484321942 :(1 [ 2 [ 3 , 4 , 5 ] ],1 [ 3 , 5 [ 2 [ 4 ] ] ]) 1.43172097
183.780257845 :(1 [ 2 [ 3 , 4 , 5 ] ],1 [ 3 [ 4 [ 2 ] ] , 5 ]) 1.43172097
56.015866004 :(1 [ 2 [ 3 , 4 , 5 ] ],1 [ 3 [ 4 [ 2 [ 5 ] ] ] ]) 1.43172097
79.097150486 :(1 [ 2 [ 3 , 4 , 5 ] ],1 [ 3 [ 4 [ 2 ] , 5 ] ]) 1.43172097
169.312900867 :(1 [ 2 [ 3 , 4 , 5 ] ],1 [ 3 [ 5 ] , 4 [ 2 ] ]) 1.43172097
52.453315906 :(1 [ 2 [ 3 , 4 , 5 ] ],1 [ 3 [ 5 [ 2 [ 4 ] ] ] ]) 1.43172097
229.173608081 :(1 [ 2 [ 3 , 4 , 5 ] ],1 [ 3 , 4 [ 2 [ 5 ] ] ]) 1.43172097
293.885993994 :(1 [ 2 [ 3 , 4 , 5 ] ],1 [ 3 , 4 , 5 [ 2 ] ]) 1.43172097
177.931588014 :(1 [ 2 [ 3 , 4 , 5 ] ],1 [ 3 [ 5 [ 2 ] ] , 4 ]) 1.43172097
47.597643708 :(1 [ 2 [ 3 , 4 , 5 ] ],1 [ 3 [ 4 , 5 [ 2 ] ] ]) 1.43172097
41.728711722 :(1 [ 2 [ 3 , 4 , 5 ] ],1 [ 3 [ 4 ] , 5 [ 2 ] ]) 1.43172097
51.968092556 :(1 [ 2 [ 3 , 4 , 5 ] ],1 [ 4 [ 3 ] , 5 [ 2 ] ]) 1.43172097
19.630430227 :(1 [ 2 [ 3 , 4 , 5 ] ],1 [ 5 [ 2 [ 3 [ 4 ] ] ] ]) 1.43172097
20.335629759 :(1 [ 2 [ 3 , 4 , 5 ] ],1 [ 5 [ 2 [ 4 [ 3 ] ] ] ]) 1.43172097
56.471807415 :(1 [ 2 [ 3 , 4 , 5 ] ],1 [ 5 [ 2 , 3 [ 4 ] ] ]) 1.43172097
22.457057152 :(1 [ 2 [ 3 , 4 , 5 ] ],1 [ 5 [ 2 , 4 [ 3 ] ] ]) 1.43172097
49.191357122 :(1 [ 2 [ 3 , 4 , 5 ] ],1 [ 4 [ 3 , 5 [ 2 ] ] ]) 1.43172097
19.259822143 :(1 [ 2 [ 3 , 4 , 5 ] ],1 [ 4 [ 3 [ 2 [ 5 ] ] ] ]) 1.43172097
6.139729356 :(1 [ 2 [ 3 , 4 , 5 ] ],1 [ 4 [ 2 [ 5 ] , 3 ] ]) 1.43172097
75.187211124 :(1 [ 2 [ 3 , 4 , 5 ] ],1 [ 4 [ 3 [ 5 [ 2 ] ] ] ]) 1.43172097
130.562189946 :(1 [ 2 [ 3 , 4 , 5 ] ],1 [ 4 , 5 [ 2 , 3 ] ]) 1.43172097
30.621695065 :(1 [ 2 [ 3 , 4 , 5 ] ],1 [ 4 [ 2 [ 5 [ 3 ] ] ] ]) 1.43172097
100.348468537 :(1 [ 2 [ 3 , 4 , 5 ] ],1 [ 4 [ 5 [ 2 , 3 ] ] ]) 1.43172097
139.037964433 :(1 [ 2 [ 3 , 4 , 5 ] ],1 [ 4 [ 5 [ 2 [ 3 ] ] ] ]) 1.43172097
24.498371319 :(1 [ 2 [ 3 , 4 , 5 ] ],1 [ 4 , 5 [ 2 [ 3 ] ] ]) 1.43172097
19.381931142 :(1 [ 2 [ 3 , 4 , 5 ] ],1 [ 4 [ 2 [ 3 , 5 ] ] ]) 1.43172097
4.861818479 :(1 [ 2 [ 3 , 4 , 5 ] ],1 [ 5 [ 2 [ 3 , 4 ] ] ]) 1.43172097
38.911074275 :(1 [ 2 [ 3 , 4 , 5 ] ],1 [ 5 [ 2 [ 3 ] , 4 ] ]) 1.43172097
132.810379552 :(1 [ 2 [ 3 , 4 , 5 ] ],1 [ 5 [ 2 , 3 , 4 ] ]) 1.43172097
19.46997636 :(1 [ 2 [ 3 , 4 , 5 ] ],1 [ 5 [ 2 [ 4 ] , 3 ] ]) 1.43172097
78.420382518 :(1 [ 2 [ 3 , 4 , 5 ] ],1 [ 4 [ 2 ] , 5 [ 3 ] ]) 1.43172097
143.143663205 :(1 [ 2 [ 3 , 4 , 5 ] ],1 [ 5 [ 3 [ 2 [ 4 ] ] ] ]) 1.43172097
96.446149157 :(1 [ 2 [ 3 , 4 , 5 ] ],1 [ 5 [ 3 [ 4 [ 2 ] ] ] ]) 1.43172097
91.750807097 :(1 [ 2 [ 3 , 4 , 5 ] ],1 [ 5 [ 3 , 4 [ 2 ] ] ]) 1.43172097
49.20560954 :(1 [ 2 [ 3 , 4 , 5 ] ],1 [ 5 [ 3 [ 2 ] , 4 ] ]) 1.43172097
223.169609682 :(1 [ 2 [ 3 , 4 , 5 ] ],1 [ 4 , 5 [ 3 [ 2 ] ] ]) 1.43172097
42.964435772 :(1 [ 2 [ 3 , 4 , 5 ] ],1 [ 5 [ 3 [ 2 , 4 ] ] ]) 1.43172097
173.060931506 :(1 [ 2 [ 3 , 4 , 5 ] ],1 [ 4 [ 3 [ 2 ] ] , 5 ]) 1.43172097
17.869227289 :(1 [ 2 [ 3 , 4 , 5 ] ],1 [ 5 [ 4 [ 3 [ 2 ] ] ] ]) 1.43172097
88.076244018 :(1 [ 2 [ 3 , 4 , 5 ] ],1 [ 5 [ 4 [ 2 [ 3 ] ] ] ]) 1.43172097
33.562186142 :(1 [ 2 [ 3 , 4 , 5 ] ],1 [ 4 [ 2 [ 3 ] ] , 5 ]) 1.43172097
33.630753756 :(1 [ 2 [ 3 , 4 , 5 ] ],1 [ 4 [ 2 , 3 ] , 5 ]) 1.43172097
25.603480076 :(1 [ 2 [ 3 , 4 , 5 ] ],1 [ 5 [ 4 [ 2 , 3 ] ] ]) 1.43172097
25.297890766 :(1 [ 2 [ 3 , 4 , 5 ] ],1 [ 4 [ 2 , 3 , 5 ] ]) 1.43172097
55.249750717 :(1 [ 2 [ 3 , 4 , 5 ] ],1 [ 4 [ 2 , 3 [ 5 ] ] ]) 1.43172097
9.454222438 :(1 [ 2 [ 3 , 4 , 5 ] ],1 [ 4 [ 2 [ 3 [ 5 ] ] ] ]) 1.43172097
37.729107853 :(1 [ 2 [ 3 , 4 , 5 ] ],1 [ 4 [ 2 , 5 [ 3 ] ] ]) 1.43172097
24.255964999 :(1 [ 2 [ 3 , 4 , 5 ] ],1 [ 4 [ 2 [ 3 ] , 5 ] ]) 1.43172097
42.992025575 :(1 [ 2 [ 3 , 4 , 5 ] ],1 [ 4 [ 3 [ 2 ] , 5 ] ]) 1.43172097
90.283292419 :(1 [ 2 [ 3 , 4 , 5 ] ],1 [ 4 [ 5 [ 3 [ 2 ] ] ] ]) 1.43172097
106.758422619 :(1 [ 2 [ 3 , 4 , 5 ] ],1 [ 4 [ 3 [ 2 , 5 ] ] ]) 1.43172097
0.453841005 :(1 [ 2 [ 3 ] , 4 , 5 ],1 [ 2 , 3 , 4 , 5 ]) 1.43172097
0.333766413 :(1 [ 2 [ 3 ] , 4 , 5 ],1 [ 2 [ 3 ] , 4 , 5 ]) 1.43172097
0.379574743 :(1 [ 2 [ 3 ] , 4 , 5 ],1 [ 2 , 4 [ 3 ] , 5 ]) 1.43172097
0.400856791 :(1 [ 2 [ 3 ] , 4 , 5 ],1 [ 2 , 4 , 5 [ 3 ] ]) 1.43172097
0.437826419 :(1 [ 2 [ 3 ] , 4 , 5 ],1 [ 2 , 3 [ 5 ] , 4 ]) 1.43172097
0.396958931 :(1 [ 2 [ 3 ] , 4 , 5 ],1 [ 2 [ 3 [ 5 ] ] , 4 ]) 1.43172097
0.401720338 :(1 [ 2 [ 3 ] , 4 , 5 ],1 [ 2 [ 5 [ 3 ] ] , 4 ]) 1.43172097
0.410453446 :(1 [ 2 [ 3 ] , 4 , 5 ],1 [ 2 , 4 [ 3 [ 5 ] ] ]) 1.43172097
0.402002544 :(1 [ 2 [ 3 ] , 4 , 5 ],1 [ 2 , 4 [ 5 [ 3 ] ] ]) 1.43172097
0.393739146 :(1 [ 2 [ 3 ] , 4 , 5 ],1 [ 2 , 3 , 4 [ 5 ] ]) 1.43172097
0.387451348 :(1 [ 2 [ 3 ] , 4 , 5 ],1 [ 2 [ 3 ] , 4 [ 5 ] ]) 1.43172097
0.39532693 :(1 [ 2 [ 3 ] , 4 , 5 ],1 [ 2 , 4 [ 3 , 5 ] ]) 1.43172097
0.390467339 :(1 [ 2 [ 3 ] , 4 , 5 ],1 [ 2 [ 5 ] , 4 [ 3 ] ]) 1.43172097
0.426956214 :(1 [ 2 [ 3 ] , 4 , 5 ],1 [ 2 [ 5 ] , 3 , 4 ]) 1.43172097
0.385170237 :(1 [ 2 [ 3 ] , 4 , 5 ],1 [ 2 [ 3 , 5 ] , 4 ]) 1.43172097
0.426058252 :(1 [ 2 [ 3 ] , 4 , 5 ],1 [ 2 [ 3 , 4 , 5 ] ]) 1.43172097
0.41128572 :(1 [ 2 [ 3 ] , 4 , 5 ],1 [ 2 [ 3 [ 4 ] , 5 ] ]) 1.43172097
0.411081505 :(1 [ 2 [ 3 ] , 4 , 5 ],1 [ 2 [ 3 , 5 [ 4 ] ] ]) 1.43172097
0.407898597 :(1 [ 2 [ 3 ] , 4 , 5 ],1 [ 2 [ 5 [ 4 ] ] , 3 ]) 1.43172097
0.407827193 :(1 [ 2 [ 3 ] , 4 , 5 ],1 [ 2 [ 5 [ 4 [ 3 ] ] ] ]) 1.43172097
0.393573736 :(1 [ 2 [ 3 ] , 4 , 5 ],1 [ 2 [ 5 [ 3 , 4 ] ] ]) 1.43172097
0.399456354 :(1 [ 2 [ 3 ] , 4 , 5 ],1 [ 2 [ 4 , 5 [ 3 ] ] ]) 1.43172097
0.404120801 :(1 [ 2 [ 3 ] , 4 , 5 ],1 [ 2 [ 5 [ 3 [ 4 ] ] ] ]) 1.43172097
0.407077029 :(1 [ 2 [ 3 ] , 4 , 5 ],1 [ 2 [ 5 ] , 3 [ 4 ] ]) 1.43172097
0.416342736 :(1 [ 2 [ 3 ] , 4 , 5 ],1 [ 2 [ 4 [ 3 ] , 5 ] ]) 1.43172097
0.390528674 :(1 [ 2 [ 3 ] , 4 , 5 ],1 [ 2 [ 4 , 5 ] , 3 ]) 1.43172097
0.396872634 :(1 [ 2 [ 3 ] , 4 , 5 ],1 [ 2 [ 4 ] , 3 , 5 ]) 1.43172097
0.412351033 :(1 [ 2 [ 3 ] , 4 , 5 ],1 [ 2 [ 4 ] , 3 [ 5 ] ]) 1.43172097
0.388412284 :(1 [ 2 [ 3 ] , 4 , 5 ],1 [ 2 [ 4 [ 5 ] ] , 3 ]) 1.43172097
0.370896045 :(1 [ 2 [ 3 ] , 4 , 5 ],1 [ 2 [ 3 , 4 [ 5 ] ] ]) 1.43172097
0.434573021 :(1 [ 2 [ 3 ] , 4 , 5 ],1 [ 2 [ 4 [ 3 , 5 ] ] ]) 1.43172097
0.410372676 :(1 [ 2 [ 3 ] , 4 , 5 ],1 [ 2 [ 4 [ 5 [ 3 ] ] ] ]) 1.43172097
0.404871245 :(1 [ 2 [ 3 ] , 4 , 5 ],1 [ 2 [ 4 ] , 5 [ 3 ] ]) 1.43172097
0.436242626 :(1 [ 2 [ 3 ] , 4 , 5 ],1 [ 2 [ 3 [ 5 ] , 4 ] ]) 1.43172097
0.413341479 :(1 [ 2 [ 3 ] , 4 , 5 ],1 [ 2 [ 4 [ 3 [ 5 ] ] ] ]) 1.43172097
0.396299325 :(1 [ 2 [ 3 ] , 4 , 5 ],1 [ 2 [ 4 [ 3 ] ] , 5 ]) 1.43172097
0.393382606 :(1 [ 2 [ 3 ] , 4 , 5 ],1 [ 2 [ 3 , 4 ] , 5 ]) 1.43172097
0.433961216 :(1 [ 2 [ 3 ] , 4 , 5 ],1 [ 2 [ 3 [ 4 ] ] , 5 ]) 1.43172097
0.397606663 :(1 [ 2 [ 3 ] , 4 , 5 ],1 [ 2 [ 3 ] , 5 [ 4 ] ]) 1.43172097
0.385298963 :(1 [ 2 [ 3 ] , 4 , 5 ],1 [ 2 , 3 , 5 [ 4 ] ]) 1.43172097
0.392379443 :(1 [ 2 [ 3 ] , 4 , 5 ],1 [ 2 , 5 [ 4 [ 3 ] ] ]) 1.43172097
0.404521719 :(1 [ 2 [ 3 ] , 4 , 5 ],1 [ 2 , 5 [ 3 , 4 ] ]) 1.43172097
0.393509026 :(1 [ 2 [ 3 ] , 4 , 5 ],1 [ 2 , 5 [ 3 [ 4 ] ] ]) 1.43172097
0.390246392 :(1 [ 2 [ 3 ] , 4 , 5 ],1 [ 2 , 3 [ 4 ] , 5 ]) 1.43172097
0.422005161 :(1 [ 2 [ 3 ] , 4 , 5 ],1 [ 2 , 3 [ 4 , 5 ] ]) 1.43172097
0.465039066 :(1 [ 2 [ 3 ] , 4 , 5 ],1 [ 2 , 3 [ 4 [ 5 ] ] ]) 1.43172097
0.433290635 :(1 [ 2 [ 3 ] , 4 , 5 ],1 [ 2 [ 3 [ 4 [ 5 ] ] ] ]) 1.43172097
0.434606126 :(1 [ 2 [ 3 ] , 4 , 5 ],1 [ 2 [ 3 [ 4 , 5 ] ] ]) 1.43172097
0.408360564 :(1 [ 2 [ 3 ] , 4 , 5 ],1 [ 2 [ 3 [ 5 [ 4 ] ] ] ]) 1.43172097
0.409502631 :(1 [ 2 [ 3 ] , 4 , 5 ],1 [ 2 , 3 [ 5 [ 4 ] ] ]) 1.43172097
0.442807483 :(1 [ 2 [ 3 ] , 4 , 5 ],1 [ 3 [ 2 , 5 [ 4 ] ] ]) 1.43172097
0.450660342 :(1 [ 2 [ 3 ] , 4 , 5 ],1 [ 3 [ 5 [ 4 [ 2 ] ] ] ]) 1.43172097
0.407100943 :(1 [ 2 [ 3 ] , 4 , 5 ],1 [ 3 [ 5 [ 2 , 4 ] ] ]) 1.43172097
0.466181202 :(1 [ 2 [ 3 ] , 4 , 5 ],1 [ 4 [ 5 [ 2 , 3 ] ] ]) 1.43172097
0.424912561 :(1 [ 2 [ 3 ] , 4 , 5 ],1 [ 5 [ 2 , 3 , 4 ] ]) 1.43172097
5.145800056 :(1 [ 2 [ 3 ] , 4 , 5 ],1 [ 5 [ 3 [ 2 ] , 4 ] ]) 1.43172097
0.44598662 :(1 [ 2 [ 3 ] , 4 , 5 ],1 [ 5 [ 3 , 4 [ 2 ] ] ]) 1.43172097
0.437163256 :(1 [ 2 [ 3 ] , 4 , 5 ],1 [ 4 [ 2 , 5 [ 3 ] ] ]) 1.43172097
15.744223391 :(1 [ 2 [ 3 ] , 4 , 5 ],1 [ 4 [ 5 [ 3 [ 2 ] ] ] ]) 1.43172097
0.420963372 :(1 [ 2 [ 3 ] , 4 , 5 ],1 [ 3 [ 2 , 5 ] , 4 ]) 1.43172097
64.19259774 :(1 [ 2 [ 3 ] , 4 , 5 ],1 [ 4 , 5 [ 3 [ 2 ] ] ]) 1.43172097
0.429872587 :(1 [ 2 [ 3 ] , 4 , 5 ],1 [ 4 [ 2 [ 3 [ 5 ] ] ] ]) 1.43172097
0.403504145 :(1 [ 2 [ 3 ] , 4 , 5 ],1 [ 4 [ 3 [ 2 , 5 ] ] ]) 1.43172097
0.426518112 :(1 [ 2 [ 3 ] , 4 , 5 ],1 [ 4 [ 2 , 3 [ 5 ] ] ]) 1.43172097
0.457422483 :(1 [ 2 [ 3 ] , 4 , 5 ],1 [ 4 [ 3 [ 5 [ 2 ] ] ] ]) 1.43172097
0.416608729 :(1 [ 2 [ 3 ] , 4 , 5 ],1 [ 3 [ 5 [ 2 ] ] , 4 ]) 1.43172097
0.413782153 :(1 [ 2 [ 3 ] , 4 , 5 ],1 [ 4 , 5 [ 2 , 3 ] ]) 1.43172097
0.393258462 :(1 [ 2 [ 3 ] , 4 , 5 ],1 [ 4 [ 2 [ 5 [ 3 ] ] ] ]) 1.43172097
0.429485938 :(1 [ 2 [ 3 ] , 4 , 5 ],1 [ 3 [ 5 ] , 4 [ 2 ] ]) 1.43172097
0.40482961 :(1 [ 2 [ 3 ] , 4 , 5 ],1 [ 4 [ 2 ] , 5 [ 3 ] ]) 1.43172097
0.433410748 :(1 [ 2 [ 3 ] , 4 , 5 ],1 [ 5 [ 3 [ 2 [ 4 ] ] ] ]) 1.43172097
0.401372272 :(1 [ 2 [ 3 ] , 4 , 5 ],1 [ 5 [ 2 [ 4 ] , 3 ] ]) 1.43172097
0.446919095 :(1 [ 2 [ 3 ] , 4 , 5 ],1 [ 5 [ 3 [ 4 [ 2 ] ] ] ]) 1.43172097
0.586972908 :(1 [ 2 [ 3 ] , 4 , 5 ],1 [ 3 [ 4 [ 2 ] , 5 ] ]) 1.43172097
0.427060528 :(1 [ 2 [ 3 ] , 4 , 5 ],1 [ 3 [ 2 [ 4 ] , 5 ] ]) 1.43172097
0.412490294 :(1 [ 2 [ 3 ] , 4 , 5 ],1 [ 3 [ 5 [ 2 [ 4 ] ] ] ]) 1.43172097
0.426620176 :(1 [ 2 [ 3 ] , 4 , 5 ],1 [ 3 [ 4 , 5 [ 2 ] ] ]) 1.43172097
0.41489845 :(1 [ 2 [ 3 ] , 4 , 5 ],1 [ 3 [ 2 , 4 , 5 ] ]) 1.43172097
0.414938994 :(1 [ 2 [ 3 ] , 4 , 5 ],1 [ 5 [ 3 [ 2 , 4 ] ] ]) 1.43172097
0.405976462 :(1 [ 2 [ 3 ] , 4 , 5 ],1 [ 5 [ 2 , 3 [ 4 ] ] ]) 1.43172097
0.444815512 :(1 [ 2 [ 3 ] , 4 , 5 ],1 [ 3 [ 4 ] , 5 [ 2 ] ]) 1.43172097
0.383772768 :(1 [ 2 [ 3 ] , 4 , 5 ],1 [ 4 [ 3 ] , 5 [ 2 ] ]) 1.43172097
0.39780313 :(1 [ 2 [ 3 ] , 4 , 5 ],1 [ 5 [ 2 [ 3 [ 4 ] ] ] ]) 1.43172097
0.409872728 :(1 [ 2 [ 3 ] , 4 , 5 ],1 [ 5 [ 2 [ 4 [ 3 ] ] ] ]) 1.43172097
0.411701153 :(1 [ 2 [ 3 ] , 4 , 5 ],1 [ 5 [ 2 , 4 [ 3 ] ] ]) 1.43172097
18.730778194 :(1 [ 2 [ 3 ] , 4 , 5 ],1 [ 5 [ 4 [ 3 [ 2 ] ] ] ]) 1.43172097
0.418160247 :(1 [ 2 [ 3 ] , 4 , 5 ],1 [ 5 [ 4 [ 2 , 3 ] ] ]) 1.43172097
0.420598744 :(1 [ 2 [ 3 ] , 4 , 5 ],1 [ 3 [ 4 [ 2 ] ] , 5 ]) 1.43172097
0.397822151 :(1 [ 2 [ 3 ] , 4 , 5 ],1 [ 4 [ 2 , 3 ] , 5 ]) 1.43172097
16.143713757 :(1 [ 2 [ 3 ] , 4 , 5 ],1 [ 4 [ 3 [ 2 ] ] , 5 ]) 1.43172097
0.403254819 :(1 [ 2 [ 3 ] , 4 , 5 ],1 [ 3 [ 2 , 4 ] , 5 ]) 1.43172097
0.382341888 :(1 [ 2 [ 3 ] , 4 , 5 ],1 [ 3 [ 2 [ 5 ] , 4 ] ]) 1.43172097
0.436388504 :(1 [ 2 [ 3 ] , 4 , 5 ],1 [ 3 [ 2 , 4 [ 5 ] ] ]) 1.43172097
13.352257797 :(1 [ 2 [ 3 ] , 4 , 5 ],1 [ 4 [ 3 [ 2 ] , 5 ] ]) 1.43172097
0.440737014 :(1 [ 2 [ 3 ] , 4 , 5 ],1 [ 4 [ 3 [ 2 [ 5 ] ] ] ]) 1.43172097
0.384228111 :(1 [ 2 [ 3 ] , 4 , 5 ],1 [ 4 [ 2 [ 5 ] , 3 ] ]) 1.43172097
0.405193132 :(1 [ 2 [ 3 ] , 4 , 5 ],1 [ 4 [ 3 , 5 [ 2 ] ] ]) 1.43172097
0.418492702 :(1 [ 2 [ 3 ] , 4 , 5 ],1 [ 4 [ 2 , 3 , 5 ] ]) 1.43172097
0.426329052 :(1 [ 2 [ 3 ] , 4 , 5 ],1 [ 3 [ 4 [ 2 , 5 ] ] ]) 1.43172097
0.540617069 :(1 [ 2 [ 3 ] , 4 , 5 ],1 [ 3 [ 4 [ 5 [ 2 ] ] ] ]) 1.43172097
0.481614759 :(1 [ 2 [ 3 ] , 4 , 5 ],1 [ 3 [ 4 [ 2 [ 5 ] ] ] ]) 1.43172097
0.395927379 :(1 [ 2 [ 3 ] , 4 , 5 ],1 [ 3 , 4 [ 2 [ 5 ] ] ]) 1.43172097
0.40481211 :(1 [ 2 [ 3 ] , 4 , 5 ],1 [ 3 , 5 [ 2 [ 4 ] ] ]) 1.43172097
0.435451472 :(1 [ 2 [ 3 ] , 4 , 5 ],1 [ 3 [ 2 [ 4 , 5 ] ] ]) 1.43172097
0.407633976 :(1 [ 2 [ 3 ] , 4 , 5 ],1 [ 3 [ 2 [ 5 ] ] , 4 ]) 1.43172097
0.434213796 :(1 [ 2 [ 3 ] , 4 , 5 ],1 [ 3 [ 2 [ 5 [ 4 ] ] ] ]) 1.43172097
0.428565254 :(1 [ 2 [ 3 ] , 4 , 5 ],1 [ 3 , 4 [ 5 [ 2 ] ] ]) 1.43172097
0.410321895 :(1 [ 2 [ 3 ] , 4 , 5 ],1 [ 3 , 5 [ 2 , 4 ] ]) 1.43172097
0.387929168 :(1 [ 2 [ 3 ] , 4 , 5 ],1 [ 3 , 4 , 5 [ 2 ] ]) 1.43172097
59.957100972 :(1 [ 2 [ 3 ] , 4 , 5 ],1 [ 3 [ 2 ] , 4 , 5 ]) 1.43172097
0.400367858 :(1 [ 2 [ 3 ] , 4 , 5 ],1 [ 3 , 4 [ 2 ] , 5 ]) 1.43172097
0.412373706 :(1 [ 2 [ 3 ] , 4 , 5 ],1 [ 3 [ 2 [ 4 ] ] , 5 ]) 1.43172097
0.394771058 :(1 [ 2 [ 3 ] , 4 , 5 ],1 [ 3 , 5 [ 4 [ 2 ] ] ]) 1.43172097
11.016919326 :(1 [ 2 [ 3 ] , 4 , 5 ],1 [ 3 [ 2 ] , 5 [ 4 ] ]) 1.43172097
7.820872533 :(1 [ 2 [ 3 ] , 4 , 5 ],1 [ 3 [ 2 ] , 4 [ 5 ] ]) 1.43172097
0.341341762 :(1 [ 2 [ 3 ] , 4 , 5 ],1 [ 3 [ 2 [ 4 [ 5 ] ] ] ]) 1.43172097
0.412077395 :(1 [ 2 [ 3 ] , 4 , 5 ],1 [ 3 , 4 [ 2 , 5 ] ]) 1.43172097
13.213987997 :(1 [ 2 [ 3 ] , 4 , 5 ],1 [ 4 [ 2 [ 3 ] , 5 ] ]) 1.43172097
9.958321688 :(1 [ 2 [ 3 ] , 4 , 5 ],1 [ 5 [ 4 [ 2 [ 3 ] ] ] ]) 1.43172097
14.598994357 :(1 [ 2 [ 3 ] , 4 , 5 ],1 [ 5 [ 2 [ 3 ] , 4 ] ]) 1.43172097
5.067694898 :(1 [ 2 [ 3 ] , 4 , 5 ],1 [ 4 [ 5 [ 2 [ 3 ] ] ] ]) 1.43172097
43.504791797 :(1 [ 2 [ 3 ] , 4 , 5 ],1 [ 4 , 5 [ 2 [ 3 ] ] ]) 1.43172097
0.316001598 :(1 [ 2 [ 3 ] , 4 , 5 ],1 [ 4 [ 2 [ 3 , 5 ] ] ]) 1.43172097
0.398689821 :(1 [ 2 [ 3 ] , 4 , 5 ],1 [ 5 [ 2 [ 3 , 4 ] ] ]) 1.43172097
104.823727531 :(1 [ 2 [ 3 ] , 4 , 5 ],1 [ 4 [ 2 [ 3 ] ] , 5 ]) 1.43172097
0.326825413 :(1 [ 2 , 3 , 4 , 5 ],1 [ 2 , 3 , 4 , 5 ]) 1.43172097
0.369253281 :(1 [ 2 , 3 , 4 , 5 ],1 [ 2 [ 5 ] , 3 , 4 ]) 1.43172097
0.366541893 :(1 [ 2 , 3 , 4 , 5 ],1 [ 2 , 3 [ 5 ] , 4 ]) 1.43172097
0.361157396 :(1 [ 2 , 3 , 4 , 5 ],1 [ 2 , 3 , 4 [ 5 ] ]) 1.43172097
0.372588648 :(1 [ 2 , 3 , 4 , 5 ],1 [ 2 , 3 , 5 [ 4 ] ]) 1.43172097
0.394518455 :(1 [ 2 , 3 , 4 , 5 ],1 [ 2 [ 4 [ 5 ] ] , 3 ]) 1.43172097
0.429768873 :(1 [ 2 , 3 , 4 , 5 ],1 [ 2 [ 5 [ 4 ] ] , 3 ]) 1.43172097
0.399787927 :(1 [ 2 , 3 , 4 , 5 ],1 [ 2 , 3 [ 4 [ 5 ] ] ]) 1.43172097
0.393204647 :(1 [ 2 , 3 , 4 , 5 ],1 [ 2 , 3 [ 5 [ 4 ] ] ]) 1.43172097
0.391975125 :(1 [ 2 , 3 , 4 , 5 ],1 [ 2 [ 4 ] , 3 [ 5 ] ]) 1.43172097
0.369415516 :(1 [ 2 , 3 , 4 , 5 ],1 [ 2 , 3 [ 4 , 5 ] ]) 1.43172097
0.39330299 :(1 [ 2 , 3 , 4 , 5 ],1 [ 2 , 3 [ 4 ] , 5 ]) 1.43172097
0.390875977 :(1 [ 2 , 3 , 4 , 5 ],1 [ 2 [ 5 ] , 3 [ 4 ] ]) 1.43172097
0.397774605 :(1 [ 2 , 3 , 4 , 5 ],1 [ 2 [ 4 , 5 ] , 3 ]) 1.43172097
0.387494335 :(1 [ 2 , 3 , 4 , 5 ],1 [ 2 [ 4 ] , 3 , 5 ]) 1.43172097
0.41840176 :(1 [ 2 , 3 , 4 , 5 ],1 [ 2 [ 3 , 4 ] , 5 ]) 1.43172097
0.422505481 :(1 [ 2 , 3 , 4 , 5 ],1 [ 2 [ 4 [ 3 ] ] , 5 ]) 1.43172097
0.385302667 :(1 [ 2 , 3 , 4 , 5 ],1 [ 2 [ 4 ] , 5 [ 3 ] ]) 1.43172097
0.387892864 :(1 [ 2 , 3 , 4 , 5 ],1 [ 2 [ 3 [ 5 ] , 4 ] ]) 1.43172097
0.379041007 :(1 [ 2 , 3 , 4 , 5 ],1 [ 2 [ 4 , 5 [ 3 ] ] ]) 1.43172097
0.379181531 :(1 [ 2 , 3 , 4 , 5 ],1 [ 2 [ 4 [ 3 [ 5 ] ] ] ]) 1.43172097
0.405748559 :(1 [ 2 , 3 , 4 , 5 ],1 [ 2 [ 4 [ 5 [ 3 ] ] ] ]) 1.43172097
0.400735908 :(1 [ 2 , 3 , 4 , 5 ],1 [ 2 [ 3 , 4 [ 5 ] ] ]) 1.43172097
0.39605642 :(1 [ 2 , 3 , 4 , 5 ],1 [ 2 [ 4 [ 3 , 5 ] ] ]) 1.43172097
0.393638545 :(1 [ 2 , 3 , 4 , 5 ],1 [ 2 [ 4 [ 3 ] , 5 ] ]) 1.43172097
0.385298447 :(1 [ 2 , 3 , 4 , 5 ],1 [ 2 [ 3 , 4 , 5 ] ]) 1.43172097
0.376945228 :(1 [ 2 , 3 , 4 , 5 ],1 [ 2 [ 3 , 5 ] , 4 ]) 1.43172097
0.369920906 :(1 [ 2 , 3 , 4 , 5 ],1 [ 2 [ 3 [ 4 ] , 5 ] ]) 1.43172097
0.408243723 :(1 [ 2 , 3 , 4 , 5 ],1 [ 2 [ 3 , 5 [ 4 ] ] ]) 1.43172097
0.394922978 :(1 [ 2 , 3 , 4 , 5 ],1 [ 2 [ 5 [ 4 [ 3 ] ] ] ]) 1.43172097
0.402133327 :(1 [ 2 , 3 , 4 , 5 ],1 [ 2 [ 5 [ 3 , 4 ] ] ]) 1.43172097
0.380985456 :(1 [ 2 , 3 , 4 , 5 ],1 [ 2 [ 5 [ 3 ] ] , 4 ]) 1.43172097
0.403055236 :(1 [ 2 , 3 , 4 , 5 ],1 [ 2 [ 5 [ 3 [ 4 ] ] ] ]) 1.43172097
0.379258368 :(1 [ 2 , 3 , 4 , 5 ],1 [ 2 [ 5 ] , 4 [ 3 ] ]) 1.43172097
0.376292428 :(1 [ 2 , 3 , 4 , 5 ],1 [ 2 , 4 [ 3 ] , 5 ]) 1.43172097
0.372052158 :(1 [ 2 , 3 , 4 , 5 ],1 [ 2 , 4 [ 3 [ 5 ] ] ]) 1.43172097
0.40000474 :(1 [ 2 , 3 , 4 , 5 ],1 [ 2 , 4 [ 3 , 5 ] ]) 1.43172097
0.395734662 :(1 [ 2 , 3 , 4 , 5 ],1 [ 2 , 5 [ 4 [ 3 ] ] ]) 1.43172097
0.383664576 :(1 [ 2 , 3 , 4 , 5 ],1 [ 2 [ 3 [ 4 [ 5 ] ] ] ]) 1.43172097
0.375537111 :(1 [ 2 , 3 , 4 , 5 ],1 [ 2 [ 3 [ 4 ] ] , 5 ]) 1.43172097
0.396916553 :(1 [ 2 , 3 , 4 , 5 ],1 [ 2 [ 3 [ 4 , 5 ] ] ]) 1.43172097
0.465834797 :(1 [ 2 , 3 , 4 , 5 ],1 [ 2 , 5 [ 3 [ 4 ] ] ]) 1.43172097
0.396295316 :(1 [ 2 , 3 , 4 , 5 ],1 [ 2 , 4 , 5 [ 3 ] ]) 1.43172097
0.393993701 :(1 [ 2 , 3 , 4 , 5 ],1 [ 2 , 5 [ 3 , 4 ] ]) 1.43172097
0.373999143 :(1 [ 2 , 3 , 4 , 5 ],1 [ 2 , 4 [ 5 [ 3 ] ] ]) 1.43172097
0.352258252 :(1 [ 2 , 3 , 4 , 5 ],1 [ 2 [ 3 [ 5 [ 4 ] ] ] ]) 1.43172097
0.355715065 :(1 [ 2 , 3 , 4 , 5 ],1 [ 2 [ 3 [ 5 ] ] , 4 ]) 1.43172097
0.376432592 :(1 [ 2 , 3 , 4 , 5 ],1 [ 2 [ 3 ] , 4 , 5 ]) 1.43172097
0.368140552 :(1 [ 2 , 3 , 4 , 5 ],1 [ 2 [ 3 ] , 4 [ 5 ] ]) 1.43172097
0.399992106 :(1 [ 2 , 3 , 4 , 5 ],1 [ 2 [ 3 ] , 5 [ 4 ] ]) 1.43172097
0.372092109 :(1 [ 2 , 3 , 4 , 5 ],1 [ 3 [ 2 ] , 5 [ 4 ] ]) 1.43172097
0.393743663 :(1 [ 2 , 3 , 4 , 5 ],1 [ 5 [ 4 [ 2 [ 3 ] ] ] ]) 1.43172097
0.396974663 :(1 [ 2 , 3 , 4 , 5 ],1 [ 5 [ 2 [ 3 ] , 4 ] ]) 1.43172097
0.40321432 :(1 [ 2 , 3 , 4 , 5 ],1 [ 5 [ 4 [ 3 [ 2 ] ] ] ]) 1.43172097
0.410232373 :(1 [ 2 , 3 , 4 , 5 ],1 [ 5 [ 3 [ 2 ] , 4 ] ]) 1.43172097
0.379594371 :(1 [ 2 , 3 , 4 , 5 ],1 [ 3 [ 2 , 5 [ 4 ] ] ]) 1.43172097
0.406195368 :(1 [ 2 , 3 , 4 , 5 ],1 [ 4 [ 5 [ 3 [ 2 ] ] ] ]) 1.43172097
0.38302586 :(1 [ 2 , 3 , 4 , 5 ],1 [ 3 [ 2 ] , 4 [ 5 ] ]) 1.43172097
0.376196299 :(1 [ 2 , 3 , 4 , 5 ],1 [ 4 [ 2 [ 3 ] , 5 ] ]) 1.43172097
0.373644207 :(1 [ 2 , 3 , 4 , 5 ],1 [ 4 [ 5 [ 2 [ 3 ] ] ] ]) 1.43172097
0.3701613 :(1 [ 2 , 3 , 4 , 5 ],1 [ 4 [ 3 [ 2 ] , 5 ] ]) 1.43172097
0.409568751 :(1 [ 2 , 3 , 4 , 5 ],1 [ 3 [ 2 , 4 [ 5 ] ] ]) 1.43172097
0.391320307 :(1 [ 2 , 3 , 4 , 5 ],1 [ 3 [ 2 [ 4 [ 5 ] ] ] ]) 1.43172097
0.393830905 :(1 [ 2 , 3 , 4 , 5 ],1 [ 3 [ 2 [ 5 [ 4 ] ] ] ]) 1.43172097
0.386296414 :(1 [ 2 , 3 , 4 , 5 ],1 [ 3 [ 2 [ 5 ] ] , 4 ]) 1.43172097
0.383455297 :(1 [ 2 , 3 , 4 , 5 ],1 [ 3 [ 2 [ 4 , 5 ] ] ]) 1.43172097
0.394268214 :(1 [ 2 , 3 , 4 , 5 ],1 [ 3 [ 2 [ 5 ] , 4 ] ]) 1.43172097
0.374797683 :(1 [ 2 , 3 , 4 , 5 ],1 [ 3 [ 2 , 4 ] , 5 ]) 1.43172097
0.388708395 :(1 [ 2 , 3 , 4 , 5 ],1 [ 3 [ 2 , 4 , 5 ] ]) 1.43172097
0.376775569 :(1 [ 2 , 3 , 4 , 5 ],1 [ 3 [ 2 , 5 ] , 4 ]) 1.43172097
0.394823597 :(1 [ 2 , 3 , 4 , 5 ],1 [ 3 [ 2 [ 4 ] , 5 ] ]) 1.43172097
0.373749449 :(1 [ 2 , 3 , 4 , 5 ],1 [ 3 [ 2 [ 4 ] ] , 5 ]) 1.43172097
0.367819063 :(1 [ 2 , 3 , 4 , 5 ],1 [ 3 [ 2 ] , 4 , 5 ]) 1.43172097
0.397025423 :(1 [ 2 , 3 , 4 , 5 ],1 [ 4 [ 2 [ 3 ] ] , 5 ]) 1.43172097
0.391142909 :(1 [ 2 , 3 , 4 , 5 ],1 [ 4 , 5 [ 2 [ 3 ] ] ]) 1.43172097
0.404784843 :(1 [ 2 , 3 , 4 , 5 ],1 [ 4 [ 3 [ 2 ] ] , 5 ]) 1.43172097
0.430159284 :(1 [ 2 , 3 , 4 , 5 ],1 [ 4 , 5 [ 3 [ 2 ] ] ]) 1.43172097
0.50132428 :(1 [ 2 , 3 , 4 , 5 ],1 [ 5 [ 3 [ 2 [ 4 ] ] ] ]) 1.43172097
0.386985807 :(1 [ 2 , 3 , 4 , 5 ],1 [ 5 [ 3 [ 2 , 4 ] ] ]) 1.43172097
0.389753564 :(1 [ 2 , 3 , 4 , 5 ],1 [ 5 [ 2 [ 3 [ 4 ] ] ] ]) 1.43172097
0.402624218 :(1 [ 2 , 3 , 4 , 5 ],1 [ 5 [ 2 [ 3 , 4 ] ] ]) 1.43172097
0.376263003 :(1 [ 2 , 3 , 4 , 5 ],1 [ 4 [ 2 [ 3 , 5 ] ] ]) 1.43172097
0.425089491 :(1 [ 2 , 3 , 4 , 5 ],1 [ 4 [ 3 [ 2 [ 5 ] ] ] ]) 1.43172097
0.387885842 :(1 [ 2 , 3 , 4 , 5 ],1 [ 4 [ 3 [ 2 , 5 ] ] ]) 1.43172097
0.386622921 :(1 [ 2 , 3 , 4 , 5 ],1 [ 4 [ 2 [ 3 [ 5 ] ] ] ]) 1.43172097
0.395983918 :(1 [ 2 , 3 , 4 , 5 ],1 [ 3 [ 5 ] , 4 [ 2 ] ]) 1.43172097
0.376028265 :(1 [ 2 , 3 , 4 , 5 ],1 [ 4 [ 2 ] , 5 [ 3 ] ]) 1.43172097
0.411287764 :(1 [ 2 , 3 , 4 , 5 ],1 [ 4 [ 2 [ 5 [ 3 ] ] ] ]) 1.43172097
0.394505436 :(1 [ 2 , 3 , 4 , 5 ],1 [ 4 [ 2 , 3 [ 5 ] ] ]) 1.43172097
0.406898963 :(1 [ 2 , 3 , 4 , 5 ],1 [ 4 [ 2 , 5 [ 3 ] ] ]) 1.43172097
0.376247673 :(1 [ 2 , 3 , 4 , 5 ],1 [ 4 [ 5 [ 2 , 3 ] ] ]) 1.43172097
0.372415102 :(1 [ 2 , 3 , 4 , 5 ],1 [ 3 [ 5 [ 2 ] ] , 4 ]) 1.43172097
0.399651592 :(1 [ 2 , 3 , 4 , 5 ],1 [ 4 , 5 [ 2 , 3 ] ]) 1.43172097
0.410442413 :(1 [ 2 , 3 , 4 , 5 ],1 [ 4 [ 3 [ 5 [ 2 ] ] ] ]) 1.43172097
0.400257604 :(1 [ 2 , 3 , 4 , 5 ],1 [ 4 [ 3 ] , 5 [ 2 ] ]) 1.43172097
0.400299347 :(1 [ 2 , 3 , 4 , 5 ],1 [ 4 [ 2 [ 5 ] , 3 ] ]) 1.43172097
0.375713931 :(1 [ 2 , 3 , 4 , 5 ],1 [ 4 [ 3 , 5 [ 2 ] ] ]) 1.43172097
0.393431097 :(1 [ 2 , 3 , 4 , 5 ],1 [ 3 , 4 [ 5 [ 2 ] ] ]) 1.43172097
0.377018852 :(1 [ 2 , 3 , 4 , 5 ],1 [ 3 , 4 , 5 [ 2 ] ]) 1.43172097
0.354022382 :(1 [ 2 , 3 , 4 , 5 ],1 [ 3 , 4 [ 2 [ 5 ] ] ]) 1.43172097
0.302873411 :(1 [ 2 , 3 , 4 , 5 ],1 [ 3 , 4 [ 2 ] , 5 ]) 1.43172097
0.405187063 :(1 [ 2 , 3 , 4 , 5 ],1 [ 3 , 4 [ 2 , 5 ] ]) 1.43172097
0.416140777 :(1 [ 2 , 3 , 4 , 5 ],1 [ 4 [ 2 , 3 , 5 ] ]) 1.43172097
0.397883148 :(1 [ 2 , 3 , 4 , 5 ],1 [ 4 [ 2 , 3 ] , 5 ]) 1.43172097
0.376162225 :(1 [ 2 , 3 , 4 , 5 ],1 [ 3 [ 4 [ 2 ] ] , 5 ]) 1.43172097
0.39800495 :(1 [ 2 , 3 , 4 , 5 ],1 [ 5 [ 2 [ 4 [ 3 ] ] ] ]) 1.43172097
0.475982539 :(1 [ 2 , 3 , 4 , 5 ],1 [ 5 [ 3 [ 4 [ 2 ] ] ] ]) 1.43172097
0.39587349 :(1 [ 2 , 3 , 4 , 5 ],1 [ 5 [ 4 [ 2 , 3 ] ] ]) 1.43172097
0.382667275 :(1 [ 2 , 3 , 4 , 5 ],1 [ 3 [ 4 [ 2 , 5 ] ] ]) 1.43172097
0.382553086 :(1 [ 2 , 3 , 4 , 5 ],1 [ 3 [ 4 [ 2 [ 5 ] ] ] ]) 1.43172097
0.371620175 :(1 [ 2 , 3 , 4 , 5 ],1 [ 3 [ 4 [ 2 ] , 5 ] ]) 1.43172097
0.415179165 :(1 [ 2 , 3 , 4 , 5 ],1 [ 3 [ 5 [ 2 [ 4 ] ] ] ]) 1.43172097
0.425043309 :(1 [ 2 , 3 , 4 , 5 ],1 [ 3 [ 5 [ 4 [ 2 ] ] ] ]) 1.43172097
0.375107418 :(1 [ 2 , 3 , 4 , 5 ],1 [ 3 , 5 [ 4 [ 2 ] ] ]) 1.43172097
0.390451749 :(1 [ 2 , 3 , 4 , 5 ],1 [ 3 , 5 [ 2 [ 4 ] ] ]) 1.43172097
0.386181137 :(1 [ 2 , 3 , 4 , 5 ],1 [ 5 [ 2 [ 4 ] , 3 ] ]) 1.43172097
0.396808466 :(1 [ 2 , 3 , 4 , 5 ],1 [ 5 [ 3 , 4 [ 2 ] ] ]) 1.43172097
0.398758478 :(1 [ 2 , 3 , 4 , 5 ],1 [ 5 [ 2 , 3 , 4 ] ]) 1.43172097
0.383379948 :(1 [ 2 , 3 , 4 , 5 ],1 [ 5 [ 2 , 3 [ 4 ] ] ]) 1.43172097
0.397587498 :(1 [ 2 , 3 , 4 , 5 ],1 [ 3 [ 4 ] , 5 [ 2 ] ]) 1.43172097
0.392407515 :(1 [ 2 , 3 , 4 , 5 ],1 [ 5 [ 2 , 4 [ 3 ] ] ]) 1.43172097
0.394367681 :(1 [ 2 , 3 , 4 , 5 ],1 [ 3 , 5 [ 2 , 4 ] ]) 1.43172097
0.399937533 :(1 [ 2 , 3 , 4 , 5 ],1 [ 3 [ 4 [ 5 [ 2 ] ] ] ]) 1.43172097
0.422404755 :(1 [ 2 , 3 , 4 , 5 ],1 [ 3 [ 5 [ 2 , 4 ] ] ]) 1.43172097
0.394521583 :(1 [ 2 , 3 , 4 , 5 ],1 [ 3 [ 4 , 5 [ 2 ] ] ]) 1.43172097
