20.451008027 :(1 [ 2 [ 3 [ 4 ] ] , 5 ],1 [ 2 [ 3 ] , 4 , 5 ]) 1.0
6.478281745 :(1 [ 2 [ 3 [ 4 ] ] , 5 ],1 [ 2 [ 3 ] , 4 , 5 ]) 1.02081468
5.552384542 :(1 [ 2 [ 3 [ 4 ] ] , 5 ],1 [ 2 [ 3 ] , 4 , 5 ]) 1.02329109
7.038967803 :(1 [ 2 [ 3 [ 4 ] ] , 5 ],1 [ 2 [ 3 ] , 4 , 5 ]) 1.02636207
6.662246077 :(1 [ 2 [ 3 [ 4 ] ] , 5 ],1 [ 2 [ 3 ] , 4 , 5 ]) 1.03266088
5.955630863 :(1 [ 2 [ 3 [ 4 ] ] , 5 ],1 [ 2 [ 3 ] , 4 , 5 ]) 1.04179592
5.709707729 :(1 [ 2 [ 3 [ 4 ] ] , 5 ],1 [ 2 [ 3 ] , 4 , 5 ]) 1.04845263
22.371573022 :(1 [ 2 [ 3 [ 4 ] ] , 5 ],1 [ 2 [ 3 ] , 4 , 5 ]) 1.07222665
51.152480578 :(1 [ 2 [ 3 [ 4 ] ] , 5 ],1 [ 2 [ 3 ] , 4 , 5 ]) 1.07448459
26.573534146 :(1 [ 2 [ 3 [ 4 ] ] , 5 ],1 [ 2 [ 3 ] , 4 , 5 ]) 1.07548459
49.055586795 :(1 [ 2 [ 3 [ 4 ] ] , 5 ],1 [ 2 [ 3 ] , 4 , 5 ]) 1.07648459
40.737523556 :(1 [ 2 [ 3 [ 4 ] ] , 5 ],1 [ 2 [ 3 ] , 4 , 5 ]) 1.07808007
27.28109291 :(1 [ 2 [ 3 [ 4 ] ] , 5 ],1 [ 2 [ 3 ] , 4 , 5 ]) 1.08022175
28.240885623 :(1 [ 2 [ 3 [ 4 ] ] , 5 ],1 [ 2 [ 3 ] , 4 , 5 ]) 1.08122175
40.25988743 :(1 [ 2 [ 3 [ 4 ] ] , 5 ],1 [ 2 [ 3 ] , 4 , 5 ]) 1.08234434
7.270698229 :(1 [ 2 [ 3 [ 4 ] ] , 5 ],1 [ 2 [ 3 ] , 4 , 5 ]) 1.12103309
7.598077301 :(1 [ 2 [ 3 [ 4 ] ] , 5 ],1 [ 2 [ 3 ] , 4 , 5 ]) 1.12374785
7.118619428 :(1 [ 2 [ 3 [ 4 ] ] , 5 ],1 [ 2 [ 3 ] , 4 , 5 ]) 1.12611257
7.582394788 :(1 [ 2 [ 3 [ 4 ] ] , 5 ],1 [ 2 [ 3 ] , 4 , 5 ]) 1.12817240
7.92574688 :(1 [ 2 [ 3 [ 4 ] ] , 5 ],1 [ 2 [ 3 ] , 4 , 5 ]) 1.12996665
8.178269772 :(1 [ 2 [ 3 [ 4 ] ] , 5 ],1 [ 2 [ 3 ] , 4 , 5 ]) 1.13152955
9.495478383 :(1 [ 2 [ 3 [ 4 ] ] , 5 ],1 [ 2 [ 3 ] , 4 , 5 ]) 1.13289094
9.513441793 :(1 [ 2 [ 3 [ 4 ] ] , 5 ],1 [ 2 [ 3 ] , 4 , 5 ]) 1.13407680
10.008936628 :(1 [ 2 [ 3 [ 4 ] ] , 5 ],1 [ 2 [ 3 ] , 4 , 5 ]) 1.13510975
9.154970653 :(1 [ 2 [ 3 [ 4 ] ] , 5 ],1 [ 2 [ 3 ] , 4 , 5 ]) 1.13610975
11.058191818 :(1 [ 2 [ 3 [ 4 ] ] , 5 ],1 [ 2 [ 3 ] , 4 , 5 ]) 1.13710975
5.08816537 :(1 [ 2 [ 3 [ 4 ] ] , 5 ],1 [ 2 [ 3 ] , 4 , 5 ]) 1.14097295
6.245326658 :(1 [ 2 [ 3 [ 4 ] ] , 5 ],1 [ 2 [ 3 ] , 4 , 5 ]) 1.14211131
4.977275308 :(1 [ 2 [ 3 [ 4 ] ] , 5 ],1 [ 2 [ 3 ] , 4 , 5 ]) 1.14311131
5.977666522 :(1 [ 2 [ 3 [ 4 ] ] , 5 ],1 [ 2 [ 3 ] , 4 , 5 ]) 1.14411131
6.075536313 :(1 [ 2 [ 3 [ 4 ] ] , 5 ],1 [ 2 [ 3 ] , 4 , 5 ]) 1.14511131
5.576357736 :(1 [ 2 [ 3 [ 4 ] ] , 5 ],1 [ 2 [ 3 ] , 4 , 5 ]) 1.14611131
4.820975154 :(1 [ 2 [ 3 [ 4 ] ] , 5 ],1 [ 2 [ 3 ] , 4 , 5 ]) 1.14711131
4.947728797 :(1 [ 2 [ 3 [ 4 ] ] , 5 ],1 [ 2 [ 3 ] , 4 , 5 ]) 1.15778699
8.254764879 :(1 [ 2 [ 3 [ 4 ] ] , 5 ],1 [ 2 [ 3 ] , 4 , 5 ]) 1.16603312
13.872977765 :(1 [ 2 [ 3 [ 4 ] ] , 5 ],1 [ 2 [ 3 ] , 4 , 5 ]) 1.18955372
14.398077997 :(1 [ 2 [ 3 [ 4 ] ] , 5 ],1 [ 2 [ 3 ] , 4 , 5 ]) 1.19057931
13.241789946 :(1 [ 2 [ 3 [ 4 ] ] , 5 ],1 [ 2 [ 3 ] , 4 , 5 ]) 1.19157931
12.14475232 :(1 [ 2 [ 3 [ 4 ] ] , 5 ],1 [ 2 [ 3 ] , 4 , 5 ]) 1.19257931
11.120295323 :(1 [ 2 [ 3 [ 4 ] ] , 5 ],1 [ 2 [ 3 ] , 4 , 5 ]) 1.19357931
5.152528487 :(1 [ 2 [ 3 [ 4 ] ] , 5 ],1 [ 2 [ 3 ] , 4 , 5 ]) 1.19457931
6.037538162 :(1 [ 2 [ 3 [ 4 ] ] , 5 ],1 [ 2 [ 3 ] , 4 , 5 ]) 1.19861275
5.311677516 :(1 [ 2 [ 3 [ 4 ] ] , 5 ],1 [ 2 [ 3 ] , 4 , 5 ]) 1.19970270
5.546502067 :(1 [ 2 [ 3 [ 4 ] ] , 5 ],1 [ 2 [ 3 ] , 4 , 5 ]) 1.20070270
5.708568418 :(1 [ 2 [ 3 [ 4 ] ] , 5 ],1 [ 2 [ 3 ] , 4 , 5 ]) 1.20170270
5.369975967 :(1 [ 2 [ 3 [ 4 ] ] , 5 ],1 [ 2 [ 3 ] , 4 , 5 ]) 1.20270270
5.186072532 :(1 [ 2 [ 3 [ 4 ] ] , 5 ],1 [ 2 [ 3 ] , 4 , 5 ]) 1.20370270
5.804488706 :(1 [ 2 [ 3 [ 4 ] ] , 5 ],1 [ 2 [ 3 ] , 4 , 5 ]) 1.20470270
0.406104996 :(1 [ 2 [ 3 [ 4 ] ] , 5 ],1 [ 2 [ 3 ] , 4 , 5 ]) 1.20570270
13.778089824 :(1 [ 2 [ 3 [ 4 ] ] , 5 ],1 [ 2 [ 3 , 4 ] , 5 ]) 1.20470270
0.331901601 :(1 [ 2 [ 3 [ 4 ] ] , 5 ],1 [ 2 [ 3 , 4 ] , 5 ]) 1.20570270
0.366146348 :(1 [ 2 [ 3 [ 4 ] ] , 5 ],1 [ 2 [ 3 [ 4 ] ] , 5 ]) 1.20470270
9.466857738 :(1 [ 2 [ 3 [ 4 ] ] , 5 ],1 [ 2 [ 3 ] , 5 [ 4 ] ]) 1.20470270
0.398020736 :(1 [ 2 [ 3 [ 4 ] ] , 5 ],1 [ 2 [ 3 ] , 5 [ 4 ] ]) 1.20570270
6.938976055 :(1 [ 2 [ 3 [ 4 ] ] , 5 ],1 [ 2 , 3 , 5 [ 4 ] ]) 1.20470270
73.841063324 :(1 [ 2 [ 3 [ 4 ] ] , 5 ],1 [ 2 , 3 , 5 [ 4 ] ]) 1.20570270
52.570050894 :(1 [ 2 [ 3 [ 4 ] ] , 5 ],1 [ 2 , 3 , 5 [ 4 ] ]) 1.20670270
44.131405553 :(1 [ 2 [ 3 [ 4 ] ] , 5 ],1 [ 2 , 3 , 5 [ 4 ] ]) 1.20770270
61.453273345 :(1 [ 2 [ 3 [ 4 ] ] , 5 ],1 [ 2 , 3 , 5 [ 4 ] ]) 1.20870270
63.760454734 :(1 [ 2 [ 3 [ 4 ] ] , 5 ],1 [ 2 , 3 , 5 [ 4 ] ]) 1.20970270
57.504183005 :(1 [ 2 [ 3 [ 4 ] ] , 5 ],1 [ 2 , 3 , 5 [ 4 ] ]) 1.22272099
135.809450078 :(1 [ 2 [ 3 [ 4 ] ] , 5 ],1 [ 2 , 3 , 5 [ 4 ] ]) 1.27270139
52.867707043 :(1 [ 2 [ 3 [ 4 ] ] , 5 ],1 [ 2 , 3 , 5 [ 4 ] ]) 1.27370139
72.254518557 :(1 [ 2 [ 3 [ 4 ] ] , 5 ],1 [ 2 , 3 , 5 [ 4 ] ]) 1.27611646
0.408477206 :(1 [ 2 [ 3 [ 4 ] ] , 5 ],1 [ 2 , 3 , 5 [ 4 ] ]) 1.27711646
45.778543142 :(1 [ 2 [ 3 [ 4 ] ] , 5 ],1 [ 2 , 5 [ 4 [ 3 ] ] ]) 1.27611646
44.31637516 :(1 [ 2 [ 3 [ 4 ] ] , 5 ],1 [ 2 , 5 [ 3 , 4 ] ]) 1.27611646
0.428130149 :(1 [ 2 [ 3 [ 4 ] ] , 5 ],1 [ 2 , 5 [ 3 , 4 ] ]) 1.27711646
29.542354572 :(1 [ 2 [ 3 [ 4 ] ] , 5 ],1 [ 2 , 4 , 5 [ 3 ] ]) 1.27611646
0.444779917 :(1 [ 2 [ 3 [ 4 ] ] , 5 ],1 [ 2 , 4 , 5 [ 3 ] ]) 1.27711646
0.399751967 :(1 [ 2 [ 3 [ 4 ] ] , 5 ],1 [ 2 [ 4 ] , 5 [ 3 ] ]) 1.27611646
177.846477484 :(1 [ 2 [ 3 [ 4 ] ] , 5 ],1 [ 2 , 5 [ 3 [ 4 ] ] ]) 1.27611646
272.409769684 :(1 [ 2 [ 3 [ 4 ] ] , 5 ],1 [ 2 , 3 [ 4 ] , 5 ]) 1.27611646
53.556737717 :(1 [ 2 [ 3 [ 4 ] ] , 5 ],1 [ 2 , 4 [ 3 ] , 5 ]) 1.27611646
58.507652398 :(1 [ 2 [ 3 [ 4 ] ] , 5 ],1 [ 2 [ 4 [ 3 ] ] , 5 ]) 1.27611646
0.412864428 :(1 [ 2 [ 3 [ 4 ] ] , 5 ],1 [ 2 [ 4 ] , 3 , 5 ]) 1.27611646
66.234709352 :(1 [ 2 [ 3 [ 4 ] ] , 5 ],1 [ 2 , 3 , 4 , 5 ]) 1.27611646
0.435086704 :(1 [ 2 [ 3 [ 4 ] ] , 5 ],1 [ 2 , 3 , 4 , 5 ]) 1.27711646
0.406570235 :(1 [ 2 [ 3 [ 4 ] ] , 5 ],1 [ 2 [ 5 ] , 3 , 4 ]) 1.27611646
0.419346678 :(1 [ 2 [ 3 [ 4 ] ] , 5 ],1 [ 2 , 3 [ 5 ] , 4 ]) 1.27611646
0.510311085 :(1 [ 2 [ 3 [ 4 ] ] , 5 ],1 [ 2 , 3 , 4 [ 5 ] ]) 1.27611646
0.431571745 :(1 [ 2 [ 3 [ 4 ] ] , 5 ],1 [ 2 [ 4 [ 5 ] ] , 3 ]) 1.27611646
0.400365107 :(1 [ 2 [ 3 [ 4 ] ] , 5 ],1 [ 2 [ 5 [ 4 ] ] , 3 ]) 1.27611646
0.421993259 :(1 [ 2 [ 3 [ 4 ] ] , 5 ],1 [ 2 , 3 [ 4 [ 5 ] ] ]) 1.27611646
0.447286689 :(1 [ 2 [ 3 [ 4 ] ] , 5 ],1 [ 2 , 3 [ 5 [ 4 ] ] ]) 1.27611646
0.398908788 :(1 [ 2 [ 3 [ 4 ] ] , 5 ],1 [ 2 [ 4 ] , 3 [ 5 ] ]) 1.27611646
0.41909487 :(1 [ 2 [ 3 [ 4 ] ] , 5 ],1 [ 2 , 3 [ 4 , 5 ] ]) 1.27611646
26.239256725 :(1 [ 2 [ 3 [ 4 ] ] , 5 ],1 [ 2 [ 5 ] , 3 [ 4 ] ]) 1.27611646
0.406559887 :(1 [ 2 [ 3 [ 4 ] ] , 5 ],1 [ 2 [ 4 , 5 ] , 3 ]) 1.27611646
0.442988855 :(1 [ 2 [ 3 [ 4 ] ] , 5 ],1 [ 2 [ 3 , 4 , 5 ] ]) 1.27611646
26.17101117 :(1 [ 2 [ 3 [ 4 ] ] , 5 ],1 [ 2 [ 4 [ 3 ] , 5 ] ]) 1.27611646
0.428178625 :(1 [ 2 [ 3 [ 4 ] ] , 5 ],1 [ 2 [ 4 , 5 [ 3 ] ] ]) 1.27611646
0.410160031 :(1 [ 2 [ 3 [ 4 ] ] , 5 ],1 [ 2 [ 5 [ 3 ] ] , 4 ]) 1.27611646
80.698953527 :(1 [ 2 [ 3 [ 4 ] ] , 5 ],1 [ 2 [ 5 [ 3 [ 4 ] ] ] ]) 1.27611646
0.428756307 :(1 [ 2 [ 3 [ 4 ] ] , 5 ],1 [ 2 [ 5 [ 3 , 4 ] ] ]) 1.27611646
0.418523647 :(1 [ 2 [ 3 [ 4 ] ] , 5 ],1 [ 2 [ 3 , 5 [ 4 ] ] ]) 1.27611646
93.249085749 :(1 [ 2 [ 3 [ 4 ] ] , 5 ],1 [ 2 [ 5 [ 4 [ 3 ] ] ] ]) 1.27611646
16.89856255 :(1 [ 2 [ 3 [ 4 ] ] , 5 ],1 [ 2 [ 5 ] , 4 [ 3 ] ]) 1.27611646
0.33449867 :(1 [ 2 [ 3 [ 4 ] ] , 5 ],1 [ 2 [ 3 [ 4 ] , 5 ] ]) 1.27611646
0.412503252 :(1 [ 2 [ 3 [ 4 ] ] , 5 ],1 [ 2 [ 3 , 5 ] , 4 ]) 1.27611646
0.418365859 :(1 [ 2 [ 3 [ 4 ] ] , 5 ],1 [ 2 [ 3 [ 5 ] ] , 4 ]) 1.27611646
0.47112762 :(1 [ 2 [ 3 [ 4 ] ] , 5 ],1 [ 2 [ 3 ] , 4 [ 5 ] ]) 1.27611646
0.441683747 :(1 [ 2 [ 3 [ 4 ] ] , 5 ],1 [ 2 [ 3 , 4 [ 5 ] ] ]) 1.27611646
0.433968396 :(1 [ 2 [ 3 [ 4 ] ] , 5 ],1 [ 2 [ 3 [ 4 [ 5 ] ] ] ]) 1.27611646
0.400792957 :(1 [ 2 [ 3 [ 4 ] ] , 5 ],1 [ 2 [ 3 [ 5 [ 4 ] ] ] ]) 1.27611646
0.423493057 :(1 [ 2 [ 3 [ 4 ] ] , 5 ],1 [ 2 [ 3 [ 5 ] , 4 ] ]) 1.27611646
0.413664075 :(1 [ 2 [ 3 [ 4 ] ] , 5 ],1 [ 2 [ 3 [ 4 , 5 ] ] ]) 1.27611646
0.434426635 :(1 [ 2 [ 3 [ 4 ] ] , 5 ],1 [ 2 , 4 [ 3 [ 5 ] ] ]) 1.27611646
0.421085307 :(1 [ 2 [ 3 [ 4 ] ] , 5 ],1 [ 2 [ 4 [ 3 [ 5 ] ] ] ]) 1.27611646
0.416391722 :(1 [ 2 [ 3 [ 4 ] ] , 5 ],1 [ 2 [ 4 [ 5 [ 3 ] ] ] ]) 1.27611646
0.510267815 :(1 [ 2 [ 3 [ 4 ] ] , 5 ],1 [ 2 , 4 [ 5 [ 3 ] ] ]) 1.27611646
0.427726167 :(1 [ 2 [ 3 [ 4 ] ] , 5 ],1 [ 2 , 4 [ 3 , 5 ] ]) 1.27611646
0.410049055 :(1 [ 2 [ 3 [ 4 ] ] , 5 ],1 [ 2 [ 4 [ 3 , 5 ] ] ]) 1.27611646
5.418049714 :(1 [ 2 [ 3 [ 4 ] ] , 5 ],1 [ 3 [ 4 [ 2 , 5 ] ] ]) 1.27611646
0.444442293 :(1 [ 2 [ 3 [ 4 ] ] , 5 ],1 [ 4 [ 2 , 3 , 5 ] ]) 1.27611646
57.256775598 :(1 [ 2 [ 3 [ 4 ] ] , 5 ],1 [ 5 [ 4 [ 2 , 3 ] ] ]) 1.27611646
34.455164942 :(1 [ 2 [ 3 [ 4 ] ] , 5 ],1 [ 5 [ 4 [ 3 [ 2 ] ] ] ]) 1.27611646
30.529951306 :(1 [ 2 [ 3 [ 4 ] ] , 5 ],1 [ 5 [ 2 , 4 [ 3 ] ] ]) 1.27611646
0.530566356 :(1 [ 2 [ 3 [ 4 ] ] , 5 ],1 [ 3 [ 4 [ 5 [ 2 ] ] ] ]) 1.27611646
0.494171534 :(1 [ 2 [ 3 [ 4 ] ] , 5 ],1 [ 4 [ 3 , 5 [ 2 ] ] ]) 1.27611646
0.433657138 :(1 [ 2 [ 3 [ 4 ] ] , 5 ],1 [ 4 [ 3 [ 2 ] , 5 ] ]) 1.27611646
0.45152328 :(1 [ 2 [ 3 [ 4 ] ] , 5 ],1 [ 3 [ 2 , 4 [ 5 ] ] ]) 1.27611646
0.497545641 :(1 [ 2 [ 3 [ 4 ] ] , 5 ],1 [ 3 [ 2 ] , 4 [ 5 ] ]) 1.27611646
220.469400302 :(1 [ 2 [ 3 [ 4 ] ] , 5 ],1 [ 3 [ 2 ] , 5 [ 4 ] ]) 1.27611646
0.424498063 :(1 [ 2 [ 3 [ 4 ] ] , 5 ],1 [ 3 [ 2 [ 4 [ 5 ] ] ] ]) 1.27611646
0.393922693 :(1 [ 2 [ 3 [ 4 ] ] , 5 ],1 [ 3 [ 2 [ 5 [ 4 ] ] ] ]) 1.27611646
0.413258858 :(1 [ 2 [ 3 [ 4 ] ] , 5 ],1 [ 3 [ 2 , 5 [ 4 ] ] ]) 1.27611646
0.444029747 :(1 [ 2 [ 3 [ 4 ] ] , 5 ],1 [ 4 [ 5 [ 3 [ 2 ] ] ] ]) 1.27611646
185.679442795 :(1 [ 2 [ 3 [ 4 ] ] , 5 ],1 [ 5 [ 3 [ 2 ] , 4 ] ]) 1.27611646
56.360712441 :(1 [ 2 [ 3 [ 4 ] ] , 5 ],1 [ 5 [ 4 [ 2 [ 3 ] ] ] ]) 1.27611646
324.131824531 :(1 [ 2 [ 3 [ 4 ] ] , 5 ],1 [ 5 [ 2 [ 3 ] , 4 ] ]) 1.27611646
0.440773665 :(1 [ 2 [ 3 [ 4 ] ] , 5 ],1 [ 4 [ 5 [ 2 [ 3 ] ] ] ]) 1.27611646
0.489787209 :(1 [ 2 [ 3 [ 4 ] ] , 5 ],1 [ 4 [ 2 [ 3 ] , 5 ] ]) 1.27611646
0.455878142 :(1 [ 2 [ 3 [ 4 ] ] , 5 ],1 [ 3 , 4 [ 2 , 5 ] ]) 1.27611646
0.446863601 :(1 [ 2 [ 3 [ 4 ] ] , 5 ],1 [ 4 [ 2 , 5 [ 3 ] ] ]) 1.27611646
0.462723765 :(1 [ 2 [ 3 [ 4 ] ] , 5 ],1 [ 4 [ 5 [ 2 , 3 ] ] ]) 1.27611646
0.466139061 :(1 [ 2 [ 3 [ 4 ] ] , 5 ],1 [ 3 , 4 [ 5 [ 2 ] ] ]) 1.27611646
28.42442781 :(1 [ 2 [ 3 [ 4 ] ] , 5 ],1 [ 3 , 5 [ 2 , 4 ] ]) 1.27611646
0.333540799 :(1 [ 2 [ 3 [ 4 ] ] , 5 ],1 [ 3 , 5 [ 2 , 4 ] ]) 1.27711646
0.483004602 :(1 [ 2 [ 3 [ 4 ] ] , 5 ],1 [ 3 [ 5 [ 2 , 4 ] ] ]) 1.27611646
52.034203917 :(1 [ 2 [ 3 [ 4 ] ] , 5 ],1 [ 5 [ 2 , 3 , 4 ] ]) 1.27611646
0.33749985 :(1 [ 2 [ 3 [ 4 ] ] , 5 ],1 [ 5 [ 2 , 3 , 4 ] ]) 1.27711646
0.339894687 :(1 [ 2 [ 3 [ 4 ] ] , 5 ],1 [ 5 [ 3 , 4 [ 2 ] ] ]) 1.27611646
0.443910911 :(1 [ 2 [ 3 [ 4 ] ] , 5 ],1 [ 3 [ 5 [ 4 [ 2 ] ] ] ]) 1.27611646
0.425552375 :(1 [ 2 [ 3 [ 4 ] ] , 5 ],1 [ 3 , 5 [ 4 [ 2 ] ] ]) 1.27611646
0.403725713 :(1 [ 2 [ 3 [ 4 ] ] , 5 ],1 [ 3 , 4 [ 2 ] , 5 ]) 1.27611646
18.364808211 :(1 [ 2 [ 3 [ 4 ] ] , 5 ],1 [ 3 [ 2 [ 4 ] ] , 5 ]) 1.27611646
79.856035996 :(1 [ 2 [ 3 [ 4 ] ] , 5 ],1 [ 3 , 5 [ 2 [ 4 ] ] ]) 1.27611646
1.945100066 :(1 [ 2 [ 3 [ 4 ] ] , 5 ],1 [ 3 [ 4 [ 2 ] ] , 5 ]) 1.27611646
0.384412211 :(1 [ 2 [ 3 [ 4 ] ] , 5 ],1 [ 3 [ 4 [ 2 [ 5 ] ] ] ]) 1.27611646
0.469542244 :(1 [ 2 [ 3 [ 4 ] ] , 5 ],1 [ 3 [ 4 [ 2 ] , 5 ] ]) 1.27611646
0.492500125 :(1 [ 2 [ 3 [ 4 ] ] , 5 ],1 [ 3 [ 5 ] , 4 [ 2 ] ]) 1.27611646
0.409906265 :(1 [ 2 [ 3 [ 4 ] ] , 5 ],1 [ 3 [ 2 [ 4 ] , 5 ] ]) 1.27611646
0.509245655 :(1 [ 2 [ 3 [ 4 ] ] , 5 ],1 [ 3 [ 5 [ 2 [ 4 ] ] ] ]) 1.27611646
0.439575707 :(1 [ 2 [ 3 [ 4 ] ] , 5 ],1 [ 3 , 4 [ 2 [ 5 ] ] ]) 1.27611646
0.442048352 :(1 [ 2 [ 3 [ 4 ] ] , 5 ],1 [ 3 [ 2 [ 4 , 5 ] ] ]) 1.27611646
0.430319876 :(1 [ 2 [ 3 [ 4 ] ] , 5 ],1 [ 4 [ 2 [ 3 , 5 ] ] ]) 1.27611646
27.634900689 :(1 [ 2 [ 3 [ 4 ] ] , 5 ],1 [ 5 [ 2 [ 3 , 4 ] ] ]) 1.27611646
6.595182478 :(1 [ 2 [ 3 [ 4 ] ] , 5 ],1 [ 5 [ 2 [ 4 [ 3 ] ] ] ]) 1.27611646
151.365951175 :(1 [ 2 [ 3 [ 4 ] ] , 5 ],1 [ 5 [ 2 [ 4 ] , 3 ] ]) 1.27611646
0.486238021 :(1 [ 2 [ 3 [ 4 ] ] , 5 ],1 [ 4 [ 2 [ 5 [ 3 ] ] ] ]) 1.27611646
0.443132377 :(1 [ 2 [ 3 [ 4 ] ] , 5 ],1 [ 4 [ 2 [ 5 ] , 3 ] ]) 1.27611646
65.248681467 :(1 [ 2 [ 3 [ 4 ] ] , 5 ],1 [ 4 [ 2 , 3 ] , 5 ]) 1.27611646
0.493078859 :(1 [ 2 [ 3 [ 4 ] ] , 5 ],1 [ 4 [ 2 , 3 [ 5 ] ] ]) 1.27611646
0.445532649 :(1 [ 2 [ 3 [ 4 ] ] , 5 ],1 [ 4 [ 2 ] , 5 [ 3 ] ]) 1.27611646
0.437290161 :(1 [ 2 [ 3 [ 4 ] ] , 5 ],1 [ 4 [ 2 [ 3 [ 5 ] ] ] ]) 1.27611646
55.280865233 :(1 [ 2 [ 3 [ 4 ] ] , 5 ],1 [ 4 [ 2 [ 3 ] ] , 5 ]) 1.27611646
15.830178027 :(1 [ 2 [ 3 [ 4 ] ] , 5 ],1 [ 5 [ 3 [ 2 [ 4 ] ] ] ]) 1.27611646
4.486237879 :(1 [ 2 [ 3 [ 4 ] ] , 5 ],1 [ 5 [ 3 [ 4 [ 2 ] ] ] ]) 1.27611646
31.002137653 :(1 [ 2 [ 3 [ 4 ] ] , 5 ],1 [ 5 [ 3 [ 2 , 4 ] ] ]) 1.27611646
63.966372168 :(1 [ 2 [ 3 [ 4 ] ] , 5 ],1 [ 5 [ 2 , 3 [ 4 ] ] ]) 1.27611646
54.620849442 :(1 [ 2 [ 3 [ 4 ] ] , 5 ],1 [ 4 , 5 [ 2 , 3 ] ]) 1.27611646
0.508990286 :(1 [ 2 [ 3 [ 4 ] ] , 5 ],1 [ 4 , 5 [ 2 , 3 ] ]) 1.27711646
61.756049483 :(1 [ 2 [ 3 [ 4 ] ] , 5 ],1 [ 4 , 5 [ 3 [ 2 ] ] ]) 1.27611646
137.521804471 :(1 [ 2 [ 3 [ 4 ] ] , 5 ],1 [ 3 [ 2 ] , 4 , 5 ]) 1.27611646
66.030362852 :(1 [ 2 [ 3 [ 4 ] ] , 5 ],1 [ 4 , 5 [ 2 [ 3 ] ] ]) 1.27611646
19.540244738 :(1 [ 2 [ 3 [ 4 ] ] , 5 ],1 [ 4 [ 3 [ 2 ] ] , 5 ]) 1.27611646
12.104066264 :(1 [ 2 [ 3 [ 4 ] ] , 5 ],1 [ 4 [ 3 ] , 5 [ 2 ] ]) 1.27611646
32.990315877 :(1 [ 2 [ 3 [ 4 ] ] , 5 ],1 [ 3 , 4 , 5 [ 2 ] ]) 1.27611646
0.470640526 :(1 [ 2 [ 3 [ 4 ] ] , 5 ],1 [ 3 , 4 , 5 [ 2 ] ]) 1.27711646
5.32662731 :(1 [ 2 [ 3 [ 4 ] ] , 5 ],1 [ 3 [ 4 ] , 5 [ 2 ] ]) 1.27611646
65.294178988 :(1 [ 2 [ 3 [ 4 ] ] , 5 ],1 [ 5 [ 2 [ 3 [ 4 ] ] ] ]) 1.27611646
189.348600744 :(1 [ 2 [ 3 [ 4 ] ] , 5 ],1 [ 3 [ 2 , 4 ] , 5 ]) 1.27611646
0.393897742 :(1 [ 2 [ 3 [ 4 ] ] , 5 ],1 [ 3 [ 2 [ 5 ] , 4 ] ]) 1.27611646
0.344362877 :(1 [ 2 [ 3 [ 4 ] ] , 5 ],1 [ 3 [ 2 , 4 , 5 ] ]) 1.27611646
0.425436088 :(1 [ 2 [ 3 [ 4 ] ] , 5 ],1 [ 4 [ 3 [ 2 , 5 ] ] ]) 1.27611646
0.439282453 :(1 [ 2 [ 3 [ 4 ] ] , 5 ],1 [ 4 [ 3 [ 2 [ 5 ] ] ] ]) 1.27611646
0.519587747 :(1 [ 2 [ 3 [ 4 ] ] , 5 ],1 [ 4 [ 3 [ 5 [ 2 ] ] ] ]) 1.27611646
0.396355117 :(1 [ 2 [ 3 [ 4 ] ] , 5 ],1 [ 3 [ 4 , 5 [ 2 ] ] ]) 1.27611646
0.466799822 :(1 [ 2 [ 3 [ 4 ] ] , 5 ],1 [ 3 [ 5 [ 2 ] ] , 4 ]) 1.27611646
0.416044681 :(1 [ 2 [ 3 [ 4 ] ] , 5 ],1 [ 3 [ 2 [ 5 ] ] , 4 ]) 1.27611646
0.421702537 :(1 [ 2 [ 3 [ 4 ] ] , 5 ],1 [ 3 [ 2 , 5 ] , 4 ]) 1.27611646
0.393866471 :(1 [ 2 [ 3 [ 4 ] , 5 ] ],1 [ 2 [ 3 , 5 ] , 4 ]) 1.27611646
0.317537608 :(1 [ 2 [ 3 [ 4 ] , 5 ] ],1 [ 2 [ 3 , 4 , 5 ] ]) 1.27611646
0.292634031 :(1 [ 2 [ 3 [ 4 ] , 5 ] ],1 [ 2 [ 3 [ 4 ] , 5 ] ]) 1.27611646
0.412730238 :(1 [ 2 [ 3 [ 4 ] , 5 ] ],1 [ 2 [ 3 , 5 [ 4 ] ] ]) 1.27611646
0.536839878 :(1 [ 2 [ 3 [ 4 ] , 5 ] ],1 [ 2 [ 3 ] , 4 [ 5 ] ]) 1.27611646
110.018634391 :(1 [ 2 [ 3 [ 4 ] , 5 ] ],1 [ 2 [ 3 ] , 5 [ 4 ] ]) 1.27611646
0.42712226 :(1 [ 2 [ 3 [ 4 ] , 5 ] ],1 [ 2 [ 3 , 4 [ 5 ] ] ]) 1.27611646
0.430851985 :(1 [ 2 [ 3 [ 4 ] , 5 ] ],1 [ 2 [ 3 [ 4 [ 5 ] ] ] ]) 1.27611646
0.396033463 :(1 [ 2 [ 3 [ 4 ] , 5 ] ],1 [ 2 [ 3 [ 5 [ 4 ] ] ] ]) 1.27611646
0.417373821 :(1 [ 2 [ 3 [ 4 ] , 5 ] ],1 [ 2 [ 3 [ 5 ] ] , 4 ]) 1.27611646
0.403620342 :(1 [ 2 [ 3 [ 4 ] , 5 ] ],1 [ 2 [ 3 [ 5 ] , 4 ] ]) 1.27611646
0.391474117 :(1 [ 2 [ 3 [ 4 ] , 5 ] ],1 [ 2 [ 3 [ 4 , 5 ] ] ]) 1.27611646
0.422035657 :(1 [ 2 [ 3 [ 4 ] , 5 ] ],1 [ 2 [ 3 [ 4 ] ] , 5 ]) 1.27611646
0.410633347 :(1 [ 2 [ 3 [ 4 ] , 5 ] ],1 [ 2 [ 3 ] , 4 , 5 ]) 1.27611646
0.391313396 :(1 [ 2 [ 3 [ 4 ] , 5 ] ],1 [ 2 [ 3 , 4 ] , 5 ]) 1.27611646
0.398532207 :(1 [ 2 [ 3 [ 4 ] , 5 ] ],1 [ 2 [ 4 ] , 3 , 5 ]) 1.27611646
107.885589101 :(1 [ 2 [ 3 [ 4 ] , 5 ] ],1 [ 2 [ 4 [ 3 ] ] , 5 ]) 1.27611646
0.412339469 :(1 [ 2 [ 3 [ 4 ] , 5 ] ],1 [ 2 [ 4 ] , 5 [ 3 ] ]) 1.27611646
76.597772751 :(1 [ 2 [ 3 [ 4 ] , 5 ] ],1 [ 2 , 4 , 5 [ 3 ] ]) 1.27611646
130.975805608 :(1 [ 2 [ 3 [ 4 ] , 5 ] ],1 [ 2 , 5 [ 3 [ 4 ] ] ]) 1.27611646
120.5121483 :(1 [ 2 [ 3 [ 4 ] , 5 ] ],1 [ 2 , 5 [ 3 , 4 ] ]) 1.27611646
142.831649967 :(1 [ 2 [ 3 [ 4 ] , 5 ] ],1 [ 2 , 3 , 5 [ 4 ] ]) 1.27611646
174.321237491 :(1 [ 2 [ 3 [ 4 ] , 5 ] ],1 [ 2 , 5 [ 4 [ 3 ] ] ]) 1.27611646
104.139361592 :(1 [ 2 [ 3 [ 4 ] , 5 ] ],1 [ 2 , 3 [ 4 ] , 5 ]) 1.27611646
223.3835575 :(1 [ 2 [ 3 [ 4 ] , 5 ] ],1 [ 2 , 4 [ 3 ] , 5 ]) 1.27611646
87.660614991 :(1 [ 2 [ 3 [ 4 ] , 5 ] ],1 [ 2 , 3 , 4 , 5 ]) 1.27611646
174.246159343 :(1 [ 2 [ 3 [ 4 ] , 5 ] ],1 [ 2 , 3 , 4 , 5 ]) 1.27711646
76.18085452 :(1 [ 2 [ 3 [ 4 ] , 5 ] ],1 [ 2 , 3 , 4 , 5 ]) 1.27811646
111.938290551 :(1 [ 2 [ 3 [ 4 ] , 5 ] ],1 [ 2 , 3 , 4 , 5 ]) 1.27911646
161.112303101 :(1 [ 2 [ 3 [ 4 ] , 5 ] ],1 [ 2 , 3 , 4 , 5 ]) 1.28011646
271.915392425 :(1 [ 2 [ 3 [ 4 ] , 5 ] ],1 [ 2 , 3 , 4 , 5 ]) 1.28111646
90.218308403 :(1 [ 2 [ 3 [ 4 ] , 5 ] ],1 [ 2 , 3 , 4 , 5 ]) 1.28211646
150.906262998 :(1 [ 2 [ 3 [ 4 ] , 5 ] ],1 [ 2 , 3 , 4 , 5 ]) 1.28311646
149.39869738 :(1 [ 2 [ 3 [ 4 ] , 5 ] ],1 [ 2 , 3 , 4 , 5 ]) 1.28411646
208.658875915 :(1 [ 2 [ 3 [ 4 ] , 5 ] ],1 [ 2 , 3 , 4 , 5 ]) 1.28511646
134.267120873 :(1 [ 2 [ 3 [ 4 ] , 5 ] ],1 [ 2 , 3 , 4 , 5 ]) 1.28611646
236.102875647 :(1 [ 2 [ 3 [ 4 ] , 5 ] ],1 [ 2 , 3 , 4 , 5 ]) 1.28806434
185.105031954 :(1 [ 2 [ 3 [ 4 ] , 5 ] ],1 [ 2 , 3 , 4 , 5 ]) 1.28906434
214.217036272 :(1 [ 2 [ 3 [ 4 ] , 5 ] ],1 [ 2 , 3 , 4 , 5 ]) 1.29006434
177.80219699 :(1 [ 2 [ 3 [ 4 ] , 5 ] ],1 [ 2 , 3 , 4 , 5 ]) 1.29106434
361.04717145 :(1 [ 2 [ 3 [ 4 ] , 5 ] ],1 [ 2 , 3 , 4 , 5 ]) 1.29206434
308.328157752 :(1 [ 2 [ 3 [ 4 ] , 5 ] ],1 [ 2 , 3 , 4 , 5 ]) 1.29306434
269.374791797 :(1 [ 2 [ 3 [ 4 ] , 5 ] ],1 [ 2 , 3 , 4 , 5 ]) 1.29406434
218.394247373 :(1 [ 2 [ 3 [ 4 ] , 5 ] ],1 [ 2 , 3 , 4 , 5 ]) 1.29506434
267.830861977 :(1 [ 2 [ 3 [ 4 ] , 5 ] ],1 [ 2 , 3 , 4 , 5 ]) 1.29606434
138.295686482 :(1 [ 2 [ 3 [ 4 ] , 5 ] ],1 [ 2 , 3 , 4 , 5 ]) 1.29706434
208.990582407 :(1 [ 2 [ 3 [ 4 ] , 5 ] ],1 [ 2 , 3 , 4 , 5 ]) 1.29806434
96.868065703 :(1 [ 2 [ 3 [ 4 ] , 5 ] ],1 [ 2 , 3 , 4 , 5 ]) 1.29906434
97.792999153 :(1 [ 2 [ 3 [ 4 ] , 5 ] ],1 [ 2 , 3 , 4 , 5 ]) 1.30006434
260.626734246 :(1 [ 2 [ 3 [ 4 ] , 5 ] ],1 [ 2 , 3 , 4 , 5 ]) 1.30482974
227.941495228 :(1 [ 2 [ 3 [ 4 ] , 5 ] ],1 [ 2 , 3 , 4 , 5 ]) 1.30582974
269.484314523 :(1 [ 2 [ 3 [ 4 ] , 5 ] ],1 [ 2 , 3 , 4 , 5 ]) 1.30685128
391.037226136 :(1 [ 2 [ 3 [ 4 ] , 5 ] ],1 [ 2 , 3 , 4 , 5 ]) 1.30785128
196.503015264 :(1 [ 2 [ 3 [ 4 ] , 5 ] ],1 [ 2 , 3 , 4 , 5 ]) 1.30885128
418.977650625 :(1 [ 2 [ 3 [ 4 ] , 5 ] ],1 [ 2 , 3 , 4 , 5 ]) 1.30985128
300.962353202 :(1 [ 2 [ 3 [ 4 ] , 5 ] ],1 [ 2 , 3 , 4 , 5 ]) 1.31101750
579.478909207 :(1 [ 2 [ 3 [ 4 ] , 5 ] ],1 [ 2 , 3 , 4 , 5 ]) 1.31201750
398.255300447 :(1 [ 2 [ 3 [ 4 ] , 5 ] ],1 [ 2 , 3 , 4 , 5 ]) 1.31301750
589.567427076 :(1 [ 2 [ 3 [ 4 ] , 5 ] ],1 [ 2 , 3 , 4 , 5 ]) 1.31401750
403.290403868 :(1 [ 2 [ 3 [ 4 ] , 5 ] ],1 [ 2 , 3 , 4 , 5 ]) 1.31533978
401.817756946 :(1 [ 2 [ 3 [ 4 ] , 5 ] ],1 [ 2 , 3 , 4 , 5 ]) 1.31633978
589.698266282 :(1 [ 2 [ 3 [ 4 ] , 5 ] ],1 [ 2 , 3 , 4 , 5 ]) 1.31733978
279.08500167 :(1 [ 2 [ 3 [ 4 ] , 5 ] ],1 [ 2 , 3 , 4 , 5 ]) 1.31833978
282.962839504 :(1 [ 2 [ 3 [ 4 ] , 5 ] ],1 [ 2 , 3 , 4 , 5 ]) 1.31933978
248.326822124 :(1 [ 2 [ 3 [ 4 ] , 5 ] ],1 [ 2 , 3 , 4 , 5 ]) 1.32033978
571.994663197 :(1 [ 2 [ 3 [ 4 ] , 5 ] ],1 [ 2 , 3 , 4 , 5 ]) 1.32133978
459.025775785 :(1 [ 2 [ 3 [ 4 ] , 5 ] ],1 [ 2 , 3 , 4 , 5 ]) 1.32233978
629.48330329 :(1 [ 2 [ 3 [ 4 ] , 5 ] ],1 [ 2 , 3 , 4 , 5 ]) 1.32411764
375.378642959 :(1 [ 2 [ 3 [ 4 ] , 5 ] ],1 [ 2 , 3 , 4 , 5 ]) 1.32511764
555.554176397 :(1 [ 2 [ 3 [ 4 ] , 5 ] ],1 [ 2 , 3 , 4 , 5 ]) 1.32611764
463.78461343 :(1 [ 2 [ 3 [ 4 ] , 5 ] ],1 [ 2 , 3 , 4 , 5 ]) 1.32711764
335.980556123 :(1 [ 2 [ 3 [ 4 ] , 5 ] ],1 [ 2 , 3 , 4 , 5 ]) 1.32811764
773.672724568 :(1 [ 2 [ 3 [ 4 ] , 5 ] ],1 [ 2 , 3 , 4 , 5 ]) 1.32911764
347.209058504 :(1 [ 2 [ 3 [ 4 ] , 5 ] ],1 [ 2 , 3 , 4 , 5 ]) 1.33011764
195.140478155 :(1 [ 2 [ 3 [ 4 ] , 5 ] ],1 [ 2 , 3 , 4 , 5 ]) 1.33111764
0.479536281 :(1 [ 2 [ 3 [ 4 ] , 5 ] ],1 [ 2 [ 5 ] , 3 , 4 ]) 1.33011764
0.573351798 :(1 [ 2 [ 3 [ 4 ] , 5 ] ],1 [ 2 , 3 [ 5 ] , 4 ]) 1.33011764
0.769927874 :(1 [ 2 [ 3 [ 4 ] , 5 ] ],1 [ 2 , 3 , 4 [ 5 ] ]) 1.33011764
413.475569527 :(1 [ 2 [ 3 [ 4 ] , 5 ] ],1 [ 2 , 4 [ 3 , 5 ] ]) 1.33011764
0.579871344 :(1 [ 2 [ 3 [ 4 ] , 5 ] ],1 [ 2 , 4 [ 5 [ 3 ] ] ]) 1.33011764
0.459210195 :(1 [ 2 [ 3 [ 4 ] , 5 ] ],1 [ 2 [ 5 [ 3 ] ] , 4 ]) 1.33011764
226.135747383 :(1 [ 2 [ 3 [ 4 ] , 5 ] ],1 [ 2 , 4 [ 3 [ 5 ] ] ]) 1.33011764
104.673635517 :(1 [ 2 [ 3 [ 4 ] , 5 ] ],1 [ 2 [ 5 ] , 4 [ 3 ] ]) 1.33011764
316.457774387 :(1 [ 2 [ 3 [ 4 ] , 5 ] ],1 [ 2 [ 5 ] , 3 [ 4 ] ]) 1.33011764
55.12395618 :(1 [ 2 [ 3 [ 4 ] , 5 ] ],1 [ 2 [ 4 [ 3 ] , 5 ] ]) 1.33011764
211.53792627 :(1 [ 2 [ 3 [ 4 ] , 5 ] ],1 [ 2 [ 5 [ 3 [ 4 ] ] ] ]) 1.33011764
145.909863302 :(1 [ 2 [ 3 [ 4 ] , 5 ] ],1 [ 2 [ 5 [ 4 [ 3 ] ] ] ]) 1.33011764
66.309530412 :(1 [ 2 [ 3 [ 4 ] , 5 ] ],1 [ 2 , 3 [ 4 [ 5 ] ] ]) 1.33011764
0.467377523 :(1 [ 2 [ 3 [ 4 ] , 5 ] ],1 [ 2 [ 4 [ 3 , 5 ] ] ]) 1.33011764
0.480489018 :(1 [ 2 [ 3 [ 4 ] , 5 ] ],1 [ 2 [ 4 [ 3 [ 5 ] ] ] ]) 1.33011764
251.090592348 :(1 [ 2 [ 3 [ 4 ] , 5 ] ],1 [ 2 , 3 [ 4 , 5 ] ]) 1.33011764
0.463655152 :(1 [ 2 [ 3 [ 4 ] , 5 ] ],1 [ 2 [ 4 ] , 3 [ 5 ] ]) 1.33011764
0.606606379 :(1 [ 2 [ 3 [ 4 ] , 5 ] ],1 [ 2 , 3 [ 5 [ 4 ] ] ]) 1.33011764
0.613289841 :(1 [ 2 [ 3 [ 4 ] , 5 ] ],1 [ 2 [ 4 [ 5 [ 3 ] ] ] ]) 1.33011764
0.443062519 :(1 [ 2 [ 3 [ 4 ] , 5 ] ],1 [ 2 [ 5 [ 3 , 4 ] ] ]) 1.33011764
0.440398448 :(1 [ 2 [ 3 [ 4 ] , 5 ] ],1 [ 2 [ 4 , 5 [ 3 ] ] ]) 1.33011764
0.437731608 :(1 [ 2 [ 3 [ 4 ] , 5 ] ],1 [ 2 [ 4 , 5 ] , 3 ]) 1.33011764
0.443462592 :(1 [ 2 [ 3 [ 4 ] , 5 ] ],1 [ 2 [ 5 [ 4 ] ] , 3 ]) 1.33011764
0.517370336 :(1 [ 2 [ 3 [ 4 ] , 5 ] ],1 [ 2 [ 4 [ 5 ] ] , 3 ]) 1.33011764
1.193998873 :(1 [ 2 [ 3 [ 4 ] , 5 ] ],1 [ 3 , 4 [ 2 , 5 ] ]) 1.33011764
0.523544084 :(1 [ 2 [ 3 [ 4 ] , 5 ] ],1 [ 3 , 5 [ 4 [ 2 ] ] ]) 1.33011764
25.483771748 :(1 [ 2 [ 3 [ 4 ] , 5 ] ],1 [ 3 [ 2 [ 4 [ 5 ] ] ] ]) 1.33011764
73.935566381 :(1 [ 2 [ 3 [ 4 ] , 5 ] ],1 [ 3 [ 4 [ 2 , 5 ] ] ]) 1.33011764
1.2773358 :(1 [ 2 [ 3 [ 4 ] , 5 ] ],1 [ 3 [ 5 [ 4 [ 2 ] ] ] ]) 1.33011764
6.825886647 :(1 [ 2 [ 3 [ 4 ] , 5 ] ],1 [ 3 [ 2 , 5 [ 4 ] ] ]) 1.33011764
15.702287597 :(1 [ 2 [ 3 [ 4 ] , 5 ] ],1 [ 3 [ 5 [ 2 , 4 ] ] ]) 1.33011764
169.365133351 :(1 [ 2 [ 3 [ 4 ] , 5 ] ],1 [ 3 , 4 [ 5 [ 2 ] ] ]) 1.33011764
320.071357248 :(1 [ 2 [ 3 [ 4 ] , 5 ] ],1 [ 3 , 5 [ 2 , 4 ] ]) 1.33011764
73.324677817 :(1 [ 2 [ 3 [ 4 ] , 5 ] ],1 [ 3 [ 2 [ 5 [ 4 ] ] ] ]) 1.33011764
77.877882819 :(1 [ 2 [ 3 [ 4 ] , 5 ] ],1 [ 3 [ 4 [ 5 [ 2 ] ] ] ]) 1.33011764
231.890193485 :(1 [ 2 [ 3 [ 4 ] , 5 ] ],1 [ 3 [ 2 , 4 [ 5 ] ] ]) 1.33011764
425.508029822 :(1 [ 2 [ 3 [ 4 ] , 5 ] ],1 [ 3 [ 2 ] , 4 [ 5 ] ]) 1.33011764
189.273730507 :(1 [ 2 [ 3 [ 4 ] , 5 ] ],1 [ 3 [ 2 ] , 5 [ 4 ] ]) 1.33011764
848.626631474 :(1 [ 2 [ 3 [ 4 ] , 5 ] ],1 [ 3 [ 2 ] , 4 , 5 ]) 1.33011764
202.526130009 :(1 [ 2 [ 3 [ 4 ] , 5 ] ],1 [ 3 [ 2 [ 4 ] ] , 5 ]) 1.33011764
477.569294254 :(1 [ 2 [ 3 [ 4 ] , 5 ] ],1 [ 3 [ 2 , 4 ] , 5 ]) 1.33011764
1019.537230913 :(1 [ 2 [ 3 [ 4 ] , 5 ] ],1 [ 3 [ 2 [ 5 ] , 4 ] ]) 1.33011764
829.370710784 :(1 [ 2 [ 3 [ 4 ] , 5 ] ],1 [ 3 [ 2 , 4 , 5 ] ]) 1.33011764
594.532565741 :(1 [ 2 [ 3 [ 4 ] , 5 ] ],1 [ 3 [ 2 , 5 ] , 4 ]) 1.33011764
85.559258855 :(1 [ 2 [ 3 [ 4 ] , 5 ] ],1 [ 3 [ 2 [ 4 ] , 5 ] ]) 1.33011764
72.682919336 :(1 [ 2 [ 3 [ 4 ] , 5 ] ],1 [ 3 [ 2 [ 4 , 5 ] ] ]) 1.33011764
498.326674788 :(1 [ 2 [ 3 [ 4 ] , 5 ] ],1 [ 3 [ 2 [ 5 ] ] , 4 ]) 1.33011764
702.515501922 :(1 [ 2 [ 3 [ 4 ] , 5 ] ],1 [ 3 , 4 , 5 [ 2 ] ]) 1.33011764
164.551762531 :(1 [ 2 [ 3 [ 4 ] , 5 ] ],1 [ 3 , 4 [ 2 [ 5 ] ] ]) 1.33011764
194.188895276 :(1 [ 2 [ 3 [ 4 ] , 5 ] ],1 [ 3 [ 5 [ 2 ] ] , 4 ]) 1.33011764
2.526885312 :(1 [ 2 [ 3 [ 4 ] , 5 ] ],1 [ 3 [ 5 [ 2 [ 4 ] ] ] ]) 1.33011764
405.786839843 :(1 [ 2 [ 3 [ 4 ] , 5 ] ],1 [ 3 [ 4 , 5 [ 2 ] ] ]) 1.33011764
819.602232198 :(1 [ 2 [ 3 [ 4 ] , 5 ] ],1 [ 3 [ 4 ] , 5 [ 2 ] ]) 1.33011764
83.311841834 :(1 [ 2 [ 3 [ 4 ] , 5 ] ],1 [ 3 [ 4 [ 2 [ 5 ] ] ] ]) 1.33011764
96.880589918 :(1 [ 2 [ 3 [ 4 ] , 5 ] ],1 [ 3 , 5 [ 2 [ 4 ] ] ]) 1.33011764
1.053029118 :(1 [ 2 [ 3 [ 4 ] , 5 ] ],1 [ 3 , 4 [ 2 ] , 5 ]) 1.33011764
75.199519477 :(1 [ 2 [ 3 [ 4 ] , 5 ] ],1 [ 3 [ 4 [ 2 ] ] , 5 ]) 1.33011764
87.27829338 :(1 [ 2 [ 3 [ 4 ] , 5 ] ],1 [ 3 [ 4 [ 2 ] , 5 ] ]) 1.33011764
0.647369641 :(1 [ 2 [ 3 [ 4 ] , 5 ] ],1 [ 3 [ 5 ] , 4 [ 2 ] ]) 1.33011764
0.734473515 :(1 [ 2 [ 3 [ 4 ] , 5 ] ],1 [ 4 [ 2 ] , 5 [ 3 ] ]) 1.33011764
149.666588427 :(1 [ 2 [ 3 [ 4 ] , 5 ] ],1 [ 4 [ 2 [ 3 [ 5 ] ] ] ]) 1.33011764
57.466678132 :(1 [ 2 [ 3 [ 4 ] , 5 ] ],1 [ 4 [ 2 [ 5 [ 3 ] ] ] ]) 1.33011764
66.111490407 :(1 [ 2 [ 3 [ 4 ] , 5 ] ],1 [ 4 [ 2 , 3 [ 5 ] ] ]) 1.33011764
5.245710586 :(1 [ 2 [ 3 [ 4 ] , 5 ] ],1 [ 4 [ 2 , 5 [ 3 ] ] ]) 1.33011764
4.80915869 :(1 [ 2 [ 3 [ 4 ] , 5 ] ],1 [ 5 [ 3 , 4 [ 2 ] ] ]) 1.33011764
36.866617729 :(1 [ 2 [ 3 [ 4 ] , 5 ] ],1 [ 5 [ 3 [ 2 [ 4 ] ] ] ]) 1.33011764
15.799155063 :(1 [ 2 [ 3 [ 4 ] , 5 ] ],1 [ 5 [ 2 [ 4 ] , 3 ] ]) 1.33011764
30.518082657 :(1 [ 2 [ 3 [ 4 ] , 5 ] ],1 [ 5 [ 3 [ 4 [ 2 ] ] ] ]) 1.33011764
142.68799852 :(1 [ 2 [ 3 [ 4 ] , 5 ] ],1 [ 4 [ 2 , 3 ] , 5 ]) 1.33011764
434.502816841 :(1 [ 2 [ 3 [ 4 ] , 5 ] ],1 [ 5 [ 2 [ 4 [ 3 ] ] ] ]) 1.33011764
177.326855039 :(1 [ 2 [ 3 [ 4 ] , 5 ] ],1 [ 5 [ 4 [ 2 , 3 ] ] ]) 1.33011764
110.579696393 :(1 [ 2 [ 3 [ 4 ] , 5 ] ],1 [ 5 [ 4 [ 2 [ 3 ] ] ] ]) 1.33011764
816.88557893 :(1 [ 2 [ 3 [ 4 ] , 5 ] ],1 [ 4 [ 2 [ 3 ] ] , 5 ]) 1.33011764
323.248625596 :(1 [ 2 [ 3 [ 4 ] , 5 ] ],1 [ 5 [ 2 [ 3 , 4 ] ] ]) 1.33011764
237.451365708 :(1 [ 2 [ 3 [ 4 ] , 5 ] ],1 [ 4 [ 2 [ 3 , 5 ] ] ]) 1.33011764
278.396407773 :(1 [ 2 [ 3 [ 4 ] , 5 ] ],1 [ 4 [ 2 [ 3 ] , 5 ] ]) 1.33011764
188.275516614 :(1 [ 2 [ 3 [ 4 ] , 5 ] ],1 [ 4 [ 2 , 3 , 5 ] ]) 1.33011764
268.604399854 :(1 [ 2 [ 3 [ 4 ] , 5 ] ],1 [ 4 [ 2 [ 5 ] , 3 ] ]) 1.33011764
427.124162593 :(1 [ 2 [ 3 [ 4 ] , 5 ] ],1 [ 4 [ 3 ] , 5 [ 2 ] ]) 1.33011764
237.0500494 :(1 [ 2 [ 3 [ 4 ] , 5 ] ],1 [ 4 [ 3 [ 2 [ 5 ] ] ] ]) 1.33011764
113.469157143 :(1 [ 2 [ 3 [ 4 ] , 5 ] ],1 [ 4 [ 3 [ 5 [ 2 ] ] ] ]) 1.33011764
310.504042861 :(1 [ 2 [ 3 [ 4 ] , 5 ] ],1 [ 4 [ 3 , 5 [ 2 ] ] ]) 1.33011764
242.986665002 :(1 [ 2 [ 3 [ 4 ] , 5 ] ],1 [ 4 [ 3 [ 2 ] , 5 ] ]) 1.33011764
649.187189637 :(1 [ 2 [ 3 [ 4 ] , 5 ] ],1 [ 4 [ 3 [ 2 ] ] , 5 ]) 1.33011764
114.572116454 :(1 [ 2 [ 3 [ 4 ] , 5 ] ],1 [ 4 [ 3 [ 2 , 5 ] ] ]) 1.33011764
316.421381872 :(1 [ 2 [ 3 [ 4 ] , 5 ] ],1 [ 4 , 5 [ 3 [ 2 ] ] ]) 1.33011764
223.687979651 :(1 [ 2 [ 3 [ 4 ] , 5 ] ],1 [ 4 [ 5 [ 3 [ 2 ] ] ] ]) 1.33011764
152.529645451 :(1 [ 2 [ 3 [ 4 ] , 5 ] ],1 [ 4 [ 5 [ 2 [ 3 ] ] ] ]) 1.33011764
189.13093149 :(1 [ 2 [ 3 [ 4 ] , 5 ] ],1 [ 4 , 5 [ 2 [ 3 ] ] ]) 1.33011764
430.726211406 :(1 [ 2 [ 3 [ 4 ] , 5 ] ],1 [ 4 , 5 [ 2 , 3 ] ]) 1.33011764
253.419540041 :(1 [ 2 [ 3 [ 4 ] , 5 ] ],1 [ 4 [ 5 [ 2 , 3 ] ] ]) 1.33011764
81.521876527 :(1 [ 2 [ 3 [ 4 ] , 5 ] ],1 [ 5 [ 2 , 3 , 4 ] ]) 1.33011764
225.256140167 :(1 [ 2 [ 3 [ 4 ] , 5 ] ],1 [ 5 [ 2 , 3 [ 4 ] ] ]) 1.33011764
343.578737819 :(1 [ 2 [ 3 [ 4 ] , 5 ] ],1 [ 5 [ 2 [ 3 [ 4 ] ] ] ]) 1.33011764
628.120964843 :(1 [ 2 [ 3 [ 4 ] , 5 ] ],1 [ 5 [ 2 , 4 [ 3 ] ] ]) 1.33011764
256.137790554 :(1 [ 2 [ 3 [ 4 ] , 5 ] ],1 [ 5 [ 2 [ 3 ] , 4 ] ]) 1.33011764
106.108486509 :(1 [ 2 [ 3 [ 4 ] , 5 ] ],1 [ 5 [ 4 [ 3 [ 2 ] ] ] ]) 1.33011764
371.996010757 :(1 [ 2 [ 3 [ 4 ] , 5 ] ],1 [ 5 [ 3 [ 2 ] , 4 ] ]) 1.33011764
207.749953312 :(1 [ 2 [ 3 [ 4 ] , 5 ] ],1 [ 5 [ 3 [ 2 , 4 ] ] ]) 1.33011764
0.447337982 :(1 [ 2 [ 3 [ 4 , 5 ] ] ],1 [ 2 [ 3 [ 4 ] ] , 5 ]) 1.33011764
0.45121599 :(1 [ 2 [ 3 [ 4 , 5 ] ] ],1 [ 2 [ 3 [ 4 ] , 5 ] ]) 1.33011764
0.367855487 :(1 [ 2 [ 3 [ 4 , 5 ] ] ],1 [ 2 [ 3 [ 4 , 5 ] ] ]) 1.33011764
0.412081825 :(1 [ 2 [ 3 [ 4 , 5 ] ] ],1 [ 2 [ 3 [ 4 [ 5 ] ] ] ]) 1.33011764
0.666623711 :(1 [ 2 [ 3 [ 4 , 5 ] ] ],1 [ 2 [ 3 ] , 4 [ 5 ] ]) 1.33011764
0.80584678 :(1 [ 2 [ 3 [ 4 , 5 ] ] ],1 [ 2 [ 3 ] , 5 [ 4 ] ]) 1.33011764
0.517899752 :(1 [ 2 [ 3 [ 4 , 5 ] ] ],1 [ 2 [ 3 , 4 [ 5 ] ] ]) 1.33011764
0.540025627 :(1 [ 2 [ 3 [ 4 , 5 ] ] ],1 [ 2 [ 3 , 5 [ 4 ] ] ]) 1.33011764
0.424753503 :(1 [ 2 [ 3 [ 4 , 5 ] ] ],1 [ 2 [ 3 [ 5 [ 4 ] ] ] ]) 1.33011764
0.575715394 :(1 [ 2 [ 3 [ 4 , 5 ] ] ],1 [ 2 [ 3 [ 5 ] ] , 4 ]) 1.33011764
0.497753044 :(1 [ 2 [ 3 [ 4 , 5 ] ] ],1 [ 2 [ 3 [ 5 ] , 4 ] ]) 1.33011764
146.812510263 :(1 [ 2 [ 3 [ 4 , 5 ] ] ],1 [ 2 [ 3 , 4 ] , 5 ]) 1.33011764
42.225944328 :(1 [ 2 [ 3 [ 4 , 5 ] ] ],1 [ 2 [ 3 , 4 , 5 ] ]) 1.33011764
214.348002149 :(1 [ 2 [ 3 [ 4 , 5 ] ] ],1 [ 2 [ 3 , 5 ] , 4 ]) 1.33011764
230.479876809 :(1 [ 2 [ 3 [ 4 , 5 ] ] ],1 [ 2 [ 3 ] , 4 , 5 ]) 1.33011764
194.849271813 :(1 [ 2 [ 3 [ 4 , 5 ] ] ],1 [ 2 , 3 , 4 , 5 ]) 1.33011764
625.381486438 :(1 [ 2 [ 3 [ 4 , 5 ] ] ],1 [ 2 , 4 [ 3 ] , 5 ]) 1.33011764
823.228047483 :(1 [ 2 [ 3 [ 4 , 5 ] ] ],1 [ 2 , 4 , 5 [ 3 ] ]) 1.33011764
1418.251331937 :(1 [ 2 [ 3 [ 4 , 5 ] ] ],1 [ 2 , 3 [ 5 ] , 4 ]) 1.33011764
258.498552634 :(1 [ 2 [ 3 [ 4 , 5 ] ] ],1 [ 2 [ 5 [ 3 ] ] , 4 ]) 1.33011764
703.704610672 :(1 [ 2 [ 3 [ 4 , 5 ] ] ],1 [ 2 , 4 [ 3 [ 5 ] ] ]) 1.33011764
244.987621176 :(1 [ 2 [ 3 [ 4 , 5 ] ] ],1 [ 2 , 4 [ 5 [ 3 ] ] ]) 1.33011764
0.572800729 :(1 [ 2 [ 3 [ 4 , 5 ] ] ],1 [ 2 , 3 , 4 [ 5 ] ]) 1.33011764
724.784269138 :(1 [ 2 [ 3 [ 4 , 5 ] ] ],1 [ 2 , 4 [ 3 , 5 ] ]) 1.33011764
598.092071983 :(1 [ 2 [ 3 [ 4 , 5 ] ] ],1 [ 2 [ 5 ] , 4 [ 3 ] ]) 1.33011764
184.323919021 :(1 [ 2 [ 3 [ 4 , 5 ] ] ],1 [ 2 [ 5 ] , 3 , 4 ]) 1.33011764
47.921852527 :(1 [ 2 [ 3 [ 4 , 5 ] ] ],1 [ 2 [ 4 , 5 ] , 3 ]) 1.33011764
267.83575588 :(1 [ 2 [ 3 [ 4 , 5 ] ] ],1 [ 2 [ 5 ] , 3 [ 4 ] ]) 1.33011764
0.574059088 :(1 [ 2 [ 3 [ 4 , 5 ] ] ],1 [ 2 [ 5 [ 4 ] ] , 3 ]) 1.33011764
133.424390848 :(1 [ 2 [ 3 [ 4 , 5 ] ] ],1 [ 2 [ 5 [ 4 [ 3 ] ] ] ]) 1.33011764
32.555380966 :(1 [ 2 [ 3 [ 4 , 5 ] ] ],1 [ 2 [ 5 [ 3 , 4 ] ] ]) 1.33011764
263.759204073 :(1 [ 2 [ 3 [ 4 , 5 ] ] ],1 [ 2 [ 4 , 5 [ 3 ] ] ]) 1.33011764
146.528729914 :(1 [ 2 [ 3 [ 4 , 5 ] ] ],1 [ 2 [ 5 [ 3 [ 4 ] ] ] ]) 1.33011764
269.538813487 :(1 [ 2 [ 3 [ 4 , 5 ] ] ],1 [ 2 [ 4 [ 3 ] , 5 ] ]) 1.33011764
522.373488499 :(1 [ 2 [ 3 [ 4 , 5 ] ] ],1 [ 2 [ 4 [ 3 ] ] , 5 ]) 1.33011764
36.631716708 :(1 [ 2 [ 3 [ 4 , 5 ] ] ],1 [ 2 [ 4 [ 3 [ 5 ] ] ] ]) 1.33011764
76.803344345 :(1 [ 2 [ 3 [ 4 , 5 ] ] ],1 [ 2 [ 4 [ 3 , 5 ] ] ]) 1.33011764
95.835237632 :(1 [ 2 [ 3 [ 4 , 5 ] ] ],1 [ 2 , 3 [ 4 [ 5 ] ] ]) 1.33011764
493.026410619 :(1 [ 2 [ 3 [ 4 , 5 ] ] ],1 [ 2 , 5 [ 4 [ 3 ] ] ]) 1.33011764
1223.250461663 :(1 [ 2 [ 3 [ 4 , 5 ] ] ],1 [ 2 , 3 [ 4 ] , 5 ]) 1.33011764
745.948574442 :(1 [ 2 [ 3 [ 4 , 5 ] ] ],1 [ 2 , 5 [ 3 [ 4 ] ] ]) 1.33011764
658.280008697 :(1 [ 2 [ 3 [ 4 , 5 ] ] ],1 [ 2 , 3 [ 4 , 5 ] ]) 1.33011764
537.311362074 :(1 [ 2 [ 3 [ 4 , 5 ] ] ],1 [ 2 [ 4 ] , 3 [ 5 ] ]) 1.33011764
155.207867305 :(1 [ 2 [ 3 [ 4 , 5 ] ] ],1 [ 2 , 3 [ 5 [ 4 ] ] ]) 1.33011764
489.454422292 :(1 [ 2 [ 3 [ 4 , 5 ] ] ],1 [ 2 , 5 [ 3 , 4 ] ]) 1.33011764
75.565032884 :(1 [ 2 [ 3 [ 4 , 5 ] ] ],1 [ 2 [ 4 [ 5 [ 3 ] ] ] ]) 1.33011764
414.392728772 :(1 [ 2 [ 3 [ 4 , 5 ] ] ],1 [ 2 [ 4 ] , 5 [ 3 ] ]) 1.33011764
87.062609652 :(1 [ 2 [ 3 [ 4 , 5 ] ] ],1 [ 2 [ 4 ] , 3 , 5 ]) 1.33011764
0.536904401 :(1 [ 2 [ 3 [ 4 , 5 ] ] ],1 [ 2 [ 4 [ 5 ] ] , 3 ]) 1.33011764
0.70816926 :(1 [ 2 [ 3 [ 4 , 5 ] ] ],1 [ 2 , 3 , 5 [ 4 ] ]) 1.33011764
613.967573711 :(1 [ 2 [ 3 [ 4 , 5 ] ] ],1 [ 3 [ 2 ] , 5 [ 4 ] ]) 1.33011764
0.504169109 :(1 [ 2 [ 3 [ 4 , 5 ] ] ],1 [ 3 , 5 [ 4 [ 2 ] ] ]) 1.33011764
0.518996368 :(1 [ 2 [ 3 [ 4 , 5 ] ] ],1 [ 3 , 5 [ 2 , 4 ] ]) 1.33011764
0.617793781 :(1 [ 2 [ 3 [ 4 , 5 ] ] ],1 [ 3 , 4 [ 5 [ 2 ] ] ]) 1.33011764
5.711065967 :(1 [ 2 [ 3 [ 4 , 5 ] ] ],1 [ 3 [ 2 [ 5 [ 4 ] ] ] ]) 1.33011764
1.327473001 :(1 [ 2 [ 3 [ 4 , 5 ] ] ],1 [ 3 [ 4 [ 5 [ 2 ] ] ] ]) 1.33011764
177.152669527 :(1 [ 2 [ 3 [ 4 , 5 ] ] ],1 [ 3 [ 5 [ 2 , 4 ] ] ]) 1.33011764
94.758311718 :(1 [ 2 [ 3 [ 4 , 5 ] ] ],1 [ 3 [ 2 , 5 [ 4 ] ] ]) 1.33011764
11.325463985 :(1 [ 2 [ 3 [ 4 , 5 ] ] ],1 [ 3 [ 5 [ 4 [ 2 ] ] ] ]) 1.33011764
0.608910751 :(1 [ 2 [ 3 [ 4 , 5 ] ] ],1 [ 3 , 4 [ 2 , 5 ] ]) 1.33011764
5.181245334 :(1 [ 2 [ 3 [ 4 , 5 ] ] ],1 [ 3 [ 2 [ 4 [ 5 ] ] ] ]) 1.33011764
111.730350728 :(1 [ 2 [ 3 [ 4 , 5 ] ] ],1 [ 3 [ 4 [ 2 , 5 ] ] ]) 1.33011764
54.283820412 :(1 [ 2 [ 3 [ 4 , 5 ] ] ],1 [ 3 [ 2 , 4 [ 5 ] ] ]) 1.33011764
226.466746737 :(1 [ 2 [ 3 [ 4 , 5 ] ] ],1 [ 3 [ 2 ] , 4 [ 5 ] ]) 1.33011764
1210.772307106 :(1 [ 2 [ 3 [ 4 , 5 ] ] ],1 [ 3 [ 2 ] , 4 , 5 ]) 1.33011764
202.519954684 :(1 [ 2 [ 3 [ 4 , 5 ] ] ],1 [ 3 [ 2 [ 5 ] ] , 4 ]) 1.33011764
470.13751615 :(1 [ 2 [ 3 [ 4 , 5 ] ] ],1 [ 3 [ 2 , 5 ] , 4 ]) 1.33011764
60.95684536 :(1 [ 2 [ 3 [ 4 , 5 ] ] ],1 [ 3 [ 2 [ 4 ] , 5 ] ]) 1.33011764
144.546249649 :(1 [ 2 [ 3 [ 4 , 5 ] ] ],1 [ 3 [ 2 , 4 , 5 ] ]) 1.33011764
699.995544105 :(1 [ 2 [ 3 [ 4 , 5 ] ] ],1 [ 3 [ 2 , 4 ] , 5 ]) 1.33011764
38.485365221 :(1 [ 2 [ 3 [ 4 , 5 ] ] ],1 [ 3 [ 2 [ 5 ] , 4 ] ]) 1.33011764
31.822836971 :(1 [ 2 [ 3 [ 4 , 5 ] ] ],1 [ 3 [ 2 [ 4 , 5 ] ] ]) 1.33011764
30.0196956 :(1 [ 2 [ 3 [ 4 , 5 ] ] ],1 [ 3 [ 2 [ 4 ] ] , 5 ]) 1.33011764
0.586740243 :(1 [ 2 [ 3 [ 4 , 5 ] ] ],1 [ 3 , 4 [ 2 ] , 5 ]) 1.33011764
0.820795051 :(1 [ 2 [ 3 [ 4 , 5 ] ] ],1 [ 3 , 5 [ 2 [ 4 ] ] ]) 1.33011764
45.042195068 :(1 [ 2 [ 3 [ 4 , 5 ] ] ],1 [ 3 [ 4 [ 2 ] ] , 5 ]) 1.33011764
11.284303661 :(1 [ 2 [ 3 [ 4 , 5 ] ] ],1 [ 3 [ 4 [ 2 [ 5 ] ] ] ]) 1.33011764
58.059393954 :(1 [ 2 [ 3 [ 4 , 5 ] ] ],1 [ 3 [ 4 [ 2 ] , 5 ] ]) 1.33011764
0.568522954 :(1 [ 2 [ 3 [ 4 , 5 ] ] ],1 [ 3 [ 5 ] , 4 [ 2 ] ]) 1.33011764
17.269533192 :(1 [ 2 [ 3 [ 4 , 5 ] ] ],1 [ 3 [ 5 [ 2 [ 4 ] ] ] ]) 1.33011764
0.734515503 :(1 [ 2 [ 3 [ 4 , 5 ] ] ],1 [ 3 , 4 [ 2 [ 5 ] ] ]) 1.33011764
0.86228586 :(1 [ 2 [ 3 [ 4 , 5 ] ] ],1 [ 3 , 4 , 5 [ 2 ] ]) 1.33011764
30.167437893 :(1 [ 2 [ 3 [ 4 , 5 ] ] ],1 [ 3 [ 5 [ 2 ] ] , 4 ]) 1.33011764
28.820471901 :(1 [ 2 [ 3 [ 4 , 5 ] ] ],1 [ 3 [ 4 , 5 [ 2 ] ] ]) 1.33011764
0.833850329 :(1 [ 2 [ 3 [ 4 , 5 ] ] ],1 [ 3 [ 4 ] , 5 [ 2 ] ]) 1.33011764
0.598122785 :(1 [ 2 [ 3 [ 4 , 5 ] ] ],1 [ 4 [ 3 ] , 5 [ 2 ] ]) 1.33011764
215.730530842 :(1 [ 2 [ 3 [ 4 , 5 ] ] ],1 [ 5 [ 2 [ 3 [ 4 ] ] ] ]) 1.33011764
441.666958805 :(1 [ 2 [ 3 [ 4 , 5 ] ] ],1 [ 5 [ 2 [ 4 [ 3 ] ] ] ]) 1.33011764
127.051082504 :(1 [ 2 [ 3 [ 4 , 5 ] ] ],1 [ 5 [ 2 , 3 [ 4 ] ] ]) 1.33011764
134.32149393 :(1 [ 2 [ 3 [ 4 , 5 ] ] ],1 [ 5 [ 2 , 4 [ 3 ] ] ]) 1.33011764
78.348379948 :(1 [ 2 [ 3 [ 4 , 5 ] ] ],1 [ 4 [ 3 , 5 [ 2 ] ] ]) 1.33011764
108.109884743 :(1 [ 2 [ 3 [ 4 , 5 ] ] ],1 [ 4 [ 3 [ 2 [ 5 ] ] ] ]) 1.33011764
12.668539964 :(1 [ 2 [ 3 [ 4 , 5 ] ] ],1 [ 4 [ 2 [ 5 ] , 3 ] ]) 1.33011764
111.366613188 :(1 [ 2 [ 3 [ 4 , 5 ] ] ],1 [ 4 [ 3 [ 5 [ 2 ] ] ] ]) 1.33011764
332.608382297 :(1 [ 2 [ 3 [ 4 , 5 ] ] ],1 [ 4 , 5 [ 2 , 3 ] ]) 1.33011764
467.9301002 :(1 [ 2 [ 3 [ 4 , 5 ] ] ],1 [ 4 [ 2 [ 5 [ 3 ] ] ] ]) 1.33011764
226.717593317 :(1 [ 2 [ 3 [ 4 , 5 ] ] ],1 [ 4 [ 5 [ 2 , 3 ] ] ]) 1.33011764
629.101629964 :(1 [ 2 [ 3 [ 4 , 5 ] ] ],1 [ 4 [ 5 [ 2 [ 3 ] ] ] ]) 1.33011764
936.235135181 :(1 [ 2 [ 3 [ 4 , 5 ] ] ],1 [ 4 , 5 [ 2 [ 3 ] ] ]) 1.33011764
510.357985269 :(1 [ 2 [ 3 [ 4 , 5 ] ] ],1 [ 4 [ 2 [ 3 , 5 ] ] ]) 1.33011764
179.132766617 :(1 [ 2 [ 3 [ 4 , 5 ] ] ],1 [ 5 [ 2 [ 3 , 4 ] ] ]) 1.33011764
232.811609385 :(1 [ 2 [ 3 [ 4 , 5 ] ] ],1 [ 5 [ 2 [ 3 ] , 4 ] ]) 1.33011764
205.078460782 :(1 [ 2 [ 3 [ 4 , 5 ] ] ],1 [ 5 [ 2 , 3 , 4 ] ]) 1.33011764
4.739742517 :(1 [ 2 [ 3 [ 4 , 5 ] ] ],1 [ 5 [ 2 [ 4 ] , 3 ] ]) 1.33011764
0.658047144 :(1 [ 2 [ 3 [ 4 , 5 ] ] ],1 [ 4 [ 2 ] , 5 [ 3 ] ]) 1.33011764
126.057312044 :(1 [ 2 [ 3 [ 4 , 5 ] ] ],1 [ 5 [ 3 [ 2 [ 4 ] ] ] ]) 1.33011764
82.636634678 :(1 [ 2 [ 3 [ 4 , 5 ] ] ],1 [ 5 [ 3 [ 4 [ 2 ] ] ] ]) 1.33011764
177.651146415 :(1 [ 2 [ 3 [ 4 , 5 ] ] ],1 [ 5 [ 3 , 4 [ 2 ] ] ]) 1.33011764
263.342139126 :(1 [ 2 [ 3 [ 4 , 5 ] ] ],1 [ 5 [ 3 [ 2 ] , 4 ] ]) 1.33011764
550.67358863 :(1 [ 2 [ 3 [ 4 , 5 ] ] ],1 [ 4 , 5 [ 3 [ 2 ] ] ]) 1.33011764
269.044875825 :(1 [ 2 [ 3 [ 4 , 5 ] ] ],1 [ 5 [ 3 [ 2 , 4 ] ] ]) 1.33011764
374.90441746 :(1 [ 2 [ 3 [ 4 , 5 ] ] ],1 [ 4 [ 3 [ 2 ] ] , 5 ]) 1.33011764
285.624552825 :(1 [ 2 [ 3 [ 4 , 5 ] ] ],1 [ 5 [ 4 [ 3 [ 2 ] ] ] ]) 1.33011764
230.963418855 :(1 [ 2 [ 3 [ 4 , 5 ] ] ],1 [ 5 [ 4 [ 2 [ 3 ] ] ] ]) 1.33011764
633.915652934 :(1 [ 2 [ 3 [ 4 , 5 ] ] ],1 [ 4 [ 2 [ 3 ] ] , 5 ]) 1.33011764
359.903329318 :(1 [ 2 [ 3 [ 4 , 5 ] ] ],1 [ 4 [ 2 , 3 ] , 5 ]) 1.33011764
307.233433777 :(1 [ 2 [ 3 [ 4 , 5 ] ] ],1 [ 5 [ 4 [ 2 , 3 ] ] ]) 1.33011764
345.49949919 :(1 [ 2 [ 3 [ 4 , 5 ] ] ],1 [ 4 [ 2 , 3 , 5 ] ]) 1.33011764
171.026219216 :(1 [ 2 [ 3 [ 4 , 5 ] ] ],1 [ 4 [ 2 , 3 [ 5 ] ] ]) 1.33011764
346.597496971 :(1 [ 2 [ 3 [ 4 , 5 ] ] ],1 [ 4 [ 2 [ 3 [ 5 ] ] ] ]) 1.33011764
362.554247041 :(1 [ 2 [ 3 [ 4 , 5 ] ] ],1 [ 4 [ 2 , 5 [ 3 ] ] ]) 1.33011764
343.164223126 :(1 [ 2 [ 3 [ 4 , 5 ] ] ],1 [ 4 [ 2 [ 3 ] , 5 ] ]) 1.33011764
462.853107838 :(1 [ 2 [ 3 [ 4 , 5 ] ] ],1 [ 4 [ 3 [ 2 ] , 5 ] ]) 1.33011764
262.893279276 :(1 [ 2 [ 3 [ 4 , 5 ] ] ],1 [ 4 [ 5 [ 3 [ 2 ] ] ] ]) 1.33011764
386.063015931 :(1 [ 2 [ 3 [ 4 , 5 ] ] ],1 [ 4 [ 3 [ 2 , 5 ] ] ]) 1.33011764
0.448984695 :(1 [ 2 [ 3 [ 4 [ 5 ] ] ] ],1 [ 2 [ 3 [ 4 ] ] , 5 ]) 1.33011764
0.45410707 :(1 [ 2 [ 3 [ 4 [ 5 ] ] ] ],1 [ 2 [ 3 [ 4 ] , 5 ] ]) 1.33011764
0.454164248 :(1 [ 2 [ 3 [ 4 [ 5 ] ] ] ],1 [ 2 [ 3 [ 4 , 5 ] ] ]) 1.33011764
0.372710394 :(1 [ 2 [ 3 [ 4 [ 5 ] ] ] ],1 [ 2 [ 3 [ 4 [ 5 ] ] ] ]) 1.33011764
741.695019355 :(1 [ 2 [ 3 [ 4 [ 5 ] ] ] ],1 [ 2 [ 3 ] , 4 [ 5 ] ]) 1.33011764
253.167026559 :(1 [ 2 [ 3 [ 4 [ 5 ] ] ] ],1 [ 2 [ 3 ] , 5 [ 4 ] ]) 1.33011764
505.237782994 :(1 [ 2 [ 3 [ 4 [ 5 ] ] ] ],1 [ 2 [ 3 , 4 [ 5 ] ] ]) 1.33011764
570.45223053 :(1 [ 2 [ 3 [ 4 [ 5 ] ] ] ],1 [ 2 [ 3 , 5 [ 4 ] ] ]) 1.33011764
147.034647823 :(1 [ 2 [ 3 [ 4 [ 5 ] ] ] ],1 [ 2 [ 3 [ 5 [ 4 ] ] ] ]) 1.33011764
0.450436028 :(1 [ 2 [ 3 [ 4 [ 5 ] ] ] ],1 [ 2 [ 3 [ 5 ] ] , 4 ]) 1.33011764
0.459359185 :(1 [ 2 [ 3 [ 4 [ 5 ] ] ] ],1 [ 2 [ 3 [ 5 ] , 4 ] ]) 1.33011764
0.492691412 :(1 [ 2 [ 3 [ 4 [ 5 ] ] ] ],1 [ 2 [ 3 , 4 ] , 5 ]) 1.33011764
0.46453723 :(1 [ 2 [ 3 [ 4 [ 5 ] ] ] ],1 [ 2 [ 3 , 4 , 5 ] ]) 1.33011764
0.476774958 :(1 [ 2 [ 3 [ 4 [ 5 ] ] ] ],1 [ 2 [ 3 , 5 ] , 4 ]) 1.33011764
0.493859358 :(1 [ 2 [ 3 [ 4 [ 5 ] ] ] ],1 [ 2 [ 3 ] , 4 , 5 ]) 1.33011764
0.595194398 :(1 [ 2 [ 3 [ 4 [ 5 ] ] ] ],1 [ 2 , 3 , 4 , 5 ]) 1.33011764
339.023360566 :(1 [ 2 [ 3 [ 4 [ 5 ] ] ] ],1 [ 2 , 4 [ 3 ] , 5 ]) 1.33011764
0.625088503 :(1 [ 2 [ 3 [ 4 [ 5 ] ] ] ],1 [ 2 , 4 , 5 [ 3 ] ]) 1.33011764
0.677686742 :(1 [ 2 [ 3 [ 4 [ 5 ] ] ] ],1 [ 2 , 3 [ 5 ] , 4 ]) 1.33011764
0.463390035 :(1 [ 2 [ 3 [ 4 [ 5 ] ] ] ],1 [ 2 [ 5 [ 3 ] ] , 4 ]) 1.33011764
80.32581382 :(1 [ 2 [ 3 [ 4 [ 5 ] ] ] ],1 [ 2 , 4 [ 3 [ 5 ] ] ]) 1.33011764
121.101581402 :(1 [ 2 [ 3 [ 4 [ 5 ] ] ] ],1 [ 2 , 4 [ 5 [ 3 ] ] ]) 1.33011764
325.558420791 :(1 [ 2 [ 3 [ 4 [ 5 ] ] ] ],1 [ 2 , 3 , 4 [ 5 ] ]) 1.33011764
784.698562517 :(1 [ 2 [ 3 [ 4 [ 5 ] ] ] ],1 [ 2 , 4 [ 3 , 5 ] ]) 1.33011764
269.738308465 :(1 [ 2 [ 3 [ 4 [ 5 ] ] ] ],1 [ 2 [ 5 ] , 4 [ 3 ] ]) 1.33011764
0.514749094 :(1 [ 2 [ 3 [ 4 [ 5 ] ] ] ],1 [ 2 [ 5 ] , 3 , 4 ]) 1.33011764
0.512881633 :(1 [ 2 [ 3 [ 4 [ 5 ] ] ] ],1 [ 2 [ 4 , 5 ] , 3 ]) 1.33011764
364.169720454 :(1 [ 2 [ 3 [ 4 [ 5 ] ] ] ],1 [ 2 [ 5 ] , 3 [ 4 ] ]) 1.33011764
128.508027924 :(1 [ 2 [ 3 [ 4 [ 5 ] ] ] ],1 [ 2 [ 5 [ 4 ] ] , 3 ]) 1.33011764
177.873790525 :(1 [ 2 [ 3 [ 4 [ 5 ] ] ] ],1 [ 2 [ 5 [ 4 [ 3 ] ] ] ]) 1.33011764
211.564522025 :(1 [ 2 [ 3 [ 4 [ 5 ] ] ] ],1 [ 2 [ 5 [ 3 , 4 ] ] ]) 1.33011764
0.620306821 :(1 [ 2 [ 3 [ 4 [ 5 ] ] ] ],1 [ 2 [ 4 , 5 [ 3 ] ] ]) 1.33011764
262.026680218 :(1 [ 2 [ 3 [ 4 [ 5 ] ] ] ],1 [ 2 [ 5 [ 3 [ 4 ] ] ] ]) 1.33011764
415.257030723 :(1 [ 2 [ 3 [ 4 [ 5 ] ] ] ],1 [ 2 [ 4 [ 3 ] , 5 ] ]) 1.33011764
196.910489335 :(1 [ 2 [ 3 [ 4 [ 5 ] ] ] ],1 [ 2 [ 4 [ 3 ] ] , 5 ]) 1.33011764
36.527956637 :(1 [ 2 [ 3 [ 4 [ 5 ] ] ] ],1 [ 2 [ 4 [ 3 [ 5 ] ] ] ]) 1.33011764
268.917302097 :(1 [ 2 [ 3 [ 4 [ 5 ] ] ] ],1 [ 2 [ 4 [ 3 , 5 ] ] ]) 1.33011764
752.408368724 :(1 [ 2 [ 3 [ 4 [ 5 ] ] ] ],1 [ 2 , 3 [ 4 [ 5 ] ] ]) 1.33011764
651.400423146 :(1 [ 2 [ 3 [ 4 [ 5 ] ] ] ],1 [ 2 , 5 [ 4 [ 3 ] ] ]) 1.33011764
942.591157182 :(1 [ 2 [ 3 [ 4 [ 5 ] ] ] ],1 [ 2 , 3 [ 4 ] , 5 ]) 1.33011764
351.154582039 :(1 [ 2 [ 3 [ 4 [ 5 ] ] ] ],1 [ 2 , 5 [ 3 [ 4 ] ] ]) 1.33011764
725.882335009 :(1 [ 2 [ 3 [ 4 [ 5 ] ] ] ],1 [ 2 , 3 [ 4 , 5 ] ]) 1.33011764
0.49722213 :(1 [ 2 [ 3 [ 4 [ 5 ] ] ] ],1 [ 2 [ 4 ] , 3 [ 5 ] ]) 1.33011764
387.596274579 :(1 [ 2 [ 3 [ 4 [ 5 ] ] ] ],1 [ 2 , 3 [ 5 [ 4 ] ] ]) 1.33011764
247.186035662 :(1 [ 2 [ 3 [ 4 [ 5 ] ] ] ],1 [ 2 , 5 [ 3 , 4 ] ]) 1.33011764
13.391991744 :(1 [ 2 [ 3 [ 4 [ 5 ] ] ] ],1 [ 2 [ 4 [ 5 [ 3 ] ] ] ]) 1.33011764
0.508836236 :(1 [ 2 [ 3 [ 4 [ 5 ] ] ] ],1 [ 2 [ 4 ] , 5 [ 3 ] ]) 1.33011764
0.486571389 :(1 [ 2 [ 3 [ 4 [ 5 ] ] ] ],1 [ 2 [ 4 ] , 3 , 5 ]) 1.33011764
60.798806474 :(1 [ 2 [ 3 [ 4 [ 5 ] ] ] ],1 [ 2 [ 4 [ 5 ] ] , 3 ]) 1.33011764
315.102099683 :(1 [ 2 [ 3 [ 4 [ 5 ] ] ] ],1 [ 2 , 3 , 5 [ 4 ] ]) 1.33011764
863.829286192 :(1 [ 2 [ 3 [ 4 [ 5 ] ] ] ],1 [ 3 [ 2 ] , 5 [ 4 ] ]) 1.33011764
0.666142423 :(1 [ 2 [ 3 [ 4 [ 5 ] ] ] ],1 [ 3 , 5 [ 4 [ 2 ] ] ]) 1.33011764
0.519693115 :(1 [ 2 [ 3 [ 4 [ 5 ] ] ] ],1 [ 3 , 5 [ 2 , 4 ] ]) 1.33011764
0.593006226 :(1 [ 2 [ 3 [ 4 [ 5 ] ] ] ],1 [ 3 , 4 [ 5 [ 2 ] ] ]) 1.33011764
22.752323758 :(1 [ 2 [ 3 [ 4 [ 5 ] ] ] ],1 [ 3 [ 2 [ 5 [ 4 ] ] ] ]) 1.33011764
19.16164682 :(1 [ 2 [ 3 [ 4 [ 5 ] ] ] ],1 [ 3 [ 4 [ 5 [ 2 ] ] ] ]) 1.33011764
32.605013606 :(1 [ 2 [ 3 [ 4 [ 5 ] ] ] ],1 [ 3 [ 5 [ 2 , 4 ] ] ]) 1.33011764
344.977811187 :(1 [ 2 [ 3 [ 4 [ 5 ] ] ] ],1 [ 3 [ 2 , 5 [ 4 ] ] ]) 1.33011764
5.579538946 :(1 [ 2 [ 3 [ 4 [ 5 ] ] ] ],1 [ 3 [ 5 [ 4 [ 2 ] ] ] ]) 1.33011764
0.477022792 :(1 [ 2 [ 3 [ 4 [ 5 ] ] ] ],1 [ 3 , 4 [ 2 , 5 ] ]) 1.33011764
43.840203068 :(1 [ 2 [ 3 [ 4 [ 5 ] ] ] ],1 [ 3 [ 2 [ 4 [ 5 ] ] ] ]) 1.33011764
54.435084431 :(1 [ 2 [ 3 [ 4 [ 5 ] ] ] ],1 [ 3 [ 4 [ 2 , 5 ] ] ]) 1.33011764
463.902235874 :(1 [ 2 [ 3 [ 4 [ 5 ] ] ] ],1 [ 3 [ 2 , 4 [ 5 ] ] ]) 1.33011764
1067.231946503 :(1 [ 2 [ 3 [ 4 [ 5 ] ] ] ],1 [ 3 [ 2 ] , 4 [ 5 ] ]) 1.33011764
721.434576198 :(1 [ 2 [ 3 [ 4 [ 5 ] ] ] ],1 [ 3 [ 2 ] , 4 , 5 ]) 1.33011764
73.634350513 :(1 [ 2 [ 3 [ 4 [ 5 ] ] ] ],1 [ 3 [ 2 [ 5 ] ] , 4 ]) 1.33011764
80.699421152 :(1 [ 2 [ 3 [ 4 [ 5 ] ] ] ],1 [ 3 [ 2 , 5 ] , 4 ]) 1.33011764
100.825337156 :(1 [ 2 [ 3 [ 4 [ 5 ] ] ] ],1 [ 3 [ 2 [ 4 ] , 5 ] ]) 1.33011764
631.451043148 :(1 [ 2 [ 3 [ 4 [ 5 ] ] ] ],1 [ 3 [ 2 , 4 , 5 ] ]) 1.33011764
719.143400613 :(1 [ 2 [ 3 [ 4 [ 5 ] ] ] ],1 [ 3 [ 2 , 4 ] , 5 ]) 1.33011764
96.77589681 :(1 [ 2 [ 3 [ 4 [ 5 ] ] ] ],1 [ 3 [ 2 [ 5 ] , 4 ] ]) 1.33011764
39.72362655 :(1 [ 2 [ 3 [ 4 [ 5 ] ] ] ],1 [ 3 [ 2 [ 4 , 5 ] ] ]) 1.33011764
216.330313705 :(1 [ 2 [ 3 [ 4 [ 5 ] ] ] ],1 [ 3 [ 2 [ 4 ] ] , 5 ]) 1.33011764
0.47587081 :(1 [ 2 [ 3 [ 4 [ 5 ] ] ] ],1 [ 3 , 4 [ 2 ] , 5 ]) 1.33011764
0.479727631 :(1 [ 2 [ 3 [ 4 [ 5 ] ] ] ],1 [ 3 , 5 [ 2 [ 4 ] ] ]) 1.33011764
158.472619544 :(1 [ 2 [ 3 [ 4 [ 5 ] ] ] ],1 [ 3 [ 4 [ 2 ] ] , 5 ]) 1.33011764
5.695453346 :(1 [ 2 [ 3 [ 4 [ 5 ] ] ] ],1 [ 3 [ 4 [ 2 [ 5 ] ] ] ]) 1.33011764
24.358192568 :(1 [ 2 [ 3 [ 4 [ 5 ] ] ] ],1 [ 3 [ 4 [ 2 ] , 5 ] ]) 1.33011764
0.557622848 :(1 [ 2 [ 3 [ 4 [ 5 ] ] ] ],1 [ 3 [ 5 ] , 4 [ 2 ] ]) 1.33011764
2.049970235 :(1 [ 2 [ 3 [ 4 [ 5 ] ] ] ],1 [ 3 [ 5 [ 2 [ 4 ] ] ] ]) 1.33011764
0.59519768 :(1 [ 2 [ 3 [ 4 [ 5 ] ] ] ],1 [ 3 , 4 [ 2 [ 5 ] ] ]) 1.33011764
0.510322169 :(1 [ 2 [ 3 [ 4 [ 5 ] ] ] ],1 [ 3 , 4 , 5 [ 2 ] ]) 1.33011764
0.452708195 :(1 [ 2 [ 3 [ 4 [ 5 ] ] ] ],1 [ 3 [ 5 [ 2 ] ] , 4 ]) 1.33011764
4.611972009 :(1 [ 2 [ 3 [ 4 [ 5 ] ] ] ],1 [ 3 [ 4 , 5 [ 2 ] ] ]) 1.33011764
0.461768742 :(1 [ 2 [ 3 [ 4 [ 5 ] ] ] ],1 [ 3 [ 4 ] , 5 [ 2 ] ]) 1.33011764
0.485439818 :(1 [ 2 [ 3 [ 4 [ 5 ] ] ] ],1 [ 4 [ 3 ] , 5 [ 2 ] ]) 1.33011764
64.903301895 :(1 [ 2 [ 3 [ 4 [ 5 ] ] ] ],1 [ 5 [ 2 [ 3 [ 4 ] ] ] ]) 1.33011764
395.82730565 :(1 [ 2 [ 3 [ 4 [ 5 ] ] ] ],1 [ 5 [ 2 [ 4 [ 3 ] ] ] ]) 1.33011764
175.209313295 :(1 [ 2 [ 3 [ 4 [ 5 ] ] ] ],1 [ 5 [ 2 , 3 [ 4 ] ] ]) 1.33011764
169.655386715 :(1 [ 2 [ 3 [ 4 [ 5 ] ] ] ],1 [ 5 [ 2 , 4 [ 3 ] ] ]) 1.33011764
52.433628649 :(1 [ 2 [ 3 [ 4 [ 5 ] ] ] ],1 [ 4 [ 3 , 5 [ 2 ] ] ]) 1.33011764
21.07653748 :(1 [ 2 [ 3 [ 4 [ 5 ] ] ] ],1 [ 4 [ 3 [ 2 [ 5 ] ] ] ]) 1.33011764
6.163120163 :(1 [ 2 [ 3 [ 4 [ 5 ] ] ] ],1 [ 4 [ 2 [ 5 ] , 3 ] ]) 1.33011764
2.137722419 :(1 [ 2 [ 3 [ 4 [ 5 ] ] ] ],1 [ 4 [ 3 [ 5 [ 2 ] ] ] ]) 1.33011764
0.455429677 :(1 [ 2 [ 3 [ 4 [ 5 ] ] ] ],1 [ 4 , 5 [ 2 , 3 ] ]) 1.33011764
0.71848469 :(1 [ 2 [ 3 [ 4 [ 5 ] ] ] ],1 [ 4 [ 2 [ 5 [ 3 ] ] ] ]) 1.33011764
92.134606845 :(1 [ 2 [ 3 [ 4 [ 5 ] ] ] ],1 [ 4 [ 5 [ 2 , 3 ] ] ]) 1.33011764
230.969955339 :(1 [ 2 [ 3 [ 4 [ 5 ] ] ] ],1 [ 4 [ 5 [ 2 [ 3 ] ] ] ]) 1.33011764
7.298800235 :(1 [ 2 [ 3 [ 4 [ 5 ] ] ] ],1 [ 4 , 5 [ 2 [ 3 ] ] ]) 1.33011764
2.193060513 :(1 [ 2 [ 3 [ 4 [ 5 ] ] ] ],1 [ 4 [ 2 [ 3 , 5 ] ] ]) 1.33011764
546.441163328 :(1 [ 2 [ 3 [ 4 [ 5 ] ] ] ],1 [ 5 [ 2 [ 3 , 4 ] ] ]) 1.33011764
577.587070976 :(1 [ 2 [ 3 [ 4 [ 5 ] ] ] ],1 [ 5 [ 2 [ 3 ] , 4 ] ]) 1.33011764
609.843508977 :(1 [ 2 [ 3 [ 4 [ 5 ] ] ] ],1 [ 5 [ 2 , 3 , 4 ] ]) 1.33011764
0.862066344 :(1 [ 2 [ 3 [ 4 [ 5 ] ] ] ],1 [ 5 [ 2 [ 4 ] , 3 ] ]) 1.33011764
0.451207267 :(1 [ 2 [ 3 [ 4 [ 5 ] ] ] ],1 [ 4 [ 2 ] , 5 [ 3 ] ]) 1.33011764
35.142289801 :(1 [ 2 [ 3 [ 4 [ 5 ] ] ] ],1 [ 5 [ 3 [ 2 [ 4 ] ] ] ]) 1.33011764
162.651476656 :(1 [ 2 [ 3 [ 4 [ 5 ] ] ] ],1 [ 5 [ 3 [ 4 [ 2 ] ] ] ]) 1.33011764
154.994401558 :(1 [ 2 [ 3 [ 4 [ 5 ] ] ] ],1 [ 5 [ 3 , 4 [ 2 ] ] ]) 1.33011764
867.880138697 :(1 [ 2 [ 3 [ 4 [ 5 ] ] ] ],1 [ 5 [ 3 [ 2 ] , 4 ] ]) 1.33011764
32.664803815 :(1 [ 2 [ 3 [ 4 [ 5 ] ] ] ],1 [ 4 , 5 [ 3 [ 2 ] ] ]) 1.33011764
561.349674968 :(1 [ 2 [ 3 [ 4 [ 5 ] ] ] ],1 [ 5 [ 3 [ 2 , 4 ] ] ]) 1.33011764
353.744691485 :(1 [ 2 [ 3 [ 4 [ 5 ] ] ] ],1 [ 4 [ 3 [ 2 ] ] , 5 ]) 1.33011764
473.433066316 :(1 [ 2 [ 3 [ 4 [ 5 ] ] ] ],1 [ 5 [ 4 [ 3 [ 2 ] ] ] ]) 1.33011764
267.799673728 :(1 [ 2 [ 3 [ 4 [ 5 ] ] ] ],1 [ 5 [ 4 [ 2 [ 3 ] ] ] ]) 1.33011764
370.711568854 :(1 [ 2 [ 3 [ 4 [ 5 ] ] ] ],1 [ 4 [ 2 [ 3 ] ] , 5 ]) 1.33011764
202.941100427 :(1 [ 2 [ 3 [ 4 [ 5 ] ] ] ],1 [ 4 [ 2 , 3 ] , 5 ]) 1.33011764
274.658653898 :(1 [ 2 [ 3 [ 4 [ 5 ] ] ] ],1 [ 5 [ 4 [ 2 , 3 ] ] ]) 1.33011764
453.056649427 :(1 [ 2 [ 3 [ 4 [ 5 ] ] ] ],1 [ 4 [ 2 , 3 , 5 ] ]) 1.33011764
20.169055334 :(1 [ 2 [ 3 [ 4 [ 5 ] ] ] ],1 [ 4 [ 2 , 3 [ 5 ] ] ]) 1.33011764
2.619562145 :(1 [ 2 [ 3 [ 4 [ 5 ] ] ] ],1 [ 4 [ 2 [ 3 [ 5 ] ] ] ]) 1.33011764
25.937935242 :(1 [ 2 [ 3 [ 4 [ 5 ] ] ] ],1 [ 4 [ 2 , 5 [ 3 ] ] ]) 1.33011764
832.798049566 :(1 [ 2 [ 3 [ 4 [ 5 ] ] ] ],1 [ 4 [ 2 [ 3 ] , 5 ] ]) 1.33011764
490.063279404 :(1 [ 2 [ 3 [ 4 [ 5 ] ] ] ],1 [ 4 [ 3 [ 2 ] , 5 ] ]) 1.33011764
105.35295146 :(1 [ 2 [ 3 [ 4 [ 5 ] ] ] ],1 [ 4 [ 5 [ 3 [ 2 ] ] ] ]) 1.33011764
72.942148071 :(1 [ 2 [ 3 [ 4 [ 5 ] ] ] ],1 [ 4 [ 3 [ 2 , 5 ] ] ]) 1.33011764
0.422072753 :(1 [ 2 [ 3 ] , 4 [ 5 ] ],1 [ 2 [ 3 ] , 4 , 5 ]) 1.33011764
0.424836788 :(1 [ 2 [ 3 ] , 4 [ 5 ] ],1 [ 2 [ 3 , 5 ] , 4 ]) 1.33011764
0.454773209 :(1 [ 2 [ 3 ] , 4 [ 5 ] ],1 [ 2 [ 3 [ 5 ] ] , 4 ]) 1.33011764
0.380483292 :(1 [ 2 [ 3 ] , 4 [ 5 ] ],1 [ 2 [ 3 ] , 4 [ 5 ] ]) 1.33011764
0.471026454 :(1 [ 2 [ 3 ] , 4 [ 5 ] ],1 [ 2 , 3 , 4 [ 5 ] ]) 1.33011764
0.462837949 :(1 [ 2 [ 3 ] , 4 [ 5 ] ],1 [ 2 , 4 [ 3 , 5 ] ]) 1.33011764
0.446509397 :(1 [ 2 [ 3 ] , 4 [ 5 ] ],1 [ 2 , 4 [ 5 [ 3 ] ] ]) 1.33011764
0.447462853 :(1 [ 2 [ 3 ] , 4 [ 5 ] ],1 [ 2 , 3 [ 5 ] , 4 ]) 1.33011764
0.501412366 :(1 [ 2 [ 3 ] , 4 [ 5 ] ],1 [ 2 , 4 , 5 [ 3 ] ]) 1.33011764
0.44432979 :(1 [ 2 [ 3 ] , 4 [ 5 ] ],1 [ 2 [ 5 [ 3 ] ] , 4 ]) 1.33011764
0.466495597 :(1 [ 2 [ 3 ] , 4 [ 5 ] ],1 [ 2 , 4 [ 3 [ 5 ] ] ]) 1.33011764
0.456812107 :(1 [ 2 [ 3 ] , 4 [ 5 ] ],1 [ 2 , 4 [ 3 ] , 5 ]) 1.33011764
0.415891277 :(1 [ 2 [ 3 ] , 4 [ 5 ] ],1 [ 2 [ 5 ] , 4 [ 3 ] ]) 1.33011764
0.481198226 :(1 [ 2 [ 3 ] , 4 [ 5 ] ],1 [ 2 [ 5 ] , 3 , 4 ]) 1.33011764
0.423904447 :(1 [ 2 [ 3 ] , 4 [ 5 ] ],1 [ 2 , 3 , 4 , 5 ]) 1.33011764
0.478287683 :(1 [ 2 [ 3 ] , 4 [ 5 ] ],1 [ 2 [ 4 ] , 3 , 5 ]) 1.33011764
0.464476841 :(1 [ 2 [ 3 ] , 4 [ 5 ] ],1 [ 2 , 3 [ 4 ] , 5 ]) 1.33011764
250.543353421 :(1 [ 2 [ 3 ] , 4 [ 5 ] ],1 [ 2 , 3 , 5 [ 4 ] ]) 1.33011764
73.820031286 :(1 [ 2 [ 3 ] , 4 [ 5 ] ],1 [ 2 [ 4 [ 5 ] ] , 3 ]) 1.33011764
48.463526679 :(1 [ 2 [ 3 ] , 4 [ 5 ] ],1 [ 2 [ 5 [ 4 ] ] , 3 ]) 1.33011764
162.689825716 :(1 [ 2 [ 3 ] , 4 [ 5 ] ],1 [ 2 , 3 [ 4 [ 5 ] ] ]) 1.33011764
294.814548395 :(1 [ 2 [ 3 ] , 4 [ 5 ] ],1 [ 2 , 3 [ 5 [ 4 ] ] ]) 1.33011764
0.522786024 :(1 [ 2 [ 3 ] , 4 [ 5 ] ],1 [ 2 [ 4 ] , 3 [ 5 ] ]) 1.33011764
0.471943456 :(1 [ 2 [ 3 ] , 4 [ 5 ] ],1 [ 2 , 3 [ 4 , 5 ] ]) 1.33011764
0.498063062 :(1 [ 2 [ 3 ] , 4 [ 5 ] ],1 [ 2 [ 5 ] , 3 [ 4 ] ]) 1.33011764
0.350499634 :(1 [ 2 [ 3 ] , 4 [ 5 ] ],1 [ 2 [ 4 , 5 ] , 3 ]) 1.33011764
0.428571334 :(1 [ 2 [ 3 ] , 4 [ 5 ] ],1 [ 2 [ 3 , 4 , 5 ] ]) 1.33011764
0.426471813 :(1 [ 2 [ 3 ] , 4 [ 5 ] ],1 [ 2 [ 4 [ 3 ] , 5 ] ]) 1.33011764
0.535883548 :(1 [ 2 [ 3 ] , 4 [ 5 ] ],1 [ 2 [ 4 , 5 [ 3 ] ] ]) 1.33011764
0.450998806 :(1 [ 2 [ 3 ] , 4 [ 5 ] ],1 [ 2 [ 5 [ 3 [ 4 ] ] ] ]) 1.33011764
0.461572773 :(1 [ 2 [ 3 ] , 4 [ 5 ] ],1 [ 2 [ 5 [ 3 , 4 ] ] ]) 1.33011764
163.086572309 :(1 [ 2 [ 3 ] , 4 [ 5 ] ],1 [ 2 [ 3 , 5 [ 4 ] ] ]) 1.33011764
0.484303178 :(1 [ 2 [ 3 ] , 4 [ 5 ] ],1 [ 2 [ 5 [ 4 [ 3 ] ] ] ]) 1.33011764
0.444635615 :(1 [ 2 [ 3 ] , 4 [ 5 ] ],1 [ 2 [ 3 [ 4 ] , 5 ] ]) 1.33011764
0.480016496 :(1 [ 2 [ 3 ] , 4 [ 5 ] ],1 [ 2 [ 3 [ 4 ] ] , 5 ]) 1.33011764
0.45409214 :(1 [ 2 [ 3 ] , 4 [ 5 ] ],1 [ 2 [ 3 [ 4 , 5 ] ] ]) 1.33011764
151.630376061 :(1 [ 2 [ 3 ] , 4 [ 5 ] ],1 [ 2 [ 3 [ 4 [ 5 ] ] ] ]) 1.33011764
0.561719966 :(1 [ 2 [ 3 ] , 4 [ 5 ] ],1 [ 2 , 5 [ 4 [ 3 ] ] ]) 1.33011764
0.41967724 :(1 [ 2 [ 3 ] , 4 [ 5 ] ],1 [ 2 [ 4 [ 3 , 5 ] ] ]) 1.33011764
0.469662604 :(1 [ 2 [ 3 ] , 4 [ 5 ] ],1 [ 2 [ 4 [ 3 ] ] , 5 ]) 1.33011764
0.475126007 :(1 [ 2 [ 3 ] , 4 [ 5 ] ],1 [ 2 [ 4 [ 3 [ 5 ] ] ] ]) 1.33011764
0.441674689 :(1 [ 2 [ 3 ] , 4 [ 5 ] ],1 [ 2 , 5 [ 3 [ 4 ] ] ]) 1.33011764
0.524436706 :(1 [ 2 [ 3 ] , 4 [ 5 ] ],1 [ 2 [ 4 ] , 5 [ 3 ] ]) 1.33011764
0.611261433 :(1 [ 2 [ 3 ] , 4 [ 5 ] ],1 [ 2 , 5 [ 3 , 4 ] ]) 1.33011764
122.90989196 :(1 [ 2 [ 3 ] , 4 [ 5 ] ],1 [ 2 [ 3 [ 5 [ 4 ] ] ] ]) 1.33011764
0.481534972 :(1 [ 2 [ 3 ] , 4 [ 5 ] ],1 [ 2 [ 4 [ 5 [ 3 ] ] ] ]) 1.33011764
0.448643961 :(1 [ 2 [ 3 ] , 4 [ 5 ] ],1 [ 2 [ 3 [ 5 ] , 4 ] ]) 1.33011764
0.442016003 :(1 [ 2 [ 3 ] , 4 [ 5 ] ],1 [ 2 [ 3 , 4 ] , 5 ]) 1.33011764
110.031040636 :(1 [ 2 [ 3 ] , 4 [ 5 ] ],1 [ 2 [ 3 , 4 [ 5 ] ] ]) 1.33011764
25.350902025 :(1 [ 2 [ 3 ] , 4 [ 5 ] ],1 [ 2 [ 3 ] , 5 [ 4 ] ]) 1.33011764
157.079889269 :(1 [ 2 [ 3 ] , 4 [ 5 ] ],1 [ 3 [ 2 ] , 5 [ 4 ] ]) 1.33011764
103.698872041 :(1 [ 2 [ 3 ] , 4 [ 5 ] ],1 [ 5 [ 4 [ 2 [ 3 ] ] ] ]) 1.33011764
110.763639654 :(1 [ 2 [ 3 ] , 4 [ 5 ] ],1 [ 5 [ 2 [ 3 ] , 4 ] ]) 1.33011764
127.383341655 :(1 [ 2 [ 3 ] , 4 [ 5 ] ],1 [ 5 [ 4 [ 3 [ 2 ] ] ] ]) 1.33011764
218.642153833 :(1 [ 2 [ 3 ] , 4 [ 5 ] ],1 [ 5 [ 3 [ 2 ] , 4 ] ]) 1.33011764
301.851459348 :(1 [ 2 [ 3 ] , 4 [ 5 ] ],1 [ 3 [ 2 , 5 [ 4 ] ] ]) 1.33011764
188.465598383 :(1 [ 2 [ 3 ] , 4 [ 5 ] ],1 [ 4 [ 5 [ 3 [ 2 ] ] ] ]) 1.33011764
59.814272553 :(1 [ 2 [ 3 ] , 4 [ 5 ] ],1 [ 3 [ 2 ] , 4 [ 5 ] ]) 1.33011764
214.751576872 :(1 [ 2 [ 3 ] , 4 [ 5 ] ],1 [ 4 [ 2 [ 3 ] , 5 ] ]) 1.33011764
185.069510989 :(1 [ 2 [ 3 ] , 4 [ 5 ] ],1 [ 4 [ 5 [ 2 [ 3 ] ] ] ]) 1.33011764
133.679278087 :(1 [ 2 [ 3 ] , 4 [ 5 ] ],1 [ 4 [ 3 [ 2 ] , 5 ] ]) 1.33011764
88.570186664 :(1 [ 2 [ 3 ] , 4 [ 5 ] ],1 [ 3 [ 2 , 4 [ 5 ] ] ]) 1.33011764
86.276952991 :(1 [ 2 [ 3 ] , 4 [ 5 ] ],1 [ 3 [ 2 [ 4 [ 5 ] ] ] ]) 1.33011764
182.541592029 :(1 [ 2 [ 3 ] , 4 [ 5 ] ],1 [ 3 [ 2 [ 5 [ 4 ] ] ] ]) 1.33011764
0.589932981 :(1 [ 2 [ 3 ] , 4 [ 5 ] ],1 [ 3 [ 2 [ 5 ] ] , 4 ]) 1.33011764
0.528596927 :(1 [ 2 [ 3 ] , 4 [ 5 ] ],1 [ 3 [ 2 [ 4 , 5 ] ] ]) 1.33011764
0.497947065 :(1 [ 2 [ 3 ] , 4 [ 5 ] ],1 [ 3 [ 2 [ 5 ] , 4 ] ]) 1.33011764
0.522697126 :(1 [ 2 [ 3 ] , 4 [ 5 ] ],1 [ 3 [ 2 , 4 ] , 5 ]) 1.33011764
0.47801457 :(1 [ 2 [ 3 ] , 4 [ 5 ] ],1 [ 3 [ 2 , 4 , 5 ] ]) 1.33011764
0.454861003 :(1 [ 2 [ 3 ] , 4 [ 5 ] ],1 [ 3 [ 2 , 5 ] , 4 ]) 1.33011764
0.527773192 :(1 [ 2 [ 3 ] , 4 [ 5 ] ],1 [ 3 [ 2 [ 4 ] , 5 ] ]) 1.33011764
0.46911371 :(1 [ 2 [ 3 ] , 4 [ 5 ] ],1 [ 3 [ 2 [ 4 ] ] , 5 ]) 1.33011764
158.002995484 :(1 [ 2 [ 3 ] , 4 [ 5 ] ],1 [ 3 [ 2 ] , 4 , 5 ]) 1.33011764
92.188517079 :(1 [ 2 [ 3 ] , 4 [ 5 ] ],1 [ 4 [ 2 [ 3 ] ] , 5 ]) 1.33011764
167.489424337 :(1 [ 2 [ 3 ] , 4 [ 5 ] ],1 [ 4 , 5 [ 2 [ 3 ] ] ]) 1.33011764
7.30079244 :(1 [ 2 [ 3 ] , 4 [ 5 ] ],1 [ 4 [ 3 [ 2 ] ] , 5 ]) 1.33011764
228.135989477 :(1 [ 2 [ 3 ] , 4 [ 5 ] ],1 [ 4 , 5 [ 3 [ 2 ] ] ]) 1.33011764
0.550944111 :(1 [ 2 [ 3 ] , 4 [ 5 ] ],1 [ 5 [ 3 [ 2 [ 4 ] ] ] ]) 1.33011764
0.436004464 :(1 [ 2 [ 3 ] , 4 [ 5 ] ],1 [ 5 [ 3 [ 2 , 4 ] ] ]) 1.33011764
0.427143587 :(1 [ 2 [ 3 ] , 4 [ 5 ] ],1 [ 5 [ 2 [ 3 [ 4 ] ] ] ]) 1.33011764
0.544346302 :(1 [ 2 [ 3 ] , 4 [ 5 ] ],1 [ 5 [ 2 [ 3 , 4 ] ] ]) 1.33011764
0.466268205 :(1 [ 2 [ 3 ] , 4 [ 5 ] ],1 [ 4 [ 2 [ 3 , 5 ] ] ]) 1.33011764
0.458770934 :(1 [ 2 [ 3 ] , 4 [ 5 ] ],1 [ 4 [ 3 [ 2 [ 5 ] ] ] ]) 1.33011764
0.46018695 :(1 [ 2 [ 3 ] , 4 [ 5 ] ],1 [ 4 [ 3 [ 2 , 5 ] ] ]) 1.33011764
0.464182254 :(1 [ 2 [ 3 ] , 4 [ 5 ] ],1 [ 4 [ 2 [ 3 [ 5 ] ] ] ]) 1.33011764
0.440911176 :(1 [ 2 [ 3 ] , 4 [ 5 ] ],1 [ 3 [ 5 ] , 4 [ 2 ] ]) 1.33011764
0.464218435 :(1 [ 2 [ 3 ] , 4 [ 5 ] ],1 [ 4 [ 2 ] , 5 [ 3 ] ]) 1.33011764
0.458183 :(1 [ 2 [ 3 ] , 4 [ 5 ] ],1 [ 4 [ 2 [ 5 [ 3 ] ] ] ]) 1.33011764
0.441650673 :(1 [ 2 [ 3 ] , 4 [ 5 ] ],1 [ 4 [ 2 , 3 [ 5 ] ] ]) 1.33011764
0.510294249 :(1 [ 2 [ 3 ] , 4 [ 5 ] ],1 [ 4 [ 2 , 5 [ 3 ] ] ]) 1.33011764
0.487449253 :(1 [ 2 [ 3 ] , 4 [ 5 ] ],1 [ 4 [ 5 [ 2 , 3 ] ] ]) 1.33011764
0.41422148 :(1 [ 2 [ 3 ] , 4 [ 5 ] ],1 [ 3 [ 5 [ 2 ] ] , 4 ]) 1.33011764
0.704280775 :(1 [ 2 [ 3 ] , 4 [ 5 ] ],1 [ 4 , 5 [ 2 , 3 ] ]) 1.33011764
0.40854305 :(1 [ 2 [ 3 ] , 4 [ 5 ] ],1 [ 4 [ 3 [ 5 [ 2 ] ] ] ]) 1.33011764
0.533931627 :(1 [ 2 [ 3 ] , 4 [ 5 ] ],1 [ 4 [ 3 ] , 5 [ 2 ] ]) 1.33011764
0.466264873 :(1 [ 2 [ 3 ] , 4 [ 5 ] ],1 [ 4 [ 2 [ 5 ] , 3 ] ]) 1.33011764
0.483385245 :(1 [ 2 [ 3 ] , 4 [ 5 ] ],1 [ 4 [ 3 , 5 [ 2 ] ] ]) 1.33011764
0.491210306 :(1 [ 2 [ 3 ] , 4 [ 5 ] ],1 [ 3 , 4 [ 5 [ 2 ] ] ]) 1.33011764
0.637241507 :(1 [ 2 [ 3 ] , 4 [ 5 ] ],1 [ 3 , 4 , 5 [ 2 ] ]) 1.33011764
0.466279584 :(1 [ 2 [ 3 ] , 4 [ 5 ] ],1 [ 3 , 4 [ 2 [ 5 ] ] ]) 1.33011764
0.455677295 :(1 [ 2 [ 3 ] , 4 [ 5 ] ],1 [ 3 , 4 [ 2 ] , 5 ]) 1.33011764
0.490903446 :(1 [ 2 [ 3 ] , 4 [ 5 ] ],1 [ 3 , 4 [ 2 , 5 ] ]) 1.33011764
0.501631365 :(1 [ 2 [ 3 ] , 4 [ 5 ] ],1 [ 4 [ 2 , 3 , 5 ] ]) 1.33011764
0.469747057 :(1 [ 2 [ 3 ] , 4 [ 5 ] ],1 [ 4 [ 2 , 3 ] , 5 ]) 1.33011764
0.581258543 :(1 [ 2 [ 3 ] , 4 [ 5 ] ],1 [ 3 [ 4 [ 2 ] ] , 5 ]) 1.33011764
0.490913474 :(1 [ 2 [ 3 ] , 4 [ 5 ] ],1 [ 5 [ 2 [ 4 [ 3 ] ] ] ]) 1.33011764
0.405553402 :(1 [ 2 [ 3 ] , 4 [ 5 ] ],1 [ 5 [ 3 [ 4 [ 2 ] ] ] ]) 1.33011764
0.483418442 :(1 [ 2 [ 3 ] , 4 [ 5 ] ],1 [ 5 [ 4 [ 2 , 3 ] ] ]) 1.33011764
0.672310771 :(1 [ 2 [ 3 ] , 4 [ 5 ] ],1 [ 3 [ 4 [ 2 , 5 ] ] ]) 1.33011764
0.455029478 :(1 [ 2 [ 3 ] , 4 [ 5 ] ],1 [ 3 [ 4 [ 2 [ 5 ] ] ] ]) 1.33011764
0.650106517 :(1 [ 2 [ 3 ] , 4 [ 5 ] ],1 [ 3 [ 4 [ 2 ] , 5 ] ]) 1.33011764
0.447417725 :(1 [ 2 [ 3 ] , 4 [ 5 ] ],1 [ 3 [ 5 [ 2 [ 4 ] ] ] ]) 1.33011764
0.627020344 :(1 [ 2 [ 3 ] , 4 [ 5 ] ],1 [ 3 [ 5 [ 4 [ 2 ] ] ] ]) 1.33011764
0.717893867 :(1 [ 2 [ 3 ] , 4 [ 5 ] ],1 [ 3 , 5 [ 4 [ 2 ] ] ]) 1.33011764
0.5114839 :(1 [ 2 [ 3 ] , 4 [ 5 ] ],1 [ 3 , 5 [ 2 [ 4 ] ] ]) 1.33011764
0.44271638 :(1 [ 2 [ 3 ] , 4 [ 5 ] ],1 [ 5 [ 2 [ 4 ] , 3 ] ]) 1.33011764
0.601771373 :(1 [ 2 [ 3 ] , 4 [ 5 ] ],1 [ 5 [ 3 , 4 [ 2 ] ] ]) 1.33011764
0.68342515 :(1 [ 2 [ 3 ] , 4 [ 5 ] ],1 [ 5 [ 2 , 3 , 4 ] ]) 1.33011764
0.473116385 :(1 [ 2 [ 3 ] , 4 [ 5 ] ],1 [ 5 [ 2 , 3 [ 4 ] ] ]) 1.33011764
0.758887509 :(1 [ 2 [ 3 ] , 4 [ 5 ] ],1 [ 3 [ 4 ] , 5 [ 2 ] ]) 1.33011764
0.530860431 :(1 [ 2 [ 3 ] , 4 [ 5 ] ],1 [ 5 [ 2 , 4 [ 3 ] ] ]) 1.33011764
0.591170688 :(1 [ 2 [ 3 ] , 4 [ 5 ] ],1 [ 3 , 5 [ 2 , 4 ] ]) 1.33011764
1.196964543 :(1 [ 2 [ 3 ] , 4 [ 5 ] ],1 [ 3 [ 4 [ 5 [ 2 ] ] ] ]) 1.33011764
0.42529835 :(1 [ 2 [ 3 ] , 4 [ 5 ] ],1 [ 3 [ 5 [ 2 , 4 ] ] ]) 1.33011764
0.443042101 :(1 [ 2 [ 3 ] , 4 [ 5 ] ],1 [ 3 [ 4 , 5 [ 2 ] ] ]) 1.33011764
0.450364512 :(1 [ 2 [ 3 , 4 ] , 5 ],1 [ 2 [ 3 ] , 4 , 5 ]) 1.33011764
0.379413362 :(1 [ 2 [ 3 , 4 ] , 5 ],1 [ 2 [ 3 , 4 ] , 5 ]) 1.33011764
0.390234766 :(1 [ 2 [ 3 , 4 ] , 5 ],1 [ 2 [ 3 [ 4 ] ] , 5 ]) 1.33011764
0.427325488 :(1 [ 2 [ 3 , 4 ] , 5 ],1 [ 2 [ 3 ] , 5 [ 4 ] ]) 1.33011764
167.447083542 :(1 [ 2 [ 3 , 4 ] , 5 ],1 [ 2 , 3 , 5 [ 4 ] ]) 1.33011764
0.722721203 :(1 [ 2 [ 3 , 4 ] , 5 ],1 [ 2 , 5 [ 4 [ 3 ] ] ]) 1.33011764
86.630220392 :(1 [ 2 [ 3 , 4 ] , 5 ],1 [ 2 , 5 [ 3 , 4 ] ]) 1.33011764
172.196294106 :(1 [ 2 [ 3 , 4 ] , 5 ],1 [ 2 , 4 , 5 [ 3 ] ]) 1.33011764
0.500709405 :(1 [ 2 [ 3 , 4 ] , 5 ],1 [ 2 [ 4 ] , 5 [ 3 ] ]) 1.33011764
0.541351837 :(1 [ 2 [ 3 , 4 ] , 5 ],1 [ 2 , 5 [ 3 [ 4 ] ] ]) 1.33011764
0.526167831 :(1 [ 2 [ 3 , 4 ] , 5 ],1 [ 2 , 3 [ 4 ] , 5 ]) 1.33011764
0.540441755 :(1 [ 2 [ 3 , 4 ] , 5 ],1 [ 2 , 4 [ 3 ] , 5 ]) 1.33011764
0.420192066 :(1 [ 2 [ 3 , 4 ] , 5 ],1 [ 2 [ 4 [ 3 ] ] , 5 ]) 1.33011764
0.539968489 :(1 [ 2 [ 3 , 4 ] , 5 ],1 [ 2 [ 4 ] , 3 , 5 ]) 1.33011764
230.120987263 :(1 [ 2 [ 3 , 4 ] , 5 ],1 [ 2 , 3 , 4 , 5 ]) 1.33011764
0.421553432 :(1 [ 2 [ 3 , 4 ] , 5 ],1 [ 2 [ 5 ] , 3 , 4 ]) 1.33011764
0.456096294 :(1 [ 2 [ 3 , 4 ] , 5 ],1 [ 2 , 3 [ 5 ] , 4 ]) 1.33011764
0.402700894 :(1 [ 2 [ 3 , 4 ] , 5 ],1 [ 2 , 3 , 4 [ 5 ] ]) 1.33011764
0.43864749 :(1 [ 2 [ 3 , 4 ] , 5 ],1 [ 2 [ 4 [ 5 ] ] , 3 ]) 1.33011764
0.422007173 :(1 [ 2 [ 3 , 4 ] , 5 ],1 [ 2 [ 5 [ 4 ] ] , 3 ]) 1.33011764
0.682184358 :(1 [ 2 [ 3 , 4 ] , 5 ],1 [ 2 , 3 [ 4 [ 5 ] ] ]) 1.33011764
0.584687954 :(1 [ 2 [ 3 , 4 ] , 5 ],1 [ 2 , 3 [ 5 [ 4 ] ] ]) 1.33011764
0.438429732 :(1 [ 2 [ 3 , 4 ] , 5 ],1 [ 2 [ 4 ] , 3 [ 5 ] ]) 1.33011764
0.465738564 :(1 [ 2 [ 3 , 4 ] , 5 ],1 [ 2 , 3 [ 4 , 5 ] ]) 1.33011764
0.453550625 :(1 [ 2 [ 3 , 4 ] , 5 ],1 [ 2 [ 5 ] , 3 [ 4 ] ]) 1.33011764
0.404007103 :(1 [ 2 [ 3 , 4 ] , 5 ],1 [ 2 [ 4 , 5 ] , 3 ]) 1.33011764
0.389284281 :(1 [ 2 [ 3 , 4 ] , 5 ],1 [ 2 [ 3 , 4 , 5 ] ]) 1.33011764
0.442217574 :(1 [ 2 [ 3 , 4 ] , 5 ],1 [ 2 [ 4 [ 3 ] , 5 ] ]) 1.33011764
0.436658326 :(1 [ 2 [ 3 , 4 ] , 5 ],1 [ 2 [ 4 , 5 [ 3 ] ] ]) 1.33011764
0.417529387 :(1 [ 2 [ 3 , 4 ] , 5 ],1 [ 2 [ 5 [ 3 ] ] , 4 ]) 1.33011764
0.439193367 :(1 [ 2 [ 3 , 4 ] , 5 ],1 [ 2 [ 5 [ 3 [ 4 ] ] ] ]) 1.33011764
0.425038348 :(1 [ 2 [ 3 , 4 ] , 5 ],1 [ 2 [ 5 [ 3 , 4 ] ] ]) 1.33011764
0.423983169 :(1 [ 2 [ 3 , 4 ] , 5 ],1 [ 2 [ 3 , 5 [ 4 ] ] ]) 1.33011764
0.441154943 :(1 [ 2 [ 3 , 4 ] , 5 ],1 [ 2 [ 5 [ 4 [ 3 ] ] ] ]) 1.33011764
0.449049949 :(1 [ 2 [ 3 , 4 ] , 5 ],1 [ 2 [ 5 ] , 4 [ 3 ] ]) 1.33011764
0.40852701 :(1 [ 2 [ 3 , 4 ] , 5 ],1 [ 2 [ 3 [ 4 ] , 5 ] ]) 1.33011764
0.409871688 :(1 [ 2 [ 3 , 4 ] , 5 ],1 [ 2 [ 3 , 5 ] , 4 ]) 1.33011764
0.407469186 :(1 [ 2 [ 3 , 4 ] , 5 ],1 [ 2 [ 3 [ 5 ] ] , 4 ]) 1.33011764
0.523736237 :(1 [ 2 [ 3 , 4 ] , 5 ],1 [ 2 [ 3 ] , 4 [ 5 ] ]) 1.33011764
0.441114565 :(1 [ 2 [ 3 , 4 ] , 5 ],1 [ 2 [ 3 , 4 [ 5 ] ] ]) 1.33011764
0.477275126 :(1 [ 2 [ 3 , 4 ] , 5 ],1 [ 2 [ 3 [ 4 [ 5 ] ] ] ]) 1.33011764
0.419787124 :(1 [ 2 [ 3 , 4 ] , 5 ],1 [ 2 [ 3 [ 5 [ 4 ] ] ] ]) 1.33011764
0.415444421 :(1 [ 2 [ 3 , 4 ] , 5 ],1 [ 2 [ 3 [ 5 ] , 4 ] ]) 1.33011764
0.42395845 :(1 [ 2 [ 3 , 4 ] , 5 ],1 [ 2 [ 3 [ 4 , 5 ] ] ]) 1.33011764
0.480762224 :(1 [ 2 [ 3 , 4 ] , 5 ],1 [ 2 , 4 [ 3 [ 5 ] ] ]) 1.33011764
0.505513338 :(1 [ 2 [ 3 , 4 ] , 5 ],1 [ 2 [ 4 [ 3 [ 5 ] ] ] ]) 1.33011764
0.436225955 :(1 [ 2 [ 3 , 4 ] , 5 ],1 [ 2 [ 4 [ 5 [ 3 ] ] ] ]) 1.33011764
0.528736456 :(1 [ 2 [ 3 , 4 ] , 5 ],1 [ 2 , 4 [ 5 [ 3 ] ] ]) 1.33011764
0.532855418 :(1 [ 2 [ 3 , 4 ] , 5 ],1 [ 2 , 4 [ 3 , 5 ] ]) 1.33011764
0.386004589 :(1 [ 2 [ 3 , 4 ] , 5 ],1 [ 2 [ 4 [ 3 , 5 ] ] ]) 1.33011764
0.460257484 :(1 [ 2 [ 3 , 4 ] , 5 ],1 [ 3 [ 4 [ 2 , 5 ] ] ]) 1.33011764
0.480470226 :(1 [ 2 [ 3 , 4 ] , 5 ],1 [ 4 [ 2 , 3 , 5 ] ]) 1.33011764
178.056045718 :(1 [ 2 [ 3 , 4 ] , 5 ],1 [ 5 [ 4 [ 2 , 3 ] ] ]) 1.33011764
122.908945158 :(1 [ 2 [ 3 , 4 ] , 5 ],1 [ 5 [ 4 [ 3 [ 2 ] ] ] ]) 1.33011764
0.686183001 :(1 [ 2 [ 3 , 4 ] , 5 ],1 [ 5 [ 2 , 4 [ 3 ] ] ]) 1.33011764
0.512511943 :(1 [ 2 [ 3 , 4 ] , 5 ],1 [ 3 [ 4 [ 5 [ 2 ] ] ] ]) 1.33011764
0.49350707 :(1 [ 2 [ 3 , 4 ] , 5 ],1 [ 4 [ 3 , 5 [ 2 ] ] ]) 1.33011764
0.555615573 :(1 [ 2 [ 3 , 4 ] , 5 ],1 [ 4 [ 3 [ 2 ] , 5 ] ]) 1.33011764
0.441447459 :(1 [ 2 [ 3 , 4 ] , 5 ],1 [ 3 [ 2 , 4 [ 5 ] ] ]) 1.33011764
0.824523664 :(1 [ 2 [ 3 , 4 ] , 5 ],1 [ 3 [ 2 ] , 4 [ 5 ] ]) 1.33011764
246.983540229 :(1 [ 2 [ 3 , 4 ] , 5 ],1 [ 3 [ 2 ] , 5 [ 4 ] ]) 1.33011764
0.557724331 :(1 [ 2 [ 3 , 4 ] , 5 ],1 [ 3 [ 2 [ 4 [ 5 ] ] ] ]) 1.33011764
0.444887715 :(1 [ 2 [ 3 , 4 ] , 5 ],1 [ 3 [ 2 [ 5 [ 4 ] ] ] ]) 1.33011764
0.617044541 :(1 [ 2 [ 3 , 4 ] , 5 ],1 [ 3 [ 2 , 5 [ 4 ] ] ]) 1.33011764
0.69083404 :(1 [ 2 [ 3 , 4 ] , 5 ],1 [ 4 [ 5 [ 3 [ 2 ] ] ] ]) 1.33011764
444.718552299 :(1 [ 2 [ 3 , 4 ] , 5 ],1 [ 5 [ 3 [ 2 ] , 4 ] ]) 1.33011764
105.564243613 :(1 [ 2 [ 3 , 4 ] , 5 ],1 [ 5 [ 4 [ 2 [ 3 ] ] ] ]) 1.33011764
293.885736179 :(1 [ 2 [ 3 , 4 ] , 5 ],1 [ 5 [ 2 [ 3 ] , 4 ] ]) 1.33011764
1.006226916 :(1 [ 2 [ 3 , 4 ] , 5 ],1 [ 4 [ 5 [ 2 [ 3 ] ] ] ]) 1.33011764
0.479095924 :(1 [ 2 [ 3 , 4 ] , 5 ],1 [ 4 [ 2 [ 3 ] , 5 ] ]) 1.33011764
0.476275328 :(1 [ 2 [ 3 , 4 ] , 5 ],1 [ 3 , 4 [ 2 , 5 ] ]) 1.33011764
0.488930983 :(1 [ 2 [ 3 , 4 ] , 5 ],1 [ 4 [ 2 , 5 [ 3 ] ] ]) 1.33011764
0.642095964 :(1 [ 2 [ 3 , 4 ] , 5 ],1 [ 4 [ 5 [ 2 , 3 ] ] ]) 1.33011764
0.603265108 :(1 [ 2 [ 3 , 4 ] , 5 ],1 [ 3 , 4 [ 5 [ 2 ] ] ]) 1.33011764
27.99317388 :(1 [ 2 [ 3 , 4 ] , 5 ],1 [ 3 , 5 [ 2 , 4 ] ]) 1.33011764
0.653428238 :(1 [ 2 [ 3 , 4 ] , 5 ],1 [ 3 [ 5 [ 2 , 4 ] ] ]) 1.33011764
49.246337426 :(1 [ 2 [ 3 , 4 ] , 5 ],1 [ 5 [ 2 , 3 , 4 ] ]) 1.33011764
252.186830431 :(1 [ 2 [ 3 , 4 ] , 5 ],1 [ 5 [ 3 , 4 [ 2 ] ] ]) 1.33011764
0.439436251 :(1 [ 2 [ 3 , 4 ] , 5 ],1 [ 3 [ 5 [ 4 [ 2 ] ] ] ]) 1.33011764
234.362443699 :(1 [ 2 [ 3 , 4 ] , 5 ],1 [ 3 , 5 [ 4 [ 2 ] ] ]) 1.33011764
305.561315756 :(1 [ 2 [ 3 , 4 ] , 5 ],1 [ 3 , 4 [ 2 ] , 5 ]) 1.33011764
234.705136167 :(1 [ 2 [ 3 , 4 ] , 5 ],1 [ 3 [ 2 [ 4 ] ] , 5 ]) 1.33011764
287.566147219 :(1 [ 2 [ 3 , 4 ] , 5 ],1 [ 3 , 5 [ 2 [ 4 ] ] ]) 1.33011764
209.571308066 :(1 [ 2 [ 3 , 4 ] , 5 ],1 [ 3 [ 4 [ 2 ] ] , 5 ]) 1.33011764
0.534879501 :(1 [ 2 [ 3 , 4 ] , 5 ],1 [ 3 [ 4 [ 2 [ 5 ] ] ] ]) 1.33011764
0.584895579 :(1 [ 2 [ 3 , 4 ] , 5 ],1 [ 3 [ 4 [ 2 ] , 5 ] ]) 1.33011764
0.517696637 :(1 [ 2 [ 3 , 4 ] , 5 ],1 [ 3 [ 5 ] , 4 [ 2 ] ]) 1.33011764
0.471438442 :(1 [ 2 [ 3 , 4 ] , 5 ],1 [ 3 [ 2 [ 4 ] , 5 ] ]) 1.33011764
0.629532799 :(1 [ 2 [ 3 , 4 ] , 5 ],1 [ 3 [ 5 [ 2 [ 4 ] ] ] ]) 1.33011764
0.478573202 :(1 [ 2 [ 3 , 4 ] , 5 ],1 [ 3 , 4 [ 2 [ 5 ] ] ]) 1.33011764
0.416457497 :(1 [ 2 [ 3 , 4 ] , 5 ],1 [ 3 [ 2 [ 4 , 5 ] ] ]) 1.33011764
0.459049249 :(1 [ 2 [ 3 , 4 ] , 5 ],1 [ 4 [ 2 [ 3 , 5 ] ] ]) 1.33011764
344.738381194 :(1 [ 2 [ 3 , 4 ] , 5 ],1 [ 5 [ 2 [ 3 , 4 ] ] ]) 1.33011764
16.817645923 :(1 [ 2 [ 3 , 4 ] , 5 ],1 [ 5 [ 2 [ 4 [ 3 ] ] ] ]) 1.33011764
425.113945488 :(1 [ 2 [ 3 , 4 ] , 5 ],1 [ 5 [ 2 [ 4 ] , 3 ] ]) 1.33011764
0.481946376 :(1 [ 2 [ 3 , 4 ] , 5 ],1 [ 4 [ 2 [ 5 [ 3 ] ] ] ]) 1.33011764
0.452726177 :(1 [ 2 [ 3 , 4 ] , 5 ],1 [ 4 [ 2 [ 5 ] , 3 ] ]) 1.33011764
70.972089314 :(1 [ 2 [ 3 , 4 ] , 5 ],1 [ 4 [ 2 , 3 ] , 5 ]) 1.33011764
0.493960044 :(1 [ 2 [ 3 , 4 ] , 5 ],1 [ 4 [ 2 , 3 [ 5 ] ] ]) 1.33011764
332.485293482 :(1 [ 2 [ 3 , 4 ] , 5 ],1 [ 4 [ 2 ] , 5 [ 3 ] ]) 1.33011764
0.493517884 :(1 [ 2 [ 3 , 4 ] , 5 ],1 [ 4 [ 2 [ 3 [ 5 ] ] ] ]) 1.33011764
202.763761077 :(1 [ 2 [ 3 , 4 ] , 5 ],1 [ 4 [ 2 [ 3 ] ] , 5 ]) 1.33011764
146.22514391 :(1 [ 2 [ 3 , 4 ] , 5 ],1 [ 5 [ 3 [ 2 [ 4 ] ] ] ]) 1.33011764
95.343654601 :(1 [ 2 [ 3 , 4 ] , 5 ],1 [ 5 [ 3 [ 4 [ 2 ] ] ] ]) 1.33011764
57.997108999 :(1 [ 2 [ 3 , 4 ] , 5 ],1 [ 5 [ 3 [ 2 , 4 ] ] ]) 1.33011764
0.530450198 :(1 [ 2 [ 3 , 4 ] , 5 ],1 [ 5 [ 2 , 3 [ 4 ] ] ]) 1.33011764
13.565758983 :(1 [ 2 [ 3 , 4 ] , 5 ],1 [ 4 , 5 [ 2 , 3 ] ]) 1.33011764
397.976475405 :(1 [ 2 [ 3 , 4 ] , 5 ],1 [ 4 , 5 [ 3 [ 2 ] ] ]) 1.33011764
211.522981349 :(1 [ 2 [ 3 , 4 ] , 5 ],1 [ 3 [ 2 ] , 4 , 5 ]) 1.33011764
157.260353604 :(1 [ 2 [ 3 , 4 ] , 5 ],1 [ 4 , 5 [ 2 [ 3 ] ] ]) 1.33011764
206.917213856 :(1 [ 2 [ 3 , 4 ] , 5 ],1 [ 4 [ 3 [ 2 ] ] , 5 ]) 1.33011764
0.529248914 :(1 [ 2 [ 3 , 4 ] , 5 ],1 [ 4 [ 3 ] , 5 [ 2 ] ]) 1.33011764
20.612111054 :(1 [ 2 [ 3 , 4 ] , 5 ],1 [ 3 , 4 , 5 [ 2 ] ]) 1.33011764
0.545522954 :(1 [ 2 [ 3 , 4 ] , 5 ],1 [ 3 [ 4 ] , 5 [ 2 ] ]) 1.33011764
130.495436256 :(1 [ 2 [ 3 , 4 ] , 5 ],1 [ 5 [ 2 [ 3 [ 4 ] ] ] ]) 1.33011764
261.4221293 :(1 [ 2 [ 3 , 4 ] , 5 ],1 [ 3 [ 2 , 4 ] , 5 ]) 1.33011764
0.415826773 :(1 [ 2 [ 3 , 4 ] , 5 ],1 [ 3 [ 2 [ 5 ] , 4 ] ]) 1.33011764
0.486479844 :(1 [ 2 [ 3 , 4 ] , 5 ],1 [ 3 [ 2 , 4 , 5 ] ]) 1.33011764
0.676079277 :(1 [ 2 [ 3 , 4 ] , 5 ],1 [ 4 [ 3 [ 2 , 5 ] ] ]) 1.33011764
0.535723973 :(1 [ 2 [ 3 , 4 ] , 5 ],1 [ 4 [ 3 [ 2 [ 5 ] ] ] ]) 1.33011764
0.78999009 :(1 [ 2 [ 3 , 4 ] , 5 ],1 [ 4 [ 3 [ 5 [ 2 ] ] ] ]) 1.33011764
0.527777956 :(1 [ 2 [ 3 , 4 ] , 5 ],1 [ 3 [ 4 , 5 [ 2 ] ] ]) 1.33011764
0.525766637 :(1 [ 2 [ 3 , 4 ] , 5 ],1 [ 3 [ 5 [ 2 ] ] , 4 ]) 1.33011764
0.453936809 :(1 [ 2 [ 3 , 4 ] , 5 ],1 [ 3 [ 2 [ 5 ] ] , 4 ]) 1.33011764
0.461607795 :(1 [ 2 [ 3 , 4 ] , 5 ],1 [ 3 [ 2 , 5 ] , 4 ]) 1.33011764
0.465753477 :(1 [ 2 [ 3 , 4 , 5 ] ],1 [ 2 [ 3 , 4 ] , 5 ]) 1.33011764
0.346397822 :(1 [ 2 [ 3 , 4 , 5 ] ],1 [ 2 [ 3 , 4 , 5 ] ]) 1.33011764
0.415721072 :(1 [ 2 [ 3 , 4 , 5 ] ],1 [ 2 [ 3 [ 5 ] , 4 ] ]) 1.33011764
0.398071477 :(1 [ 2 [ 3 , 4 , 5 ] ],1 [ 2 [ 3 , 4 [ 5 ] ] ]) 1.33011764
0.620186925 :(1 [ 2 [ 3 , 4 , 5 ] ],1 [ 2 [ 3 ] , 4 [ 5 ] ]) 1.33011764
0.606364892 :(1 [ 2 [ 3 , 4 , 5 ] ],1 [ 2 [ 3 ] , 5 [ 4 ] ]) 1.33011764
0.435718591 :(1 [ 2 [ 3 , 4 , 5 ] ],1 [ 2 [ 3 , 5 [ 4 ] ] ]) 1.33011764
0.429078382 :(1 [ 2 [ 3 , 4 , 5 ] ],1 [ 2 [ 3 [ 4 [ 5 ] ] ] ]) 1.33011764
0.410597407 :(1 [ 2 [ 3 , 4 , 5 ] ],1 [ 2 [ 3 [ 5 [ 4 ] ] ] ]) 1.33011764
0.429608953 :(1 [ 2 [ 3 , 4 , 5 ] ],1 [ 2 [ 3 [ 5 ] ] , 4 ]) 1.33011764
0.399561796 :(1 [ 2 [ 3 , 4 , 5 ] ],1 [ 2 [ 3 [ 4 , 5 ] ] ]) 1.33011764
0.472082319 :(1 [ 2 [ 3 , 4 , 5 ] ],1 [ 2 [ 3 [ 4 ] ] , 5 ]) 1.33011764
0.416265673 :(1 [ 2 [ 3 , 4 , 5 ] ],1 [ 2 [ 3 [ 4 ] , 5 ] ]) 1.33011764
0.485548101 :(1 [ 2 [ 3 , 4 , 5 ] ],1 [ 2 [ 3 , 5 ] , 4 ]) 1.33011764
0.474006435 :(1 [ 2 [ 3 , 4 , 5 ] ],1 [ 2 [ 3 ] , 4 , 5 ]) 1.33011764
539.333455852 :(1 [ 2 [ 3 , 4 , 5 ] ],1 [ 2 , 3 , 4 , 5 ]) 1.33011764
506.933017138 :(1 [ 2 [ 3 , 4 , 5 ] ],1 [ 2 , 4 [ 3 ] , 5 ]) 1.33011764
515.440691845 :(1 [ 2 [ 3 , 4 , 5 ] ],1 [ 2 , 4 , 5 [ 3 ] ]) 1.33011764
702.067599265 :(1 [ 2 [ 3 , 4 , 5 ] ],1 [ 2 , 3 [ 5 ] , 4 ]) 1.33011764
0.718839319 :(1 [ 2 [ 3 , 4 , 5 ] ],1 [ 2 [ 5 [ 3 ] ] , 4 ]) 1.33011764
0.62355078 :(1 [ 2 [ 3 , 4 , 5 ] ],1 [ 2 , 4 [ 3 [ 5 ] ] ]) 1.33011764
0.655565507 :(1 [ 2 [ 3 , 4 , 5 ] ],1 [ 2 , 4 [ 5 [ 3 ] ] ]) 1.33011764
378.659525996 :(1 [ 2 [ 3 , 4 , 5 ] ],1 [ 2 , 3 , 4 [ 5 ] ]) 1.33011764
46.5619435 :(1 [ 2 [ 3 , 4 , 5 ] ],1 [ 2 , 4 [ 3 , 5 ] ]) 1.33011764
0.656517154 :(1 [ 2 [ 3 , 4 , 5 ] ],1 [ 2 [ 5 ] , 4 [ 3 ] ]) 1.33011764
0.570955255 :(1 [ 2 [ 3 , 4 , 5 ] ],1 [ 2 [ 5 ] , 3 , 4 ]) 1.33011764
0.548351004 :(1 [ 2 [ 3 , 4 , 5 ] ],1 [ 2 [ 4 , 5 ] , 3 ]) 1.33011764
0.675226809 :(1 [ 2 [ 3 , 4 , 5 ] ],1 [ 2 [ 5 ] , 3 [ 4 ] ]) 1.33011764
0.68141041 :(1 [ 2 [ 3 , 4 , 5 ] ],1 [ 2 [ 5 [ 4 ] ] , 3 ]) 1.33011764
0.412629337 :(1 [ 2 [ 3 , 4 , 5 ] ],1 [ 2 [ 5 [ 4 [ 3 ] ] ] ]) 1.33011764
0.442664371 :(1 [ 2 [ 3 , 4 , 5 ] ],1 [ 2 [ 5 [ 3 , 4 ] ] ]) 1.33011764
0.400389597 :(1 [ 2 [ 3 , 4 , 5 ] ],1 [ 2 [ 4 , 5 [ 3 ] ] ]) 1.33011764
0.506354616 :(1 [ 2 [ 3 , 4 , 5 ] ],1 [ 2 [ 5 [ 3 [ 4 ] ] ] ]) 1.33011764
0.390688217 :(1 [ 2 [ 3 , 4 , 5 ] ],1 [ 2 [ 4 [ 3 ] , 5 ] ]) 1.33011764
0.479892302 :(1 [ 2 [ 3 , 4 , 5 ] ],1 [ 2 [ 4 [ 3 ] ] , 5 ]) 1.33011764
0.414040782 :(1 [ 2 [ 3 , 4 , 5 ] ],1 [ 2 [ 4 [ 3 [ 5 ] ] ] ]) 1.33011764
0.440772806 :(1 [ 2 [ 3 , 4 , 5 ] ],1 [ 2 [ 4 [ 3 , 5 ] ] ]) 1.33011764
0.735559824 :(1 [ 2 [ 3 , 4 , 5 ] ],1 [ 2 , 3 [ 4 [ 5 ] ] ]) 1.33011764
0.825803326 :(1 [ 2 [ 3 , 4 , 5 ] ],1 [ 2 , 5 [ 4 [ 3 ] ] ]) 1.33011764
153.603639554 :(1 [ 2 [ 3 , 4 , 5 ] ],1 [ 2 , 3 [ 4 ] , 5 ]) 1.33011764
0.768744917 :(1 [ 2 [ 3 , 4 , 5 ] ],1 [ 2 , 5 [ 3 [ 4 ] ] ]) 1.33011764
45.939992614 :(1 [ 2 [ 3 , 4 , 5 ] ],1 [ 2 , 3 [ 4 , 5 ] ]) 1.33011764
0.642839523 :(1 [ 2 [ 3 , 4 , 5 ] ],1 [ 2 [ 4 ] , 3 [ 5 ] ]) 1.33011764
0.700464986 :(1 [ 2 [ 3 , 4 , 5 ] ],1 [ 2 , 3 [ 5 [ 4 ] ] ]) 1.33011764
289.689945848 :(1 [ 2 [ 3 , 4 , 5 ] ],1 [ 2 , 5 [ 3 , 4 ] ]) 1.33011764
0.407963227 :(1 [ 2 [ 3 , 4 , 5 ] ],1 [ 2 [ 4 [ 5 [ 3 ] ] ] ]) 1.33011764
0.50869353 :(1 [ 2 [ 3 , 4 , 5 ] ],1 [ 2 [ 4 ] , 5 [ 3 ] ]) 1.33011764
0.525021467 :(1 [ 2 [ 3 , 4 , 5 ] ],1 [ 2 [ 4 ] , 3 , 5 ]) 1.33011764
0.471799886 :(1 [ 2 [ 3 , 4 , 5 ] ],1 [ 2 [ 4 [ 5 ] ] , 3 ]) 1.33011764
211.742961904 :(1 [ 2 [ 3 , 4 , 5 ] ],1 [ 2 , 3 , 5 [ 4 ] ]) 1.33011764
287.905039568 :(1 [ 2 [ 3 , 4 , 5 ] ],1 [ 3 [ 2 ] , 5 [ 4 ] ]) 1.33011764
303.111065347 :(1 [ 2 [ 3 , 4 , 5 ] ],1 [ 3 , 5 [ 4 [ 2 ] ] ]) 1.33011764
306.429092962 :(1 [ 2 [ 3 , 4 , 5 ] ],1 [ 3 , 5 [ 2 , 4 ] ]) 1.33011764
328.850966079 :(1 [ 2 [ 3 , 4 , 5 ] ],1 [ 3 , 4 [ 5 [ 2 ] ] ]) 1.33011764
52.507580373 :(1 [ 2 [ 3 , 4 , 5 ] ],1 [ 3 [ 2 [ 5 [ 4 ] ] ] ]) 1.33011764
37.300990564 :(1 [ 2 [ 3 , 4 , 5 ] ],1 [ 3 [ 4 [ 5 [ 2 ] ] ] ]) 1.33011764
43.793065993 :(1 [ 2 [ 3 , 4 , 5 ] ],1 [ 3 [ 5 [ 2 , 4 ] ] ]) 1.33011764
104.938924365 :(1 [ 2 [ 3 , 4 , 5 ] ],1 [ 3 [ 2 , 5 [ 4 ] ] ]) 1.33011764
158.469799655 :(1 [ 2 [ 3 , 4 , 5 ] ],1 [ 3 [ 5 [ 4 [ 2 ] ] ] ]) 1.33011764
96.832980875 :(1 [ 2 [ 3 , 4 , 5 ] ],1 [ 3 , 4 [ 2 , 5 ] ]) 1.33011764
36.594712868 :(1 [ 2 [ 3 , 4 , 5 ] ],1 [ 3 [ 2 [ 4 [ 5 ] ] ] ]) 1.33011764
128.084808431 :(1 [ 2 [ 3 , 4 , 5 ] ],1 [ 3 [ 4 [ 2 , 5 ] ] ]) 1.33011764
32.882619764 :(1 [ 2 [ 3 , 4 , 5 ] ],1 [ 3 [ 2 , 4 [ 5 ] ] ]) 1.33011764
107.041226238 :(1 [ 2 [ 3 , 4 , 5 ] ],1 [ 3 [ 2 ] , 4 [ 5 ] ]) 1.33011764
528.471633073 :(1 [ 2 [ 3 , 4 , 5 ] ],1 [ 3 [ 2 ] , 4 , 5 ]) 1.33011764
81.027697173 :(1 [ 2 [ 3 , 4 , 5 ] ],1 [ 3 [ 2 [ 5 ] ] , 4 ]) 1.33011764
110.298745159 :(1 [ 2 [ 3 , 4 , 5 ] ],1 [ 3 [ 2 , 5 ] , 4 ]) 1.33011764
205.763592306 :(1 [ 2 [ 3 , 4 , 5 ] ],1 [ 3 [ 2 [ 4 ] , 5 ] ]) 1.33011764
72.064550896 :(1 [ 2 [ 3 , 4 , 5 ] ],1 [ 3 [ 2 , 4 , 5 ] ]) 1.33011764
374.845704167 :(1 [ 2 [ 3 , 4 , 5 ] ],1 [ 3 [ 2 , 4 ] , 5 ]) 1.33011764
19.913604737 :(1 [ 2 [ 3 , 4 , 5 ] ],1 [ 3 [ 2 [ 5 ] , 4 ] ]) 1.33011764
46.799948387 :(1 [ 2 [ 3 , 4 , 5 ] ],1 [ 3 [ 2 [ 4 , 5 ] ] ]) 1.33011764
121.55656484 :(1 [ 2 [ 3 , 4 , 5 ] ],1 [ 3 [ 2 [ 4 ] ] , 5 ]) 1.33011764
310.566274638 :(1 [ 2 [ 3 , 4 , 5 ] ],1 [ 3 , 4 [ 2 ] , 5 ]) 1.33011764
325.075831739 :(1 [ 2 [ 3 , 4 , 5 ] ],1 [ 3 , 5 [ 2 [ 4 ] ] ]) 1.33011764
114.447338595 :(1 [ 2 [ 3 , 4 , 5 ] ],1 [ 3 [ 4 [ 2 ] ] , 5 ]) 1.33011764
41.572701267 :(1 [ 2 [ 3 , 4 , 5 ] ],1 [ 3 [ 4 [ 2 [ 5 ] ] ] ]) 1.33011764
121.586545237 :(1 [ 2 [ 3 , 4 , 5 ] ],1 [ 3 [ 4 [ 2 ] , 5 ] ]) 1.33011764
213.166557565 :(1 [ 2 [ 3 , 4 , 5 ] ],1 [ 3 [ 5 ] , 4 [ 2 ] ]) 1.33011764
77.092396739 :(1 [ 2 [ 3 , 4 , 5 ] ],1 [ 3 [ 5 [ 2 [ 4 ] ] ] ]) 1.33011764
34.25024133 :(1 [ 2 [ 3 , 4 , 5 ] ],1 [ 3 , 4 [ 2 [ 5 ] ] ]) 1.33011764
1128.974984695 :(1 [ 2 [ 3 , 4 , 5 ] ],1 [ 3 , 4 , 5 [ 2 ] ]) 1.33011764
380.503216779 :(1 [ 2 [ 3 , 4 , 5 ] ],1 [ 3 [ 5 [ 2 ] ] , 4 ]) 1.33011764
84.69410734 :(1 [ 2 [ 3 , 4 , 5 ] ],1 [ 3 [ 4 , 5 [ 2 ] ] ]) 1.33011764
239.12695262 :(1 [ 2 [ 3 , 4 , 5 ] ],1 [ 3 [ 4 ] , 5 [ 2 ] ]) 1.33011764
243.429801631 :(1 [ 2 [ 3 , 4 , 5 ] ],1 [ 4 [ 3 ] , 5 [ 2 ] ]) 1.33011764
41.530704845 :(1 [ 2 [ 3 , 4 , 5 ] ],1 [ 5 [ 2 [ 3 [ 4 ] ] ] ]) 1.33011764
34.328628187 :(1 [ 2 [ 3 , 4 , 5 ] ],1 [ 5 [ 2 [ 4 [ 3 ] ] ] ]) 1.33011764
45.715735253 :(1 [ 2 [ 3 , 4 , 5 ] ],1 [ 5 [ 2 , 3 [ 4 ] ] ]) 1.33011764
20.491078836 :(1 [ 2 [ 3 , 4 , 5 ] ],1 [ 5 [ 2 , 4 [ 3 ] ] ]) 1.33011764
80.117156155 :(1 [ 2 [ 3 , 4 , 5 ] ],1 [ 4 [ 3 , 5 [ 2 ] ] ]) 1.33011764
133.44194193 :(1 [ 2 [ 3 , 4 , 5 ] ],1 [ 4 [ 3 [ 2 [ 5 ] ] ] ]) 1.33011764
112.291405865 :(1 [ 2 [ 3 , 4 , 5 ] ],1 [ 4 [ 2 [ 5 ] , 3 ] ]) 1.33011764
151.971377517 :(1 [ 2 [ 3 , 4 , 5 ] ],1 [ 4 [ 3 [ 5 [ 2 ] ] ] ]) 1.33011764
168.655935933 :(1 [ 2 [ 3 , 4 , 5 ] ],1 [ 4 , 5 [ 2 , 3 ] ]) 1.33011764
74.800462342 :(1 [ 2 [ 3 , 4 , 5 ] ],1 [ 4 [ 2 [ 5 [ 3 ] ] ] ]) 1.33011764
102.66348481 :(1 [ 2 [ 3 , 4 , 5 ] ],1 [ 4 [ 5 [ 2 , 3 ] ] ]) 1.33011764
65.14210464 :(1 [ 2 [ 3 , 4 , 5 ] ],1 [ 4 [ 5 [ 2 [ 3 ] ] ] ]) 1.33011764
435.765813109 :(1 [ 2 [ 3 , 4 , 5 ] ],1 [ 4 , 5 [ 2 [ 3 ] ] ]) 1.33011764
276.038682106 :(1 [ 2 [ 3 , 4 , 5 ] ],1 [ 4 [ 2 [ 3 , 5 ] ] ]) 1.33011764
128.901415111 :(1 [ 2 [ 3 , 4 , 5 ] ],1 [ 5 [ 2 [ 3 , 4 ] ] ]) 1.33011764
133.979743984 :(1 [ 2 [ 3 , 4 , 5 ] ],1 [ 5 [ 2 [ 3 ] , 4 ] ]) 1.33011764
48.102963074 :(1 [ 2 [ 3 , 4 , 5 ] ],1 [ 5 [ 2 , 3 , 4 ] ]) 1.33011764
65.044247781 :(1 [ 2 [ 3 , 4 , 5 ] ],1 [ 5 [ 2 [ 4 ] , 3 ] ]) 1.33011764
74.678830444 :(1 [ 2 [ 3 , 4 , 5 ] ],1 [ 4 [ 2 ] , 5 [ 3 ] ]) 1.33011764
179.957414829 :(1 [ 2 [ 3 , 4 , 5 ] ],1 [ 5 [ 3 [ 2 [ 4 ] ] ] ]) 1.33011764
57.231094306 :(1 [ 2 [ 3 , 4 , 5 ] ],1 [ 5 [ 3 [ 4 [ 2 ] ] ] ]) 1.33011764
119.268075426 :(1 [ 2 [ 3 , 4 , 5 ] ],1 [ 5 [ 3 , 4 [ 2 ] ] ]) 1.33011764
493.006780875 :(1 [ 2 [ 3 , 4 , 5 ] ],1 [ 5 [ 3 [ 2 ] , 4 ] ]) 1.33011764
421.538714615 :(1 [ 2 [ 3 , 4 , 5 ] ],1 [ 4 , 5 [ 3 [ 2 ] ] ]) 1.33011764
52.646799656 :(1 [ 2 [ 3 , 4 , 5 ] ],1 [ 5 [ 3 [ 2 , 4 ] ] ]) 1.33011764
449.571199931 :(1 [ 2 [ 3 , 4 , 5 ] ],1 [ 4 [ 3 [ 2 ] ] , 5 ]) 1.33011764
54.950702295 :(1 [ 2 [ 3 , 4 , 5 ] ],1 [ 5 [ 4 [ 3 [ 2 ] ] ] ]) 1.33011764
192.389482487 :(1 [ 2 [ 3 , 4 , 5 ] ],1 [ 5 [ 4 [ 2 [ 3 ] ] ] ]) 1.33011764
60.381566974 :(1 [ 2 [ 3 , 4 , 5 ] ],1 [ 4 [ 2 [ 3 ] ] , 5 ]) 1.33011764
67.949767649 :(1 [ 2 [ 3 , 4 , 5 ] ],1 [ 4 [ 2 , 3 ] , 5 ]) 1.33011764
148.279647993 :(1 [ 2 [ 3 , 4 , 5 ] ],1 [ 5 [ 4 [ 2 , 3 ] ] ]) 1.33011764
129.381419389 :(1 [ 2 [ 3 , 4 , 5 ] ],1 [ 4 [ 2 , 3 , 5 ] ]) 1.33011764
100.087050779 :(1 [ 2 [ 3 , 4 , 5 ] ],1 [ 4 [ 2 , 3 [ 5 ] ] ]) 1.33011764
38.445665114 :(1 [ 2 [ 3 , 4 , 5 ] ],1 [ 4 [ 2 [ 3 [ 5 ] ] ] ]) 1.33011764
57.463802569 :(1 [ 2 [ 3 , 4 , 5 ] ],1 [ 4 [ 2 , 5 [ 3 ] ] ]) 1.33011764
555.277175397 :(1 [ 2 [ 3 , 4 , 5 ] ],1 [ 4 [ 2 [ 3 ] , 5 ] ]) 1.33011764
91.983509519 :(1 [ 2 [ 3 , 4 , 5 ] ],1 [ 4 [ 3 [ 2 ] , 5 ] ]) 1.33011764
123.833206599 :(1 [ 2 [ 3 , 4 , 5 ] ],1 [ 4 [ 5 [ 3 [ 2 ] ] ] ]) 1.33011764
75.021824607 :(1 [ 2 [ 3 , 4 , 5 ] ],1 [ 4 [ 3 [ 2 , 5 ] ] ]) 1.33011764
0.348165315 :(1 [ 2 [ 3 ] , 4 , 5 ],1 [ 2 , 3 , 4 , 5 ]) 1.33011764
0.270433646 :(1 [ 2 [ 3 ] , 4 , 5 ],1 [ 2 [ 3 ] , 4 , 5 ]) 1.33011764
0.414306309 :(1 [ 2 [ 3 ] , 4 , 5 ],1 [ 2 , 4 [ 3 ] , 5 ]) 1.33011764
0.420765836 :(1 [ 2 [ 3 ] , 4 , 5 ],1 [ 2 , 4 , 5 [ 3 ] ]) 1.33011764
0.492970759 :(1 [ 2 [ 3 ] , 4 , 5 ],1 [ 2 , 3 [ 5 ] , 4 ]) 1.33011764
0.414023539 :(1 [ 2 [ 3 ] , 4 , 5 ],1 [ 2 [ 3 [ 5 ] ] , 4 ]) 1.33011764
0.410739833 :(1 [ 2 [ 3 ] , 4 , 5 ],1 [ 2 [ 5 [ 3 ] ] , 4 ]) 1.33011764
0.509403687 :(1 [ 2 [ 3 ] , 4 , 5 ],1 [ 2 , 4 [ 3 [ 5 ] ] ]) 1.33011764
0.469532557 :(1 [ 2 [ 3 ] , 4 , 5 ],1 [ 2 , 4 [ 5 [ 3 ] ] ]) 1.33011764
0.429632022 :(1 [ 2 [ 3 ] , 4 , 5 ],1 [ 2 , 3 , 4 [ 5 ] ]) 1.33011764
0.387186046 :(1 [ 2 [ 3 ] , 4 , 5 ],1 [ 2 [ 3 ] , 4 [ 5 ] ]) 1.33011764
0.461780717 :(1 [ 2 [ 3 ] , 4 , 5 ],1 [ 2 , 4 [ 3 , 5 ] ]) 1.33011764
0.398322979 :(1 [ 2 [ 3 ] , 4 , 5 ],1 [ 2 [ 5 ] , 4 [ 3 ] ]) 1.33011764
0.399006348 :(1 [ 2 [ 3 ] , 4 , 5 ],1 [ 2 [ 5 ] , 3 , 4 ]) 1.33011764
0.3891422 :(1 [ 2 [ 3 ] , 4 , 5 ],1 [ 2 [ 3 , 5 ] , 4 ]) 1.33011764
0.413159402 :(1 [ 2 [ 3 ] , 4 , 5 ],1 [ 2 [ 3 , 4 , 5 ] ]) 1.33011764
0.434737206 :(1 [ 2 [ 3 ] , 4 , 5 ],1 [ 2 [ 3 [ 4 ] , 5 ] ]) 1.33011764
0.41544095 :(1 [ 2 [ 3 ] , 4 , 5 ],1 [ 2 [ 3 , 5 [ 4 ] ] ]) 1.33011764
0.424103299 :(1 [ 2 [ 3 ] , 4 , 5 ],1 [ 2 [ 5 [ 4 ] ] , 3 ]) 1.33011764
0.439345486 :(1 [ 2 [ 3 ] , 4 , 5 ],1 [ 2 [ 5 [ 4 [ 3 ] ] ] ]) 1.33011764
0.452900683 :(1 [ 2 [ 3 ] , 4 , 5 ],1 [ 2 [ 5 [ 3 , 4 ] ] ]) 1.33011764
0.416450449 :(1 [ 2 [ 3 ] , 4 , 5 ],1 [ 2 [ 4 , 5 [ 3 ] ] ]) 1.33011764
0.4566875 :(1 [ 2 [ 3 ] , 4 , 5 ],1 [ 2 [ 5 [ 3 [ 4 ] ] ] ]) 1.33011764
0.413737014 :(1 [ 2 [ 3 ] , 4 , 5 ],1 [ 2 [ 5 ] , 3 [ 4 ] ]) 1.33011764
0.421074558 :(1 [ 2 [ 3 ] , 4 , 5 ],1 [ 2 [ 4 [ 3 ] , 5 ] ]) 1.33011764
0.418323447 :(1 [ 2 [ 3 ] , 4 , 5 ],1 [ 2 [ 4 , 5 ] , 3 ]) 1.33011764
0.420036072 :(1 [ 2 [ 3 ] , 4 , 5 ],1 [ 2 [ 4 ] , 3 , 5 ]) 1.33011764
0.428418817 :(1 [ 2 [ 3 ] , 4 , 5 ],1 [ 2 [ 4 ] , 3 [ 5 ] ]) 1.33011764
0.406775098 :(1 [ 2 [ 3 ] , 4 , 5 ],1 [ 2 [ 4 [ 5 ] ] , 3 ]) 1.33011764
0.422945161 :(1 [ 2 [ 3 ] , 4 , 5 ],1 [ 2 [ 3 , 4 [ 5 ] ] ]) 1.33011764
0.431290858 :(1 [ 2 [ 3 ] , 4 , 5 ],1 [ 2 [ 4 [ 3 , 5 ] ] ]) 1.33011764
0.43013989 :(1 [ 2 [ 3 ] , 4 , 5 ],1 [ 2 [ 4 [ 5 [ 3 ] ] ] ]) 1.33011764
0.414961132 :(1 [ 2 [ 3 ] , 4 , 5 ],1 [ 2 [ 4 ] , 5 [ 3 ] ]) 1.33011764
0.427284311 :(1 [ 2 [ 3 ] , 4 , 5 ],1 [ 2 [ 3 [ 5 ] , 4 ] ]) 1.33011764
0.453374443 :(1 [ 2 [ 3 ] , 4 , 5 ],1 [ 2 [ 4 [ 3 [ 5 ] ] ] ]) 1.33011764
0.422830293 :(1 [ 2 [ 3 ] , 4 , 5 ],1 [ 2 [ 4 [ 3 ] ] , 5 ]) 1.33011764
0.388305118 :(1 [ 2 [ 3 ] , 4 , 5 ],1 [ 2 [ 3 , 4 ] , 5 ]) 1.33011764
0.408514368 :(1 [ 2 [ 3 ] , 4 , 5 ],1 [ 2 [ 3 [ 4 ] ] , 5 ]) 1.33011764
0.395696676 :(1 [ 2 [ 3 ] , 4 , 5 ],1 [ 2 [ 3 ] , 5 [ 4 ] ]) 1.33011764
0.473078043 :(1 [ 2 [ 3 ] , 4 , 5 ],1 [ 2 , 3 , 5 [ 4 ] ]) 1.33011764
0.453552278 :(1 [ 2 [ 3 ] , 4 , 5 ],1 [ 2 , 5 [ 4 [ 3 ] ] ]) 1.33011764
0.448014348 :(1 [ 2 [ 3 ] , 4 , 5 ],1 [ 2 , 5 [ 3 , 4 ] ]) 1.33011764
0.489515892 :(1 [ 2 [ 3 ] , 4 , 5 ],1 [ 2 , 5 [ 3 [ 4 ] ] ]) 1.33011764
0.430471346 :(1 [ 2 [ 3 ] , 4 , 5 ],1 [ 2 , 3 [ 4 ] , 5 ]) 1.33011764
0.581632266 :(1 [ 2 [ 3 ] , 4 , 5 ],1 [ 2 , 3 [ 4 , 5 ] ]) 1.33011764
0.556361223 :(1 [ 2 [ 3 ] , 4 , 5 ],1 [ 2 , 3 [ 4 [ 5 ] ] ]) 1.33011764
0.488215741 :(1 [ 2 [ 3 ] , 4 , 5 ],1 [ 2 [ 3 [ 4 [ 5 ] ] ] ]) 1.33011764
0.449887409 :(1 [ 2 [ 3 ] , 4 , 5 ],1 [ 2 [ 3 [ 4 , 5 ] ] ]) 1.33011764
0.454621889 :(1 [ 2 [ 3 ] , 4 , 5 ],1 [ 2 [ 3 [ 5 [ 4 ] ] ] ]) 1.33011764
0.512579033 :(1 [ 2 [ 3 ] , 4 , 5 ],1 [ 2 , 3 [ 5 [ 4 ] ] ]) 1.33011764
0.484116235 :(1 [ 2 [ 3 ] , 4 , 5 ],1 [ 3 [ 2 , 5 [ 4 ] ] ]) 1.33011764
0.520303643 :(1 [ 2 [ 3 ] , 4 , 5 ],1 [ 3 [ 5 [ 4 [ 2 ] ] ] ]) 1.33011764
0.491805043 :(1 [ 2 [ 3 ] , 4 , 5 ],1 [ 3 [ 5 [ 2 , 4 ] ] ]) 1.33011764
0.71210207 :(1 [ 2 [ 3 ] , 4 , 5 ],1 [ 4 [ 5 [ 2 , 3 ] ] ]) 1.33011764
0.441399252 :(1 [ 2 [ 3 ] , 4 , 5 ],1 [ 5 [ 2 , 3 , 4 ] ]) 1.33011764
37.17144962 :(1 [ 2 [ 3 ] , 4 , 5 ],1 [ 5 [ 3 [ 2 ] , 4 ] ]) 1.33011764
0.536005367 :(1 [ 2 [ 3 ] , 4 , 5 ],1 [ 5 [ 3 , 4 [ 2 ] ] ]) 1.33011764
0.525675081 :(1 [ 2 [ 3 ] , 4 , 5 ],1 [ 4 [ 2 , 5 [ 3 ] ] ]) 1.33011764
101.549919019 :(1 [ 2 [ 3 ] , 4 , 5 ],1 [ 4 [ 5 [ 3 [ 2 ] ] ] ]) 1.33011764
0.462487265 :(1 [ 2 [ 3 ] , 4 , 5 ],1 [ 3 [ 2 , 5 ] , 4 ]) 1.33011764
195.546129524 :(1 [ 2 [ 3 ] , 4 , 5 ],1 [ 4 , 5 [ 3 [ 2 ] ] ]) 1.33011764
0.465991202 :(1 [ 2 [ 3 ] , 4 , 5 ],1 [ 4 [ 2 [ 3 [ 5 ] ] ] ]) 1.33011764
0.470027638 :(1 [ 2 [ 3 ] , 4 , 5 ],1 [ 4 [ 3 [ 2 , 5 ] ] ]) 1.33011764
0.509759221 :(1 [ 2 [ 3 ] , 4 , 5 ],1 [ 4 [ 2 , 3 [ 5 ] ] ]) 1.33011764
0.480094899 :(1 [ 2 [ 3 ] , 4 , 5 ],1 [ 4 [ 3 [ 5 [ 2 ] ] ] ]) 1.33011764
0.553169328 :(1 [ 2 [ 3 ] , 4 , 5 ],1 [ 3 [ 5 [ 2 ] ] , 4 ]) 1.33011764
0.433800706 :(1 [ 2 [ 3 ] , 4 , 5 ],1 [ 4 , 5 [ 2 , 3 ] ]) 1.33011764
0.47013423 :(1 [ 2 [ 3 ] , 4 , 5 ],1 [ 4 [ 2 [ 5 [ 3 ] ] ] ]) 1.33011764
0.491878955 :(1 [ 2 [ 3 ] , 4 , 5 ],1 [ 3 [ 5 ] , 4 [ 2 ] ]) 1.33011764
0.439685396 :(1 [ 2 [ 3 ] , 4 , 5 ],1 [ 4 [ 2 ] , 5 [ 3 ] ]) 1.33011764
0.502144687 :(1 [ 2 [ 3 ] , 4 , 5 ],1 [ 5 [ 3 [ 2 [ 4 ] ] ] ]) 1.33011764
0.404856489 :(1 [ 2 [ 3 ] , 4 , 5 ],1 [ 5 [ 2 [ 4 ] , 3 ] ]) 1.33011764
0.422097873 :(1 [ 2 [ 3 ] , 4 , 5 ],1 [ 5 [ 3 [ 4 [ 2 ] ] ] ]) 1.33011764
0.538983638 :(1 [ 2 [ 3 ] , 4 , 5 ],1 [ 3 [ 4 [ 2 ] , 5 ] ]) 1.33011764
0.469178572 :(1 [ 2 [ 3 ] , 4 , 5 ],1 [ 3 [ 2 [ 4 ] , 5 ] ]) 1.33011764
0.548475142 :(1 [ 2 [ 3 ] , 4 , 5 ],1 [ 3 [ 5 [ 2 [ 4 ] ] ] ]) 1.33011764
0.570674299 :(1 [ 2 [ 3 ] , 4 , 5 ],1 [ 3 [ 4 , 5 [ 2 ] ] ]) 1.33011764
0.486361852 :(1 [ 2 [ 3 ] , 4 , 5 ],1 [ 3 [ 2 , 4 , 5 ] ]) 1.33011764
0.440462094 :(1 [ 2 [ 3 ] , 4 , 5 ],1 [ 5 [ 3 [ 2 , 4 ] ] ]) 1.33011764
0.526460624 :(1 [ 2 [ 3 ] , 4 , 5 ],1 [ 5 [ 2 , 3 [ 4 ] ] ]) 1.33011764
0.541489349 :(1 [ 2 [ 3 ] , 4 , 5 ],1 [ 3 [ 4 ] , 5 [ 2 ] ]) 1.33011764
0.464081891 :(1 [ 2 [ 3 ] , 4 , 5 ],1 [ 4 [ 3 ] , 5 [ 2 ] ]) 1.33011764
0.481478488 :(1 [ 2 [ 3 ] , 4 , 5 ],1 [ 5 [ 2 [ 3 [ 4 ] ] ] ]) 1.33011764
0.471523033 :(1 [ 2 [ 3 ] , 4 , 5 ],1 [ 5 [ 2 [ 4 [ 3 ] ] ] ]) 1.33011764
0.508704157 :(1 [ 2 [ 3 ] , 4 , 5 ],1 [ 5 [ 2 , 4 [ 3 ] ] ]) 1.33011764
45.585963921 :(1 [ 2 [ 3 ] , 4 , 5 ],1 [ 5 [ 4 [ 3 [ 2 ] ] ] ]) 1.33011764
0.501839749 :(1 [ 2 [ 3 ] , 4 , 5 ],1 [ 5 [ 4 [ 2 , 3 ] ] ]) 1.33011764
0.599633479 :(1 [ 2 [ 3 ] , 4 , 5 ],1 [ 3 [ 4 [ 2 ] ] , 5 ]) 1.33011764
0.434495173 :(1 [ 2 [ 3 ] , 4 , 5 ],1 [ 4 [ 2 , 3 ] , 5 ]) 1.33011764
262.395182843 :(1 [ 2 [ 3 ] , 4 , 5 ],1 [ 4 [ 3 [ 2 ] ] , 5 ]) 1.33011764
0.467064099 :(1 [ 2 [ 3 ] , 4 , 5 ],1 [ 3 [ 2 , 4 ] , 5 ]) 1.33011764
0.506342574 :(1 [ 2 [ 3 ] , 4 , 5 ],1 [ 3 [ 2 [ 5 ] , 4 ] ]) 1.33011764
0.458551044 :(1 [ 2 [ 3 ] , 4 , 5 ],1 [ 3 [ 2 , 4 [ 5 ] ] ]) 1.33011764
57.0860625 :(1 [ 2 [ 3 ] , 4 , 5 ],1 [ 4 [ 3 [ 2 ] , 5 ] ]) 1.33011764
0.529167957 :(1 [ 2 [ 3 ] , 4 , 5 ],1 [ 4 [ 3 [ 2 [ 5 ] ] ] ]) 1.33011764
0.499422265 :(1 [ 2 [ 3 ] , 4 , 5 ],1 [ 4 [ 2 [ 5 ] , 3 ] ]) 1.33011764
0.520176458 :(1 [ 2 [ 3 ] , 4 , 5 ],1 [ 4 [ 3 , 5 [ 2 ] ] ]) 1.33011764
0.458182022 :(1 [ 2 [ 3 ] , 4 , 5 ],1 [ 4 [ 2 , 3 , 5 ] ]) 1.33011764
0.586988903 :(1 [ 2 [ 3 ] , 4 , 5 ],1 [ 3 [ 4 [ 2 , 5 ] ] ]) 1.33011764
0.862002968 :(1 [ 2 [ 3 ] , 4 , 5 ],1 [ 3 [ 4 [ 5 [ 2 ] ] ] ]) 1.33011764
0.4492864 :(1 [ 2 [ 3 ] , 4 , 5 ],1 [ 3 [ 4 [ 2 [ 5 ] ] ] ]) 1.33011764
0.433404682 :(1 [ 2 [ 3 ] , 4 , 5 ],1 [ 3 , 4 [ 2 [ 5 ] ] ]) 1.33011764
0.423785502 :(1 [ 2 [ 3 ] , 4 , 5 ],1 [ 3 , 5 [ 2 [ 4 ] ] ]) 1.33011764
0.481107425 :(1 [ 2 [ 3 ] , 4 , 5 ],1 [ 3 [ 2 [ 4 , 5 ] ] ]) 1.33011764
0.482073638 :(1 [ 2 [ 3 ] , 4 , 5 ],1 [ 3 [ 2 [ 5 ] ] , 4 ]) 1.33011764
0.482200808 :(1 [ 2 [ 3 ] , 4 , 5 ],1 [ 3 [ 2 [ 5 [ 4 ] ] ] ]) 1.33011764
0.481278257 :(1 [ 2 [ 3 ] , 4 , 5 ],1 [ 3 , 4 [ 5 [ 2 ] ] ]) 1.33011764
0.439489973 :(1 [ 2 [ 3 ] , 4 , 5 ],1 [ 3 , 5 [ 2 , 4 ] ]) 1.33011764
0.423731245 :(1 [ 2 [ 3 ] , 4 , 5 ],1 [ 3 , 4 , 5 [ 2 ] ]) 1.33011764
117.364386392 :(1 [ 2 [ 3 ] , 4 , 5 ],1 [ 3 [ 2 ] , 4 , 5 ]) 1.33011764
0.337987117 :(1 [ 2 [ 3 ] , 4 , 5 ],1 [ 3 , 4 [ 2 ] , 5 ]) 1.33011764
0.489184398 :(1 [ 2 [ 3 ] , 4 , 5 ],1 [ 3 [ 2 [ 4 ] ] , 5 ]) 1.33011764
0.49947734 :(1 [ 2 [ 3 ] , 4 , 5 ],1 [ 3 , 5 [ 4 [ 2 ] ] ]) 1.33011764
13.164820835 :(1 [ 2 [ 3 ] , 4 , 5 ],1 [ 3 [ 2 ] , 5 [ 4 ] ]) 1.33011764
22.391042302 :(1 [ 2 [ 3 ] , 4 , 5 ],1 [ 3 [ 2 ] , 4 [ 5 ] ]) 1.33011764
0.493010514 :(1 [ 2 [ 3 ] , 4 , 5 ],1 [ 3 [ 2 [ 4 [ 5 ] ] ] ]) 1.33011764
0.433506461 :(1 [ 2 [ 3 ] , 4 , 5 ],1 [ 3 , 4 [ 2 , 5 ] ]) 1.33011764
28.61786887 :(1 [ 2 [ 3 ] , 4 , 5 ],1 [ 4 [ 2 [ 3 ] , 5 ] ]) 1.33011764
181.052154306 :(1 [ 2 [ 3 ] , 4 , 5 ],1 [ 5 [ 4 [ 2 [ 3 ] ] ] ]) 1.33011764
26.618871176 :(1 [ 2 [ 3 ] , 4 , 5 ],1 [ 5 [ 2 [ 3 ] , 4 ] ]) 1.33011764
64.53016139 :(1 [ 2 [ 3 ] , 4 , 5 ],1 [ 4 [ 5 [ 2 [ 3 ] ] ] ]) 1.33011764
93.437483651 :(1 [ 2 [ 3 ] , 4 , 5 ],1 [ 4 , 5 [ 2 [ 3 ] ] ]) 1.33011764
0.42932124 :(1 [ 2 [ 3 ] , 4 , 5 ],1 [ 4 [ 2 [ 3 , 5 ] ] ]) 1.33011764
0.424105637 :(1 [ 2 [ 3 ] , 4 , 5 ],1 [ 5 [ 2 [ 3 , 4 ] ] ]) 1.33011764
193.810890878 :(1 [ 2 [ 3 ] , 4 , 5 ],1 [ 4 [ 2 [ 3 ] ] , 5 ]) 1.33011764
0.332577311 :(1 [ 2 , 3 , 4 , 5 ],1 [ 2 , 3 , 4 , 5 ]) 1.33011764
0.417368241 :(1 [ 2 , 3 , 4 , 5 ],1 [ 2 [ 5 ] , 3 , 4 ]) 1.33011764
0.380543321 :(1 [ 2 , 3 , 4 , 5 ],1 [ 2 , 3 [ 5 ] , 4 ]) 1.33011764
0.381936072 :(1 [ 2 , 3 , 4 , 5 ],1 [ 2 , 3 , 4 [ 5 ] ]) 1.33011764
0.386032147 :(1 [ 2 , 3 , 4 , 5 ],1 [ 2 , 3 , 5 [ 4 ] ]) 1.33011764
0.411545326 :(1 [ 2 , 3 , 4 , 5 ],1 [ 2 [ 4 [ 5 ] ] , 3 ]) 1.33011764
0.429904672 :(1 [ 2 , 3 , 4 , 5 ],1 [ 2 [ 5 [ 4 ] ] , 3 ]) 1.33011764
0.345919603 :(1 [ 2 , 3 , 4 , 5 ],1 [ 2 , 3 [ 4 [ 5 ] ] ]) 1.33011764
0.392478994 :(1 [ 2 , 3 , 4 , 5 ],1 [ 2 , 3 [ 5 [ 4 ] ] ]) 1.33011764
0.387725268 :(1 [ 2 , 3 , 4 , 5 ],1 [ 2 [ 4 ] , 3 [ 5 ] ]) 1.33011764
0.395664806 :(1 [ 2 , 3 , 4 , 5 ],1 [ 2 , 3 [ 4 , 5 ] ]) 1.33011764
0.403579565 :(1 [ 2 , 3 , 4 , 5 ],1 [ 2 , 3 [ 4 ] , 5 ]) 1.33011764
0.403339497 :(1 [ 2 , 3 , 4 , 5 ],1 [ 2 [ 5 ] , 3 [ 4 ] ]) 1.33011764
0.456072182 :(1 [ 2 , 3 , 4 , 5 ],1 [ 2 [ 4 , 5 ] , 3 ]) 1.33011764
0.43719367 :(1 [ 2 , 3 , 4 , 5 ],1 [ 2 [ 4 ] , 3 , 5 ]) 1.33011764
0.430356231 :(1 [ 2 , 3 , 4 , 5 ],1 [ 2 [ 3 , 4 ] , 5 ]) 1.33011764
0.419382574 :(1 [ 2 , 3 , 4 , 5 ],1 [ 2 [ 4 [ 3 ] ] , 5 ]) 1.33011764
0.437479175 :(1 [ 2 , 3 , 4 , 5 ],1 [ 2 [ 4 ] , 5 [ 3 ] ]) 1.33011764
0.395803004 :(1 [ 2 , 3 , 4 , 5 ],1 [ 2 [ 3 [ 5 ] , 4 ] ]) 1.33011764
0.410715373 :(1 [ 2 , 3 , 4 , 5 ],1 [ 2 [ 4 , 5 [ 3 ] ] ]) 1.33011764
0.456031463 :(1 [ 2 , 3 , 4 , 5 ],1 [ 2 [ 4 [ 3 [ 5 ] ] ] ]) 1.33011764
0.421972931 :(1 [ 2 , 3 , 4 , 5 ],1 [ 2 [ 4 [ 5 [ 3 ] ] ] ]) 1.33011764
0.406887955 :(1 [ 2 , 3 , 4 , 5 ],1 [ 2 [ 3 , 4 [ 5 ] ] ]) 1.33011764
0.400642476 :(1 [ 2 , 3 , 4 , 5 ],1 [ 2 [ 4 [ 3 , 5 ] ] ]) 1.33011764
0.42966009 :(1 [ 2 , 3 , 4 , 5 ],1 [ 2 [ 4 [ 3 ] , 5 ] ]) 1.33011764
0.397444495 :(1 [ 2 , 3 , 4 , 5 ],1 [ 2 [ 3 , 4 , 5 ] ]) 1.33011764
0.38589346 :(1 [ 2 , 3 , 4 , 5 ],1 [ 2 [ 3 , 5 ] , 4 ]) 1.33011764
0.391413082 :(1 [ 2 , 3 , 4 , 5 ],1 [ 2 [ 3 [ 4 ] , 5 ] ]) 1.33011764
0.396930502 :(1 [ 2 , 3 , 4 , 5 ],1 [ 2 [ 3 , 5 [ 4 ] ] ]) 1.33011764
0.429730172 :(1 [ 2 , 3 , 4 , 5 ],1 [ 2 [ 5 [ 4 [ 3 ] ] ] ]) 1.33011764
0.453588588 :(1 [ 2 , 3 , 4 , 5 ],1 [ 2 [ 5 [ 3 , 4 ] ] ]) 1.33011764
0.405153044 :(1 [ 2 , 3 , 4 , 5 ],1 [ 2 [ 5 [ 3 ] ] , 4 ]) 1.33011764
0.49822732 :(1 [ 2 , 3 , 4 , 5 ],1 [ 2 [ 5 [ 3 [ 4 ] ] ] ]) 1.33011764
0.379636731 :(1 [ 2 , 3 , 4 , 5 ],1 [ 2 [ 5 ] , 4 [ 3 ] ]) 1.33011764
0.384669933 :(1 [ 2 , 3 , 4 , 5 ],1 [ 2 , 4 [ 3 ] , 5 ]) 1.33011764
0.411394771 :(1 [ 2 , 3 , 4 , 5 ],1 [ 2 , 4 [ 3 [ 5 ] ] ]) 1.33011764
0.39814822 :(1 [ 2 , 3 , 4 , 5 ],1 [ 2 , 4 [ 3 , 5 ] ]) 1.33011764
0.44025789 :(1 [ 2 , 3 , 4 , 5 ],1 [ 2 , 5 [ 4 [ 3 ] ] ]) 1.33011764
0.422251921 :(1 [ 2 , 3 , 4 , 5 ],1 [ 2 [ 3 [ 4 [ 5 ] ] ] ]) 1.33011764
0.413263422 :(1 [ 2 , 3 , 4 , 5 ],1 [ 2 [ 3 [ 4 ] ] , 5 ]) 1.33011764
0.4075083 :(1 [ 2 , 3 , 4 , 5 ],1 [ 2 [ 3 [ 4 , 5 ] ] ]) 1.33011764
0.504678741 :(1 [ 2 , 3 , 4 , 5 ],1 [ 2 , 5 [ 3 [ 4 ] ] ]) 1.33011764
0.393128495 :(1 [ 2 , 3 , 4 , 5 ],1 [ 2 , 4 , 5 [ 3 ] ]) 1.33011764
0.444201948 :(1 [ 2 , 3 , 4 , 5 ],1 [ 2 , 5 [ 3 , 4 ] ]) 1.33011764
0.39928495 :(1 [ 2 , 3 , 4 , 5 ],1 [ 2 , 4 [ 5 [ 3 ] ] ]) 1.33011764
0.440867662 :(1 [ 2 , 3 , 4 , 5 ],1 [ 2 [ 3 [ 5 [ 4 ] ] ] ]) 1.33011764
0.417567495 :(1 [ 2 , 3 , 4 , 5 ],1 [ 2 [ 3 [ 5 ] ] , 4 ]) 1.33011764
0.404254673 :(1 [ 2 , 3 , 4 , 5 ],1 [ 2 [ 3 ] , 4 , 5 ]) 1.33011764
0.430059664 :(1 [ 2 , 3 , 4 , 5 ],1 [ 2 [ 3 ] , 4 [ 5 ] ]) 1.33011764
0.41085772 :(1 [ 2 , 3 , 4 , 5 ],1 [ 2 [ 3 ] , 5 [ 4 ] ]) 1.33011764
0.396261167 :(1 [ 2 , 3 , 4 , 5 ],1 [ 3 [ 2 ] , 5 [ 4 ] ]) 1.33011764
0.43653946 :(1 [ 2 , 3 , 4 , 5 ],1 [ 5 [ 4 [ 2 [ 3 ] ] ] ]) 1.33011764
0.421683164 :(1 [ 2 , 3 , 4 , 5 ],1 [ 5 [ 2 [ 3 ] , 4 ] ]) 1.33011764
0.466332303 :(1 [ 2 , 3 , 4 , 5 ],1 [ 5 [ 4 [ 3 [ 2 ] ] ] ]) 1.33011764
0.416612748 :(1 [ 2 , 3 , 4 , 5 ],1 [ 5 [ 3 [ 2 ] , 4 ] ]) 1.33011764
0.411433737 :(1 [ 2 , 3 , 4 , 5 ],1 [ 3 [ 2 , 5 [ 4 ] ] ]) 1.33011764
0.490055148 :(1 [ 2 , 3 , 4 , 5 ],1 [ 4 [ 5 [ 3 [ 2 ] ] ] ]) 1.33011764
0.399533232 :(1 [ 2 , 3 , 4 , 5 ],1 [ 3 [ 2 ] , 4 [ 5 ] ]) 1.33011764
0.381403886 :(1 [ 2 , 3 , 4 , 5 ],1 [ 4 [ 2 [ 3 ] , 5 ] ]) 1.33011764
0.394128762 :(1 [ 2 , 3 , 4 , 5 ],1 [ 4 [ 5 [ 2 [ 3 ] ] ] ]) 1.33011764
0.409310014 :(1 [ 2 , 3 , 4 , 5 ],1 [ 4 [ 3 [ 2 ] , 5 ] ]) 1.33011764
0.401236485 :(1 [ 2 , 3 , 4 , 5 ],1 [ 3 [ 2 , 4 [ 5 ] ] ]) 1.33011764
0.426419498 :(1 [ 2 , 3 , 4 , 5 ],1 [ 3 [ 2 [ 4 [ 5 ] ] ] ]) 1.33011764
0.42573659 :(1 [ 2 , 3 , 4 , 5 ],1 [ 3 [ 2 [ 5 [ 4 ] ] ] ]) 1.33011764
0.40737705 :(1 [ 2 , 3 , 4 , 5 ],1 [ 3 [ 2 [ 5 ] ] , 4 ]) 1.33011764
0.432406623 :(1 [ 2 , 3 , 4 , 5 ],1 [ 3 [ 2 [ 4 , 5 ] ] ]) 1.33011764
0.410322861 :(1 [ 2 , 3 , 4 , 5 ],1 [ 3 [ 2 [ 5 ] , 4 ] ]) 1.33011764
0.414416784 :(1 [ 2 , 3 , 4 , 5 ],1 [ 3 [ 2 , 4 ] , 5 ]) 1.33011764
0.388156287 :(1 [ 2 , 3 , 4 , 5 ],1 [ 3 [ 2 , 4 , 5 ] ]) 1.33011764
0.384670284 :(1 [ 2 , 3 , 4 , 5 ],1 [ 3 [ 2 , 5 ] , 4 ]) 1.33011764
0.40347664 :(1 [ 2 , 3 , 4 , 5 ],1 [ 3 [ 2 [ 4 ] , 5 ] ]) 1.33011764
0.389535185 :(1 [ 2 , 3 , 4 , 5 ],1 [ 3 [ 2 [ 4 ] ] , 5 ]) 1.33011764
0.411857356 :(1 [ 2 , 3 , 4 , 5 ],1 [ 3 [ 2 ] , 4 , 5 ]) 1.33011764
0.411561675 :(1 [ 2 , 3 , 4 , 5 ],1 [ 4 [ 2 [ 3 ] ] , 5 ]) 1.33011764
0.409317369 :(1 [ 2 , 3 , 4 , 5 ],1 [ 4 , 5 [ 2 [ 3 ] ] ]) 1.33011764
0.402777721 :(1 [ 2 , 3 , 4 , 5 ],1 [ 4 [ 3 [ 2 ] ] , 5 ]) 1.33011764
0.584575709 :(1 [ 2 , 3 , 4 , 5 ],1 [ 4 , 5 [ 3 [ 2 ] ] ]) 1.33011764
0.84210343 :(1 [ 2 , 3 , 4 , 5 ],1 [ 5 [ 3 [ 2 [ 4 ] ] ] ]) 1.33011764
0.544645453 :(1 [ 2 , 3 , 4 , 5 ],1 [ 5 [ 3 [ 2 , 4 ] ] ]) 1.33011764
0.463656621 :(1 [ 2 , 3 , 4 , 5 ],1 [ 5 [ 2 [ 3 [ 4 ] ] ] ]) 1.33011764
0.396699571 :(1 [ 2 , 3 , 4 , 5 ],1 [ 5 [ 2 [ 3 , 4 ] ] ]) 1.33011764
0.400989704 :(1 [ 2 , 3 , 4 , 5 ],1 [ 4 [ 2 [ 3 , 5 ] ] ]) 1.33011764
0.412582727 :(1 [ 2 , 3 , 4 , 5 ],1 [ 4 [ 3 [ 2 [ 5 ] ] ] ]) 1.33011764
0.39446853 :(1 [ 2 , 3 , 4 , 5 ],1 [ 4 [ 3 [ 2 , 5 ] ] ]) 1.33011764
0.414170623 :(1 [ 2 , 3 , 4 , 5 ],1 [ 4 [ 2 [ 3 [ 5 ] ] ] ]) 1.33011764
0.419286014 :(1 [ 2 , 3 , 4 , 5 ],1 [ 3 [ 5 ] , 4 [ 2 ] ]) 1.33011764
0.401151592 :(1 [ 2 , 3 , 4 , 5 ],1 [ 4 [ 2 ] , 5 [ 3 ] ]) 1.33011764
0.446465796 :(1 [ 2 , 3 , 4 , 5 ],1 [ 4 [ 2 [ 5 [ 3 ] ] ] ]) 1.33011764
0.429425994 :(1 [ 2 , 3 , 4 , 5 ],1 [ 4 [ 2 , 3 [ 5 ] ] ]) 1.33011764
0.432825216 :(1 [ 2 , 3 , 4 , 5 ],1 [ 4 [ 2 , 5 [ 3 ] ] ]) 1.33011764
0.417558112 :(1 [ 2 , 3 , 4 , 5 ],1 [ 4 [ 5 [ 2 , 3 ] ] ]) 1.33011764
0.402330297 :(1 [ 2 , 3 , 4 , 5 ],1 [ 3 [ 5 [ 2 ] ] , 4 ]) 1.33011764
0.415459586 :(1 [ 2 , 3 , 4 , 5 ],1 [ 4 , 5 [ 2 , 3 ] ]) 1.33011764
0.406480904 :(1 [ 2 , 3 , 4 , 5 ],1 [ 4 [ 3 [ 5 [ 2 ] ] ] ]) 1.33011764
0.422042203 :(1 [ 2 , 3 , 4 , 5 ],1 [ 4 [ 3 ] , 5 [ 2 ] ]) 1.33011764
0.384372046 :(1 [ 2 , 3 , 4 , 5 ],1 [ 4 [ 2 [ 5 ] , 3 ] ]) 1.33011764
0.411392439 :(1 [ 2 , 3 , 4 , 5 ],1 [ 4 [ 3 , 5 [ 2 ] ] ]) 1.33011764
0.391529111 :(1 [ 2 , 3 , 4 , 5 ],1 [ 3 , 4 [ 5 [ 2 ] ] ]) 1.33011764
0.396490665 :(1 [ 2 , 3 , 4 , 5 ],1 [ 3 , 4 , 5 [ 2 ] ]) 1.33011764
0.427067663 :(1 [ 2 , 3 , 4 , 5 ],1 [ 3 , 4 [ 2 [ 5 ] ] ]) 1.33011764
0.391541039 :(1 [ 2 , 3 , 4 , 5 ],1 [ 3 , 4 [ 2 ] , 5 ]) 1.33011764
0.379337415 :(1 [ 2 , 3 , 4 , 5 ],1 [ 3 , 4 [ 2 , 5 ] ]) 1.33011764
0.404866927 :(1 [ 2 , 3 , 4 , 5 ],1 [ 4 [ 2 , 3 , 5 ] ]) 1.33011764
0.408374345 :(1 [ 2 , 3 , 4 , 5 ],1 [ 4 [ 2 , 3 ] , 5 ]) 1.33011764
0.437080433 :(1 [ 2 , 3 , 4 , 5 ],1 [ 3 [ 4 [ 2 ] ] , 5 ]) 1.33011764
0.445994594 :(1 [ 2 , 3 , 4 , 5 ],1 [ 5 [ 2 [ 4 [ 3 ] ] ] ]) 1.33011764
0.539909777 :(1 [ 2 , 3 , 4 , 5 ],1 [ 5 [ 3 [ 4 [ 2 ] ] ] ]) 1.33011764
0.442617215 :(1 [ 2 , 3 , 4 , 5 ],1 [ 5 [ 4 [ 2 , 3 ] ] ]) 1.33011764
0.402175208 :(1 [ 2 , 3 , 4 , 5 ],1 [ 3 [ 4 [ 2 , 5 ] ] ]) 1.33011764
0.408119067 :(1 [ 2 , 3 , 4 , 5 ],1 [ 3 [ 4 [ 2 [ 5 ] ] ] ]) 1.33011764
0.40446574 :(1 [ 2 , 3 , 4 , 5 ],1 [ 3 [ 4 [ 2 ] , 5 ] ]) 1.33011764
0.529939391 :(1 [ 2 , 3 , 4 , 5 ],1 [ 3 [ 5 [ 2 [ 4 ] ] ] ]) 1.33011764
0.45773914 :(1 [ 2 , 3 , 4 , 5 ],1 [ 3 [ 5 [ 4 [ 2 ] ] ] ]) 1.33011764
0.392416072 :(1 [ 2 , 3 , 4 , 5 ],1 [ 3 , 5 [ 4 [ 2 ] ] ]) 1.33011764
0.416387634 :(1 [ 2 , 3 , 4 , 5 ],1 [ 3 , 5 [ 2 [ 4 ] ] ]) 1.33011764
0.416108557 :(1 [ 2 , 3 , 4 , 5 ],1 [ 5 [ 2 [ 4 ] , 3 ] ]) 1.33011764
0.437455266 :(1 [ 2 , 3 , 4 , 5 ],1 [ 5 [ 3 , 4 [ 2 ] ] ]) 1.33011764
0.424723492 :(1 [ 2 , 3 , 4 , 5 ],1 [ 5 [ 2 , 3 , 4 ] ]) 1.33011764
0.419148916 :(1 [ 2 , 3 , 4 , 5 ],1 [ 5 [ 2 , 3 [ 4 ] ] ]) 1.33011764
0.397130941 :(1 [ 2 , 3 , 4 , 5 ],1 [ 3 [ 4 ] , 5 [ 2 ] ]) 1.33011764
0.441067801 :(1 [ 2 , 3 , 4 , 5 ],1 [ 5 [ 2 , 4 [ 3 ] ] ]) 1.33011764
0.400156988 :(1 [ 2 , 3 , 4 , 5 ],1 [ 3 , 5 [ 2 , 4 ] ]) 1.33011764
0.447276458 :(1 [ 2 , 3 , 4 , 5 ],1 [ 3 [ 4 [ 5 [ 2 ] ] ] ]) 1.33011764
0.544896746 :(1 [ 2 , 3 , 4 , 5 ],1 [ 3 [ 5 [ 2 , 4 ] ] ]) 1.33011764
0.406821658 :(1 [ 2 , 3 , 4 , 5 ],1 [ 3 [ 4 , 5 [ 2 ] ] ]) 1.33011764
