1.336052913 :(1 [ 2 [ 3 [ 4 ] ] , 5 ],1 [ 2 [ 3 ] , 4 , 5 ]) 1.0
0.839617207 :(1 [ 2 [ 3 [ 4 ] ] , 5 ],1 [ 2 [ 3 ] , 4 , 5 ]) 1.01980054
0.641041046 :(1 [ 2 [ 3 [ 4 ] ] , 5 ],1 [ 2 [ 3 ] , 4 , 5 ]) 1.07832457
1.35903289 :(1 [ 2 [ 3 [ 4 ] ] , 5 ],1 [ 2 [ 3 ] , 4 , 5 ]) 1.07932457
0.680091215 :(1 [ 2 [ 3 [ 4 ] ] , 5 ],1 [ 2 [ 3 ] , 4 , 5 ]) 1.08032457
0.169396147 :(1 [ 2 [ 3 [ 4 ] ] , 5 ],1 [ 2 [ 3 ] , 4 , 5 ]) 1.08132457
0.827542362 :(1 [ 2 [ 3 [ 4 ] ] , 5 ],1 [ 2 [ 3 , 4 ] , 5 ]) 1.08032457
0.159264152 :(1 [ 2 [ 3 [ 4 ] ] , 5 ],1 [ 2 [ 3 , 4 ] , 5 ]) 1.08132457
0.141420887 :(1 [ 2 [ 3 [ 4 ] ] , 5 ],1 [ 2 [ 3 [ 4 ] ] , 5 ]) 1.08032457
0.88868976 :(1 [ 2 [ 3 [ 4 ] ] , 5 ],1 [ 2 [ 3 ] , 5 [ 4 ] ]) 1.08032457
0.160872018 :(1 [ 2 [ 3 [ 4 ] ] , 5 ],1 [ 2 [ 3 ] , 5 [ 4 ] ]) 1.08132457
0.808881644 :(1 [ 2 [ 3 [ 4 ] ] , 5 ],1 [ 2 , 3 , 5 [ 4 ] ]) 1.08032457
0.17975232 :(1 [ 2 [ 3 [ 4 ] ] , 5 ],1 [ 2 , 3 , 5 [ 4 ] ]) 1.08132457
4.36739234 :(1 [ 2 [ 3 [ 4 ] ] , 5 ],1 [ 2 , 5 [ 4 [ 3 ] ] ]) 1.08032457
0.806757526 :(1 [ 2 [ 3 [ 4 ] ] , 5 ],1 [ 2 , 5 [ 3 , 4 ] ]) 1.08032457
0.161080534 :(1 [ 2 [ 3 [ 4 ] ] , 5 ],1 [ 2 , 5 [ 3 , 4 ] ]) 1.08132457
0.77861007 :(1 [ 2 [ 3 [ 4 ] ] , 5 ],1 [ 2 , 4 , 5 [ 3 ] ]) 1.08032457
0.182105892 :(1 [ 2 [ 3 [ 4 ] ] , 5 ],1 [ 2 , 4 , 5 [ 3 ] ]) 1.08132457
1.168617273 :(1 [ 2 [ 3 [ 4 ] ] , 5 ],1 [ 2 [ 4 ] , 5 [ 3 ] ]) 1.08032457
0.158919814 :(1 [ 2 [ 3 [ 4 ] ] , 5 ],1 [ 2 [ 4 ] , 5 [ 3 ] ]) 1.08132457
8.551826101 :(1 [ 2 [ 3 [ 4 ] ] , 5 ],1 [ 2 , 5 [ 3 [ 4 ] ] ]) 1.08032457
14.886163153 :(1 [ 2 [ 3 [ 4 ] ] , 5 ],1 [ 2 , 3 [ 4 ] , 5 ]) 1.08032457
6.128066228 :(1 [ 2 [ 3 [ 4 ] ] , 5 ],1 [ 2 , 4 [ 3 ] , 5 ]) 1.08032457
1.62275659 :(1 [ 2 [ 3 [ 4 ] ] , 5 ],1 [ 2 [ 4 [ 3 ] ] , 5 ]) 1.08032457
0.89757048 :(1 [ 2 [ 3 [ 4 ] ] , 5 ],1 [ 2 [ 4 ] , 3 , 5 ]) 1.08032457
0.186483749 :(1 [ 2 [ 3 [ 4 ] ] , 5 ],1 [ 2 [ 4 ] , 3 , 5 ]) 1.08132457
0.720335428 :(1 [ 2 [ 3 [ 4 ] ] , 5 ],1 [ 2 , 3 , 4 , 5 ]) 1.08032457
0.156209073 :(1 [ 2 [ 3 [ 4 ] ] , 5 ],1 [ 2 , 3 , 4 , 5 ]) 1.08132457
0.861068065 :(1 [ 2 [ 3 [ 4 ] ] , 5 ],1 [ 2 [ 5 ] , 3 , 4 ]) 1.08032457
0.157938049 :(1 [ 2 [ 3 [ 4 ] ] , 5 ],1 [ 2 [ 5 ] , 3 , 4 ]) 1.08132457
0.163171761 :(1 [ 2 [ 3 [ 4 ] ] , 5 ],1 [ 2 , 3 [ 5 ] , 4 ]) 1.08032457
0.173502832 :(1 [ 2 [ 3 [ 4 ] ] , 5 ],1 [ 2 , 3 , 4 [ 5 ] ]) 1.08032457
0.152783576 :(1 [ 2 [ 3 [ 4 ] ] , 5 ],1 [ 2 [ 4 [ 5 ] ] , 3 ]) 1.08032457
0.891935223 :(1 [ 2 [ 3 [ 4 ] ] , 5 ],1 [ 2 [ 5 [ 4 ] ] , 3 ]) 1.08032457
0.158946635 :(1 [ 2 [ 3 [ 4 ] ] , 5 ],1 [ 2 [ 5 [ 4 ] ] , 3 ]) 1.08132457
0.159908093 :(1 [ 2 [ 3 [ 4 ] ] , 5 ],1 [ 2 , 3 [ 4 [ 5 ] ] ]) 1.08032457
0.17655387 :(1 [ 2 [ 3 [ 4 ] ] , 5 ],1 [ 2 , 3 [ 5 [ 4 ] ] ]) 1.08032457
0.156953283 :(1 [ 2 [ 3 [ 4 ] ] , 5 ],1 [ 2 [ 4 ] , 3 [ 5 ] ]) 1.08032457
0.162963499 :(1 [ 2 [ 3 [ 4 ] ] , 5 ],1 [ 2 , 3 [ 4 , 5 ] ]) 1.08032457
4.328573467 :(1 [ 2 [ 3 [ 4 ] ] , 5 ],1 [ 2 [ 5 ] , 3 [ 4 ] ]) 1.08032457
0.80543277 :(1 [ 2 [ 3 [ 4 ] ] , 5 ],1 [ 2 [ 4 , 5 ] , 3 ]) 1.08032457
0.156974232 :(1 [ 2 [ 3 [ 4 ] ] , 5 ],1 [ 2 [ 4 , 5 ] , 3 ]) 1.08132457
0.920230176 :(1 [ 2 [ 3 [ 4 ] ] , 5 ],1 [ 2 [ 3 , 4 , 5 ] ]) 1.08032457
0.156649776 :(1 [ 2 [ 3 [ 4 ] ] , 5 ],1 [ 2 [ 3 , 4 , 5 ] ]) 1.08132457
1.589261287 :(1 [ 2 [ 3 [ 4 ] ] , 5 ],1 [ 2 [ 4 [ 3 ] , 5 ] ]) 1.08032457
0.904281166 :(1 [ 2 [ 3 [ 4 ] ] , 5 ],1 [ 2 [ 4 , 5 [ 3 ] ] ]) 1.08032457
0.162435344 :(1 [ 2 [ 3 [ 4 ] ] , 5 ],1 [ 2 [ 4 , 5 [ 3 ] ] ]) 1.08132457
0.743818505 :(1 [ 2 [ 3 [ 4 ] ] , 5 ],1 [ 2 [ 5 [ 3 ] ] , 4 ]) 1.08032457
0.177336702 :(1 [ 2 [ 3 [ 4 ] ] , 5 ],1 [ 2 [ 5 [ 3 ] ] , 4 ]) 1.08132457
4.462925363 :(1 [ 2 [ 3 [ 4 ] ] , 5 ],1 [ 2 [ 5 [ 3 [ 4 ] ] ] ]) 1.08032457
1.909435563 :(1 [ 2 [ 3 [ 4 ] ] , 5 ],1 [ 2 [ 5 [ 3 , 4 ] ] ]) 1.08032457
0.158531604 :(1 [ 2 [ 3 [ 4 ] ] , 5 ],1 [ 2 [ 5 [ 3 , 4 ] ] ]) 1.08132457
0.71492032 :(1 [ 2 [ 3 [ 4 ] ] , 5 ],1 [ 2 [ 3 , 5 [ 4 ] ] ]) 1.08032457
0.16184383 :(1 [ 2 [ 3 [ 4 ] ] , 5 ],1 [ 2 [ 3 , 5 [ 4 ] ] ]) 1.08132457
2.873904094 :(1 [ 2 [ 3 [ 4 ] ] , 5 ],1 [ 2 [ 5 [ 4 [ 3 ] ] ] ]) 1.08032457
0.814761001 :(1 [ 2 [ 3 [ 4 ] ] , 5 ],1 [ 2 [ 5 ] , 4 [ 3 ] ]) 1.08032457
0.164601958 :(1 [ 2 [ 3 [ 4 ] ] , 5 ],1 [ 2 [ 3 [ 4 ] , 5 ] ]) 1.08032457
0.732054238 :(1 [ 2 [ 3 [ 4 ] ] , 5 ],1 [ 2 [ 3 , 5 ] , 4 ]) 1.08032457
0.161413444 :(1 [ 2 [ 3 [ 4 ] ] , 5 ],1 [ 2 [ 3 , 5 ] , 4 ]) 1.08132457
0.16426667 :(1 [ 2 [ 3 [ 4 ] ] , 5 ],1 [ 2 [ 3 [ 5 ] ] , 4 ]) 1.08032457
0.16081952 :(1 [ 2 [ 3 [ 4 ] ] , 5 ],1 [ 2 [ 3 ] , 4 [ 5 ] ]) 1.08032457
0.160284583 :(1 [ 2 [ 3 [ 4 ] ] , 5 ],1 [ 2 [ 3 , 4 [ 5 ] ] ]) 1.08032457
0.161309264 :(1 [ 2 [ 3 [ 4 ] ] , 5 ],1 [ 2 [ 3 [ 4 [ 5 ] ] ] ]) 1.08032457
0.158476607 :(1 [ 2 [ 3 [ 4 ] ] , 5 ],1 [ 2 [ 3 [ 5 [ 4 ] ] ] ]) 1.08032457
0.161250846 :(1 [ 2 [ 3 [ 4 ] ] , 5 ],1 [ 2 [ 3 [ 5 ] , 4 ] ]) 1.08032457
0.159334866 :(1 [ 2 [ 3 [ 4 ] ] , 5 ],1 [ 2 [ 3 [ 4 , 5 ] ] ]) 1.08032457
0.156606135 :(1 [ 2 [ 3 [ 4 ] ] , 5 ],1 [ 2 , 4 [ 3 [ 5 ] ] ]) 1.08032457
0.162159338 :(1 [ 2 [ 3 [ 4 ] ] , 5 ],1 [ 2 [ 4 [ 3 [ 5 ] ] ] ]) 1.08032457
0.161487513 :(1 [ 2 [ 3 [ 4 ] ] , 5 ],1 [ 2 [ 4 [ 5 [ 3 ] ] ] ]) 1.08032457
0.163407313 :(1 [ 2 [ 3 [ 4 ] ] , 5 ],1 [ 2 , 4 [ 5 [ 3 ] ] ]) 1.08032457
0.16245848 :(1 [ 2 [ 3 [ 4 ] ] , 5 ],1 [ 2 , 4 [ 3 , 5 ] ]) 1.08032457
0.160460756 :(1 [ 2 [ 3 [ 4 ] ] , 5 ],1 [ 2 [ 4 [ 3 , 5 ] ] ]) 1.08032457
0.166168671 :(1 [ 2 [ 3 [ 4 ] ] , 5 ],1 [ 3 [ 4 [ 2 , 5 ] ] ]) 1.08032457
0.162836473 :(1 [ 2 [ 3 [ 4 ] ] , 5 ],1 [ 4 [ 2 , 3 , 5 ] ]) 1.08032457
4.777247962 :(1 [ 2 [ 3 [ 4 ] ] , 5 ],1 [ 5 [ 4 [ 2 , 3 ] ] ]) 1.08032457
1.764368186 :(1 [ 2 [ 3 [ 4 ] ] , 5 ],1 [ 5 [ 4 [ 3 [ 2 ] ] ] ]) 1.08032457
21.652487687 :(1 [ 2 [ 3 [ 4 ] ] , 5 ],1 [ 5 [ 2 , 4 [ 3 ] ] ]) 1.08032457
0.174778167 :(1 [ 2 [ 3 [ 4 ] ] , 5 ],1 [ 3 [ 4 [ 5 [ 2 ] ] ] ]) 1.08032457
0.187295851 :(1 [ 2 [ 3 [ 4 ] ] , 5 ],1 [ 4 [ 3 , 5 [ 2 ] ] ]) 1.08032457
0.159249639 :(1 [ 2 [ 3 [ 4 ] ] , 5 ],1 [ 4 [ 3 [ 2 ] , 5 ] ]) 1.08032457
0.167453374 :(1 [ 2 [ 3 [ 4 ] ] , 5 ],1 [ 3 [ 2 , 4 [ 5 ] ] ]) 1.08032457
0.159238214 :(1 [ 2 [ 3 [ 4 ] ] , 5 ],1 [ 3 [ 2 ] , 4 [ 5 ] ]) 1.08032457
17.476705743 :(1 [ 2 [ 3 [ 4 ] ] , 5 ],1 [ 3 [ 2 ] , 5 [ 4 ] ]) 1.08032457
0.161026265 :(1 [ 2 [ 3 [ 4 ] ] , 5 ],1 [ 3 [ 2 [ 4 [ 5 ] ] ] ]) 1.08032457
0.159548871 :(1 [ 2 [ 3 [ 4 ] ] , 5 ],1 [ 3 [ 2 [ 5 [ 4 ] ] ] ]) 1.08032457
0.159874588 :(1 [ 2 [ 3 [ 4 ] ] , 5 ],1 [ 3 [ 2 , 5 [ 4 ] ] ]) 1.08032457
0.167576303 :(1 [ 2 [ 3 [ 4 ] ] , 5 ],1 [ 4 [ 5 [ 3 [ 2 ] ] ] ]) 1.08032457
31.569261325 :(1 [ 2 [ 3 [ 4 ] ] , 5 ],1 [ 5 [ 3 [ 2 ] , 4 ] ]) 1.08032457
10.138591997 :(1 [ 2 [ 3 [ 4 ] ] , 5 ],1 [ 5 [ 4 [ 2 [ 3 ] ] ] ]) 1.08032457
0.770376533 :(1 [ 2 [ 3 [ 4 ] ] , 5 ],1 [ 5 [ 2 [ 3 ] , 4 ] ]) 1.08032457
17.834038466 :(1 [ 2 [ 3 [ 4 ] ] , 5 ],1 [ 5 [ 2 [ 3 ] , 4 ] ]) 1.08132457
0.164241169 :(1 [ 2 [ 3 [ 4 ] ] , 5 ],1 [ 4 [ 5 [ 2 [ 3 ] ] ] ]) 1.08032457
0.16428098 :(1 [ 2 [ 3 [ 4 ] ] , 5 ],1 [ 4 [ 2 [ 3 ] , 5 ] ]) 1.08032457
0.163833937 :(1 [ 2 [ 3 [ 4 ] ] , 5 ],1 [ 3 , 4 [ 2 , 5 ] ]) 1.08032457
0.165354655 :(1 [ 2 [ 3 [ 4 ] ] , 5 ],1 [ 4 [ 2 , 5 [ 3 ] ] ]) 1.08032457
0.159841474 :(1 [ 2 [ 3 [ 4 ] ] , 5 ],1 [ 4 [ 5 [ 2 , 3 ] ] ]) 1.08032457
0.168274853 :(1 [ 2 [ 3 [ 4 ] ] , 5 ],1 [ 3 , 4 [ 5 [ 2 ] ] ]) 1.08032457
0.654528821 :(1 [ 2 [ 3 [ 4 ] ] , 5 ],1 [ 3 , 5 [ 2 , 4 ] ]) 1.08032457
0.160693754 :(1 [ 2 [ 3 [ 4 ] ] , 5 ],1 [ 3 , 5 [ 2 , 4 ] ]) 1.08132457
0.178041011 :(1 [ 2 [ 3 [ 4 ] ] , 5 ],1 [ 3 [ 5 [ 2 , 4 ] ] ]) 1.08032457
0.719907248 :(1 [ 2 [ 3 [ 4 ] ] , 5 ],1 [ 5 [ 2 , 3 , 4 ] ]) 1.08032457
0.164122257 :(1 [ 2 [ 3 [ 4 ] ] , 5 ],1 [ 5 [ 2 , 3 , 4 ] ]) 1.08132457
0.163914887 :(1 [ 2 [ 3 [ 4 ] ] , 5 ],1 [ 5 [ 3 , 4 [ 2 ] ] ]) 1.08032457
0.170270277 :(1 [ 2 [ 3 [ 4 ] ] , 5 ],1 [ 3 [ 5 [ 4 [ 2 ] ] ] ]) 1.08032457
0.165297609 :(1 [ 2 [ 3 [ 4 ] ] , 5 ],1 [ 3 , 5 [ 4 [ 2 ] ] ]) 1.08032457
0.163213942 :(1 [ 2 [ 3 [ 4 ] ] , 5 ],1 [ 3 , 4 [ 2 ] , 5 ]) 1.08032457
3.204473425 :(1 [ 2 [ 3 [ 4 ] ] , 5 ],1 [ 3 [ 2 [ 4 ] ] , 5 ]) 1.08032457
0.724259866 :(1 [ 2 [ 3 [ 4 ] ] , 5 ],1 [ 3 , 5 [ 2 [ 4 ] ] ]) 1.08032457
3.0296846 :(1 [ 2 [ 3 [ 4 ] ] , 5 ],1 [ 3 , 5 [ 2 [ 4 ] ] ]) 1.08132457
0.760720414 :(1 [ 2 [ 3 [ 4 ] ] , 5 ],1 [ 3 [ 4 [ 2 ] ] , 5 ]) 1.08032457
0.168485823 :(1 [ 2 [ 3 [ 4 ] ] , 5 ],1 [ 3 [ 4 [ 2 [ 5 ] ] ] ]) 1.08032457
0.179329812 :(1 [ 2 [ 3 [ 4 ] ] , 5 ],1 [ 3 [ 4 [ 2 ] , 5 ] ]) 1.08032457
0.167139774 :(1 [ 2 [ 3 [ 4 ] ] , 5 ],1 [ 3 [ 5 ] , 4 [ 2 ] ]) 1.08032457
0.159751662 :(1 [ 2 [ 3 [ 4 ] ] , 5 ],1 [ 3 [ 2 [ 4 ] , 5 ] ]) 1.08032457
0.17008258 :(1 [ 2 [ 3 [ 4 ] ] , 5 ],1 [ 3 [ 5 [ 2 [ 4 ] ] ] ]) 1.08032457
0.160630946 :(1 [ 2 [ 3 [ 4 ] ] , 5 ],1 [ 3 , 4 [ 2 [ 5 ] ] ]) 1.08032457
0.157220356 :(1 [ 2 [ 3 [ 4 ] ] , 5 ],1 [ 3 [ 2 [ 4 , 5 ] ] ]) 1.08032457
0.162223038 :(1 [ 2 [ 3 [ 4 ] ] , 5 ],1 [ 4 [ 2 [ 3 , 5 ] ] ]) 1.08032457
1.015543085 :(1 [ 2 [ 3 [ 4 ] ] , 5 ],1 [ 5 [ 2 [ 3 , 4 ] ] ]) 1.08032457
4.588223726 :(1 [ 2 [ 3 [ 4 ] ] , 5 ],1 [ 5 [ 2 [ 3 , 4 ] ] ]) 1.08132457
1.683169518 :(1 [ 2 [ 3 [ 4 ] ] , 5 ],1 [ 5 [ 2 [ 4 [ 3 ] ] ] ]) 1.08032457
0.576457613 :(1 [ 2 [ 3 [ 4 ] ] , 5 ],1 [ 5 [ 2 [ 4 ] , 3 ] ]) 1.08032457
4.569450792 :(1 [ 2 [ 3 [ 4 ] ] , 5 ],1 [ 5 [ 2 [ 4 ] , 3 ] ]) 1.08132457
0.15847739 :(1 [ 2 [ 3 [ 4 ] ] , 5 ],1 [ 4 [ 2 [ 5 [ 3 ] ] ] ]) 1.08032457
0.163758451 :(1 [ 2 [ 3 [ 4 ] ] , 5 ],1 [ 4 [ 2 [ 5 ] , 3 ] ]) 1.08032457
11.825589619 :(1 [ 2 [ 3 [ 4 ] ] , 5 ],1 [ 4 [ 2 , 3 ] , 5 ]) 1.08032457
0.161935433 :(1 [ 2 [ 3 [ 4 ] ] , 5 ],1 [ 4 [ 2 , 3 [ 5 ] ] ]) 1.08032457
0.159743158 :(1 [ 2 [ 3 [ 4 ] ] , 5 ],1 [ 4 [ 2 ] , 5 [ 3 ] ]) 1.08032457
0.170401074 :(1 [ 2 [ 3 [ 4 ] ] , 5 ],1 [ 4 [ 2 [ 3 [ 5 ] ] ] ]) 1.08032457
16.520876417 :(1 [ 2 [ 3 [ 4 ] ] , 5 ],1 [ 4 [ 2 [ 3 ] ] , 5 ]) 1.08032457
1.157903835 :(1 [ 2 [ 3 [ 4 ] ] , 5 ],1 [ 5 [ 3 [ 2 [ 4 ] ] ] ]) 1.08032457
0.845544108 :(1 [ 2 [ 3 [ 4 ] ] , 5 ],1 [ 5 [ 3 [ 4 [ 2 ] ] ] ]) 1.08032457
4.163488126 :(1 [ 2 [ 3 [ 4 ] ] , 5 ],1 [ 5 [ 3 [ 2 , 4 ] ] ]) 1.08032457
15.865448153 :(1 [ 2 [ 3 [ 4 ] ] , 5 ],1 [ 5 [ 2 , 3 [ 4 ] ] ]) 1.08032457
0.719261385 :(1 [ 2 [ 3 [ 4 ] ] , 5 ],1 [ 4 , 5 [ 2 , 3 ] ]) 1.08032457
5.84787688 :(1 [ 2 [ 3 [ 4 ] ] , 5 ],1 [ 4 , 5 [ 2 , 3 ] ]) 1.08132457
5.943796666 :(1 [ 2 [ 3 [ 4 ] ] , 5 ],1 [ 4 , 5 [ 3 [ 2 ] ] ]) 1.08032457
20.653936788 :(1 [ 2 [ 3 [ 4 ] ] , 5 ],1 [ 3 [ 2 ] , 4 , 5 ]) 1.08032457
0.625783385 :(1 [ 2 [ 3 [ 4 ] ] , 5 ],1 [ 4 , 5 [ 2 [ 3 ] ] ]) 1.08032457
14.308844917 :(1 [ 2 [ 3 [ 4 ] ] , 5 ],1 [ 4 , 5 [ 2 [ 3 ] ] ]) 1.08132457
13.165896946 :(1 [ 2 [ 3 [ 4 ] ] , 5 ],1 [ 4 [ 3 [ 2 ] ] , 5 ]) 1.08032457
2.054768201 :(1 [ 2 [ 3 [ 4 ] ] , 5 ],1 [ 4 [ 3 ] , 5 [ 2 ] ]) 1.08032457
0.950558131 :(1 [ 2 [ 3 [ 4 ] ] , 5 ],1 [ 3 , 4 , 5 [ 2 ] ]) 1.08032457
0.157741464 :(1 [ 2 [ 3 [ 4 ] ] , 5 ],1 [ 3 , 4 , 5 [ 2 ] ]) 1.08132457
16.585593925 :(1 [ 2 [ 3 [ 4 ] ] , 5 ],1 [ 3 [ 4 ] , 5 [ 2 ] ]) 1.08032457
2.993703252 :(1 [ 2 [ 3 [ 4 ] ] , 5 ],1 [ 5 [ 2 [ 3 [ 4 ] ] ] ]) 1.08032457
8.312501626 :(1 [ 2 [ 3 [ 4 ] ] , 5 ],1 [ 3 [ 2 , 4 ] , 5 ]) 1.08032457
0.157988087 :(1 [ 2 [ 3 [ 4 ] ] , 5 ],1 [ 3 [ 2 [ 5 ] , 4 ] ]) 1.08032457
0.159921383 :(1 [ 2 [ 3 [ 4 ] ] , 5 ],1 [ 3 [ 2 , 4 , 5 ] ]) 1.08032457
0.166751635 :(1 [ 2 [ 3 [ 4 ] ] , 5 ],1 [ 4 [ 3 [ 2 , 5 ] ] ]) 1.08032457
0.154964631 :(1 [ 2 [ 3 [ 4 ] ] , 5 ],1 [ 4 [ 3 [ 2 [ 5 ] ] ] ]) 1.08032457
0.171494296 :(1 [ 2 [ 3 [ 4 ] ] , 5 ],1 [ 4 [ 3 [ 5 [ 2 ] ] ] ]) 1.08032457
0.161393511 :(1 [ 2 [ 3 [ 4 ] ] , 5 ],1 [ 3 [ 4 , 5 [ 2 ] ] ]) 1.08032457
0.161549304 :(1 [ 2 [ 3 [ 4 ] ] , 5 ],1 [ 3 [ 5 [ 2 ] ] , 4 ]) 1.08032457
0.1628412 :(1 [ 2 [ 3 [ 4 ] ] , 5 ],1 [ 3 [ 2 [ 5 ] ] , 4 ]) 1.08032457
0.158915869 :(1 [ 2 [ 3 [ 4 ] ] , 5 ],1 [ 3 [ 2 , 5 ] , 4 ]) 1.08032457
0.818638107 :(1 [ 2 [ 3 [ 4 ] , 5 ] ],1 [ 2 [ 3 , 5 ] , 4 ]) 1.08032457
0.159517694 :(1 [ 2 [ 3 [ 4 ] , 5 ] ],1 [ 2 [ 3 , 5 ] , 4 ]) 1.08132457
0.907564632 :(1 [ 2 [ 3 [ 4 ] , 5 ] ],1 [ 2 [ 3 , 4 , 5 ] ]) 1.08032457
0.158566708 :(1 [ 2 [ 3 [ 4 ] , 5 ] ],1 [ 2 [ 3 , 4 , 5 ] ]) 1.08132457
0.157682659 :(1 [ 2 [ 3 [ 4 ] , 5 ] ],1 [ 2 [ 3 [ 4 ] , 5 ] ]) 1.08032457
0.724310273 :(1 [ 2 [ 3 [ 4 ] , 5 ] ],1 [ 2 [ 3 , 5 [ 4 ] ] ]) 1.08032457
0.176202096 :(1 [ 2 [ 3 [ 4 ] , 5 ] ],1 [ 2 [ 3 , 5 [ 4 ] ] ]) 1.08132457
0.162130437 :(1 [ 2 [ 3 [ 4 ] , 5 ] ],1 [ 2 [ 3 ] , 4 [ 5 ] ]) 1.08032457
0.731160797 :(1 [ 2 [ 3 [ 4 ] , 5 ] ],1 [ 2 [ 3 ] , 5 [ 4 ] ]) 1.08032457
0.181971191 :(1 [ 2 [ 3 [ 4 ] , 5 ] ],1 [ 2 [ 3 ] , 5 [ 4 ] ]) 1.08132457
0.157654385 :(1 [ 2 [ 3 [ 4 ] , 5 ] ],1 [ 2 [ 3 , 4 [ 5 ] ] ]) 1.08032457
0.159340143 :(1 [ 2 [ 3 [ 4 ] , 5 ] ],1 [ 2 [ 3 [ 4 [ 5 ] ] ] ]) 1.08032457
0.152014687 :(1 [ 2 [ 3 [ 4 ] , 5 ] ],1 [ 2 [ 3 [ 5 [ 4 ] ] ] ]) 1.08032457
0.161622617 :(1 [ 2 [ 3 [ 4 ] , 5 ] ],1 [ 2 [ 3 [ 5 ] ] , 4 ]) 1.08032457
0.157785753 :(1 [ 2 [ 3 [ 4 ] , 5 ] ],1 [ 2 [ 3 [ 5 ] , 4 ] ]) 1.08032457
0.193204088 :(1 [ 2 [ 3 [ 4 ] , 5 ] ],1 [ 2 [ 3 [ 4 , 5 ] ] ]) 1.08032457
0.160010769 :(1 [ 2 [ 3 [ 4 ] , 5 ] ],1 [ 2 [ 3 [ 4 ] ] , 5 ]) 1.08032457
0.759623844 :(1 [ 2 [ 3 [ 4 ] , 5 ] ],1 [ 2 [ 3 ] , 4 , 5 ]) 1.08032457
0.157441834 :(1 [ 2 [ 3 [ 4 ] , 5 ] ],1 [ 2 [ 3 ] , 4 , 5 ]) 1.08132457
0.78642926 :(1 [ 2 [ 3 [ 4 ] , 5 ] ],1 [ 2 [ 3 , 4 ] , 5 ]) 1.08032457
0.184989764 :(1 [ 2 [ 3 [ 4 ] , 5 ] ],1 [ 2 [ 3 , 4 ] , 5 ]) 1.08132457
0.879188889 :(1 [ 2 [ 3 [ 4 ] , 5 ] ],1 [ 2 [ 4 ] , 3 , 5 ]) 1.08032457
0.16594413 :(1 [ 2 [ 3 [ 4 ] , 5 ] ],1 [ 2 [ 4 ] , 3 , 5 ]) 1.08132457
2.75860341 :(1 [ 2 [ 3 [ 4 ] , 5 ] ],1 [ 2 [ 4 [ 3 ] ] , 5 ]) 1.08032457
0.635544841 :(1 [ 2 [ 3 [ 4 ] , 5 ] ],1 [ 2 [ 4 ] , 5 [ 3 ] ]) 1.08032457
0.163023332 :(1 [ 2 [ 3 [ 4 ] , 5 ] ],1 [ 2 [ 4 ] , 5 [ 3 ] ]) 1.08132457
0.76291283 :(1 [ 2 [ 3 [ 4 ] , 5 ] ],1 [ 2 , 4 , 5 [ 3 ] ]) 1.08032457
21.941595928 :(1 [ 2 [ 3 [ 4 ] , 5 ] ],1 [ 2 , 4 , 5 [ 3 ] ]) 1.08132457
8.079613966 :(1 [ 2 [ 3 [ 4 ] , 5 ] ],1 [ 2 , 5 [ 3 [ 4 ] ] ]) 1.08032457
0.868205368 :(1 [ 2 [ 3 [ 4 ] , 5 ] ],1 [ 2 , 5 [ 3 , 4 ] ]) 1.08032457
35.246739979 :(1 [ 2 [ 3 [ 4 ] , 5 ] ],1 [ 2 , 5 [ 3 , 4 ] ]) 1.08132457
0.954795179 :(1 [ 2 [ 3 [ 4 ] , 5 ] ],1 [ 2 , 3 , 5 [ 4 ] ]) 1.08032457
11.289259384 :(1 [ 2 [ 3 [ 4 ] , 5 ] ],1 [ 2 , 3 , 5 [ 4 ] ]) 1.08132457
26.178349235 :(1 [ 2 [ 3 [ 4 ] , 5 ] ],1 [ 2 , 5 [ 4 [ 3 ] ] ]) 1.08032457
26.665970129 :(1 [ 2 [ 3 [ 4 ] , 5 ] ],1 [ 2 , 3 [ 4 ] , 5 ]) 1.08032457
22.542223759 :(1 [ 2 [ 3 [ 4 ] , 5 ] ],1 [ 2 , 4 [ 3 ] , 5 ]) 1.08032457
0.953545748 :(1 [ 2 [ 3 [ 4 ] , 5 ] ],1 [ 2 , 3 , 4 , 5 ]) 1.08032457
3.071384098 :(1 [ 2 [ 3 [ 4 ] , 5 ] ],1 [ 2 , 3 , 4 , 5 ]) 1.08132457
0.745773088 :(1 [ 2 [ 3 [ 4 ] , 5 ] ],1 [ 2 [ 5 ] , 3 , 4 ]) 1.08032457
0.159407884 :(1 [ 2 [ 3 [ 4 ] , 5 ] ],1 [ 2 [ 5 ] , 3 , 4 ]) 1.08132457
16.761707838 :(1 [ 2 [ 3 [ 4 ] , 5 ] ],1 [ 2 , 3 [ 5 ] , 4 ]) 1.08032457
13.473528345 :(1 [ 2 [ 3 [ 4 ] , 5 ] ],1 [ 2 , 3 , 4 [ 5 ] ]) 1.08032457
15.965805927 :(1 [ 2 [ 3 [ 4 ] , 5 ] ],1 [ 2 , 4 [ 3 , 5 ] ]) 1.08032457
0.172181759 :(1 [ 2 [ 3 [ 4 ] , 5 ] ],1 [ 2 , 4 [ 5 [ 3 ] ] ]) 1.08032457
0.973367216 :(1 [ 2 [ 3 [ 4 ] , 5 ] ],1 [ 2 [ 5 [ 3 ] ] , 4 ]) 1.08032457
0.16024785 :(1 [ 2 [ 3 [ 4 ] , 5 ] ],1 [ 2 [ 5 [ 3 ] ] , 4 ]) 1.08132457
4.175200911 :(1 [ 2 [ 3 [ 4 ] , 5 ] ],1 [ 2 , 4 [ 3 [ 5 ] ] ]) 1.08032457
4.668411452 :(1 [ 2 [ 3 [ 4 ] , 5 ] ],1 [ 2 [ 5 ] , 4 [ 3 ] ]) 1.08032457
9.21098434 :(1 [ 2 [ 3 [ 4 ] , 5 ] ],1 [ 2 [ 5 ] , 3 [ 4 ] ]) 1.08032457
3.739626968 :(1 [ 2 [ 3 [ 4 ] , 5 ] ],1 [ 2 [ 4 [ 3 ] , 5 ] ]) 1.08032457
2.84056179 :(1 [ 2 [ 3 [ 4 ] , 5 ] ],1 [ 2 [ 5 [ 3 [ 4 ] ] ] ]) 1.08032457
5.914538316 :(1 [ 2 [ 3 [ 4 ] , 5 ] ],1 [ 2 [ 5 [ 4 [ 3 ] ] ] ]) 1.08032457
10.341565901 :(1 [ 2 [ 3 [ 4 ] , 5 ] ],1 [ 2 , 3 [ 4 [ 5 ] ] ]) 1.08032457
0.184643261 :(1 [ 2 [ 3 [ 4 ] , 5 ] ],1 [ 2 [ 4 [ 3 , 5 ] ] ]) 1.08032457
0.161769183 :(1 [ 2 [ 3 [ 4 ] , 5 ] ],1 [ 2 [ 4 [ 3 [ 5 ] ] ] ]) 1.08032457
23.546288431 :(1 [ 2 [ 3 [ 4 ] , 5 ] ],1 [ 2 , 3 [ 4 , 5 ] ]) 1.08032457
0.166094864 :(1 [ 2 [ 3 [ 4 ] , 5 ] ],1 [ 2 [ 4 ] , 3 [ 5 ] ]) 1.08032457
0.160035191 :(1 [ 2 [ 3 [ 4 ] , 5 ] ],1 [ 2 , 3 [ 5 [ 4 ] ] ]) 1.08032457
0.164854978 :(1 [ 2 [ 3 [ 4 ] , 5 ] ],1 [ 2 [ 4 [ 5 [ 3 ] ] ] ]) 1.08032457
0.846619278 :(1 [ 2 [ 3 [ 4 ] , 5 ] ],1 [ 2 [ 5 [ 3 , 4 ] ] ]) 1.08032457
0.161591056 :(1 [ 2 [ 3 [ 4 ] , 5 ] ],1 [ 2 [ 5 [ 3 , 4 ] ] ]) 1.08132457
0.867171086 :(1 [ 2 [ 3 [ 4 ] , 5 ] ],1 [ 2 [ 4 , 5 [ 3 ] ] ]) 1.08032457
0.159917446 :(1 [ 2 [ 3 [ 4 ] , 5 ] ],1 [ 2 [ 4 , 5 [ 3 ] ] ]) 1.08132457
0.720786637 :(1 [ 2 [ 3 [ 4 ] , 5 ] ],1 [ 2 [ 4 , 5 ] , 3 ]) 1.08032457
0.158583627 :(1 [ 2 [ 3 [ 4 ] , 5 ] ],1 [ 2 [ 4 , 5 ] , 3 ]) 1.08132457
0.736576466 :(1 [ 2 [ 3 [ 4 ] , 5 ] ],1 [ 2 [ 5 [ 4 ] ] , 3 ]) 1.08032457
0.160489521 :(1 [ 2 [ 3 [ 4 ] , 5 ] ],1 [ 2 [ 5 [ 4 ] ] , 3 ]) 1.08132457
0.153015076 :(1 [ 2 [ 3 [ 4 ] , 5 ] ],1 [ 2 [ 4 [ 5 ] ] , 3 ]) 1.08032457
0.162046664 :(1 [ 2 [ 3 [ 4 ] , 5 ] ],1 [ 3 , 4 [ 2 , 5 ] ]) 1.08032457
0.173491957 :(1 [ 2 [ 3 [ 4 ] , 5 ] ],1 [ 3 , 5 [ 4 [ 2 ] ] ]) 1.08032457
0.506356219 :(1 [ 2 [ 3 [ 4 ] , 5 ] ],1 [ 3 [ 2 [ 4 [ 5 ] ] ] ]) 1.08032457
3.840776612 :(1 [ 2 [ 3 [ 4 ] , 5 ] ],1 [ 3 [ 4 [ 2 , 5 ] ] ]) 1.08032457
0.191041941 :(1 [ 2 [ 3 [ 4 ] , 5 ] ],1 [ 3 [ 5 [ 4 [ 2 ] ] ] ]) 1.08032457
0.63407545 :(1 [ 2 [ 3 [ 4 ] , 5 ] ],1 [ 3 [ 2 , 5 [ 4 ] ] ]) 1.08032457
0.391160015 :(1 [ 2 [ 3 [ 4 ] , 5 ] ],1 [ 3 [ 5 [ 2 , 4 ] ] ]) 1.08032457
0.167057975 :(1 [ 2 [ 3 [ 4 ] , 5 ] ],1 [ 3 , 4 [ 5 [ 2 ] ] ]) 1.08032457
0.87078954 :(1 [ 2 [ 3 [ 4 ] , 5 ] ],1 [ 3 , 5 [ 2 , 4 ] ]) 1.08032457
14.518619937 :(1 [ 2 [ 3 [ 4 ] , 5 ] ],1 [ 3 , 5 [ 2 , 4 ] ]) 1.08132457
2.763909429 :(1 [ 2 [ 3 [ 4 ] , 5 ] ],1 [ 3 [ 2 [ 5 [ 4 ] ] ] ]) 1.08032457
3.537827265 :(1 [ 2 [ 3 [ 4 ] , 5 ] ],1 [ 3 [ 4 [ 5 [ 2 ] ] ] ]) 1.08032457
18.612087933 :(1 [ 2 [ 3 [ 4 ] , 5 ] ],1 [ 3 [ 2 , 4 [ 5 ] ] ]) 1.08032457
29.963950148 :(1 [ 2 [ 3 [ 4 ] , 5 ] ],1 [ 3 [ 2 ] , 4 [ 5 ] ]) 1.08032457
37.814213457 :(1 [ 2 [ 3 [ 4 ] , 5 ] ],1 [ 3 [ 2 ] , 5 [ 4 ] ]) 1.08032457
35.02934282 :(1 [ 2 [ 3 [ 4 ] , 5 ] ],1 [ 3 [ 2 ] , 4 , 5 ]) 1.08032457
8.782583823 :(1 [ 2 [ 3 [ 4 ] , 5 ] ],1 [ 3 [ 2 [ 4 ] ] , 5 ]) 1.08032457
42.040985243 :(1 [ 2 [ 3 [ 4 ] , 5 ] ],1 [ 3 [ 2 , 4 ] , 5 ]) 1.08032457
11.907741578 :(1 [ 2 [ 3 [ 4 ] , 5 ] ],1 [ 3 [ 2 [ 5 ] , 4 ] ]) 1.08032457
25.914671361 :(1 [ 2 [ 3 [ 4 ] , 5 ] ],1 [ 3 [ 2 , 4 , 5 ] ]) 1.08032457
51.084432639 :(1 [ 2 [ 3 [ 4 ] , 5 ] ],1 [ 3 [ 2 , 5 ] , 4 ]) 1.08032457
0.883881957 :(1 [ 2 [ 3 [ 4 ] , 5 ] ],1 [ 3 [ 2 [ 4 ] , 5 ] ]) 1.08032457
0.480326994 :(1 [ 2 [ 3 [ 4 ] , 5 ] ],1 [ 3 [ 2 [ 4 , 5 ] ] ]) 1.08032457
24.959406565 :(1 [ 2 [ 3 [ 4 ] , 5 ] ],1 [ 3 [ 2 [ 5 ] ] , 4 ]) 1.08032457
0.888466273 :(1 [ 2 [ 3 [ 4 ] , 5 ] ],1 [ 3 , 4 , 5 [ 2 ] ]) 1.08032457
5.173708549 :(1 [ 2 [ 3 [ 4 ] , 5 ] ],1 [ 3 , 4 , 5 [ 2 ] ]) 1.08132457
0.162144474 :(1 [ 2 [ 3 [ 4 ] , 5 ] ],1 [ 3 , 4 [ 2 [ 5 ] ] ]) 1.08032457
13.618887936 :(1 [ 2 [ 3 [ 4 ] , 5 ] ],1 [ 3 [ 5 [ 2 ] ] , 4 ]) 1.08032457
0.50130442 :(1 [ 2 [ 3 [ 4 ] , 5 ] ],1 [ 3 [ 5 [ 2 [ 4 ] ] ] ]) 1.08032457
26.600312338 :(1 [ 2 [ 3 [ 4 ] , 5 ] ],1 [ 3 [ 4 , 5 [ 2 ] ] ]) 1.08032457
33.301081512 :(1 [ 2 [ 3 [ 4 ] , 5 ] ],1 [ 3 [ 4 ] , 5 [ 2 ] ]) 1.08032457
6.532666108 :(1 [ 2 [ 3 [ 4 ] , 5 ] ],1 [ 3 [ 4 [ 2 [ 5 ] ] ] ]) 1.08032457
0.688599324 :(1 [ 2 [ 3 [ 4 ] , 5 ] ],1 [ 3 , 5 [ 2 [ 4 ] ] ]) 1.08032457
3.255528813 :(1 [ 2 [ 3 [ 4 ] , 5 ] ],1 [ 3 , 5 [ 2 [ 4 ] ] ]) 1.08132457
0.162986671 :(1 [ 2 [ 3 [ 4 ] , 5 ] ],1 [ 3 , 4 [ 2 ] , 5 ]) 1.08032457
0.74957977 :(1 [ 2 [ 3 [ 4 ] , 5 ] ],1 [ 3 [ 4 [ 2 ] ] , 5 ]) 1.08032457
0.639297906 :(1 [ 2 [ 3 [ 4 ] , 5 ] ],1 [ 3 [ 4 [ 2 ] , 5 ] ]) 1.08032457
0.583413855 :(1 [ 2 [ 3 [ 4 ] , 5 ] ],1 [ 3 [ 5 ] , 4 [ 2 ] ]) 1.08032457
0.174264765 :(1 [ 2 [ 3 [ 4 ] , 5 ] ],1 [ 4 [ 2 ] , 5 [ 3 ] ]) 1.08032457
5.222190549 :(1 [ 2 [ 3 [ 4 ] , 5 ] ],1 [ 4 [ 2 [ 3 [ 5 ] ] ] ]) 1.08032457
1.057089105 :(1 [ 2 [ 3 [ 4 ] , 5 ] ],1 [ 4 [ 2 [ 5 [ 3 ] ] ] ]) 1.08032457
6.622234595 :(1 [ 2 [ 3 [ 4 ] , 5 ] ],1 [ 4 [ 2 , 3 [ 5 ] ] ]) 1.08032457
0.276258324 :(1 [ 2 [ 3 [ 4 ] , 5 ] ],1 [ 4 [ 2 , 5 [ 3 ] ] ]) 1.08032457
0.248902634 :(1 [ 2 [ 3 [ 4 ] , 5 ] ],1 [ 5 [ 3 , 4 [ 2 ] ] ]) 1.08032457
4.078087831 :(1 [ 2 [ 3 [ 4 ] , 5 ] ],1 [ 5 [ 3 [ 2 [ 4 ] ] ] ]) 1.08032457
0.691635583 :(1 [ 2 [ 3 [ 4 ] , 5 ] ],1 [ 5 [ 2 [ 4 ] , 3 ] ]) 1.08032457
5.099152884 :(1 [ 2 [ 3 [ 4 ] , 5 ] ],1 [ 5 [ 2 [ 4 ] , 3 ] ]) 1.08132457
1.305277168 :(1 [ 2 [ 3 [ 4 ] , 5 ] ],1 [ 5 [ 3 [ 4 [ 2 ] ] ] ]) 1.08032457
16.221033804 :(1 [ 2 [ 3 [ 4 ] , 5 ] ],1 [ 4 [ 2 , 3 ] , 5 ]) 1.08032457
5.341131714 :(1 [ 2 [ 3 [ 4 ] , 5 ] ],1 [ 5 [ 2 [ 4 [ 3 ] ] ] ]) 1.08032457
2.24055942 :(1 [ 2 [ 3 [ 4 ] , 5 ] ],1 [ 5 [ 4 [ 2 , 3 ] ] ]) 1.08032457
13.677972052 :(1 [ 2 [ 3 [ 4 ] , 5 ] ],1 [ 5 [ 4 [ 2 [ 3 ] ] ] ]) 1.08032457
39.323983683 :(1 [ 2 [ 3 [ 4 ] , 5 ] ],1 [ 4 [ 2 [ 3 ] ] , 5 ]) 1.08032457
0.705861895 :(1 [ 2 [ 3 [ 4 ] , 5 ] ],1 [ 5 [ 2 [ 3 , 4 ] ] ]) 1.08032457
7.546819842 :(1 [ 2 [ 3 [ 4 ] , 5 ] ],1 [ 5 [ 2 [ 3 , 4 ] ] ]) 1.08132457
4.590677141 :(1 [ 2 [ 3 [ 4 ] , 5 ] ],1 [ 4 [ 2 [ 3 , 5 ] ] ]) 1.08032457
28.289610859 :(1 [ 2 [ 3 [ 4 ] , 5 ] ],1 [ 4 [ 2 [ 3 ] , 5 ] ]) 1.08032457
19.447269033 :(1 [ 2 [ 3 [ 4 ] , 5 ] ],1 [ 4 [ 2 , 3 , 5 ] ]) 1.08032457
5.182098492 :(1 [ 2 [ 3 [ 4 ] , 5 ] ],1 [ 4 [ 2 [ 5 ] , 3 ] ]) 1.08032457
36.269465146 :(1 [ 2 [ 3 [ 4 ] , 5 ] ],1 [ 4 [ 3 ] , 5 [ 2 ] ]) 1.08032457
11.718874977 :(1 [ 2 [ 3 [ 4 ] , 5 ] ],1 [ 4 [ 3 [ 2 [ 5 ] ] ] ]) 1.08032457
2.922508224 :(1 [ 2 [ 3 [ 4 ] , 5 ] ],1 [ 4 [ 3 [ 5 [ 2 ] ] ] ]) 1.08032457
21.784288975 :(1 [ 2 [ 3 [ 4 ] , 5 ] ],1 [ 4 [ 3 , 5 [ 2 ] ] ]) 1.08032457
17.530480475 :(1 [ 2 [ 3 [ 4 ] , 5 ] ],1 [ 4 [ 3 [ 2 ] , 5 ] ]) 1.08032457
18.603488704 :(1 [ 2 [ 3 [ 4 ] , 5 ] ],1 [ 4 [ 3 [ 2 ] ] , 5 ]) 1.08032457
4.906978179 :(1 [ 2 [ 3 [ 4 ] , 5 ] ],1 [ 4 [ 3 [ 2 , 5 ] ] ]) 1.08032457
24.507997215 :(1 [ 2 [ 3 [ 4 ] , 5 ] ],1 [ 4 , 5 [ 3 [ 2 ] ] ]) 1.08032457
23.335425201 :(1 [ 2 [ 3 [ 4 ] , 5 ] ],1 [ 4 [ 5 [ 3 [ 2 ] ] ] ]) 1.08032457
7.306023694 :(1 [ 2 [ 3 [ 4 ] , 5 ] ],1 [ 4 [ 5 [ 2 [ 3 ] ] ] ]) 1.08032457
0.678124226 :(1 [ 2 [ 3 [ 4 ] , 5 ] ],1 [ 4 , 5 [ 2 [ 3 ] ] ]) 1.08032457
17.465395944 :(1 [ 2 [ 3 [ 4 ] , 5 ] ],1 [ 4 , 5 [ 2 [ 3 ] ] ]) 1.08132457
0.863272965 :(1 [ 2 [ 3 [ 4 ] , 5 ] ],1 [ 4 , 5 [ 2 , 3 ] ]) 1.08032457
34.125029074 :(1 [ 2 [ 3 [ 4 ] , 5 ] ],1 [ 4 , 5 [ 2 , 3 ] ]) 1.08132457
8.058854761 :(1 [ 2 [ 3 [ 4 ] , 5 ] ],1 [ 4 [ 5 [ 2 , 3 ] ] ]) 1.08032457
0.762147874 :(1 [ 2 [ 3 [ 4 ] , 5 ] ],1 [ 5 [ 2 , 3 , 4 ] ]) 1.08032457
25.022307781 :(1 [ 2 [ 3 [ 4 ] , 5 ] ],1 [ 5 [ 2 , 3 , 4 ] ]) 1.08132457
12.496244709 :(1 [ 2 [ 3 [ 4 ] , 5 ] ],1 [ 5 [ 2 , 3 [ 4 ] ] ]) 1.08032457
6.57958848 :(1 [ 2 [ 3 [ 4 ] , 5 ] ],1 [ 5 [ 2 [ 3 [ 4 ] ] ] ]) 1.08032457
32.581137006 :(1 [ 2 [ 3 [ 4 ] , 5 ] ],1 [ 5 [ 2 , 4 [ 3 ] ] ]) 1.08032457
0.547929808 :(1 [ 2 [ 3 [ 4 ] , 5 ] ],1 [ 5 [ 2 [ 3 ] , 4 ] ]) 1.08032457
20.676185373 :(1 [ 2 [ 3 [ 4 ] , 5 ] ],1 [ 5 [ 2 [ 3 ] , 4 ] ]) 1.08132457
5.630296969 :(1 [ 2 [ 3 [ 4 ] , 5 ] ],1 [ 5 [ 4 [ 3 [ 2 ] ] ] ]) 1.08032457
32.022149411 :(1 [ 2 [ 3 [ 4 ] , 5 ] ],1 [ 5 [ 3 [ 2 ] , 4 ] ]) 1.08032457
4.112961544 :(1 [ 2 [ 3 [ 4 ] , 5 ] ],1 [ 5 [ 3 [ 2 , 4 ] ] ]) 1.08032457
0.159029912 :(1 [ 2 [ 3 [ 4 , 5 ] ] ],1 [ 2 [ 3 [ 4 ] ] , 5 ]) 1.08032457
0.159643614 :(1 [ 2 [ 3 [ 4 , 5 ] ] ],1 [ 2 [ 3 [ 4 ] , 5 ] ]) 1.08032457
0.146845751 :(1 [ 2 [ 3 [ 4 , 5 ] ] ],1 [ 2 [ 3 [ 4 , 5 ] ] ]) 1.08032457
0.15979151 :(1 [ 2 [ 3 [ 4 , 5 ] ] ],1 [ 2 [ 3 [ 4 [ 5 ] ] ] ]) 1.08032457
5.212504072 :(1 [ 2 [ 3 [ 4 , 5 ] ] ],1 [ 2 [ 3 ] , 4 [ 5 ] ]) 1.08032457
1.193115286 :(1 [ 2 [ 3 [ 4 , 5 ] ] ],1 [ 2 [ 3 ] , 5 [ 4 ] ]) 1.08032457
3.053103251 :(1 [ 2 [ 3 [ 4 , 5 ] ] ],1 [ 2 [ 3 , 4 [ 5 ] ] ]) 1.08032457
1.950313865 :(1 [ 2 [ 3 [ 4 , 5 ] ] ],1 [ 2 [ 3 , 5 [ 4 ] ] ]) 1.08032457
0.161352993 :(1 [ 2 [ 3 [ 4 , 5 ] ] ],1 [ 2 [ 3 [ 5 [ 4 ] ] ] ]) 1.08032457
0.161103715 :(1 [ 2 [ 3 [ 4 , 5 ] ] ],1 [ 2 [ 3 [ 5 ] ] , 4 ]) 1.08032457
0.160310008 :(1 [ 2 [ 3 [ 4 , 5 ] ] ],1 [ 2 [ 3 [ 5 ] , 4 ] ]) 1.08032457
7.345819344 :(1 [ 2 [ 3 [ 4 , 5 ] ] ],1 [ 2 [ 3 , 4 ] , 5 ]) 1.08032457
13.969204292 :(1 [ 2 [ 3 [ 4 , 5 ] ] ],1 [ 2 [ 3 , 4 ] , 5 ]) 1.08469623
5.409013329 :(1 [ 2 [ 3 [ 4 , 5 ] ] ],1 [ 2 [ 3 , 4 ] , 5 ]) 1.08576016
4.510459975 :(1 [ 2 [ 3 [ 4 , 5 ] ] ],1 [ 2 [ 3 , 4 ] , 5 ]) 1.08676016
7.483359963 :(1 [ 2 [ 3 [ 4 , 5 ] ] ],1 [ 2 [ 3 , 4 ] , 5 ]) 1.08776016
2.27387958 :(1 [ 2 [ 3 [ 4 , 5 ] ] ],1 [ 2 [ 3 , 4 ] , 5 ]) 1.08878212
2.905117388 :(1 [ 2 [ 3 [ 4 , 5 ] ] ],1 [ 2 [ 3 , 4 ] , 5 ]) 1.08978212
4.521141011 :(1 [ 2 [ 3 [ 4 , 5 ] ] ],1 [ 2 [ 3 , 4 ] , 5 ]) 1.09078212
6.967743154 :(1 [ 2 [ 3 [ 4 , 5 ] ] ],1 [ 2 [ 3 , 4 ] , 5 ]) 1.09178212
10.66066057 :(1 [ 2 [ 3 [ 4 , 5 ] ] ],1 [ 2 [ 3 , 4 ] , 5 ]) 1.09278212
4.006145692 :(1 [ 2 [ 3 [ 4 , 5 ] ] ],1 [ 2 [ 3 , 4 , 5 ] ]) 1.09178212
7.40893083 :(1 [ 2 [ 3 [ 4 , 5 ] ] ],1 [ 2 [ 3 , 4 , 5 ] ]) 1.09278212
3.014689413 :(1 [ 2 [ 3 [ 4 , 5 ] ] ],1 [ 2 [ 3 , 5 ] , 4 ]) 1.09178212
2.427158881 :(1 [ 2 [ 3 [ 4 , 5 ] ] ],1 [ 2 [ 3 , 5 ] , 4 ]) 1.09278212
3.985277808 :(1 [ 2 [ 3 [ 4 , 5 ] ] ],1 [ 2 [ 3 ] , 4 , 5 ]) 1.09178212
1.408993097 :(1 [ 2 [ 3 [ 4 , 5 ] ] ],1 [ 2 [ 3 ] , 4 , 5 ]) 1.09278212
4.220752998 :(1 [ 2 [ 3 [ 4 , 5 ] ] ],1 [ 2 , 3 , 4 , 5 ]) 1.09178212
3.747894376 :(1 [ 2 [ 3 [ 4 , 5 ] ] ],1 [ 2 , 3 , 4 , 5 ]) 1.09278212
15.406876716 :(1 [ 2 [ 3 [ 4 , 5 ] ] ],1 [ 2 , 4 [ 3 ] , 5 ]) 1.09178212
23.951304367 :(1 [ 2 [ 3 [ 4 , 5 ] ] ],1 [ 2 , 4 , 5 [ 3 ] ]) 1.09178212
36.650486456 :(1 [ 2 [ 3 [ 4 , 5 ] ] ],1 [ 2 , 3 [ 5 ] , 4 ]) 1.09178212
5.547623012 :(1 [ 2 [ 3 [ 4 , 5 ] ] ],1 [ 2 [ 5 [ 3 ] ] , 4 ]) 1.09178212
34.949310216 :(1 [ 2 [ 3 [ 4 , 5 ] ] ],1 [ 2 , 4 [ 3 [ 5 ] ] ]) 1.09178212
9.348215216 :(1 [ 2 [ 3 [ 4 , 5 ] ] ],1 [ 2 , 4 [ 5 [ 3 ] ] ]) 1.09178212
1.926021019 :(1 [ 2 [ 3 [ 4 , 5 ] ] ],1 [ 2 , 3 , 4 [ 5 ] ]) 1.09178212
38.655745839 :(1 [ 2 [ 3 [ 4 , 5 ] ] ],1 [ 2 , 4 [ 3 , 5 ] ]) 1.09178212
8.0341857 :(1 [ 2 [ 3 [ 4 , 5 ] ] ],1 [ 2 [ 5 ] , 4 [ 3 ] ]) 1.09178212
4.716836694 :(1 [ 2 [ 3 [ 4 , 5 ] ] ],1 [ 2 [ 5 ] , 3 , 4 ]) 1.09178212
1.700060834 :(1 [ 2 [ 3 [ 4 , 5 ] ] ],1 [ 2 [ 5 ] , 3 , 4 ]) 1.09278212
8.498744394 :(1 [ 2 [ 3 [ 4 , 5 ] ] ],1 [ 2 [ 4 , 5 ] , 3 ]) 1.09178212
1.341695068 :(1 [ 2 [ 3 [ 4 , 5 ] ] ],1 [ 2 [ 4 , 5 ] , 3 ]) 1.09278212
10.427100219 :(1 [ 2 [ 3 [ 4 , 5 ] ] ],1 [ 2 [ 5 ] , 3 [ 4 ] ]) 1.09178212
1.308759432 :(1 [ 2 [ 3 [ 4 , 5 ] ] ],1 [ 2 [ 5 [ 4 ] ] , 3 ]) 1.09178212
3.1948986 :(1 [ 2 [ 3 [ 4 , 5 ] ] ],1 [ 2 [ 5 [ 4 [ 3 ] ] ] ]) 1.09178212
2.62599131 :(1 [ 2 [ 3 [ 4 , 5 ] ] ],1 [ 2 [ 5 [ 3 , 4 ] ] ]) 1.09178212
3.660810155 :(1 [ 2 [ 3 [ 4 , 5 ] ] ],1 [ 2 [ 4 , 5 [ 3 ] ] ]) 1.09178212
3.524915351 :(1 [ 2 [ 3 [ 4 , 5 ] ] ],1 [ 2 [ 5 [ 3 [ 4 ] ] ] ]) 1.09178212
6.51435389 :(1 [ 2 [ 3 [ 4 , 5 ] ] ],1 [ 2 [ 4 [ 3 ] , 5 ] ]) 1.09178212
5.945878053 :(1 [ 2 [ 3 [ 4 , 5 ] ] ],1 [ 2 [ 4 [ 3 ] ] , 5 ]) 1.09178212
6.500282454 :(1 [ 2 [ 3 [ 4 , 5 ] ] ],1 [ 2 [ 4 [ 3 [ 5 ] ] ] ]) 1.09178212
4.775308539 :(1 [ 2 [ 3 [ 4 , 5 ] ] ],1 [ 2 [ 4 [ 3 , 5 ] ] ]) 1.09178212
6.507684864 :(1 [ 2 [ 3 [ 4 , 5 ] ] ],1 [ 2 , 3 [ 4 [ 5 ] ] ]) 1.09178212
12.82627561 :(1 [ 2 [ 3 [ 4 , 5 ] ] ],1 [ 2 , 5 [ 4 [ 3 ] ] ]) 1.09178212
38.266367938 :(1 [ 2 [ 3 [ 4 , 5 ] ] ],1 [ 2 , 3 [ 4 ] , 5 ]) 1.09178212
19.676767532 :(1 [ 2 [ 3 [ 4 , 5 ] ] ],1 [ 2 , 5 [ 3 [ 4 ] ] ]) 1.09178212
36.880581739 :(1 [ 2 [ 3 [ 4 , 5 ] ] ],1 [ 2 , 3 [ 4 , 5 ] ]) 1.09178212
13.578140365 :(1 [ 2 [ 3 [ 4 , 5 ] ] ],1 [ 2 [ 4 ] , 3 [ 5 ] ]) 1.09178212
5.394308798 :(1 [ 2 [ 3 [ 4 , 5 ] ] ],1 [ 2 , 3 [ 5 [ 4 ] ] ]) 1.09178212
34.004817273 :(1 [ 2 [ 3 [ 4 , 5 ] ] ],1 [ 2 , 5 [ 3 , 4 ] ]) 1.09178212
2.033529438 :(1 [ 2 [ 3 [ 4 , 5 ] ] ],1 [ 2 [ 4 [ 5 [ 3 ] ] ] ]) 1.09178212
2.556294502 :(1 [ 2 [ 3 [ 4 , 5 ] ] ],1 [ 2 [ 4 ] , 5 [ 3 ] ]) 1.09178212
3.218120506 :(1 [ 2 [ 3 [ 4 , 5 ] ] ],1 [ 2 [ 4 ] , 3 , 5 ]) 1.09178212
1.51855211 :(1 [ 2 [ 3 [ 4 , 5 ] ] ],1 [ 2 [ 4 ] , 3 , 5 ]) 1.09278212
3.283449924 :(1 [ 2 [ 3 [ 4 , 5 ] ] ],1 [ 2 [ 4 [ 5 ] ] , 3 ]) 1.09178212
0.898089801 :(1 [ 2 [ 3 [ 4 , 5 ] ] ],1 [ 2 , 3 , 5 [ 4 ] ]) 1.09178212
37.242962048 :(1 [ 2 [ 3 [ 4 , 5 ] ] ],1 [ 3 [ 2 ] , 5 [ 4 ] ]) 1.09178212
0.170894056 :(1 [ 2 [ 3 [ 4 , 5 ] ] ],1 [ 3 , 5 [ 4 [ 2 ] ] ]) 1.09178212
0.168283169 :(1 [ 2 [ 3 [ 4 , 5 ] ] ],1 [ 3 , 5 [ 2 , 4 ] ]) 1.09178212
0.178737017 :(1 [ 2 [ 3 [ 4 , 5 ] ] ],1 [ 3 , 4 [ 5 [ 2 ] ] ]) 1.09178212
0.959530903 :(1 [ 2 [ 3 [ 4 , 5 ] ] ],1 [ 3 [ 2 [ 5 [ 4 ] ] ] ]) 1.09178212
0.761592334 :(1 [ 2 [ 3 [ 4 , 5 ] ] ],1 [ 3 [ 4 [ 5 [ 2 ] ] ] ]) 1.09178212
1.848769237 :(1 [ 2 [ 3 [ 4 , 5 ] ] ],1 [ 3 [ 5 [ 2 , 4 ] ] ]) 1.09178212
1.594064642 :(1 [ 2 [ 3 [ 4 , 5 ] ] ],1 [ 3 [ 2 , 5 [ 4 ] ] ]) 1.09178212
0.256938416 :(1 [ 2 [ 3 [ 4 , 5 ] ] ],1 [ 3 [ 5 [ 4 [ 2 ] ] ] ]) 1.09178212
0.159465167 :(1 [ 2 [ 3 [ 4 , 5 ] ] ],1 [ 3 , 4 [ 2 , 5 ] ]) 1.09178212
0.65295855 :(1 [ 2 [ 3 [ 4 , 5 ] ] ],1 [ 3 [ 2 [ 4 [ 5 ] ] ] ]) 1.09178212
2.308323322 :(1 [ 2 [ 3 [ 4 , 5 ] ] ],1 [ 3 [ 4 [ 2 , 5 ] ] ]) 1.09178212
4.589109932 :(1 [ 2 [ 3 [ 4 , 5 ] ] ],1 [ 3 [ 2 , 4 [ 5 ] ] ]) 1.09178212
34.097769064 :(1 [ 2 [ 3 [ 4 , 5 ] ] ],1 [ 3 [ 2 ] , 4 [ 5 ] ]) 1.09178212
53.04150753 :(1 [ 2 [ 3 [ 4 , 5 ] ] ],1 [ 3 [ 2 ] , 4 , 5 ]) 1.09178212
4.838414137 :(1 [ 2 [ 3 [ 4 , 5 ] ] ],1 [ 3 [ 2 [ 5 ] ] , 4 ]) 1.09178212
24.586443053 :(1 [ 2 [ 3 [ 4 , 5 ] ] ],1 [ 3 [ 2 , 5 ] , 4 ]) 1.09178212
1.334657494 :(1 [ 2 [ 3 [ 4 , 5 ] ] ],1 [ 3 [ 2 [ 4 ] , 5 ] ]) 1.09178212
12.43448161 :(1 [ 2 [ 3 [ 4 , 5 ] ] ],1 [ 3 [ 2 , 4 , 5 ] ]) 1.09178212
59.199162414 :(1 [ 2 [ 3 [ 4 , 5 ] ] ],1 [ 3 [ 2 , 4 ] , 5 ]) 1.09178212
0.964880542 :(1 [ 2 [ 3 [ 4 , 5 ] ] ],1 [ 3 [ 2 [ 5 ] , 4 ] ]) 1.09178212
0.296140042 :(1 [ 2 [ 3 [ 4 , 5 ] ] ],1 [ 3 [ 2 [ 4 , 5 ] ] ]) 1.09178212
5.271618349 :(1 [ 2 [ 3 [ 4 , 5 ] ] ],1 [ 3 [ 2 [ 4 ] ] , 5 ]) 1.09178212
0.167670041 :(1 [ 2 [ 3 [ 4 , 5 ] ] ],1 [ 3 , 4 [ 2 ] , 5 ]) 1.09178212
0.168373092 :(1 [ 2 [ 3 [ 4 , 5 ] ] ],1 [ 3 , 5 [ 2 [ 4 ] ] ]) 1.09178212
4.799051345 :(1 [ 2 [ 3 [ 4 , 5 ] ] ],1 [ 3 [ 4 [ 2 ] ] , 5 ]) 1.09178212
0.334411546 :(1 [ 2 [ 3 [ 4 , 5 ] ] ],1 [ 3 [ 4 [ 2 [ 5 ] ] ] ]) 1.09178212
5.78926245 :(1 [ 2 [ 3 [ 4 , 5 ] ] ],1 [ 3 [ 4 [ 2 ] , 5 ] ]) 1.09178212
0.163344846 :(1 [ 2 [ 3 [ 4 , 5 ] ] ],1 [ 3 [ 5 ] , 4 [ 2 ] ]) 1.09178212
0.840557335 :(1 [ 2 [ 3 [ 4 , 5 ] ] ],1 [ 3 [ 5 [ 2 [ 4 ] ] ] ]) 1.09178212
0.158053953 :(1 [ 2 [ 3 [ 4 , 5 ] ] ],1 [ 3 , 4 [ 2 [ 5 ] ] ]) 1.09178212
0.169104171 :(1 [ 2 [ 3 [ 4 , 5 ] ] ],1 [ 3 , 4 , 5 [ 2 ] ]) 1.09178212
2.447615687 :(1 [ 2 [ 3 [ 4 , 5 ] ] ],1 [ 3 [ 5 [ 2 ] ] , 4 ]) 1.09178212
1.890321155 :(1 [ 2 [ 3 [ 4 , 5 ] ] ],1 [ 3 [ 4 , 5 [ 2 ] ] ]) 1.09178212
0.170951682 :(1 [ 2 [ 3 [ 4 , 5 ] ] ],1 [ 3 [ 4 ] , 5 [ 2 ] ]) 1.09178212
0.177403965 :(1 [ 2 [ 3 [ 4 , 5 ] ] ],1 [ 4 [ 3 ] , 5 [ 2 ] ]) 1.09178212
10.049597811 :(1 [ 2 [ 3 [ 4 , 5 ] ] ],1 [ 5 [ 2 [ 3 [ 4 ] ] ] ]) 1.09178212
11.88707462 :(1 [ 2 [ 3 [ 4 , 5 ] ] ],1 [ 5 [ 2 [ 4 [ 3 ] ] ] ]) 1.09178212
5.726245507 :(1 [ 2 [ 3 [ 4 , 5 ] ] ],1 [ 5 [ 2 , 3 [ 4 ] ] ]) 1.09178212
13.096445918 :(1 [ 2 [ 3 [ 4 , 5 ] ] ],1 [ 5 [ 2 , 4 [ 3 ] ] ]) 1.09178212
6.851084339 :(1 [ 2 [ 3 [ 4 , 5 ] ] ],1 [ 4 [ 3 , 5 [ 2 ] ] ]) 1.09178212
3.411642444 :(1 [ 2 [ 3 [ 4 , 5 ] ] ],1 [ 4 [ 3 [ 2 [ 5 ] ] ] ]) 1.09178212
0.718608173 :(1 [ 2 [ 3 [ 4 , 5 ] ] ],1 [ 4 [ 2 [ 5 ] , 3 ] ]) 1.09178212
7.590917736 :(1 [ 2 [ 3 [ 4 , 5 ] ] ],1 [ 4 [ 3 [ 5 [ 2 ] ] ] ]) 1.09178212
17.665798095 :(1 [ 2 [ 3 [ 4 , 5 ] ] ],1 [ 4 , 5 [ 2 , 3 ] ]) 1.09178212
17.073849971 :(1 [ 2 [ 3 [ 4 , 5 ] ] ],1 [ 4 [ 2 [ 5 [ 3 ] ] ] ]) 1.09178212
8.650323943 :(1 [ 2 [ 3 [ 4 , 5 ] ] ],1 [ 4 [ 5 [ 2 , 3 ] ] ]) 1.09178212
16.531803731 :(1 [ 2 [ 3 [ 4 , 5 ] ] ],1 [ 4 [ 5 [ 2 [ 3 ] ] ] ]) 1.09178212
26.456894517 :(1 [ 2 [ 3 [ 4 , 5 ] ] ],1 [ 4 , 5 [ 2 [ 3 ] ] ]) 1.09178212
9.274112002 :(1 [ 2 [ 3 [ 4 , 5 ] ] ],1 [ 4 [ 2 [ 3 , 5 ] ] ]) 1.09178212
16.356355659 :(1 [ 2 [ 3 [ 4 , 5 ] ] ],1 [ 5 [ 2 [ 3 , 4 ] ] ]) 1.09178212
32.51918699 :(1 [ 2 [ 3 [ 4 , 5 ] ] ],1 [ 5 [ 2 [ 3 ] , 4 ] ]) 1.09178212
19.800970346 :(1 [ 2 [ 3 [ 4 , 5 ] ] ],1 [ 5 [ 2 , 3 , 4 ] ]) 1.09178212
0.212529353 :(1 [ 2 [ 3 [ 4 , 5 ] ] ],1 [ 5 [ 2 [ 4 ] , 3 ] ]) 1.09178212
0.169349125 :(1 [ 2 [ 3 [ 4 , 5 ] ] ],1 [ 4 [ 2 ] , 5 [ 3 ] ]) 1.09178212
3.795922123 :(1 [ 2 [ 3 [ 4 , 5 ] ] ],1 [ 5 [ 3 [ 2 [ 4 ] ] ] ]) 1.09178212
2.967039612 :(1 [ 2 [ 3 [ 4 , 5 ] ] ],1 [ 5 [ 3 [ 4 [ 2 ] ] ] ]) 1.09178212
2.462385105 :(1 [ 2 [ 3 [ 4 , 5 ] ] ],1 [ 5 [ 3 , 4 [ 2 ] ] ]) 1.09178212
24.865989849 :(1 [ 2 [ 3 [ 4 , 5 ] ] ],1 [ 5 [ 3 [ 2 ] , 4 ] ]) 1.09178212
34.077048101 :(1 [ 2 [ 3 [ 4 , 5 ] ] ],1 [ 4 , 5 [ 3 [ 2 ] ] ]) 1.09178212
24.312518728 :(1 [ 2 [ 3 [ 4 , 5 ] ] ],1 [ 5 [ 3 [ 2 , 4 ] ] ]) 1.09178212
17.409419808 :(1 [ 2 [ 3 [ 4 , 5 ] ] ],1 [ 4 [ 3 [ 2 ] ] , 5 ]) 1.09178212
3.895835601 :(1 [ 2 [ 3 [ 4 , 5 ] ] ],1 [ 5 [ 4 [ 3 [ 2 ] ] ] ]) 1.09178212
8.629281357 :(1 [ 2 [ 3 [ 4 , 5 ] ] ],1 [ 5 [ 4 [ 2 [ 3 ] ] ] ]) 1.09178212
30.446822198 :(1 [ 2 [ 3 [ 4 , 5 ] ] ],1 [ 4 [ 2 [ 3 ] ] , 5 ]) 1.09178212
9.039082174 :(1 [ 2 [ 3 [ 4 , 5 ] ] ],1 [ 4 [ 2 , 3 ] , 5 ]) 1.09178212
6.421292447 :(1 [ 2 [ 3 [ 4 , 5 ] ] ],1 [ 5 [ 4 [ 2 , 3 ] ] ]) 1.09178212
11.08366756 :(1 [ 2 [ 3 [ 4 , 5 ] ] ],1 [ 4 [ 2 , 3 , 5 ] ]) 1.09178212
17.785310568 :(1 [ 2 [ 3 [ 4 , 5 ] ] ],1 [ 4 [ 2 , 3 [ 5 ] ] ]) 1.09178212
6.791321371 :(1 [ 2 [ 3 [ 4 , 5 ] ] ],1 [ 4 [ 2 [ 3 [ 5 ] ] ] ]) 1.09178212
12.940271475 :(1 [ 2 [ 3 [ 4 , 5 ] ] ],1 [ 4 [ 2 , 5 [ 3 ] ] ]) 1.09178212
51.904473918 :(1 [ 2 [ 3 [ 4 , 5 ] ] ],1 [ 4 [ 2 [ 3 ] , 5 ] ]) 1.09178212
22.536247003 :(1 [ 2 [ 3 [ 4 , 5 ] ] ],1 [ 4 [ 3 [ 2 ] , 5 ] ]) 1.09178212
10.926889068 :(1 [ 2 [ 3 [ 4 , 5 ] ] ],1 [ 4 [ 5 [ 3 [ 2 ] ] ] ]) 1.09178212
19.143725003 :(1 [ 2 [ 3 [ 4 , 5 ] ] ],1 [ 4 [ 3 [ 2 , 5 ] ] ]) 1.09178212
0.162351854 :(1 [ 2 [ 3 [ 4 [ 5 ] ] ] ],1 [ 2 [ 3 [ 4 ] ] , 5 ]) 1.09178212
0.164895531 :(1 [ 2 [ 3 [ 4 [ 5 ] ] ] ],1 [ 2 [ 3 [ 4 ] , 5 ] ]) 1.09178212
0.160646225 :(1 [ 2 [ 3 [ 4 [ 5 ] ] ] ],1 [ 2 [ 3 [ 4 , 5 ] ] ]) 1.09178212
0.141845765 :(1 [ 2 [ 3 [ 4 [ 5 ] ] ] ],1 [ 2 [ 3 [ 4 [ 5 ] ] ] ]) 1.09178212
5.872705169 :(1 [ 2 [ 3 [ 4 [ 5 ] ] ] ],1 [ 2 [ 3 ] , 4 [ 5 ] ]) 1.09178212
5.872295759 :(1 [ 2 [ 3 [ 4 [ 5 ] ] ] ],1 [ 2 [ 3 ] , 5 [ 4 ] ]) 1.09178212
9.476550368 :(1 [ 2 [ 3 [ 4 [ 5 ] ] ] ],1 [ 2 [ 3 , 4 [ 5 ] ] ]) 1.09178212
4.506960495 :(1 [ 2 [ 3 [ 4 [ 5 ] ] ] ],1 [ 2 [ 3 , 5 [ 4 ] ] ]) 1.09178212
3.590459427 :(1 [ 2 [ 3 [ 4 [ 5 ] ] ] ],1 [ 2 [ 3 [ 5 [ 4 ] ] ] ]) 1.09178212
0.159792161 :(1 [ 2 [ 3 [ 4 [ 5 ] ] ] ],1 [ 2 [ 3 [ 5 ] ] , 4 ]) 1.09178212
0.159330356 :(1 [ 2 [ 3 [ 4 [ 5 ] ] ] ],1 [ 2 [ 3 [ 5 ] , 4 ] ]) 1.09178212
0.187179313 :(1 [ 2 [ 3 [ 4 [ 5 ] ] ] ],1 [ 2 [ 3 , 4 ] , 5 ]) 1.09178212
0.163081361 :(1 [ 2 [ 3 [ 4 [ 5 ] ] ] ],1 [ 2 [ 3 , 4 , 5 ] ]) 1.09178212
0.158949286 :(1 [ 2 [ 3 [ 4 [ 5 ] ] ] ],1 [ 2 [ 3 , 5 ] , 4 ]) 1.09178212
0.162335539 :(1 [ 2 [ 3 [ 4 [ 5 ] ] ] ],1 [ 2 [ 3 ] , 4 , 5 ]) 1.09178212
0.159483636 :(1 [ 2 [ 3 [ 4 [ 5 ] ] ] ],1 [ 2 , 3 , 4 , 5 ]) 1.09178212
27.050623701 :(1 [ 2 [ 3 [ 4 [ 5 ] ] ] ],1 [ 2 , 4 [ 3 ] , 5 ]) 1.09178212
0.168725065 :(1 [ 2 [ 3 [ 4 [ 5 ] ] ] ],1 [ 2 , 4 , 5 [ 3 ] ]) 1.09178212
5.297304548 :(1 [ 2 [ 3 [ 4 [ 5 ] ] ] ],1 [ 2 , 3 [ 5 ] , 4 ]) 1.09178212
0.187084826 :(1 [ 2 [ 3 [ 4 [ 5 ] ] ] ],1 [ 2 [ 5 [ 3 ] ] , 4 ]) 1.09178212
5.023924391 :(1 [ 2 [ 3 [ 4 [ 5 ] ] ] ],1 [ 2 , 4 [ 3 [ 5 ] ] ]) 1.09178212
3.50926784 :(1 [ 2 [ 3 [ 4 [ 5 ] ] ] ],1 [ 2 , 4 [ 5 [ 3 ] ] ]) 1.09178212
3.573289492 :(1 [ 2 [ 3 [ 4 [ 5 ] ] ] ],1 [ 2 , 3 , 4 [ 5 ] ]) 1.09178212
10.249918944 :(1 [ 2 [ 3 [ 4 [ 5 ] ] ] ],1 [ 2 , 4 [ 3 , 5 ] ]) 1.09178212
20.902012831 :(1 [ 2 [ 3 [ 4 [ 5 ] ] ] ],1 [ 2 [ 5 ] , 4 [ 3 ] ]) 1.09178212
0.161290985 :(1 [ 2 [ 3 [ 4 [ 5 ] ] ] ],1 [ 2 [ 5 ] , 3 , 4 ]) 1.09178212
0.157623269 :(1 [ 2 [ 3 [ 4 [ 5 ] ] ] ],1 [ 2 [ 4 , 5 ] , 3 ]) 1.09178212
10.78197431 :(1 [ 2 [ 3 [ 4 [ 5 ] ] ] ],1 [ 2 [ 5 ] , 3 [ 4 ] ]) 1.09178212
2.262583386 :(1 [ 2 [ 3 [ 4 [ 5 ] ] ] ],1 [ 2 [ 5 [ 4 ] ] , 3 ]) 1.09178212
2.029780301 :(1 [ 2 [ 3 [ 4 [ 5 ] ] ] ],1 [ 2 [ 5 [ 4 [ 3 ] ] ] ]) 1.09178212
2.247231879 :(1 [ 2 [ 3 [ 4 [ 5 ] ] ] ],1 [ 2 [ 5 [ 3 , 4 ] ] ]) 1.09178212
0.164735217 :(1 [ 2 [ 3 [ 4 [ 5 ] ] ] ],1 [ 2 [ 4 , 5 [ 3 ] ] ]) 1.09178212
10.723208588 :(1 [ 2 [ 3 [ 4 [ 5 ] ] ] ],1 [ 2 [ 5 [ 3 [ 4 ] ] ] ]) 1.09178212
10.242150731 :(1 [ 2 [ 3 [ 4 [ 5 ] ] ] ],1 [ 2 [ 4 [ 3 ] , 5 ] ]) 1.09178212
12.206932991 :(1 [ 2 [ 3 [ 4 [ 5 ] ] ] ],1 [ 2 [ 4 [ 3 ] ] , 5 ]) 1.09178212
0.327883173 :(1 [ 2 [ 3 [ 4 [ 5 ] ] ] ],1 [ 2 [ 4 [ 3 [ 5 ] ] ] ]) 1.09178212
2.8391436 :(1 [ 2 [ 3 [ 4 [ 5 ] ] ] ],1 [ 2 [ 4 [ 3 , 5 ] ] ]) 1.09178212
24.173171701 :(1 [ 2 [ 3 [ 4 [ 5 ] ] ] ],1 [ 2 , 3 [ 4 [ 5 ] ] ]) 1.09178212
13.891271587 :(1 [ 2 [ 3 [ 4 [ 5 ] ] ] ],1 [ 2 , 5 [ 4 [ 3 ] ] ]) 1.09178212
29.262905674 :(1 [ 2 [ 3 [ 4 [ 5 ] ] ] ],1 [ 2 , 3 [ 4 ] , 5 ]) 1.09178212
14.981942924 :(1 [ 2 [ 3 [ 4 [ 5 ] ] ] ],1 [ 2 , 5 [ 3 [ 4 ] ] ]) 1.09178212
46.01815528 :(1 [ 2 [ 3 [ 4 [ 5 ] ] ] ],1 [ 2 , 3 [ 4 , 5 ] ]) 1.09178212
5.634231027 :(1 [ 2 [ 3 [ 4 [ 5 ] ] ] ],1 [ 2 [ 4 ] , 3 [ 5 ] ]) 1.09178212
9.992364924 :(1 [ 2 [ 3 [ 4 [ 5 ] ] ] ],1 [ 2 , 3 [ 5 [ 4 ] ] ]) 1.09178212
18.861221385 :(1 [ 2 [ 3 [ 4 [ 5 ] ] ] ],1 [ 2 , 5 [ 3 , 4 ] ]) 1.09178212
1.955906977 :(1 [ 2 [ 3 [ 4 [ 5 ] ] ] ],1 [ 2 [ 4 [ 5 [ 3 ] ] ] ]) 1.09178212
0.163740511 :(1 [ 2 [ 3 [ 4 [ 5 ] ] ] ],1 [ 2 [ 4 ] , 5 [ 3 ] ]) 1.09178212
0.168063587 :(1 [ 2 [ 3 [ 4 [ 5 ] ] ] ],1 [ 2 [ 4 ] , 3 , 5 ]) 1.09178212
4.286861538 :(1 [ 2 [ 3 [ 4 [ 5 ] ] ] ],1 [ 2 [ 4 [ 5 ] ] , 3 ]) 1.09178212
4.190601952 :(1 [ 2 [ 3 [ 4 [ 5 ] ] ] ],1 [ 2 , 3 , 5 [ 4 ] ]) 1.09178212
27.327736344 :(1 [ 2 [ 3 [ 4 [ 5 ] ] ] ],1 [ 3 [ 2 ] , 5 [ 4 ] ]) 1.09178212
0.17170896 :(1 [ 2 [ 3 [ 4 [ 5 ] ] ] ],1 [ 3 , 5 [ 4 [ 2 ] ] ]) 1.09178212
0.163168234 :(1 [ 2 [ 3 [ 4 [ 5 ] ] ] ],1 [ 3 , 5 [ 2 , 4 ] ]) 1.09178212
0.593493341 :(1 [ 2 [ 3 [ 4 [ 5 ] ] ] ],1 [ 3 , 4 [ 5 [ 2 ] ] ]) 1.09178212
2.138778506 :(1 [ 2 [ 3 [ 4 [ 5 ] ] ] ],1 [ 3 [ 2 [ 5 [ 4 ] ] ] ]) 1.09178212
1.006153896 :(1 [ 2 [ 3 [ 4 [ 5 ] ] ] ],1 [ 3 [ 4 [ 5 [ 2 ] ] ] ]) 1.09178212
0.302119407 :(1 [ 2 [ 3 [ 4 [ 5 ] ] ] ],1 [ 3 [ 5 [ 2 , 4 ] ] ]) 1.09178212
6.17007979 :(1 [ 2 [ 3 [ 4 [ 5 ] ] ] ],1 [ 3 [ 2 , 5 [ 4 ] ] ]) 1.09178212
0.48720499 :(1 [ 2 [ 3 [ 4 [ 5 ] ] ] ],1 [ 3 [ 5 [ 4 [ 2 ] ] ] ]) 1.09178212
0.159538327 :(1 [ 2 [ 3 [ 4 [ 5 ] ] ] ],1 [ 3 , 4 [ 2 , 5 ] ]) 1.09178212
4.61389974 :(1 [ 2 [ 3 [ 4 [ 5 ] ] ] ],1 [ 3 [ 2 [ 4 [ 5 ] ] ] ]) 1.09178212
3.683596171 :(1 [ 2 [ 3 [ 4 [ 5 ] ] ] ],1 [ 3 [ 4 [ 2 , 5 ] ] ]) 1.09178212
6.065850126 :(1 [ 2 [ 3 [ 4 [ 5 ] ] ] ],1 [ 3 [ 2 , 4 [ 5 ] ] ]) 1.09178212
39.202259851 :(1 [ 2 [ 3 [ 4 [ 5 ] ] ] ],1 [ 3 [ 2 ] , 4 [ 5 ] ]) 1.09178212
11.301121329 :(1 [ 2 [ 3 [ 4 [ 5 ] ] ] ],1 [ 3 [ 2 ] , 4 , 5 ]) 1.09178212
3.621811016 :(1 [ 2 [ 3 [ 4 [ 5 ] ] ] ],1 [ 3 [ 2 [ 5 ] ] , 4 ]) 1.09178212
5.314575058 :(1 [ 2 [ 3 [ 4 [ 5 ] ] ] ],1 [ 3 [ 2 , 5 ] , 4 ]) 1.09178212
6.051404687 :(1 [ 2 [ 3 [ 4 [ 5 ] ] ] ],1 [ 3 [ 2 [ 4 ] , 5 ] ]) 1.09178212
7.217284945 :(1 [ 2 [ 3 [ 4 [ 5 ] ] ] ],1 [ 3 [ 2 , 4 , 5 ] ]) 1.09178212
18.183814689 :(1 [ 2 [ 3 [ 4 [ 5 ] ] ] ],1 [ 3 [ 2 , 4 ] , 5 ]) 1.09178212
4.768681683 :(1 [ 2 [ 3 [ 4 [ 5 ] ] ] ],1 [ 3 [ 2 [ 5 ] , 4 ] ]) 1.09178212
0.87440051 :(1 [ 2 [ 3 [ 4 [ 5 ] ] ] ],1 [ 3 [ 2 [ 4 , 5 ] ] ]) 1.09178212
5.564676798 :(1 [ 2 [ 3 [ 4 [ 5 ] ] ] ],1 [ 3 [ 2 [ 4 ] ] , 5 ]) 1.09178212
0.163754287 :(1 [ 2 [ 3 [ 4 [ 5 ] ] ] ],1 [ 3 , 4 [ 2 ] , 5 ]) 1.09178212
0.165765625 :(1 [ 2 [ 3 [ 4 [ 5 ] ] ] ],1 [ 3 , 5 [ 2 [ 4 ] ] ]) 1.09178212
5.676400919 :(1 [ 2 [ 3 [ 4 [ 5 ] ] ] ],1 [ 3 [ 4 [ 2 ] ] , 5 ]) 1.09178212
0.215152696 :(1 [ 2 [ 3 [ 4 [ 5 ] ] ] ],1 [ 3 [ 4 [ 2 [ 5 ] ] ] ]) 1.09178212
2.036256355 :(1 [ 2 [ 3 [ 4 [ 5 ] ] ] ],1 [ 3 [ 4 [ 2 ] , 5 ] ]) 1.09178212
0.167641587 :(1 [ 2 [ 3 [ 4 [ 5 ] ] ] ],1 [ 3 [ 5 ] , 4 [ 2 ] ]) 1.09178212
0.263068847 :(1 [ 2 [ 3 [ 4 [ 5 ] ] ] ],1 [ 3 [ 5 [ 2 [ 4 ] ] ] ]) 1.09178212
0.164604719 :(1 [ 2 [ 3 [ 4 [ 5 ] ] ] ],1 [ 3 , 4 [ 2 [ 5 ] ] ]) 1.09178212
0.166512065 :(1 [ 2 [ 3 [ 4 [ 5 ] ] ] ],1 [ 3 , 4 , 5 [ 2 ] ]) 1.09178212
0.168749027 :(1 [ 2 [ 3 [ 4 [ 5 ] ] ] ],1 [ 3 [ 5 [ 2 ] ] , 4 ]) 1.09178212
0.411882668 :(1 [ 2 [ 3 [ 4 [ 5 ] ] ] ],1 [ 3 [ 4 , 5 [ 2 ] ] ]) 1.09178212
0.164548572 :(1 [ 2 [ 3 [ 4 [ 5 ] ] ] ],1 [ 3 [ 4 ] , 5 [ 2 ] ]) 1.09178212
0.178651334 :(1 [ 2 [ 3 [ 4 [ 5 ] ] ] ],1 [ 4 [ 3 ] , 5 [ 2 ] ]) 1.09178212
12.499024764 :(1 [ 2 [ 3 [ 4 [ 5 ] ] ] ],1 [ 5 [ 2 [ 3 [ 4 ] ] ] ]) 1.09178212
16.642120824 :(1 [ 2 [ 3 [ 4 [ 5 ] ] ] ],1 [ 5 [ 2 [ 4 [ 3 ] ] ] ]) 1.09178212
7.737285571 :(1 [ 2 [ 3 [ 4 [ 5 ] ] ] ],1 [ 5 [ 2 , 3 [ 4 ] ] ]) 1.09178212
12.415498353 :(1 [ 2 [ 3 [ 4 [ 5 ] ] ] ],1 [ 5 [ 2 , 4 [ 3 ] ] ]) 1.09178212
7.335648545 :(1 [ 2 [ 3 [ 4 [ 5 ] ] ] ],1 [ 4 [ 3 , 5 [ 2 ] ] ]) 1.09178212
0.768436959 :(1 [ 2 [ 3 [ 4 [ 5 ] ] ] ],1 [ 4 [ 3 [ 2 [ 5 ] ] ] ]) 1.09178212
1.354486378 :(1 [ 2 [ 3 [ 4 [ 5 ] ] ] ],1 [ 4 [ 2 [ 5 ] , 3 ] ]) 1.09178212
0.196481343 :(1 [ 2 [ 3 [ 4 [ 5 ] ] ] ],1 [ 4 [ 3 [ 5 [ 2 ] ] ] ]) 1.09178212
0.162653695 :(1 [ 2 [ 3 [ 4 [ 5 ] ] ] ],1 [ 4 , 5 [ 2 , 3 ] ]) 1.09178212
0.25348032 :(1 [ 2 [ 3 [ 4 [ 5 ] ] ] ],1 [ 4 [ 2 [ 5 [ 3 ] ] ] ]) 1.09178212
1.453658102 :(1 [ 2 [ 3 [ 4 [ 5 ] ] ] ],1 [ 4 [ 5 [ 2 , 3 ] ] ]) 1.09178212
1.321599475 :(1 [ 2 [ 3 [ 4 [ 5 ] ] ] ],1 [ 4 [ 5 [ 2 [ 3 ] ] ] ]) 1.09178212
0.183355793 :(1 [ 2 [ 3 [ 4 [ 5 ] ] ] ],1 [ 4 , 5 [ 2 [ 3 ] ] ]) 1.09178212
0.217541616 :(1 [ 2 [ 3 [ 4 [ 5 ] ] ] ],1 [ 4 [ 2 [ 3 , 5 ] ] ]) 1.09178212
6.415561606 :(1 [ 2 [ 3 [ 4 [ 5 ] ] ] ],1 [ 5 [ 2 [ 3 , 4 ] ] ]) 1.09178212
20.207116896 :(1 [ 2 [ 3 [ 4 [ 5 ] ] ] ],1 [ 5 [ 2 [ 3 ] , 4 ] ]) 1.09178212
10.871446813 :(1 [ 2 [ 3 [ 4 [ 5 ] ] ] ],1 [ 5 [ 2 , 3 , 4 ] ]) 1.09178212
0.188266919 :(1 [ 2 [ 3 [ 4 [ 5 ] ] ] ],1 [ 5 [ 2 [ 4 ] , 3 ] ]) 1.09178212
0.166134238 :(1 [ 2 [ 3 [ 4 [ 5 ] ] ] ],1 [ 4 [ 2 ] , 5 [ 3 ] ]) 1.09178212
1.240135125 :(1 [ 2 [ 3 [ 4 [ 5 ] ] ] ],1 [ 5 [ 3 [ 2 [ 4 ] ] ] ]) 1.09178212
1.861618746 :(1 [ 2 [ 3 [ 4 [ 5 ] ] ] ],1 [ 5 [ 3 [ 4 [ 2 ] ] ] ]) 1.09178212
1.202060984 :(1 [ 2 [ 3 [ 4 [ 5 ] ] ] ],1 [ 5 [ 3 , 4 [ 2 ] ] ]) 1.09178212
15.777873762 :(1 [ 2 [ 3 [ 4 [ 5 ] ] ] ],1 [ 5 [ 3 [ 2 ] , 4 ] ]) 1.09178212
0.161425915 :(1 [ 2 [ 3 [ 4 [ 5 ] ] ] ],1 [ 4 , 5 [ 3 [ 2 ] ] ]) 1.09178212
13.54517663 :(1 [ 2 [ 3 [ 4 [ 5 ] ] ] ],1 [ 5 [ 3 [ 2 , 4 ] ] ]) 1.09178212
14.618114698 :(1 [ 2 [ 3 [ 4 [ 5 ] ] ] ],1 [ 4 [ 3 [ 2 ] ] , 5 ]) 1.09178212
15.314201615 :(1 [ 2 [ 3 [ 4 [ 5 ] ] ] ],1 [ 5 [ 4 [ 3 [ 2 ] ] ] ]) 1.09178212
15.460852164 :(1 [ 2 [ 3 [ 4 [ 5 ] ] ] ],1 [ 5 [ 4 [ 2 [ 3 ] ] ] ]) 1.09178212
22.122228742 :(1 [ 2 [ 3 [ 4 [ 5 ] ] ] ],1 [ 4 [ 2 [ 3 ] ] , 5 ]) 1.09178212
30.173913337 :(1 [ 2 [ 3 [ 4 [ 5 ] ] ] ],1 [ 4 [ 2 , 3 ] , 5 ]) 1.09178212
8.769045796 :(1 [ 2 [ 3 [ 4 [ 5 ] ] ] ],1 [ 5 [ 4 [ 2 , 3 ] ] ]) 1.09178212
20.639686162 :(1 [ 2 [ 3 [ 4 [ 5 ] ] ] ],1 [ 4 [ 2 , 3 , 5 ] ]) 1.09178212
1.332786473 :(1 [ 2 [ 3 [ 4 [ 5 ] ] ] ],1 [ 4 [ 2 , 3 [ 5 ] ] ]) 1.09178212
0.256095745 :(1 [ 2 [ 3 [ 4 [ 5 ] ] ] ],1 [ 4 [ 2 [ 3 [ 5 ] ] ] ]) 1.09178212
0.861703958 :(1 [ 2 [ 3 [ 4 [ 5 ] ] ] ],1 [ 4 [ 2 , 5 [ 3 ] ] ]) 1.09178212
15.719558036 :(1 [ 2 [ 3 [ 4 [ 5 ] ] ] ],1 [ 4 [ 2 [ 3 ] , 5 ] ]) 1.09178212
22.910113468 :(1 [ 2 [ 3 [ 4 [ 5 ] ] ] ],1 [ 4 [ 3 [ 2 ] , 5 ] ]) 1.09178212
3.258302416 :(1 [ 2 [ 3 [ 4 [ 5 ] ] ] ],1 [ 4 [ 5 [ 3 [ 2 ] ] ] ]) 1.09178212
11.606360727 :(1 [ 2 [ 3 [ 4 [ 5 ] ] ] ],1 [ 4 [ 3 [ 2 , 5 ] ] ]) 1.09178212
0.159188859 :(1 [ 2 [ 3 ] , 4 [ 5 ] ],1 [ 2 [ 3 ] , 4 , 5 ]) 1.09178212
0.157018088 :(1 [ 2 [ 3 ] , 4 [ 5 ] ],1 [ 2 [ 3 , 5 ] , 4 ]) 1.09178212
0.166726726 :(1 [ 2 [ 3 ] , 4 [ 5 ] ],1 [ 2 [ 3 [ 5 ] ] , 4 ]) 1.09178212
0.140311733 :(1 [ 2 [ 3 ] , 4 [ 5 ] ],1 [ 2 [ 3 ] , 4 [ 5 ] ]) 1.09178212
0.16710523 :(1 [ 2 [ 3 ] , 4 [ 5 ] ],1 [ 2 , 3 , 4 [ 5 ] ]) 1.09178212
0.157183674 :(1 [ 2 [ 3 ] , 4 [ 5 ] ],1 [ 2 , 4 [ 3 , 5 ] ]) 1.09178212
0.176694462 :(1 [ 2 [ 3 ] , 4 [ 5 ] ],1 [ 2 , 4 [ 5 [ 3 ] ] ]) 1.09178212
0.160970132 :(1 [ 2 [ 3 ] , 4 [ 5 ] ],1 [ 2 , 3 [ 5 ] , 4 ]) 1.09178212
0.157453934 :(1 [ 2 [ 3 ] , 4 [ 5 ] ],1 [ 2 , 4 , 5 [ 3 ] ]) 1.09178212
0.159322237 :(1 [ 2 [ 3 ] , 4 [ 5 ] ],1 [ 2 [ 5 [ 3 ] ] , 4 ]) 1.09178212
0.168371104 :(1 [ 2 [ 3 ] , 4 [ 5 ] ],1 [ 2 , 4 [ 3 [ 5 ] ] ]) 1.09178212
0.154639362 :(1 [ 2 [ 3 ] , 4 [ 5 ] ],1 [ 2 , 4 [ 3 ] , 5 ]) 1.09178212
0.160466985 :(1 [ 2 [ 3 ] , 4 [ 5 ] ],1 [ 2 [ 5 ] , 4 [ 3 ] ]) 1.09178212
0.159451335 :(1 [ 2 [ 3 ] , 4 [ 5 ] ],1 [ 2 [ 5 ] , 3 , 4 ]) 1.09178212
0.178119071 :(1 [ 2 [ 3 ] , 4 [ 5 ] ],1 [ 2 , 3 , 4 , 5 ]) 1.09178212
0.160048247 :(1 [ 2 [ 3 ] , 4 [ 5 ] ],1 [ 2 [ 4 ] , 3 , 5 ]) 1.09178212
4.337976156 :(1 [ 2 [ 3 ] , 4 [ 5 ] ],1 [ 2 , 3 [ 4 ] , 5 ]) 1.09178212
15.064052613 :(1 [ 2 [ 3 ] , 4 [ 5 ] ],1 [ 2 , 3 , 5 [ 4 ] ]) 1.09178212
4.74056717 :(1 [ 2 [ 3 ] , 4 [ 5 ] ],1 [ 2 [ 4 [ 5 ] ] , 3 ]) 1.09178212
0.581119481 :(1 [ 2 [ 3 ] , 4 [ 5 ] ],1 [ 2 [ 5 [ 4 ] ] , 3 ]) 1.09178212
39.38977494 :(1 [ 2 [ 3 ] , 4 [ 5 ] ],1 [ 2 , 3 [ 4 [ 5 ] ] ]) 1.09178212
18.790002651 :(1 [ 2 [ 3 ] , 4 [ 5 ] ],1 [ 2 , 3 [ 5 [ 4 ] ] ]) 1.09178212
0.162011951 :(1 [ 2 [ 3 ] , 4 [ 5 ] ],1 [ 2 [ 4 ] , 3 [ 5 ] ]) 1.09178212
15.593705193 :(1 [ 2 [ 3 ] , 4 [ 5 ] ],1 [ 2 , 3 [ 4 , 5 ] ]) 1.09178212
0.165979392 :(1 [ 2 [ 3 ] , 4 [ 5 ] ],1 [ 2 [ 5 ] , 3 [ 4 ] ]) 1.09178212
0.162880942 :(1 [ 2 [ 3 ] , 4 [ 5 ] ],1 [ 2 [ 4 , 5 ] , 3 ]) 1.09178212
0.16242894 :(1 [ 2 [ 3 ] , 4 [ 5 ] ],1 [ 2 [ 3 , 4 , 5 ] ]) 1.09178212
0.161062635 :(1 [ 2 [ 3 ] , 4 [ 5 ] ],1 [ 2 [ 4 [ 3 ] , 5 ] ]) 1.09178212
0.161885261 :(1 [ 2 [ 3 ] , 4 [ 5 ] ],1 [ 2 [ 4 , 5 [ 3 ] ] ]) 1.09178212
0.159583077 :(1 [ 2 [ 3 ] , 4 [ 5 ] ],1 [ 2 [ 5 [ 3 [ 4 ] ] ] ]) 1.09178212
0.18002425 :(1 [ 2 [ 3 ] , 4 [ 5 ] ],1 [ 2 [ 5 [ 3 , 4 ] ] ]) 1.09178212
2.041783457 :(1 [ 2 [ 3 ] , 4 [ 5 ] ],1 [ 2 [ 3 , 5 [ 4 ] ] ]) 1.09178212
0.164289902 :(1 [ 2 [ 3 ] , 4 [ 5 ] ],1 [ 2 [ 5 [ 4 [ 3 ] ] ] ]) 1.09178212
0.159818531 :(1 [ 2 [ 3 ] , 4 [ 5 ] ],1 [ 2 [ 3 [ 4 ] , 5 ] ]) 1.09178212
0.15857075 :(1 [ 2 [ 3 ] , 4 [ 5 ] ],1 [ 2 [ 3 [ 4 ] ] , 5 ]) 1.09178212
0.163247083 :(1 [ 2 [ 3 ] , 4 [ 5 ] ],1 [ 2 [ 3 [ 4 , 5 ] ] ]) 1.09178212
5.434183596 :(1 [ 2 [ 3 ] , 4 [ 5 ] ],1 [ 2 [ 3 [ 4 [ 5 ] ] ] ]) 1.09178212
1.681082616 :(1 [ 2 [ 3 ] , 4 [ 5 ] ],1 [ 2 , 5 [ 4 [ 3 ] ] ]) 1.09178212
0.163515577 :(1 [ 2 [ 3 ] , 4 [ 5 ] ],1 [ 2 [ 4 [ 3 , 5 ] ] ]) 1.09178212
0.166221619 :(1 [ 2 [ 3 ] , 4 [ 5 ] ],1 [ 2 [ 4 [ 3 ] ] , 5 ]) 1.09178212
0.169142053 :(1 [ 2 [ 3 ] , 4 [ 5 ] ],1 [ 2 [ 4 [ 3 [ 5 ] ] ] ]) 1.09178212
0.169240672 :(1 [ 2 [ 3 ] , 4 [ 5 ] ],1 [ 2 , 5 [ 3 [ 4 ] ] ]) 1.09178212
0.155718776 :(1 [ 2 [ 3 ] , 4 [ 5 ] ],1 [ 2 [ 4 ] , 5 [ 3 ] ]) 1.09178212
9.228577955 :(1 [ 2 [ 3 ] , 4 [ 5 ] ],1 [ 2 , 5 [ 3 , 4 ] ]) 1.09178212
3.722144909 :(1 [ 2 [ 3 ] , 4 [ 5 ] ],1 [ 2 [ 3 [ 5 [ 4 ] ] ] ]) 1.09178212
0.161018684 :(1 [ 2 [ 3 ] , 4 [ 5 ] ],1 [ 2 [ 4 [ 5 [ 3 ] ] ] ]) 1.09178212
0.163577881 :(1 [ 2 [ 3 ] , 4 [ 5 ] ],1 [ 2 [ 3 [ 5 ] , 4 ] ]) 1.09178212
0.163048942 :(1 [ 2 [ 3 ] , 4 [ 5 ] ],1 [ 2 [ 3 , 4 ] , 5 ]) 1.09178212
9.162089413 :(1 [ 2 [ 3 ] , 4 [ 5 ] ],1 [ 2 [ 3 , 4 [ 5 ] ] ]) 1.09178212
4.403024415 :(1 [ 2 [ 3 ] , 4 [ 5 ] ],1 [ 2 [ 3 ] , 5 [ 4 ] ]) 1.09178212
21.642682176 :(1 [ 2 [ 3 ] , 4 [ 5 ] ],1 [ 3 [ 2 ] , 5 [ 4 ] ]) 1.09178212
4.314773337 :(1 [ 2 [ 3 ] , 4 [ 5 ] ],1 [ 5 [ 4 [ 2 [ 3 ] ] ] ]) 1.09178212
24.950050443 :(1 [ 2 [ 3 ] , 4 [ 5 ] ],1 [ 5 [ 2 [ 3 ] , 4 ] ]) 1.09178212
3.574145344 :(1 [ 2 [ 3 ] , 4 [ 5 ] ],1 [ 5 [ 4 [ 3 [ 2 ] ] ] ]) 1.09178212
16.800233448 :(1 [ 2 [ 3 ] , 4 [ 5 ] ],1 [ 5 [ 3 [ 2 ] , 4 ] ]) 1.09178212
14.51922091 :(1 [ 2 [ 3 ] , 4 [ 5 ] ],1 [ 3 [ 2 , 5 [ 4 ] ] ]) 1.09178212
12.730023394 :(1 [ 2 [ 3 ] , 4 [ 5 ] ],1 [ 4 [ 5 [ 3 [ 2 ] ] ] ]) 1.09178212
5.412391915 :(1 [ 2 [ 3 ] , 4 [ 5 ] ],1 [ 3 [ 2 ] , 4 [ 5 ] ]) 1.09178212
8.926639763 :(1 [ 2 [ 3 ] , 4 [ 5 ] ],1 [ 4 [ 2 [ 3 ] , 5 ] ]) 1.09178212
6.876069908 :(1 [ 2 [ 3 ] , 4 [ 5 ] ],1 [ 4 [ 5 [ 2 [ 3 ] ] ] ]) 1.09178212
7.420092649 :(1 [ 2 [ 3 ] , 4 [ 5 ] ],1 [ 4 [ 3 [ 2 ] , 5 ] ]) 1.09178212
13.200217532 :(1 [ 2 [ 3 ] , 4 [ 5 ] ],1 [ 3 [ 2 , 4 [ 5 ] ] ]) 1.09178212
4.166109875 :(1 [ 2 [ 3 ] , 4 [ 5 ] ],1 [ 3 [ 2 [ 4 [ 5 ] ] ] ]) 1.09178212
5.663341142 :(1 [ 2 [ 3 ] , 4 [ 5 ] ],1 [ 3 [ 2 [ 5 [ 4 ] ] ] ]) 1.09178212
2.812462597 :(1 [ 2 [ 3 ] , 4 [ 5 ] ],1 [ 3 [ 2 [ 5 ] ] , 4 ]) 1.09178212
0.162034181 :(1 [ 2 [ 3 ] , 4 [ 5 ] ],1 [ 3 [ 2 [ 4 , 5 ] ] ]) 1.09178212
4.313232473 :(1 [ 2 [ 3 ] , 4 [ 5 ] ],1 [ 3 [ 2 [ 5 ] , 4 ] ]) 1.09178212
7.702020111 :(1 [ 2 [ 3 ] , 4 [ 5 ] ],1 [ 3 [ 2 , 4 ] , 5 ]) 1.09178212
24.517313019 :(1 [ 2 [ 3 ] , 4 [ 5 ] ],1 [ 3 [ 2 , 4 , 5 ] ]) 1.09178212
8.449804964 :(1 [ 2 [ 3 ] , 4 [ 5 ] ],1 [ 3 [ 2 , 5 ] , 4 ]) 1.09178212
0.164321223 :(1 [ 2 [ 3 ] , 4 [ 5 ] ],1 [ 3 [ 2 [ 4 ] , 5 ] ]) 1.09178212
0.18248594 :(1 [ 2 [ 3 ] , 4 [ 5 ] ],1 [ 3 [ 2 [ 4 ] ] , 5 ]) 1.09178212
14.162273143 :(1 [ 2 [ 3 ] , 4 [ 5 ] ],1 [ 3 [ 2 ] , 4 , 5 ]) 1.09178212
4.921791862 :(1 [ 2 [ 3 ] , 4 [ 5 ] ],1 [ 4 [ 2 [ 3 ] ] , 5 ]) 1.09178212
11.631521809 :(1 [ 2 [ 3 ] , 4 [ 5 ] ],1 [ 4 , 5 [ 2 [ 3 ] ] ]) 1.09178212
3.220895453 :(1 [ 2 [ 3 ] , 4 [ 5 ] ],1 [ 4 [ 3 [ 2 ] ] , 5 ]) 1.09178212
16.285731542 :(1 [ 2 [ 3 ] , 4 [ 5 ] ],1 [ 4 , 5 [ 3 [ 2 ] ] ]) 1.09178212
0.172555472 :(1 [ 2 [ 3 ] , 4 [ 5 ] ],1 [ 5 [ 3 [ 2 [ 4 ] ] ] ]) 1.09178212
0.172531378 :(1 [ 2 [ 3 ] , 4 [ 5 ] ],1 [ 5 [ 3 [ 2 , 4 ] ] ]) 1.09178212
0.161893196 :(1 [ 2 [ 3 ] , 4 [ 5 ] ],1 [ 5 [ 2 [ 3 [ 4 ] ] ] ]) 1.09178212
0.182527524 :(1 [ 2 [ 3 ] , 4 [ 5 ] ],1 [ 5 [ 2 [ 3 , 4 ] ] ]) 1.09178212
0.182049016 :(1 [ 2 [ 3 ] , 4 [ 5 ] ],1 [ 4 [ 2 [ 3 , 5 ] ] ]) 1.09178212
0.161285042 :(1 [ 2 [ 3 ] , 4 [ 5 ] ],1 [ 4 [ 3 [ 2 [ 5 ] ] ] ]) 1.09178212
0.160759852 :(1 [ 2 [ 3 ] , 4 [ 5 ] ],1 [ 4 [ 3 [ 2 , 5 ] ] ]) 1.09178212
0.161808541 :(1 [ 2 [ 3 ] , 4 [ 5 ] ],1 [ 4 [ 2 [ 3 [ 5 ] ] ] ]) 1.09178212
0.16961733 :(1 [ 2 [ 3 ] , 4 [ 5 ] ],1 [ 3 [ 5 ] , 4 [ 2 ] ]) 1.09178212
0.162792966 :(1 [ 2 [ 3 ] , 4 [ 5 ] ],1 [ 4 [ 2 ] , 5 [ 3 ] ]) 1.09178212
0.174283143 :(1 [ 2 [ 3 ] , 4 [ 5 ] ],1 [ 4 [ 2 [ 5 [ 3 ] ] ] ]) 1.09178212
0.180477053 :(1 [ 2 [ 3 ] , 4 [ 5 ] ],1 [ 4 [ 2 , 3 [ 5 ] ] ]) 1.09178212
0.16595955 :(1 [ 2 [ 3 ] , 4 [ 5 ] ],1 [ 4 [ 2 , 5 [ 3 ] ] ]) 1.09178212
0.159014073 :(1 [ 2 [ 3 ] , 4 [ 5 ] ],1 [ 4 [ 5 [ 2 , 3 ] ] ]) 1.09178212
0.178506397 :(1 [ 2 [ 3 ] , 4 [ 5 ] ],1 [ 3 [ 5 [ 2 ] ] , 4 ]) 1.09178212
20.932281069 :(1 [ 2 [ 3 ] , 4 [ 5 ] ],1 [ 4 , 5 [ 2 , 3 ] ]) 1.09178212
0.1596001 :(1 [ 2 [ 3 ] , 4 [ 5 ] ],1 [ 4 [ 3 [ 5 [ 2 ] ] ] ]) 1.09178212
0.181015067 :(1 [ 2 [ 3 ] , 4 [ 5 ] ],1 [ 4 [ 3 ] , 5 [ 2 ] ]) 1.09178212
0.153209551 :(1 [ 2 [ 3 ] , 4 [ 5 ] ],1 [ 4 [ 2 [ 5 ] , 3 ] ]) 1.09178212
0.157418434 :(1 [ 2 [ 3 ] , 4 [ 5 ] ],1 [ 4 [ 3 , 5 [ 2 ] ] ]) 1.09178212
0.185340446 :(1 [ 2 [ 3 ] , 4 [ 5 ] ],1 [ 3 , 4 [ 5 [ 2 ] ] ]) 1.09178212
9.269233468 :(1 [ 2 [ 3 ] , 4 [ 5 ] ],1 [ 3 , 4 , 5 [ 2 ] ]) 1.09178212
0.161256747 :(1 [ 2 [ 3 ] , 4 [ 5 ] ],1 [ 3 , 4 [ 2 [ 5 ] ] ]) 1.09178212
0.161019894 :(1 [ 2 [ 3 ] , 4 [ 5 ] ],1 [ 3 , 4 [ 2 ] , 5 ]) 1.09178212
0.181717713 :(1 [ 2 [ 3 ] , 4 [ 5 ] ],1 [ 3 , 4 [ 2 , 5 ] ]) 1.09178212
0.158447461 :(1 [ 2 [ 3 ] , 4 [ 5 ] ],1 [ 4 [ 2 , 3 , 5 ] ]) 1.09178212
0.159580242 :(1 [ 2 [ 3 ] , 4 [ 5 ] ],1 [ 4 [ 2 , 3 ] , 5 ]) 1.09178212
0.159635802 :(1 [ 2 [ 3 ] , 4 [ 5 ] ],1 [ 3 [ 4 [ 2 ] ] , 5 ]) 1.09178212
0.160482789 :(1 [ 2 [ 3 ] , 4 [ 5 ] ],1 [ 5 [ 2 [ 4 [ 3 ] ] ] ]) 1.09178212
0.179728183 :(1 [ 2 [ 3 ] , 4 [ 5 ] ],1 [ 5 [ 3 [ 4 [ 2 ] ] ] ]) 1.09178212
0.163373649 :(1 [ 2 [ 3 ] , 4 [ 5 ] ],1 [ 5 [ 4 [ 2 , 3 ] ] ]) 1.09178212
0.162597408 :(1 [ 2 [ 3 ] , 4 [ 5 ] ],1 [ 3 [ 4 [ 2 , 5 ] ] ]) 1.09178212
0.186563831 :(1 [ 2 [ 3 ] , 4 [ 5 ] ],1 [ 3 [ 4 [ 2 [ 5 ] ] ] ]) 1.09178212
0.163491422 :(1 [ 2 [ 3 ] , 4 [ 5 ] ],1 [ 3 [ 4 [ 2 ] , 5 ] ]) 1.09178212
0.162758494 :(1 [ 2 [ 3 ] , 4 [ 5 ] ],1 [ 3 [ 5 [ 2 [ 4 ] ] ] ]) 1.09178212
0.166731905 :(1 [ 2 [ 3 ] , 4 [ 5 ] ],1 [ 3 [ 5 [ 4 [ 2 ] ] ] ]) 1.09178212
0.163958196 :(1 [ 2 [ 3 ] , 4 [ 5 ] ],1 [ 3 , 5 [ 4 [ 2 ] ] ]) 1.09178212
0.180846259 :(1 [ 2 [ 3 ] , 4 [ 5 ] ],1 [ 3 , 5 [ 2 [ 4 ] ] ]) 1.09178212
0.165469682 :(1 [ 2 [ 3 ] , 4 [ 5 ] ],1 [ 5 [ 2 [ 4 ] , 3 ] ]) 1.09178212
0.186398602 :(1 [ 2 [ 3 ] , 4 [ 5 ] ],1 [ 5 [ 3 , 4 [ 2 ] ] ]) 1.09178212
28.895070692 :(1 [ 2 [ 3 ] , 4 [ 5 ] ],1 [ 5 [ 2 , 3 , 4 ] ]) 1.09178212
0.194067751 :(1 [ 2 [ 3 ] , 4 [ 5 ] ],1 [ 5 [ 2 , 3 [ 4 ] ] ]) 1.09178212
0.165986845 :(1 [ 2 [ 3 ] , 4 [ 5 ] ],1 [ 3 [ 4 ] , 5 [ 2 ] ]) 1.09178212
1.842181954 :(1 [ 2 [ 3 ] , 4 [ 5 ] ],1 [ 5 [ 2 , 4 [ 3 ] ] ]) 1.09178212
29.603994002 :(1 [ 2 [ 3 ] , 4 [ 5 ] ],1 [ 3 , 5 [ 2 , 4 ] ]) 1.09178212
0.172544531 :(1 [ 2 [ 3 ] , 4 [ 5 ] ],1 [ 3 [ 4 [ 5 [ 2 ] ] ] ]) 1.09178212
0.171228014 :(1 [ 2 [ 3 ] , 4 [ 5 ] ],1 [ 3 [ 5 [ 2 , 4 ] ] ]) 1.09178212
0.200934596 :(1 [ 2 [ 3 ] , 4 [ 5 ] ],1 [ 3 [ 4 , 5 [ 2 ] ] ]) 1.09178212
0.16049497 :(1 [ 2 [ 3 , 4 ] , 5 ],1 [ 2 [ 3 ] , 4 , 5 ]) 1.09178212
0.15954762 :(1 [ 2 [ 3 , 4 ] , 5 ],1 [ 2 [ 3 , 4 ] , 5 ]) 1.09178212
0.157420912 :(1 [ 2 [ 3 , 4 ] , 5 ],1 [ 2 [ 3 [ 4 ] ] , 5 ]) 1.09178212
0.160448729 :(1 [ 2 [ 3 , 4 ] , 5 ],1 [ 2 [ 3 ] , 5 [ 4 ] ]) 1.09178212
4.341341122 :(1 [ 2 [ 3 , 4 ] , 5 ],1 [ 2 , 3 , 5 [ 4 ] ]) 1.09178212
4.095910373 :(1 [ 2 [ 3 , 4 ] , 5 ],1 [ 2 , 3 , 5 [ 4 ] ]) 1.09278212
4.491067531 :(1 [ 2 [ 3 , 4 ] , 5 ],1 [ 2 , 5 [ 4 [ 3 ] ] ]) 1.09178212
3.139562235 :(1 [ 2 [ 3 , 4 ] , 5 ],1 [ 2 , 5 [ 3 , 4 ] ]) 1.09178212
5.631387507 :(1 [ 2 [ 3 , 4 ] , 5 ],1 [ 2 , 5 [ 3 , 4 ] ]) 1.09278212
4.280382241 :(1 [ 2 [ 3 , 4 ] , 5 ],1 [ 2 , 4 , 5 [ 3 ] ]) 1.09178212
5.598797678 :(1 [ 2 [ 3 , 4 ] , 5 ],1 [ 2 , 4 , 5 [ 3 ] ]) 1.09278212
0.159431987 :(1 [ 2 [ 3 , 4 ] , 5 ],1 [ 2 [ 4 ] , 5 [ 3 ] ]) 1.09178212
9.77238899 :(1 [ 2 [ 3 , 4 ] , 5 ],1 [ 2 , 5 [ 3 [ 4 ] ] ]) 1.09178212
12.242860212 :(1 [ 2 [ 3 , 4 ] , 5 ],1 [ 2 , 3 [ 4 ] , 5 ]) 1.09178212
3.992423798 :(1 [ 2 [ 3 , 4 ] , 5 ],1 [ 2 , 4 [ 3 ] , 5 ]) 1.09178212
0.157802934 :(1 [ 2 [ 3 , 4 ] , 5 ],1 [ 2 [ 4 [ 3 ] ] , 5 ]) 1.09178212
0.172689762 :(1 [ 2 [ 3 , 4 ] , 5 ],1 [ 2 [ 4 ] , 3 , 5 ]) 1.09178212
4.1723268 :(1 [ 2 [ 3 , 4 ] , 5 ],1 [ 2 , 3 , 4 , 5 ]) 1.09178212
2.761245222 :(1 [ 2 [ 3 , 4 ] , 5 ],1 [ 2 , 3 , 4 , 5 ]) 1.09278212
0.176692486 :(1 [ 2 [ 3 , 4 ] , 5 ],1 [ 2 [ 5 ] , 3 , 4 ]) 1.09178212
0.163935937 :(1 [ 2 [ 3 , 4 ] , 5 ],1 [ 2 , 3 [ 5 ] , 4 ]) 1.09178212
0.159109102 :(1 [ 2 [ 3 , 4 ] , 5 ],1 [ 2 , 3 , 4 [ 5 ] ]) 1.09178212
0.155783998 :(1 [ 2 [ 3 , 4 ] , 5 ],1 [ 2 [ 4 [ 5 ] ] , 3 ]) 1.09178212
0.156105986 :(1 [ 2 [ 3 , 4 ] , 5 ],1 [ 2 [ 5 [ 4 ] ] , 3 ]) 1.09178212
0.16137277 :(1 [ 2 [ 3 , 4 ] , 5 ],1 [ 2 , 3 [ 4 [ 5 ] ] ]) 1.09178212
0.157574215 :(1 [ 2 [ 3 , 4 ] , 5 ],1 [ 2 , 3 [ 5 [ 4 ] ] ]) 1.09178212
0.1646668 :(1 [ 2 [ 3 , 4 ] , 5 ],1 [ 2 [ 4 ] , 3 [ 5 ] ]) 1.09178212
0.157306285 :(1 [ 2 [ 3 , 4 ] , 5 ],1 [ 2 , 3 [ 4 , 5 ] ]) 1.09178212
0.157801125 :(1 [ 2 [ 3 , 4 ] , 5 ],1 [ 2 [ 5 ] , 3 [ 4 ] ]) 1.09178212
0.167061217 :(1 [ 2 [ 3 , 4 ] , 5 ],1 [ 2 [ 4 , 5 ] , 3 ]) 1.09178212
0.154721843 :(1 [ 2 [ 3 , 4 ] , 5 ],1 [ 2 [ 3 , 4 , 5 ] ]) 1.09178212
0.184236086 :(1 [ 2 [ 3 , 4 ] , 5 ],1 [ 2 [ 4 [ 3 ] , 5 ] ]) 1.09178212
0.155858765 :(1 [ 2 [ 3 , 4 ] , 5 ],1 [ 2 [ 4 , 5 [ 3 ] ] ]) 1.09178212
0.158945729 :(1 [ 2 [ 3 , 4 ] , 5 ],1 [ 2 [ 5 [ 3 ] ] , 4 ]) 1.09178212
0.159357622 :(1 [ 2 [ 3 , 4 ] , 5 ],1 [ 2 [ 5 [ 3 [ 4 ] ] ] ]) 1.09178212
0.162881146 :(1 [ 2 [ 3 , 4 ] , 5 ],1 [ 2 [ 5 [ 3 , 4 ] ] ]) 1.09178212
0.155718907 :(1 [ 2 [ 3 , 4 ] , 5 ],1 [ 2 [ 3 , 5 [ 4 ] ] ]) 1.09178212
0.15905315 :(1 [ 2 [ 3 , 4 ] , 5 ],1 [ 2 [ 5 [ 4 [ 3 ] ] ] ]) 1.09178212
0.162601773 :(1 [ 2 [ 3 , 4 ] , 5 ],1 [ 2 [ 5 ] , 4 [ 3 ] ]) 1.09178212
0.164932945 :(1 [ 2 [ 3 , 4 ] , 5 ],1 [ 2 [ 3 [ 4 ] , 5 ] ]) 1.09178212
0.162070044 :(1 [ 2 [ 3 , 4 ] , 5 ],1 [ 2 [ 3 , 5 ] , 4 ]) 1.09178212
0.158303081 :(1 [ 2 [ 3 , 4 ] , 5 ],1 [ 2 [ 3 [ 5 ] ] , 4 ]) 1.09178212
0.152269039 :(1 [ 2 [ 3 , 4 ] , 5 ],1 [ 2 [ 3 ] , 4 [ 5 ] ]) 1.09178212
0.15809678 :(1 [ 2 [ 3 , 4 ] , 5 ],1 [ 2 [ 3 , 4 [ 5 ] ] ]) 1.09178212
0.16199893 :(1 [ 2 [ 3 , 4 ] , 5 ],1 [ 2 [ 3 [ 4 [ 5 ] ] ] ]) 1.09178212
0.160914261 :(1 [ 2 [ 3 , 4 ] , 5 ],1 [ 2 [ 3 [ 5 [ 4 ] ] ] ]) 1.09178212
0.154843567 :(1 [ 2 [ 3 , 4 ] , 5 ],1 [ 2 [ 3 [ 5 ] , 4 ] ]) 1.09178212
0.165599707 :(1 [ 2 [ 3 , 4 ] , 5 ],1 [ 2 [ 3 [ 4 , 5 ] ] ]) 1.09178212
0.170345857 :(1 [ 2 [ 3 , 4 ] , 5 ],1 [ 2 , 4 [ 3 [ 5 ] ] ]) 1.09178212
0.162131402 :(1 [ 2 [ 3 , 4 ] , 5 ],1 [ 2 [ 4 [ 3 [ 5 ] ] ] ]) 1.09178212
0.167307127 :(1 [ 2 [ 3 , 4 ] , 5 ],1 [ 2 [ 4 [ 5 [ 3 ] ] ] ]) 1.09178212
0.171297957 :(1 [ 2 [ 3 , 4 ] , 5 ],1 [ 2 , 4 [ 5 [ 3 ] ] ]) 1.09178212
0.172708511 :(1 [ 2 [ 3 , 4 ] , 5 ],1 [ 2 , 4 [ 3 , 5 ] ]) 1.09178212
0.158130571 :(1 [ 2 [ 3 , 4 ] , 5 ],1 [ 2 [ 4 [ 3 , 5 ] ] ]) 1.09178212
0.185318563 :(1 [ 2 [ 3 , 4 ] , 5 ],1 [ 3 [ 4 [ 2 , 5 ] ] ]) 1.09178212
0.155065215 :(1 [ 2 [ 3 , 4 ] , 5 ],1 [ 4 [ 2 , 3 , 5 ] ]) 1.09178212
6.660149432 :(1 [ 2 [ 3 , 4 ] , 5 ],1 [ 5 [ 4 [ 2 , 3 ] ] ]) 1.09178212
2.258186116 :(1 [ 2 [ 3 , 4 ] , 5 ],1 [ 5 [ 4 [ 3 [ 2 ] ] ] ]) 1.09178212
0.785255274 :(1 [ 2 [ 3 , 4 ] , 5 ],1 [ 5 [ 2 , 4 [ 3 ] ] ]) 1.09178212
0.163341278 :(1 [ 2 [ 3 , 4 ] , 5 ],1 [ 3 [ 4 [ 5 [ 2 ] ] ] ]) 1.09178212
0.164790123 :(1 [ 2 [ 3 , 4 ] , 5 ],1 [ 4 [ 3 , 5 [ 2 ] ] ]) 1.09178212
0.165258416 :(1 [ 2 [ 3 , 4 ] , 5 ],1 [ 4 [ 3 [ 2 ] , 5 ] ]) 1.09178212
0.160611323 :(1 [ 2 [ 3 , 4 ] , 5 ],1 [ 3 [ 2 , 4 [ 5 ] ] ]) 1.09178212
0.190205144 :(1 [ 2 [ 3 , 4 ] , 5 ],1 [ 3 [ 2 ] , 4 [ 5 ] ]) 1.09178212
4.474956696 :(1 [ 2 [ 3 , 4 ] , 5 ],1 [ 3 [ 2 ] , 5 [ 4 ] ]) 1.09178212
0.159888007 :(1 [ 2 [ 3 , 4 ] , 5 ],1 [ 3 [ 2 [ 4 [ 5 ] ] ] ]) 1.09178212
0.166410961 :(1 [ 2 [ 3 , 4 ] , 5 ],1 [ 3 [ 2 [ 5 [ 4 ] ] ] ]) 1.09178212
0.173920694 :(1 [ 2 [ 3 , 4 ] , 5 ],1 [ 3 [ 2 , 5 [ 4 ] ] ]) 1.09178212
0.159586191 :(1 [ 2 [ 3 , 4 ] , 5 ],1 [ 4 [ 5 [ 3 [ 2 ] ] ] ]) 1.09178212
12.497703937 :(1 [ 2 [ 3 , 4 ] , 5 ],1 [ 5 [ 3 [ 2 ] , 4 ] ]) 1.09178212
3.228845284 :(1 [ 2 [ 3 , 4 ] , 5 ],1 [ 5 [ 4 [ 2 [ 3 ] ] ] ]) 1.09178212
14.636054313 :(1 [ 2 [ 3 , 4 ] , 5 ],1 [ 5 [ 2 [ 3 ] , 4 ] ]) 1.09178212
0.16691246 :(1 [ 2 [ 3 , 4 ] , 5 ],1 [ 4 [ 5 [ 2 [ 3 ] ] ] ]) 1.09178212
0.15733033 :(1 [ 2 [ 3 , 4 ] , 5 ],1 [ 4 [ 2 [ 3 ] , 5 ] ]) 1.09178212
0.157106882 :(1 [ 2 [ 3 , 4 ] , 5 ],1 [ 3 , 4 [ 2 , 5 ] ]) 1.09178212
0.160494064 :(1 [ 2 [ 3 , 4 ] , 5 ],1 [ 4 [ 2 , 5 [ 3 ] ] ]) 1.09178212
0.167503016 :(1 [ 2 [ 3 , 4 ] , 5 ],1 [ 4 [ 5 [ 2 , 3 ] ] ]) 1.09178212
0.159879534 :(1 [ 2 [ 3 , 4 ] , 5 ],1 [ 3 , 4 [ 5 [ 2 ] ] ]) 1.09178212
4.437569684 :(1 [ 2 [ 3 , 4 ] , 5 ],1 [ 3 , 5 [ 2 , 4 ] ]) 1.09178212
0.716626893 :(1 [ 2 [ 3 , 4 ] , 5 ],1 [ 3 , 5 [ 2 , 4 ] ]) 1.09278212
0.16621662 :(1 [ 2 [ 3 , 4 ] , 5 ],1 [ 3 [ 5 [ 2 , 4 ] ] ]) 1.09178212
6.038009805 :(1 [ 2 [ 3 , 4 ] , 5 ],1 [ 5 [ 2 , 3 , 4 ] ]) 1.09178212
1.194641374 :(1 [ 2 [ 3 , 4 ] , 5 ],1 [ 5 [ 2 , 3 , 4 ] ]) 1.09278212
18.306886687 :(1 [ 2 [ 3 , 4 ] , 5 ],1 [ 5 [ 3 , 4 [ 2 ] ] ]) 1.09178212
0.159546703 :(1 [ 2 [ 3 , 4 ] , 5 ],1 [ 3 [ 5 [ 4 [ 2 ] ] ] ]) 1.09178212
6.704158853 :(1 [ 2 [ 3 , 4 ] , 5 ],1 [ 3 , 5 [ 4 [ 2 ] ] ]) 1.09178212
16.039610004 :(1 [ 2 [ 3 , 4 ] , 5 ],1 [ 3 , 4 [ 2 ] , 5 ]) 1.09178212
7.676500041 :(1 [ 2 [ 3 , 4 ] , 5 ],1 [ 3 [ 2 [ 4 ] ] , 5 ]) 1.09178212
13.680677982 :(1 [ 2 [ 3 , 4 ] , 5 ],1 [ 3 , 5 [ 2 [ 4 ] ] ]) 1.09178212
13.423160124 :(1 [ 2 [ 3 , 4 ] , 5 ],1 [ 3 [ 4 [ 2 ] ] , 5 ]) 1.09178212
0.163356331 :(1 [ 2 [ 3 , 4 ] , 5 ],1 [ 3 [ 4 [ 2 [ 5 ] ] ] ]) 1.09178212
0.161079506 :(1 [ 2 [ 3 , 4 ] , 5 ],1 [ 3 [ 4 [ 2 ] , 5 ] ]) 1.09178212
0.162558376 :(1 [ 2 [ 3 , 4 ] , 5 ],1 [ 3 [ 5 ] , 4 [ 2 ] ]) 1.09178212
0.159973426 :(1 [ 2 [ 3 , 4 ] , 5 ],1 [ 3 [ 2 [ 4 ] , 5 ] ]) 1.09178212
0.16378495 :(1 [ 2 [ 3 , 4 ] , 5 ],1 [ 3 [ 5 [ 2 [ 4 ] ] ] ]) 1.09178212
0.166256984 :(1 [ 2 [ 3 , 4 ] , 5 ],1 [ 3 , 4 [ 2 [ 5 ] ] ]) 1.09178212
0.159831713 :(1 [ 2 [ 3 , 4 ] , 5 ],1 [ 3 [ 2 [ 4 , 5 ] ] ]) 1.09178212
0.157919135 :(1 [ 2 [ 3 , 4 ] , 5 ],1 [ 4 [ 2 [ 3 , 5 ] ] ]) 1.09178212
4.373172425 :(1 [ 2 [ 3 , 4 ] , 5 ],1 [ 5 [ 2 [ 3 , 4 ] ] ]) 1.09178212
1.108893703 :(1 [ 2 [ 3 , 4 ] , 5 ],1 [ 5 [ 2 [ 4 [ 3 ] ] ] ]) 1.09178212
14.411636384 :(1 [ 2 [ 3 , 4 ] , 5 ],1 [ 5 [ 2 [ 4 ] , 3 ] ]) 1.09178212
0.162619817 :(1 [ 2 [ 3 , 4 ] , 5 ],1 [ 4 [ 2 [ 5 [ 3 ] ] ] ]) 1.09178212
0.160618655 :(1 [ 2 [ 3 , 4 ] , 5 ],1 [ 4 [ 2 [ 5 ] , 3 ] ]) 1.09178212
7.442250679 :(1 [ 2 [ 3 , 4 ] , 5 ],1 [ 4 [ 2 , 3 ] , 5 ]) 1.09178212
0.166031871 :(1 [ 2 [ 3 , 4 ] , 5 ],1 [ 4 [ 2 , 3 [ 5 ] ] ]) 1.09178212
10.880295608 :(1 [ 2 [ 3 , 4 ] , 5 ],1 [ 4 [ 2 ] , 5 [ 3 ] ]) 1.09178212
0.158942504 :(1 [ 2 [ 3 , 4 ] , 5 ],1 [ 4 [ 2 [ 3 [ 5 ] ] ] ]) 1.09178212
19.132013302 :(1 [ 2 [ 3 , 4 ] , 5 ],1 [ 4 [ 2 [ 3 ] ] , 5 ]) 1.09178212
5.098608998 :(1 [ 2 [ 3 , 4 ] , 5 ],1 [ 5 [ 3 [ 2 [ 4 ] ] ] ]) 1.09178212
5.333439524 :(1 [ 2 [ 3 , 4 ] , 5 ],1 [ 5 [ 3 [ 4 [ 2 ] ] ] ]) 1.09178212
6.010788578 :(1 [ 2 [ 3 , 4 ] , 5 ],1 [ 5 [ 3 [ 2 , 4 ] ] ]) 1.09178212
0.638475363 :(1 [ 2 [ 3 , 4 ] , 5 ],1 [ 5 [ 2 , 3 [ 4 ] ] ]) 1.09178212
3.660281798 :(1 [ 2 [ 3 , 4 ] , 5 ],1 [ 4 , 5 [ 2 , 3 ] ]) 1.09178212
6.451026375 :(1 [ 2 [ 3 , 4 ] , 5 ],1 [ 4 , 5 [ 2 , 3 ] ]) 1.09278212
6.118332117 :(1 [ 2 [ 3 , 4 ] , 5 ],1 [ 4 , 5 [ 3 [ 2 ] ] ]) 1.09178212
9.903305171 :(1 [ 2 [ 3 , 4 ] , 5 ],1 [ 3 [ 2 ] , 4 , 5 ]) 1.09178212
7.271953952 :(1 [ 2 [ 3 , 4 ] , 5 ],1 [ 4 , 5 [ 2 [ 3 ] ] ]) 1.09178212
21.656006968 :(1 [ 2 [ 3 , 4 ] , 5 ],1 [ 4 [ 3 [ 2 ] ] , 5 ]) 1.09178212
0.628626323 :(1 [ 2 [ 3 , 4 ] , 5 ],1 [ 4 [ 3 ] , 5 [ 2 ] ]) 1.09178212
3.126393385 :(1 [ 2 [ 3 , 4 ] , 5 ],1 [ 3 , 4 , 5 [ 2 ] ]) 1.09178212
1.199082156 :(1 [ 2 [ 3 , 4 ] , 5 ],1 [ 3 , 4 , 5 [ 2 ] ]) 1.09278212
1.382132425 :(1 [ 2 [ 3 , 4 ] , 5 ],1 [ 3 [ 4 ] , 5 [ 2 ] ]) 1.09178212
0.992218504 :(1 [ 2 [ 3 , 4 ] , 5 ],1 [ 5 [ 2 [ 3 [ 4 ] ] ] ]) 1.09178212
7.582444628 :(1 [ 2 [ 3 , 4 ] , 5 ],1 [ 3 [ 2 , 4 ] , 5 ]) 1.09178212
0.158595855 :(1 [ 2 [ 3 , 4 ] , 5 ],1 [ 3 [ 2 [ 5 ] , 4 ] ]) 1.09178212
0.159608578 :(1 [ 2 [ 3 , 4 ] , 5 ],1 [ 3 [ 2 , 4 , 5 ] ]) 1.09178212
0.163113995 :(1 [ 2 [ 3 , 4 ] , 5 ],1 [ 4 [ 3 [ 2 , 5 ] ] ]) 1.09178212
0.163410664 :(1 [ 2 [ 3 , 4 ] , 5 ],1 [ 4 [ 3 [ 2 [ 5 ] ] ] ]) 1.09178212
0.177851058 :(1 [ 2 [ 3 , 4 ] , 5 ],1 [ 4 [ 3 [ 5 [ 2 ] ] ] ]) 1.09178212
0.158902894 :(1 [ 2 [ 3 , 4 ] , 5 ],1 [ 3 [ 4 , 5 [ 2 ] ] ]) 1.09178212
0.159084822 :(1 [ 2 [ 3 , 4 ] , 5 ],1 [ 3 [ 5 [ 2 ] ] , 4 ]) 1.09178212
0.180398373 :(1 [ 2 [ 3 , 4 ] , 5 ],1 [ 3 [ 2 [ 5 ] ] , 4 ]) 1.09178212
0.158853469 :(1 [ 2 [ 3 , 4 ] , 5 ],1 [ 3 [ 2 , 5 ] , 4 ]) 1.09178212
0.160255631 :(1 [ 2 [ 3 , 4 , 5 ] ],1 [ 2 [ 3 , 4 ] , 5 ]) 1.09178212
0.136736723 :(1 [ 2 [ 3 , 4 , 5 ] ],1 [ 2 [ 3 , 4 , 5 ] ]) 1.09178212
0.156487082 :(1 [ 2 [ 3 , 4 , 5 ] ],1 [ 2 [ 3 [ 5 ] , 4 ] ]) 1.09178212
0.156380753 :(1 [ 2 [ 3 , 4 , 5 ] ],1 [ 2 [ 3 , 4 [ 5 ] ] ]) 1.09178212
0.159401591 :(1 [ 2 [ 3 , 4 , 5 ] ],1 [ 2 [ 3 ] , 4 [ 5 ] ]) 1.09178212
0.179646232 :(1 [ 2 [ 3 , 4 , 5 ] ],1 [ 2 [ 3 ] , 5 [ 4 ] ]) 1.09178212
0.15506044 :(1 [ 2 [ 3 , 4 , 5 ] ],1 [ 2 [ 3 , 5 [ 4 ] ] ]) 1.09178212
0.156348825 :(1 [ 2 [ 3 , 4 , 5 ] ],1 [ 2 [ 3 [ 4 [ 5 ] ] ] ]) 1.09178212
0.157694262 :(1 [ 2 [ 3 , 4 , 5 ] ],1 [ 2 [ 3 [ 5 [ 4 ] ] ] ]) 1.09178212
0.155616596 :(1 [ 2 [ 3 , 4 , 5 ] ],1 [ 2 [ 3 [ 5 ] ] , 4 ]) 1.09178212
0.15841955 :(1 [ 2 [ 3 , 4 , 5 ] ],1 [ 2 [ 3 [ 4 , 5 ] ] ]) 1.09178212
0.158966183 :(1 [ 2 [ 3 , 4 , 5 ] ],1 [ 2 [ 3 [ 4 ] ] , 5 ]) 1.09178212
0.157683463 :(1 [ 2 [ 3 , 4 , 5 ] ],1 [ 2 [ 3 [ 4 ] , 5 ] ]) 1.09178212
0.153667806 :(1 [ 2 [ 3 , 4 , 5 ] ],1 [ 2 [ 3 , 5 ] , 4 ]) 1.09178212
0.158168155 :(1 [ 2 [ 3 , 4 , 5 ] ],1 [ 2 [ 3 ] , 4 , 5 ]) 1.09178212
12.611657562 :(1 [ 2 [ 3 , 4 , 5 ] ],1 [ 2 , 3 , 4 , 5 ]) 1.09178212
3.286370915 :(1 [ 2 [ 3 , 4 , 5 ] ],1 [ 2 , 4 [ 3 ] , 5 ]) 1.09178212
13.443234893 :(1 [ 2 [ 3 , 4 , 5 ] ],1 [ 2 , 4 , 5 [ 3 ] ]) 1.09178212
11.998943807 :(1 [ 2 [ 3 , 4 , 5 ] ],1 [ 2 , 3 [ 5 ] , 4 ]) 1.09178212
0.162891133 :(1 [ 2 [ 3 , 4 , 5 ] ],1 [ 2 [ 5 [ 3 ] ] , 4 ]) 1.09178212
3.091193913 :(1 [ 2 [ 3 , 4 , 5 ] ],1 [ 2 , 4 [ 3 [ 5 ] ] ]) 1.09178212
2.50554392 :(1 [ 2 [ 3 , 4 , 5 ] ],1 [ 2 , 4 [ 5 [ 3 ] ] ]) 1.09178212
1.945203048 :(1 [ 2 [ 3 , 4 , 5 ] ],1 [ 2 , 3 , 4 [ 5 ] ]) 1.09178212
6.050471999 :(1 [ 2 [ 3 , 4 , 5 ] ],1 [ 2 , 4 [ 3 , 5 ] ]) 1.09178212
0.159273361 :(1 [ 2 [ 3 , 4 , 5 ] ],1 [ 2 [ 5 ] , 4 [ 3 ] ]) 1.09178212
0.162734067 :(1 [ 2 [ 3 , 4 , 5 ] ],1 [ 2 [ 5 ] , 3 , 4 ]) 1.09178212
0.155033072 :(1 [ 2 [ 3 , 4 , 5 ] ],1 [ 2 [ 4 , 5 ] , 3 ]) 1.09178212
0.161120388 :(1 [ 2 [ 3 , 4 , 5 ] ],1 [ 2 [ 5 ] , 3 [ 4 ] ]) 1.09178212
0.16101624 :(1 [ 2 [ 3 , 4 , 5 ] ],1 [ 2 [ 5 [ 4 ] ] , 3 ]) 1.09178212
0.156690303 :(1 [ 2 [ 3 , 4 , 5 ] ],1 [ 2 [ 5 [ 4 [ 3 ] ] ] ]) 1.09178212
0.161211541 :(1 [ 2 [ 3 , 4 , 5 ] ],1 [ 2 [ 5 [ 3 , 4 ] ] ]) 1.09178212
0.158206495 :(1 [ 2 [ 3 , 4 , 5 ] ],1 [ 2 [ 4 , 5 [ 3 ] ] ]) 1.09178212
0.158180888 :(1 [ 2 [ 3 , 4 , 5 ] ],1 [ 2 [ 5 [ 3 [ 4 ] ] ] ]) 1.09178212
0.156797356 :(1 [ 2 [ 3 , 4 , 5 ] ],1 [ 2 [ 4 [ 3 ] , 5 ] ]) 1.09178212
0.163174072 :(1 [ 2 [ 3 , 4 , 5 ] ],1 [ 2 [ 4 [ 3 ] ] , 5 ]) 1.09178212
0.159258062 :(1 [ 2 [ 3 , 4 , 5 ] ],1 [ 2 [ 4 [ 3 [ 5 ] ] ] ]) 1.09178212
0.157572996 :(1 [ 2 [ 3 , 4 , 5 ] ],1 [ 2 [ 4 [ 3 , 5 ] ] ]) 1.09178212
1.237528611 :(1 [ 2 [ 3 , 4 , 5 ] ],1 [ 2 , 3 [ 4 [ 5 ] ] ]) 1.09178212
2.185355789 :(1 [ 2 [ 3 , 4 , 5 ] ],1 [ 2 , 5 [ 4 [ 3 ] ] ]) 1.09178212
4.784986204 :(1 [ 2 [ 3 , 4 , 5 ] ],1 [ 2 , 3 [ 4 ] , 5 ]) 1.09178212
8.528247198 :(1 [ 2 [ 3 , 4 , 5 ] ],1 [ 2 , 5 [ 3 [ 4 ] ] ]) 1.09178212
4.815833897 :(1 [ 2 [ 3 , 4 , 5 ] ],1 [ 2 , 3 [ 4 , 5 ] ]) 1.09178212
0.161439265 :(1 [ 2 [ 3 , 4 , 5 ] ],1 [ 2 [ 4 ] , 3 [ 5 ] ]) 1.09178212
2.822507288 :(1 [ 2 [ 3 , 4 , 5 ] ],1 [ 2 , 3 [ 5 [ 4 ] ] ]) 1.09178212
2.070100652 :(1 [ 2 [ 3 , 4 , 5 ] ],1 [ 2 , 5 [ 3 , 4 ] ]) 1.09178212
0.159513866 :(1 [ 2 [ 3 , 4 , 5 ] ],1 [ 2 [ 4 [ 5 [ 3 ] ] ] ]) 1.09178212
0.157538854 :(1 [ 2 [ 3 , 4 , 5 ] ],1 [ 2 [ 4 ] , 5 [ 3 ] ]) 1.09178212
0.15916763 :(1 [ 2 [ 3 , 4 , 5 ] ],1 [ 2 [ 4 ] , 3 , 5 ]) 1.09178212
0.155201414 :(1 [ 2 [ 3 , 4 , 5 ] ],1 [ 2 [ 4 [ 5 ] ] , 3 ]) 1.09178212
13.22460751 :(1 [ 2 [ 3 , 4 , 5 ] ],1 [ 2 , 3 , 5 [ 4 ] ]) 1.09178212
6.610334369 :(1 [ 2 [ 3 , 4 , 5 ] ],1 [ 3 [ 2 ] , 5 [ 4 ] ]) 1.09178212
15.375006137 :(1 [ 2 [ 3 , 4 , 5 ] ],1 [ 3 , 5 [ 4 [ 2 ] ] ]) 1.09178212
33.151976987 :(1 [ 2 [ 3 , 4 , 5 ] ],1 [ 3 , 5 [ 2 , 4 ] ]) 1.09178212
12.318987645 :(1 [ 2 [ 3 , 4 , 5 ] ],1 [ 3 , 4 [ 5 [ 2 ] ] ]) 1.09178212
1.490346793 :(1 [ 2 [ 3 , 4 , 5 ] ],1 [ 3 [ 2 [ 5 [ 4 ] ] ] ]) 1.09178212
4.808422919 :(1 [ 2 [ 3 , 4 , 5 ] ],1 [ 3 [ 4 [ 5 [ 2 ] ] ] ]) 1.09178212
4.168012883 :(1 [ 2 [ 3 , 4 , 5 ] ],1 [ 3 [ 5 [ 2 , 4 ] ] ]) 1.09178212
18.472789675 :(1 [ 2 [ 3 , 4 , 5 ] ],1 [ 3 [ 2 , 5 [ 4 ] ] ]) 1.09178212
8.324674887 :(1 [ 2 [ 3 , 4 , 5 ] ],1 [ 3 [ 5 [ 4 [ 2 ] ] ] ]) 1.09178212
11.170880525 :(1 [ 2 [ 3 , 4 , 5 ] ],1 [ 3 , 4 [ 2 , 5 ] ]) 1.09178212
0.706383811 :(1 [ 2 [ 3 , 4 , 5 ] ],1 [ 3 [ 2 [ 4 [ 5 ] ] ] ]) 1.09178212
6.233550274 :(1 [ 2 [ 3 , 4 , 5 ] ],1 [ 3 [ 4 [ 2 , 5 ] ] ]) 1.09178212
17.787416905 :(1 [ 2 [ 3 , 4 , 5 ] ],1 [ 3 [ 2 , 4 [ 5 ] ] ]) 1.09178212
38.102350758 :(1 [ 2 [ 3 , 4 , 5 ] ],1 [ 3 [ 2 ] , 4 [ 5 ] ]) 1.09178212
27.840408788 :(1 [ 2 [ 3 , 4 , 5 ] ],1 [ 3 [ 2 ] , 4 , 5 ]) 1.09178212
16.913837169 :(1 [ 2 [ 3 , 4 , 5 ] ],1 [ 3 [ 2 [ 5 ] ] , 4 ]) 1.09178212
24.688020389 :(1 [ 2 [ 3 , 4 , 5 ] ],1 [ 3 [ 2 , 5 ] , 4 ]) 1.09178212
18.209935608 :(1 [ 2 [ 3 , 4 , 5 ] ],1 [ 3 [ 2 [ 4 ] , 5 ] ]) 1.09178212
27.514669601 :(1 [ 2 [ 3 , 4 , 5 ] ],1 [ 3 [ 2 , 4 , 5 ] ]) 1.09178212
20.367497824 :(1 [ 2 [ 3 , 4 , 5 ] ],1 [ 3 [ 2 , 4 ] , 5 ]) 1.09178212
20.017469458 :(1 [ 2 [ 3 , 4 , 5 ] ],1 [ 3 [ 2 [ 5 ] , 4 ] ]) 1.09178212
1.348415767 :(1 [ 2 [ 3 , 4 , 5 ] ],1 [ 3 [ 2 [ 4 , 5 ] ] ]) 1.09178212
13.739573285 :(1 [ 2 [ 3 , 4 , 5 ] ],1 [ 3 [ 2 [ 4 ] ] , 5 ]) 1.09178212
21.749360125 :(1 [ 2 [ 3 , 4 , 5 ] ],1 [ 3 , 4 [ 2 ] , 5 ]) 1.09178212
21.482071862 :(1 [ 2 [ 3 , 4 , 5 ] ],1 [ 3 , 5 [ 2 [ 4 ] ] ]) 1.09178212
22.95114923 :(1 [ 2 [ 3 , 4 , 5 ] ],1 [ 3 [ 4 [ 2 ] ] , 5 ]) 1.09178212
3.320855162 :(1 [ 2 [ 3 , 4 , 5 ] ],1 [ 3 [ 4 [ 2 [ 5 ] ] ] ]) 1.09178212
17.54885823 :(1 [ 2 [ 3 , 4 , 5 ] ],1 [ 3 [ 4 [ 2 ] , 5 ] ]) 1.09178212
22.079030482 :(1 [ 2 [ 3 , 4 , 5 ] ],1 [ 3 [ 5 ] , 4 [ 2 ] ]) 1.09178212
10.418681244 :(1 [ 2 [ 3 , 4 , 5 ] ],1 [ 3 [ 5 [ 2 [ 4 ] ] ] ]) 1.09178212
11.933372651 :(1 [ 2 [ 3 , 4 , 5 ] ],1 [ 3 , 4 [ 2 [ 5 ] ] ]) 1.09178212
8.029421464 :(1 [ 2 [ 3 , 4 , 5 ] ],1 [ 3 , 4 , 5 [ 2 ] ]) 1.09178212
40.46460622 :(1 [ 2 [ 3 , 4 , 5 ] ],1 [ 3 [ 5 [ 2 ] ] , 4 ]) 1.09178212
24.205347701 :(1 [ 2 [ 3 , 4 , 5 ] ],1 [ 3 [ 4 , 5 [ 2 ] ] ]) 1.09178212
7.93248208 :(1 [ 2 [ 3 , 4 , 5 ] ],1 [ 3 [ 4 ] , 5 [ 2 ] ]) 1.09178212
20.717781956 :(1 [ 2 [ 3 , 4 , 5 ] ],1 [ 4 [ 3 ] , 5 [ 2 ] ]) 1.09178212
1.599404527 :(1 [ 2 [ 3 , 4 , 5 ] ],1 [ 5 [ 2 [ 3 [ 4 ] ] ] ]) 1.09178212
0.888785797 :(1 [ 2 [ 3 , 4 , 5 ] ],1 [ 5 [ 2 [ 4 [ 3 ] ] ] ]) 1.09178212
11.929328236 :(1 [ 2 [ 3 , 4 , 5 ] ],1 [ 5 [ 2 , 3 [ 4 ] ] ]) 1.09178212
15.734728172 :(1 [ 2 [ 3 , 4 , 5 ] ],1 [ 5 [ 2 , 4 [ 3 ] ] ]) 1.09178212
12.994600054 :(1 [ 2 [ 3 , 4 , 5 ] ],1 [ 4 [ 3 , 5 [ 2 ] ] ]) 1.09178212
5.297158816 :(1 [ 2 [ 3 , 4 , 5 ] ],1 [ 4 [ 3 [ 2 [ 5 ] ] ] ]) 1.09178212
17.256014274 :(1 [ 2 [ 3 , 4 , 5 ] ],1 [ 4 [ 2 [ 5 ] , 3 ] ]) 1.09178212
2.104794949 :(1 [ 2 [ 3 , 4 , 5 ] ],1 [ 4 [ 3 [ 5 [ 2 ] ] ] ]) 1.09178212
32.693531721 :(1 [ 2 [ 3 , 4 , 5 ] ],1 [ 4 , 5 [ 2 , 3 ] ]) 1.09178212
2.106551955 :(1 [ 2 [ 3 , 4 , 5 ] ],1 [ 4 [ 2 [ 5 [ 3 ] ] ] ]) 1.09178212
3.763214031 :(1 [ 2 [ 3 , 4 , 5 ] ],1 [ 4 [ 5 [ 2 , 3 ] ] ]) 1.09178212
2.532632587 :(1 [ 2 [ 3 , 4 , 5 ] ],1 [ 4 [ 5 [ 2 [ 3 ] ] ] ]) 1.09178212
18.551806074 :(1 [ 2 [ 3 , 4 , 5 ] ],1 [ 4 , 5 [ 2 [ 3 ] ] ]) 1.09178212
2.480153483 :(1 [ 2 [ 3 , 4 , 5 ] ],1 [ 4 [ 2 [ 3 , 5 ] ] ]) 1.09178212
8.054101235 :(1 [ 2 [ 3 , 4 , 5 ] ],1 [ 5 [ 2 [ 3 , 4 ] ] ]) 1.09178212
15.593285252 :(1 [ 2 [ 3 , 4 , 5 ] ],1 [ 5 [ 2 [ 3 ] , 4 ] ]) 1.09178212
35.917353833 :(1 [ 2 [ 3 , 4 , 5 ] ],1 [ 5 [ 2 , 3 , 4 ] ]) 1.09178212
7.355801918 :(1 [ 2 [ 3 , 4 , 5 ] ],1 [ 5 [ 2 [ 4 ] , 3 ] ]) 1.09178212
25.309851791 :(1 [ 2 [ 3 , 4 , 5 ] ],1 [ 4 [ 2 ] , 5 [ 3 ] ]) 1.09178212
6.008265538 :(1 [ 2 [ 3 , 4 , 5 ] ],1 [ 5 [ 3 [ 2 [ 4 ] ] ] ]) 1.09178212
5.727340165 :(1 [ 2 [ 3 , 4 , 5 ] ],1 [ 5 [ 3 [ 4 [ 2 ] ] ] ]) 1.09178212
19.979313392 :(1 [ 2 [ 3 , 4 , 5 ] ],1 [ 5 [ 3 , 4 [ 2 ] ] ]) 1.09178212
34.325801566 :(1 [ 2 [ 3 , 4 , 5 ] ],1 [ 5 [ 3 [ 2 ] , 4 ] ]) 1.09178212
42.126459269 :(1 [ 2 [ 3 , 4 , 5 ] ],1 [ 4 , 5 [ 3 [ 2 ] ] ]) 1.09178212
1.407842712 :(1 [ 2 [ 3 , 4 , 5 ] ],1 [ 5 [ 3 [ 2 , 4 ] ] ]) 1.09178212
23.896302308 :(1 [ 2 [ 3 , 4 , 5 ] ],1 [ 4 [ 3 [ 2 ] ] , 5 ]) 1.09178212
3.362667451 :(1 [ 2 [ 3 , 4 , 5 ] ],1 [ 5 [ 4 [ 3 [ 2 ] ] ] ]) 1.09178212
4.802955546 :(1 [ 2 [ 3 , 4 , 5 ] ],1 [ 5 [ 4 [ 2 [ 3 ] ] ] ]) 1.09178212
11.704525124 :(1 [ 2 [ 3 , 4 , 5 ] ],1 [ 4 [ 2 [ 3 ] ] , 5 ]) 1.09178212
27.89841863 :(1 [ 2 [ 3 , 4 , 5 ] ],1 [ 4 [ 2 , 3 ] , 5 ]) 1.09178212
2.370035551 :(1 [ 2 [ 3 , 4 , 5 ] ],1 [ 5 [ 4 [ 2 , 3 ] ] ]) 1.09178212
35.248690557 :(1 [ 2 [ 3 , 4 , 5 ] ],1 [ 4 [ 2 , 3 , 5 ] ]) 1.09178212
8.83961058 :(1 [ 2 [ 3 , 4 , 5 ] ],1 [ 4 [ 2 , 3 [ 5 ] ] ]) 1.09178212
4.055839933 :(1 [ 2 [ 3 , 4 , 5 ] ],1 [ 4 [ 2 [ 3 [ 5 ] ] ] ]) 1.09178212
11.831383217 :(1 [ 2 [ 3 , 4 , 5 ] ],1 [ 4 [ 2 , 5 [ 3 ] ] ]) 1.09178212
26.487170452 :(1 [ 2 [ 3 , 4 , 5 ] ],1 [ 4 [ 2 [ 3 ] , 5 ] ]) 1.09178212
22.45246987 :(1 [ 2 [ 3 , 4 , 5 ] ],1 [ 4 [ 3 [ 2 ] , 5 ] ]) 1.09178212
9.528729992 :(1 [ 2 [ 3 , 4 , 5 ] ],1 [ 4 [ 5 [ 3 [ 2 ] ] ] ]) 1.09178212
3.424888075 :(1 [ 2 [ 3 , 4 , 5 ] ],1 [ 4 [ 3 [ 2 , 5 ] ] ]) 1.09178212
0.155908584 :(1 [ 2 [ 3 ] , 4 , 5 ],1 [ 2 , 3 , 4 , 5 ]) 1.09178212
0.139289337 :(1 [ 2 [ 3 ] , 4 , 5 ],1 [ 2 [ 3 ] , 4 , 5 ]) 1.09178212
0.154108612 :(1 [ 2 [ 3 ] , 4 , 5 ],1 [ 2 , 4 [ 3 ] , 5 ]) 1.09178212
0.153259333 :(1 [ 2 [ 3 ] , 4 , 5 ],1 [ 2 , 4 , 5 [ 3 ] ]) 1.09178212
0.16096566 :(1 [ 2 [ 3 ] , 4 , 5 ],1 [ 2 , 3 [ 5 ] , 4 ]) 1.09178212
0.15652428 :(1 [ 2 [ 3 ] , 4 , 5 ],1 [ 2 [ 3 [ 5 ] ] , 4 ]) 1.09178212
0.162108 :(1 [ 2 [ 3 ] , 4 , 5 ],1 [ 2 [ 5 [ 3 ] ] , 4 ]) 1.09178212
0.155899411 :(1 [ 2 [ 3 ] , 4 , 5 ],1 [ 2 , 4 [ 3 [ 5 ] ] ]) 1.09178212
0.157294804 :(1 [ 2 [ 3 ] , 4 , 5 ],1 [ 2 , 4 [ 5 [ 3 ] ] ]) 1.09178212
0.158559664 :(1 [ 2 [ 3 ] , 4 , 5 ],1 [ 2 , 3 , 4 [ 5 ] ]) 1.09178212
0.160313131 :(1 [ 2 [ 3 ] , 4 , 5 ],1 [ 2 [ 3 ] , 4 [ 5 ] ]) 1.09178212
0.160908425 :(1 [ 2 [ 3 ] , 4 , 5 ],1 [ 2 , 4 [ 3 , 5 ] ]) 1.09178212
0.149130694 :(1 [ 2 [ 3 ] , 4 , 5 ],1 [ 2 [ 5 ] , 4 [ 3 ] ]) 1.09178212
0.156930042 :(1 [ 2 [ 3 ] , 4 , 5 ],1 [ 2 [ 5 ] , 3 , 4 ]) 1.09178212
0.159438549 :(1 [ 2 [ 3 ] , 4 , 5 ],1 [ 2 [ 3 , 5 ] , 4 ]) 1.09178212
0.159737996 :(1 [ 2 [ 3 ] , 4 , 5 ],1 [ 2 [ 3 , 4 , 5 ] ]) 1.09178212
0.163573178 :(1 [ 2 [ 3 ] , 4 , 5 ],1 [ 2 [ 3 [ 4 ] , 5 ] ]) 1.09178212
0.165521402 :(1 [ 2 [ 3 ] , 4 , 5 ],1 [ 2 [ 3 , 5 [ 4 ] ] ]) 1.09178212
0.156689999 :(1 [ 2 [ 3 ] , 4 , 5 ],1 [ 2 [ 5 [ 4 ] ] , 3 ]) 1.09178212
0.165519398 :(1 [ 2 [ 3 ] , 4 , 5 ],1 [ 2 [ 5 [ 4 [ 3 ] ] ] ]) 1.09178212
0.158395363 :(1 [ 2 [ 3 ] , 4 , 5 ],1 [ 2 [ 5 [ 3 , 4 ] ] ]) 1.09178212
0.158698187 :(1 [ 2 [ 3 ] , 4 , 5 ],1 [ 2 [ 4 , 5 [ 3 ] ] ]) 1.09178212
0.154674996 :(1 [ 2 [ 3 ] , 4 , 5 ],1 [ 2 [ 5 [ 3 [ 4 ] ] ] ]) 1.09178212
0.180488509 :(1 [ 2 [ 3 ] , 4 , 5 ],1 [ 2 [ 5 ] , 3 [ 4 ] ]) 1.09178212
0.155883263 :(1 [ 2 [ 3 ] , 4 , 5 ],1 [ 2 [ 4 [ 3 ] , 5 ] ]) 1.09178212
0.160883482 :(1 [ 2 [ 3 ] , 4 , 5 ],1 [ 2 [ 4 , 5 ] , 3 ]) 1.09178212
0.159172215 :(1 [ 2 [ 3 ] , 4 , 5 ],1 [ 2 [ 4 ] , 3 , 5 ]) 1.09178212
0.158512472 :(1 [ 2 [ 3 ] , 4 , 5 ],1 [ 2 [ 4 ] , 3 [ 5 ] ]) 1.09178212
0.181517156 :(1 [ 2 [ 3 ] , 4 , 5 ],1 [ 2 [ 4 [ 5 ] ] , 3 ]) 1.09178212
0.158967629 :(1 [ 2 [ 3 ] , 4 , 5 ],1 [ 2 [ 3 , 4 [ 5 ] ] ]) 1.09178212
0.155854264 :(1 [ 2 [ 3 ] , 4 , 5 ],1 [ 2 [ 4 [ 3 , 5 ] ] ]) 1.09178212
0.172974327 :(1 [ 2 [ 3 ] , 4 , 5 ],1 [ 2 [ 4 [ 5 [ 3 ] ] ] ]) 1.09178212
0.163568526 :(1 [ 2 [ 3 ] , 4 , 5 ],1 [ 2 [ 4 ] , 5 [ 3 ] ]) 1.09178212
0.158261036 :(1 [ 2 [ 3 ] , 4 , 5 ],1 [ 2 [ 3 [ 5 ] , 4 ] ]) 1.09178212
0.176782322 :(1 [ 2 [ 3 ] , 4 , 5 ],1 [ 2 [ 4 [ 3 [ 5 ] ] ] ]) 1.09178212
0.160639618 :(1 [ 2 [ 3 ] , 4 , 5 ],1 [ 2 [ 4 [ 3 ] ] , 5 ]) 1.09178212
0.15833989 :(1 [ 2 [ 3 ] , 4 , 5 ],1 [ 2 [ 3 , 4 ] , 5 ]) 1.09178212
0.154725002 :(1 [ 2 [ 3 ] , 4 , 5 ],1 [ 2 [ 3 [ 4 ] ] , 5 ]) 1.09178212
0.1807195 :(1 [ 2 [ 3 ] , 4 , 5 ],1 [ 2 [ 3 ] , 5 [ 4 ] ]) 1.09178212
0.179304085 :(1 [ 2 [ 3 ] , 4 , 5 ],1 [ 2 , 3 , 5 [ 4 ] ]) 1.09178212
0.160279104 :(1 [ 2 [ 3 ] , 4 , 5 ],1 [ 2 , 5 [ 4 [ 3 ] ] ]) 1.09178212
0.183960722 :(1 [ 2 [ 3 ] , 4 , 5 ],1 [ 2 , 5 [ 3 , 4 ] ]) 1.09178212
0.154986397 :(1 [ 2 [ 3 ] , 4 , 5 ],1 [ 2 , 5 [ 3 [ 4 ] ] ]) 1.09178212
0.151573398 :(1 [ 2 [ 3 ] , 4 , 5 ],1 [ 2 , 3 [ 4 ] , 5 ]) 1.09178212
0.161893975 :(1 [ 2 [ 3 ] , 4 , 5 ],1 [ 2 , 3 [ 4 , 5 ] ]) 1.09178212
0.159605491 :(1 [ 2 [ 3 ] , 4 , 5 ],1 [ 2 , 3 [ 4 [ 5 ] ] ]) 1.09178212
0.16100836 :(1 [ 2 [ 3 ] , 4 , 5 ],1 [ 2 [ 3 [ 4 [ 5 ] ] ] ]) 1.09178212
0.161738865 :(1 [ 2 [ 3 ] , 4 , 5 ],1 [ 2 [ 3 [ 4 , 5 ] ] ]) 1.09178212
0.169543954 :(1 [ 2 [ 3 ] , 4 , 5 ],1 [ 2 [ 3 [ 5 [ 4 ] ] ] ]) 1.09178212
0.173979172 :(1 [ 2 [ 3 ] , 4 , 5 ],1 [ 2 , 3 [ 5 [ 4 ] ] ]) 1.09178212
0.174500393 :(1 [ 2 [ 3 ] , 4 , 5 ],1 [ 3 [ 2 , 5 [ 4 ] ] ]) 1.09178212
0.159584785 :(1 [ 2 [ 3 ] , 4 , 5 ],1 [ 3 [ 5 [ 4 [ 2 ] ] ] ]) 1.09178212
0.159984733 :(1 [ 2 [ 3 ] , 4 , 5 ],1 [ 3 [ 5 [ 2 , 4 ] ] ]) 1.09178212
0.163727532 :(1 [ 2 [ 3 ] , 4 , 5 ],1 [ 4 [ 5 [ 2 , 3 ] ] ]) 1.09178212
0.159210601 :(1 [ 2 [ 3 ] , 4 , 5 ],1 [ 5 [ 2 , 3 , 4 ] ]) 1.09178212
1.758166751 :(1 [ 2 [ 3 ] , 4 , 5 ],1 [ 5 [ 3 [ 2 ] , 4 ] ]) 1.09178212
0.159844965 :(1 [ 2 [ 3 ] , 4 , 5 ],1 [ 5 [ 3 , 4 [ 2 ] ] ]) 1.09178212
0.160014347 :(1 [ 2 [ 3 ] , 4 , 5 ],1 [ 4 [ 2 , 5 [ 3 ] ] ]) 1.09178212
2.005533866 :(1 [ 2 [ 3 ] , 4 , 5 ],1 [ 4 [ 5 [ 3 [ 2 ] ] ] ]) 1.09178212
0.161770394 :(1 [ 2 [ 3 ] , 4 , 5 ],1 [ 3 [ 2 , 5 ] , 4 ]) 1.09178212
4.87191899 :(1 [ 2 [ 3 ] , 4 , 5 ],1 [ 4 , 5 [ 3 [ 2 ] ] ]) 1.09178212
0.16566445 :(1 [ 2 [ 3 ] , 4 , 5 ],1 [ 4 [ 2 [ 3 [ 5 ] ] ] ]) 1.09178212
0.183963954 :(1 [ 2 [ 3 ] , 4 , 5 ],1 [ 4 [ 3 [ 2 , 5 ] ] ]) 1.09178212
0.159467731 :(1 [ 2 [ 3 ] , 4 , 5 ],1 [ 4 [ 2 , 3 [ 5 ] ] ]) 1.09178212
0.170211602 :(1 [ 2 [ 3 ] , 4 , 5 ],1 [ 4 [ 3 [ 5 [ 2 ] ] ] ]) 1.09178212
0.160412643 :(1 [ 2 [ 3 ] , 4 , 5 ],1 [ 3 [ 5 [ 2 ] ] , 4 ]) 1.09178212
0.155147526 :(1 [ 2 [ 3 ] , 4 , 5 ],1 [ 4 , 5 [ 2 , 3 ] ]) 1.09178212
0.156030613 :(1 [ 2 [ 3 ] , 4 , 5 ],1 [ 4 [ 2 [ 5 [ 3 ] ] ] ]) 1.09178212
0.177955525 :(1 [ 2 [ 3 ] , 4 , 5 ],1 [ 3 [ 5 ] , 4 [ 2 ] ]) 1.09178212
0.155415463 :(1 [ 2 [ 3 ] , 4 , 5 ],1 [ 4 [ 2 ] , 5 [ 3 ] ]) 1.09178212
0.163564804 :(1 [ 2 [ 3 ] , 4 , 5 ],1 [ 5 [ 3 [ 2 [ 4 ] ] ] ]) 1.09178212
0.176191409 :(1 [ 2 [ 3 ] , 4 , 5 ],1 [ 5 [ 2 [ 4 ] , 3 ] ]) 1.09178212
0.15693504 :(1 [ 2 [ 3 ] , 4 , 5 ],1 [ 5 [ 3 [ 4 [ 2 ] ] ] ]) 1.09178212
0.161207913 :(1 [ 2 [ 3 ] , 4 , 5 ],1 [ 3 [ 4 [ 2 ] , 5 ] ]) 1.09178212
0.157900682 :(1 [ 2 [ 3 ] , 4 , 5 ],1 [ 3 [ 2 [ 4 ] , 5 ] ]) 1.09178212
0.182858853 :(1 [ 2 [ 3 ] , 4 , 5 ],1 [ 3 [ 5 [ 2 [ 4 ] ] ] ]) 1.09178212
0.159788734 :(1 [ 2 [ 3 ] , 4 , 5 ],1 [ 3 [ 4 , 5 [ 2 ] ] ]) 1.09178212
0.162565743 :(1 [ 2 [ 3 ] , 4 , 5 ],1 [ 3 [ 2 , 4 , 5 ] ]) 1.09178212
0.154435027 :(1 [ 2 [ 3 ] , 4 , 5 ],1 [ 5 [ 3 [ 2 , 4 ] ] ]) 1.09178212
0.164781147 :(1 [ 2 [ 3 ] , 4 , 5 ],1 [ 5 [ 2 , 3 [ 4 ] ] ]) 1.09178212
0.156335169 :(1 [ 2 [ 3 ] , 4 , 5 ],1 [ 3 [ 4 ] , 5 [ 2 ] ]) 1.09178212
0.176476728 :(1 [ 2 [ 3 ] , 4 , 5 ],1 [ 4 [ 3 ] , 5 [ 2 ] ]) 1.09178212
0.155571937 :(1 [ 2 [ 3 ] , 4 , 5 ],1 [ 5 [ 2 [ 3 [ 4 ] ] ] ]) 1.09178212
0.157846891 :(1 [ 2 [ 3 ] , 4 , 5 ],1 [ 5 [ 2 [ 4 [ 3 ] ] ] ]) 1.09178212
0.173621979 :(1 [ 2 [ 3 ] , 4 , 5 ],1 [ 5 [ 2 , 4 [ 3 ] ] ]) 1.09178212
3.776811666 :(1 [ 2 [ 3 ] , 4 , 5 ],1 [ 5 [ 4 [ 3 [ 2 ] ] ] ]) 1.09178212
0.165625329 :(1 [ 2 [ 3 ] , 4 , 5 ],1 [ 5 [ 4 [ 2 , 3 ] ] ]) 1.09178212
0.161470695 :(1 [ 2 [ 3 ] , 4 , 5 ],1 [ 3 [ 4 [ 2 ] ] , 5 ]) 1.09178212
0.15632251 :(1 [ 2 [ 3 ] , 4 , 5 ],1 [ 4 [ 2 , 3 ] , 5 ]) 1.09178212
3.965988289 :(1 [ 2 [ 3 ] , 4 , 5 ],1 [ 4 [ 3 [ 2 ] ] , 5 ]) 1.09178212
0.160001403 :(1 [ 2 [ 3 ] , 4 , 5 ],1 [ 3 [ 2 , 4 ] , 5 ]) 1.09178212
0.156473557 :(1 [ 2 [ 3 ] , 4 , 5 ],1 [ 3 [ 2 [ 5 ] , 4 ] ]) 1.09178212
0.157713241 :(1 [ 2 [ 3 ] , 4 , 5 ],1 [ 3 [ 2 , 4 [ 5 ] ] ]) 1.09178212
0.404505141 :(1 [ 2 [ 3 ] , 4 , 5 ],1 [ 4 [ 3 [ 2 ] , 5 ] ]) 1.09178212
0.160252397 :(1 [ 2 [ 3 ] , 4 , 5 ],1 [ 4 [ 3 [ 2 [ 5 ] ] ] ]) 1.09178212
0.160586057 :(1 [ 2 [ 3 ] , 4 , 5 ],1 [ 4 [ 2 [ 5 ] , 3 ] ]) 1.09178212
0.159867226 :(1 [ 2 [ 3 ] , 4 , 5 ],1 [ 4 [ 3 , 5 [ 2 ] ] ]) 1.09178212
0.156399727 :(1 [ 2 [ 3 ] , 4 , 5 ],1 [ 4 [ 2 , 3 , 5 ] ]) 1.09178212
0.156358851 :(1 [ 2 [ 3 ] , 4 , 5 ],1 [ 3 [ 4 [ 2 , 5 ] ] ]) 1.09178212
0.162771495 :(1 [ 2 [ 3 ] , 4 , 5 ],1 [ 3 [ 4 [ 5 [ 2 ] ] ] ]) 1.09178212
0.161047243 :(1 [ 2 [ 3 ] , 4 , 5 ],1 [ 3 [ 4 [ 2 [ 5 ] ] ] ]) 1.09178212
0.173125091 :(1 [ 2 [ 3 ] , 4 , 5 ],1 [ 3 , 4 [ 2 [ 5 ] ] ]) 1.09178212
0.155800976 :(1 [ 2 [ 3 ] , 4 , 5 ],1 [ 3 , 5 [ 2 [ 4 ] ] ]) 1.09178212
0.157535966 :(1 [ 2 [ 3 ] , 4 , 5 ],1 [ 3 [ 2 [ 4 , 5 ] ] ]) 1.09178212
0.162541921 :(1 [ 2 [ 3 ] , 4 , 5 ],1 [ 3 [ 2 [ 5 ] ] , 4 ]) 1.09178212
0.183778704 :(1 [ 2 [ 3 ] , 4 , 5 ],1 [ 3 [ 2 [ 5 [ 4 ] ] ] ]) 1.09178212
0.16257118 :(1 [ 2 [ 3 ] , 4 , 5 ],1 [ 3 , 4 [ 5 [ 2 ] ] ]) 1.09178212
0.159535626 :(1 [ 2 [ 3 ] , 4 , 5 ],1 [ 3 , 5 [ 2 , 4 ] ]) 1.09178212
0.156617526 :(1 [ 2 [ 3 ] , 4 , 5 ],1 [ 3 , 4 , 5 [ 2 ] ]) 1.09178212
0.541899745 :(1 [ 2 [ 3 ] , 4 , 5 ],1 [ 3 [ 2 ] , 4 , 5 ]) 1.09178212
0.184896378 :(1 [ 2 [ 3 ] , 4 , 5 ],1 [ 3 , 4 [ 2 ] , 5 ]) 1.09178212
0.156400194 :(1 [ 2 [ 3 ] , 4 , 5 ],1 [ 3 [ 2 [ 4 ] ] , 5 ]) 1.09178212
0.174096996 :(1 [ 2 [ 3 ] , 4 , 5 ],1 [ 3 , 5 [ 4 [ 2 ] ] ]) 1.09178212
2.829040452 :(1 [ 2 [ 3 ] , 4 , 5 ],1 [ 3 [ 2 ] , 5 [ 4 ] ]) 1.09178212
0.945080778 :(1 [ 2 [ 3 ] , 4 , 5 ],1 [ 3 [ 2 ] , 4 [ 5 ] ]) 1.09178212
0.164939833 :(1 [ 2 [ 3 ] , 4 , 5 ],1 [ 3 [ 2 [ 4 [ 5 ] ] ] ]) 1.09178212
0.159794135 :(1 [ 2 [ 3 ] , 4 , 5 ],1 [ 3 , 4 [ 2 , 5 ] ]) 1.09178212
1.021177632 :(1 [ 2 [ 3 ] , 4 , 5 ],1 [ 4 [ 2 [ 3 ] , 5 ] ]) 1.09178212
3.037884312 :(1 [ 2 [ 3 ] , 4 , 5 ],1 [ 5 [ 4 [ 2 [ 3 ] ] ] ]) 1.09178212
0.518342205 :(1 [ 2 [ 3 ] , 4 , 5 ],1 [ 5 [ 2 [ 3 ] , 4 ] ]) 1.09178212
0.9365441 :(1 [ 2 [ 3 ] , 4 , 5 ],1 [ 4 [ 5 [ 2 [ 3 ] ] ] ]) 1.09178212
1.725759373 :(1 [ 2 [ 3 ] , 4 , 5 ],1 [ 4 , 5 [ 2 [ 3 ] ] ]) 1.09178212
0.168104583 :(1 [ 2 [ 3 ] , 4 , 5 ],1 [ 4 [ 2 [ 3 , 5 ] ] ]) 1.09178212
0.158546937 :(1 [ 2 [ 3 ] , 4 , 5 ],1 [ 5 [ 2 [ 3 , 4 ] ] ]) 1.09178212
2.116459102 :(1 [ 2 [ 3 ] , 4 , 5 ],1 [ 4 [ 2 [ 3 ] ] , 5 ]) 1.09178212
0.146145961 :(1 [ 2 , 3 , 4 , 5 ],1 [ 2 , 3 , 4 , 5 ]) 1.09178212
0.150909151 :(1 [ 2 , 3 , 4 , 5 ],1 [ 2 [ 5 ] , 3 , 4 ]) 1.09178212
0.151146947 :(1 [ 2 , 3 , 4 , 5 ],1 [ 2 , 3 [ 5 ] , 4 ]) 1.09178212
0.173741448 :(1 [ 2 , 3 , 4 , 5 ],1 [ 2 , 3 , 4 [ 5 ] ]) 1.09178212
0.158959562 :(1 [ 2 , 3 , 4 , 5 ],1 [ 2 , 3 , 5 [ 4 ] ]) 1.09178212
0.158379011 :(1 [ 2 , 3 , 4 , 5 ],1 [ 2 [ 4 [ 5 ] ] , 3 ]) 1.09178212
0.154539441 :(1 [ 2 , 3 , 4 , 5 ],1 [ 2 [ 5 [ 4 ] ] , 3 ]) 1.09178212
0.160401434 :(1 [ 2 , 3 , 4 , 5 ],1 [ 2 , 3 [ 4 [ 5 ] ] ]) 1.09178212
0.174658563 :(1 [ 2 , 3 , 4 , 5 ],1 [ 2 , 3 [ 5 [ 4 ] ] ]) 1.09178212
0.151675274 :(1 [ 2 , 3 , 4 , 5 ],1 [ 2 [ 4 ] , 3 [ 5 ] ]) 1.09178212
0.150292321 :(1 [ 2 , 3 , 4 , 5 ],1 [ 2 , 3 [ 4 , 5 ] ]) 1.09178212
0.15262806 :(1 [ 2 , 3 , 4 , 5 ],1 [ 2 , 3 [ 4 ] , 5 ]) 1.09178212
0.147013431 :(1 [ 2 , 3 , 4 , 5 ],1 [ 2 [ 5 ] , 3 [ 4 ] ]) 1.09178212
0.176748412 :(1 [ 2 , 3 , 4 , 5 ],1 [ 2 [ 4 , 5 ] , 3 ]) 1.09178212
0.154532075 :(1 [ 2 , 3 , 4 , 5 ],1 [ 2 [ 4 ] , 3 , 5 ]) 1.09178212
0.177974477 :(1 [ 2 , 3 , 4 , 5 ],1 [ 2 [ 3 , 4 ] , 5 ]) 1.09178212
0.154456537 :(1 [ 2 , 3 , 4 , 5 ],1 [ 2 [ 4 [ 3 ] ] , 5 ]) 1.09178212
0.155475416 :(1 [ 2 , 3 , 4 , 5 ],1 [ 2 [ 4 ] , 5 [ 3 ] ]) 1.09178212
0.159569447 :(1 [ 2 , 3 , 4 , 5 ],1 [ 2 [ 3 [ 5 ] , 4 ] ]) 1.09178212
0.156831675 :(1 [ 2 , 3 , 4 , 5 ],1 [ 2 [ 4 , 5 [ 3 ] ] ]) 1.09178212
0.163028609 :(1 [ 2 , 3 , 4 , 5 ],1 [ 2 [ 4 [ 3 [ 5 ] ] ] ]) 1.09178212
0.155866096 :(1 [ 2 , 3 , 4 , 5 ],1 [ 2 [ 4 [ 5 [ 3 ] ] ] ]) 1.09178212
0.188921173 :(1 [ 2 , 3 , 4 , 5 ],1 [ 2 [ 3 , 4 [ 5 ] ] ]) 1.09178212
0.176240895 :(1 [ 2 , 3 , 4 , 5 ],1 [ 2 [ 4 [ 3 , 5 ] ] ]) 1.09178212
0.152418045 :(1 [ 2 , 3 , 4 , 5 ],1 [ 2 [ 4 [ 3 ] , 5 ] ]) 1.09178212
0.157773176 :(1 [ 2 , 3 , 4 , 5 ],1 [ 2 [ 3 , 4 , 5 ] ]) 1.09178212
0.157535453 :(1 [ 2 , 3 , 4 , 5 ],1 [ 2 [ 3 , 5 ] , 4 ]) 1.09178212
0.153925234 :(1 [ 2 , 3 , 4 , 5 ],1 [ 2 [ 3 [ 4 ] , 5 ] ]) 1.09178212
0.172488764 :(1 [ 2 , 3 , 4 , 5 ],1 [ 2 [ 3 , 5 [ 4 ] ] ]) 1.09178212
0.15429124 :(1 [ 2 , 3 , 4 , 5 ],1 [ 2 [ 5 [ 4 [ 3 ] ] ] ]) 1.09178212
0.156444333 :(1 [ 2 , 3 , 4 , 5 ],1 [ 2 [ 5 [ 3 , 4 ] ] ]) 1.09178212
0.153814166 :(1 [ 2 , 3 , 4 , 5 ],1 [ 2 [ 5 [ 3 ] ] , 4 ]) 1.09178212
0.155793317 :(1 [ 2 , 3 , 4 , 5 ],1 [ 2 [ 5 [ 3 [ 4 ] ] ] ]) 1.09178212
0.167153057 :(1 [ 2 , 3 , 4 , 5 ],1 [ 2 [ 5 ] , 4 [ 3 ] ]) 1.09178212
0.153134614 :(1 [ 2 , 3 , 4 , 5 ],1 [ 2 , 4 [ 3 ] , 5 ]) 1.09178212
0.152151578 :(1 [ 2 , 3 , 4 , 5 ],1 [ 2 , 4 [ 3 [ 5 ] ] ]) 1.09178212
0.168837322 :(1 [ 2 , 3 , 4 , 5 ],1 [ 2 , 4 [ 3 , 5 ] ]) 1.09178212
0.152790211 :(1 [ 2 , 3 , 4 , 5 ],1 [ 2 , 5 [ 4 [ 3 ] ] ]) 1.09178212
0.156395602 :(1 [ 2 , 3 , 4 , 5 ],1 [ 2 [ 3 [ 4 [ 5 ] ] ] ]) 1.09178212
0.153578724 :(1 [ 2 , 3 , 4 , 5 ],1 [ 2 [ 3 [ 4 ] ] , 5 ]) 1.09178212
0.166034678 :(1 [ 2 , 3 , 4 , 5 ],1 [ 2 [ 3 [ 4 , 5 ] ] ]) 1.09178212
0.153690494 :(1 [ 2 , 3 , 4 , 5 ],1 [ 2 , 5 [ 3 [ 4 ] ] ]) 1.09178212
0.1786027 :(1 [ 2 , 3 , 4 , 5 ],1 [ 2 , 4 , 5 [ 3 ] ]) 1.09178212
0.153658988 :(1 [ 2 , 3 , 4 , 5 ],1 [ 2 , 5 [ 3 , 4 ] ]) 1.09178212
0.155519609 :(1 [ 2 , 3 , 4 , 5 ],1 [ 2 , 4 [ 5 [ 3 ] ] ]) 1.09178212
0.156336129 :(1 [ 2 , 3 , 4 , 5 ],1 [ 2 [ 3 [ 5 [ 4 ] ] ] ]) 1.09178212
0.15071856 :(1 [ 2 , 3 , 4 , 5 ],1 [ 2 [ 3 [ 5 ] ] , 4 ]) 1.09178212
0.156834233 :(1 [ 2 , 3 , 4 , 5 ],1 [ 2 [ 3 ] , 4 , 5 ]) 1.09178212
0.156597805 :(1 [ 2 , 3 , 4 , 5 ],1 [ 2 [ 3 ] , 4 [ 5 ] ]) 1.09178212
0.158524942 :(1 [ 2 , 3 , 4 , 5 ],1 [ 2 [ 3 ] , 5 [ 4 ] ]) 1.09178212
0.160243535 :(1 [ 2 , 3 , 4 , 5 ],1 [ 3 [ 2 ] , 5 [ 4 ] ]) 1.09178212
0.161080848 :(1 [ 2 , 3 , 4 , 5 ],1 [ 5 [ 4 [ 2 [ 3 ] ] ] ]) 1.09178212
0.160166762 :(1 [ 2 , 3 , 4 , 5 ],1 [ 5 [ 2 [ 3 ] , 4 ] ]) 1.09178212
0.158348368 :(1 [ 2 , 3 , 4 , 5 ],1 [ 5 [ 4 [ 3 [ 2 ] ] ] ]) 1.09178212
0.162438015 :(1 [ 2 , 3 , 4 , 5 ],1 [ 5 [ 3 [ 2 ] , 4 ] ]) 1.09178212
0.154270142 :(1 [ 2 , 3 , 4 , 5 ],1 [ 3 [ 2 , 5 [ 4 ] ] ]) 1.09178212
0.152973151 :(1 [ 2 , 3 , 4 , 5 ],1 [ 4 [ 5 [ 3 [ 2 ] ] ] ]) 1.09178212
0.15783702 :(1 [ 2 , 3 , 4 , 5 ],1 [ 3 [ 2 ] , 4 [ 5 ] ]) 1.09178212
0.154890255 :(1 [ 2 , 3 , 4 , 5 ],1 [ 4 [ 2 [ 3 ] , 5 ] ]) 1.09178212
0.19282958 :(1 [ 2 , 3 , 4 , 5 ],1 [ 4 [ 5 [ 2 [ 3 ] ] ] ]) 1.09178212
0.15192438 :(1 [ 2 , 3 , 4 , 5 ],1 [ 4 [ 3 [ 2 ] , 5 ] ]) 1.09178212
0.152807685 :(1 [ 2 , 3 , 4 , 5 ],1 [ 3 [ 2 , 4 [ 5 ] ] ]) 1.09178212
0.153668658 :(1 [ 2 , 3 , 4 , 5 ],1 [ 3 [ 2 [ 4 [ 5 ] ] ] ]) 1.09178212
0.153813175 :(1 [ 2 , 3 , 4 , 5 ],1 [ 3 [ 2 [ 5 [ 4 ] ] ] ]) 1.09178212
0.15643887 :(1 [ 2 , 3 , 4 , 5 ],1 [ 3 [ 2 [ 5 ] ] , 4 ]) 1.09178212
0.160996563 :(1 [ 2 , 3 , 4 , 5 ],1 [ 3 [ 2 [ 4 , 5 ] ] ]) 1.09178212
0.151585493 :(1 [ 2 , 3 , 4 , 5 ],1 [ 3 [ 2 [ 5 ] , 4 ] ]) 1.09178212
0.155998519 :(1 [ 2 , 3 , 4 , 5 ],1 [ 3 [ 2 , 4 ] , 5 ]) 1.09178212
0.152097652 :(1 [ 2 , 3 , 4 , 5 ],1 [ 3 [ 2 , 4 , 5 ] ]) 1.09178212
0.156621925 :(1 [ 2 , 3 , 4 , 5 ],1 [ 3 [ 2 , 5 ] , 4 ]) 1.09178212
0.152425802 :(1 [ 2 , 3 , 4 , 5 ],1 [ 3 [ 2 [ 4 ] , 5 ] ]) 1.09178212
0.159311303 :(1 [ 2 , 3 , 4 , 5 ],1 [ 3 [ 2 [ 4 ] ] , 5 ]) 1.09178212
0.175970219 :(1 [ 2 , 3 , 4 , 5 ],1 [ 3 [ 2 ] , 4 , 5 ]) 1.09178212
0.156306973 :(1 [ 2 , 3 , 4 , 5 ],1 [ 4 [ 2 [ 3 ] ] , 5 ]) 1.09178212
0.156183011 :(1 [ 2 , 3 , 4 , 5 ],1 [ 4 , 5 [ 2 [ 3 ] ] ]) 1.09178212
0.152471832 :(1 [ 2 , 3 , 4 , 5 ],1 [ 4 [ 3 [ 2 ] ] , 5 ]) 1.09178212
0.154130836 :(1 [ 2 , 3 , 4 , 5 ],1 [ 4 , 5 [ 3 [ 2 ] ] ]) 1.09178212
0.155849454 :(1 [ 2 , 3 , 4 , 5 ],1 [ 5 [ 3 [ 2 [ 4 ] ] ] ]) 1.09178212
0.158858792 :(1 [ 2 , 3 , 4 , 5 ],1 [ 5 [ 3 [ 2 , 4 ] ] ]) 1.09178212
0.154315886 :(1 [ 2 , 3 , 4 , 5 ],1 [ 5 [ 2 [ 3 [ 4 ] ] ] ]) 1.09178212
0.160688258 :(1 [ 2 , 3 , 4 , 5 ],1 [ 5 [ 2 [ 3 , 4 ] ] ]) 1.09178212
0.151920325 :(1 [ 2 , 3 , 4 , 5 ],1 [ 4 [ 2 [ 3 , 5 ] ] ]) 1.09178212
0.158550412 :(1 [ 2 , 3 , 4 , 5 ],1 [ 4 [ 3 [ 2 [ 5 ] ] ] ]) 1.09178212
0.155150912 :(1 [ 2 , 3 , 4 , 5 ],1 [ 4 [ 3 [ 2 , 5 ] ] ]) 1.09178212
0.155523848 :(1 [ 2 , 3 , 4 , 5 ],1 [ 4 [ 2 [ 3 [ 5 ] ] ] ]) 1.09178212
0.15686378 :(1 [ 2 , 3 , 4 , 5 ],1 [ 3 [ 5 ] , 4 [ 2 ] ]) 1.09178212
0.155772064 :(1 [ 2 , 3 , 4 , 5 ],1 [ 4 [ 2 ] , 5 [ 3 ] ]) 1.09178212
0.181339586 :(1 [ 2 , 3 , 4 , 5 ],1 [ 4 [ 2 [ 5 [ 3 ] ] ] ]) 1.09178212
0.15501911 :(1 [ 2 , 3 , 4 , 5 ],1 [ 4 [ 2 , 3 [ 5 ] ] ]) 1.09178212
0.167794299 :(1 [ 2 , 3 , 4 , 5 ],1 [ 4 [ 2 , 5 [ 3 ] ] ]) 1.09178212
0.1531397 :(1 [ 2 , 3 , 4 , 5 ],1 [ 4 [ 5 [ 2 , 3 ] ] ]) 1.09178212
0.15117292 :(1 [ 2 , 3 , 4 , 5 ],1 [ 3 [ 5 [ 2 ] ] , 4 ]) 1.09178212
0.157878809 :(1 [ 2 , 3 , 4 , 5 ],1 [ 4 , 5 [ 2 , 3 ] ]) 1.09178212
0.162104209 :(1 [ 2 , 3 , 4 , 5 ],1 [ 4 [ 3 [ 5 [ 2 ] ] ] ]) 1.09178212
0.159158127 :(1 [ 2 , 3 , 4 , 5 ],1 [ 4 [ 3 ] , 5 [ 2 ] ]) 1.09178212
0.150678597 :(1 [ 2 , 3 , 4 , 5 ],1 [ 4 [ 2 [ 5 ] , 3 ] ]) 1.09178212
0.152402945 :(1 [ 2 , 3 , 4 , 5 ],1 [ 4 [ 3 , 5 [ 2 ] ] ]) 1.09178212
0.149777597 :(1 [ 2 , 3 , 4 , 5 ],1 [ 3 , 4 [ 5 [ 2 ] ] ]) 1.09178212
0.159223091 :(1 [ 2 , 3 , 4 , 5 ],1 [ 3 , 4 , 5 [ 2 ] ]) 1.09178212
0.156207436 :(1 [ 2 , 3 , 4 , 5 ],1 [ 3 , 4 [ 2 [ 5 ] ] ]) 1.09178212
0.152516865 :(1 [ 2 , 3 , 4 , 5 ],1 [ 3 , 4 [ 2 ] , 5 ]) 1.09178212
0.17618091 :(1 [ 2 , 3 , 4 , 5 ],1 [ 3 , 4 [ 2 , 5 ] ]) 1.09178212
0.153139816 :(1 [ 2 , 3 , 4 , 5 ],1 [ 4 [ 2 , 3 , 5 ] ]) 1.09178212
0.151224864 :(1 [ 2 , 3 , 4 , 5 ],1 [ 4 [ 2 , 3 ] , 5 ]) 1.09178212
0.153368461 :(1 [ 2 , 3 , 4 , 5 ],1 [ 3 [ 4 [ 2 ] ] , 5 ]) 1.09178212
0.159984648 :(1 [ 2 , 3 , 4 , 5 ],1 [ 5 [ 2 [ 4 [ 3 ] ] ] ]) 1.09178212
0.158283025 :(1 [ 2 , 3 , 4 , 5 ],1 [ 5 [ 3 [ 4 [ 2 ] ] ] ]) 1.09178212
0.155580605 :(1 [ 2 , 3 , 4 , 5 ],1 [ 5 [ 4 [ 2 , 3 ] ] ]) 1.09178212
0.167323252 :(1 [ 2 , 3 , 4 , 5 ],1 [ 3 [ 4 [ 2 , 5 ] ] ]) 1.09178212
0.154006904 :(1 [ 2 , 3 , 4 , 5 ],1 [ 3 [ 4 [ 2 [ 5 ] ] ] ]) 1.09178212
0.159552982 :(1 [ 2 , 3 , 4 , 5 ],1 [ 3 [ 4 [ 2 ] , 5 ] ]) 1.09178212
0.156299123 :(1 [ 2 , 3 , 4 , 5 ],1 [ 3 [ 5 [ 2 [ 4 ] ] ] ]) 1.09178212
0.159141437 :(1 [ 2 , 3 , 4 , 5 ],1 [ 3 [ 5 [ 4 [ 2 ] ] ] ]) 1.09178212
0.158826446 :(1 [ 2 , 3 , 4 , 5 ],1 [ 3 , 5 [ 4 [ 2 ] ] ]) 1.09178212
0.155039219 :(1 [ 2 , 3 , 4 , 5 ],1 [ 3 , 5 [ 2 [ 4 ] ] ]) 1.09178212
0.161379984 :(1 [ 2 , 3 , 4 , 5 ],1 [ 5 [ 2 [ 4 ] , 3 ] ]) 1.09178212
0.181711313 :(1 [ 2 , 3 , 4 , 5 ],1 [ 5 [ 3 , 4 [ 2 ] ] ]) 1.09178212
0.153537006 :(1 [ 2 , 3 , 4 , 5 ],1 [ 5 [ 2 , 3 , 4 ] ]) 1.09178212
0.164569901 :(1 [ 2 , 3 , 4 , 5 ],1 [ 5 [ 2 , 3 [ 4 ] ] ]) 1.09178212
0.154814666 :(1 [ 2 , 3 , 4 , 5 ],1 [ 3 [ 4 ] , 5 [ 2 ] ]) 1.09178212
0.155423505 :(1 [ 2 , 3 , 4 , 5 ],1 [ 5 [ 2 , 4 [ 3 ] ] ]) 1.09178212
0.159934569 :(1 [ 2 , 3 , 4 , 5 ],1 [ 3 , 5 [ 2 , 4 ] ]) 1.09178212
0.160263012 :(1 [ 2 , 3 , 4 , 5 ],1 [ 3 [ 4 [ 5 [ 2 ] ] ] ]) 1.09178212
0.169142948 :(1 [ 2 , 3 , 4 , 5 ],1 [ 3 [ 5 [ 2 , 4 ] ] ]) 1.09178212
0.152676354 :(1 [ 2 , 3 , 4 , 5 ],1 [ 3 [ 4 , 5 [ 2 ] ] ]) 1.09178212
