2.223114839 :(1 [ 2 [ 3 [ 4 ] ] , 5 ],1 [ 2 [ 3 ] , 4 , 5 ]) 1.0
0.640524993 :(1 [ 2 [ 3 [ 4 ] ] , 5 ],1 [ 2 [ 3 ] , 4 , 5 ]) 1.00872650
0.564719388 :(1 [ 2 [ 3 [ 4 ] ] , 5 ],1 [ 2 [ 3 ] , 4 , 5 ]) 1.11111111
0.651783181 :(1 [ 2 [ 3 [ 4 ] ] , 5 ],1 [ 2 [ 3 ] , 4 , 5 ]) 1.11433188
0.702375787 :(1 [ 2 [ 3 [ 4 ] ] , 5 ],1 [ 2 [ 3 ] , 4 , 5 ]) 1.11700783
0.727518068 :(1 [ 2 [ 3 [ 4 ] ] , 5 ],1 [ 2 [ 3 ] , 4 , 5 ]) 1.11923111
0.737282594 :(1 [ 2 [ 3 [ 4 ] ] , 5 ],1 [ 2 [ 3 ] , 4 , 5 ]) 1.12107829
0.736643678 :(1 [ 2 [ 3 [ 4 ] ] , 5 ],1 [ 2 [ 3 ] , 4 , 5 ]) 1.12261301
0.756989201 :(1 [ 2 [ 3 [ 4 ] ] , 5 ],1 [ 2 [ 3 ] , 4 , 5 ]) 1.12388811
0.831801759 :(1 [ 2 [ 3 [ 4 ] ] , 5 ],1 [ 2 [ 3 ] , 4 , 5 ]) 1.12494751
0.893278705 :(1 [ 2 [ 3 [ 4 ] ] , 5 ],1 [ 2 [ 3 ] , 4 , 5 ]) 1.12594751
0.899457046 :(1 [ 2 [ 3 [ 4 ] ] , 5 ],1 [ 2 [ 3 ] , 4 , 5 ]) 1.12694751
0.771054294 :(1 [ 2 [ 3 [ 4 ] ] , 5 ],1 [ 2 [ 3 ] , 4 , 5 ]) 1.12794751
0.898024707 :(1 [ 2 [ 3 [ 4 ] ] , 5 ],1 [ 2 [ 3 ] , 4 , 5 ]) 1.12894751
0.879150168 :(1 [ 2 [ 3 [ 4 ] ] , 5 ],1 [ 2 [ 3 ] , 4 , 5 ]) 1.12994751
0.528437838 :(1 [ 2 [ 3 [ 4 ] ] , 5 ],1 [ 2 [ 3 ] , 4 , 5 ]) 1.13094751
0.690845805 :(1 [ 2 [ 3 [ 4 ] ] , 5 ],1 [ 2 [ 3 ] , 4 , 5 ]) 1.13619449
0.670749683 :(1 [ 2 [ 3 [ 4 ] ] , 5 ],1 [ 2 [ 3 ] , 4 , 5 ]) 1.13797731
0.616281805 :(1 [ 2 [ 3 [ 4 ] ] , 5 ],1 [ 2 [ 3 ] , 4 , 5 ]) 1.13897731
0.631186935 :(1 [ 2 [ 3 [ 4 ] ] , 5 ],1 [ 2 [ 3 ] , 4 , 5 ]) 1.13997731
0.715267721 :(1 [ 2 [ 3 [ 4 ] ] , 5 ],1 [ 2 [ 3 ] , 4 , 5 ]) 1.14097731
0.942718956 :(1 [ 2 [ 3 [ 4 ] ] , 5 ],1 [ 2 [ 3 ] , 4 , 5 ]) 1.14197731
0.150991774 :(1 [ 2 [ 3 [ 4 ] ] , 5 ],1 [ 2 [ 3 ] , 4 , 5 ]) 1.14297731
0.818455668 :(1 [ 2 [ 3 [ 4 ] ] , 5 ],1 [ 2 [ 3 , 4 ] , 5 ]) 1.14197731
0.153097408 :(1 [ 2 [ 3 [ 4 ] ] , 5 ],1 [ 2 [ 3 , 4 ] , 5 ]) 1.14297731
0.132231297 :(1 [ 2 [ 3 [ 4 ] ] , 5 ],1 [ 2 [ 3 [ 4 ] ] , 5 ]) 1.14197731
1.886917262 :(1 [ 2 [ 3 [ 4 ] ] , 5 ],1 [ 2 [ 3 ] , 5 [ 4 ] ]) 1.14197731
0.156008848 :(1 [ 2 [ 3 [ 4 ] ] , 5 ],1 [ 2 [ 3 ] , 5 [ 4 ] ]) 1.14297731
0.755121125 :(1 [ 2 [ 3 [ 4 ] ] , 5 ],1 [ 2 , 3 , 5 [ 4 ] ]) 1.14197731
0.157403453 :(1 [ 2 [ 3 [ 4 ] ] , 5 ],1 [ 2 , 3 , 5 [ 4 ] ]) 1.14297731
11.152895086 :(1 [ 2 [ 3 [ 4 ] ] , 5 ],1 [ 2 , 5 [ 4 [ 3 ] ] ]) 1.14197731
0.724441651 :(1 [ 2 [ 3 [ 4 ] ] , 5 ],1 [ 2 , 5 [ 3 , 4 ] ]) 1.14197731
0.180607918 :(1 [ 2 [ 3 [ 4 ] ] , 5 ],1 [ 2 , 5 [ 3 , 4 ] ]) 1.14297731
0.658841683 :(1 [ 2 [ 3 [ 4 ] ] , 5 ],1 [ 2 , 4 , 5 [ 3 ] ]) 1.14197731
0.156951716 :(1 [ 2 [ 3 [ 4 ] ] , 5 ],1 [ 2 , 4 , 5 [ 3 ] ]) 1.14297731
0.852956143 :(1 [ 2 [ 3 [ 4 ] ] , 5 ],1 [ 2 [ 4 ] , 5 [ 3 ] ]) 1.14197731
0.159008757 :(1 [ 2 [ 3 [ 4 ] ] , 5 ],1 [ 2 [ 4 ] , 5 [ 3 ] ]) 1.14297731
5.756053329 :(1 [ 2 [ 3 [ 4 ] ] , 5 ],1 [ 2 , 5 [ 3 [ 4 ] ] ]) 1.14197731
4.843567047 :(1 [ 2 [ 3 [ 4 ] ] , 5 ],1 [ 2 , 3 [ 4 ] , 5 ]) 1.14197731
5.148509046 :(1 [ 2 [ 3 [ 4 ] ] , 5 ],1 [ 2 , 4 [ 3 ] , 5 ]) 1.14197731
1.776627225 :(1 [ 2 [ 3 [ 4 ] ] , 5 ],1 [ 2 [ 4 [ 3 ] ] , 5 ]) 1.14197731
0.757340956 :(1 [ 2 [ 3 [ 4 ] ] , 5 ],1 [ 2 [ 4 ] , 3 , 5 ]) 1.14197731
0.174899146 :(1 [ 2 [ 3 [ 4 ] ] , 5 ],1 [ 2 [ 4 ] , 3 , 5 ]) 1.14297731
0.631609109 :(1 [ 2 [ 3 [ 4 ] ] , 5 ],1 [ 2 , 3 , 4 , 5 ]) 1.14197731
0.153577045 :(1 [ 2 [ 3 [ 4 ] ] , 5 ],1 [ 2 , 3 , 4 , 5 ]) 1.14297731
0.767155684 :(1 [ 2 [ 3 [ 4 ] ] , 5 ],1 [ 2 [ 5 ] , 3 , 4 ]) 1.14197731
0.156309998 :(1 [ 2 [ 3 [ 4 ] ] , 5 ],1 [ 2 [ 5 ] , 3 , 4 ]) 1.14297731
0.148134493 :(1 [ 2 [ 3 [ 4 ] ] , 5 ],1 [ 2 , 3 [ 5 ] , 4 ]) 1.14197731
0.160283018 :(1 [ 2 [ 3 [ 4 ] ] , 5 ],1 [ 2 , 3 , 4 [ 5 ] ]) 1.14197731
0.156144761 :(1 [ 2 [ 3 [ 4 ] ] , 5 ],1 [ 2 [ 4 [ 5 ] ] , 3 ]) 1.14197731
0.746016664 :(1 [ 2 [ 3 [ 4 ] ] , 5 ],1 [ 2 [ 5 [ 4 ] ] , 3 ]) 1.14197731
0.152803083 :(1 [ 2 [ 3 [ 4 ] ] , 5 ],1 [ 2 [ 5 [ 4 ] ] , 3 ]) 1.14297731
0.158659339 :(1 [ 2 [ 3 [ 4 ] ] , 5 ],1 [ 2 , 3 [ 4 [ 5 ] ] ]) 1.14197731
0.15294846 :(1 [ 2 [ 3 [ 4 ] ] , 5 ],1 [ 2 , 3 [ 5 [ 4 ] ] ]) 1.14197731
0.154439707 :(1 [ 2 [ 3 [ 4 ] ] , 5 ],1 [ 2 [ 4 ] , 3 [ 5 ] ]) 1.14197731
0.157484013 :(1 [ 2 [ 3 [ 4 ] ] , 5 ],1 [ 2 , 3 [ 4 , 5 ] ]) 1.14197731
1.678334124 :(1 [ 2 [ 3 [ 4 ] ] , 5 ],1 [ 2 [ 5 ] , 3 [ 4 ] ]) 1.14197731
0.724708253 :(1 [ 2 [ 3 [ 4 ] ] , 5 ],1 [ 2 [ 4 , 5 ] , 3 ]) 1.14197731
0.155859733 :(1 [ 2 [ 3 [ 4 ] ] , 5 ],1 [ 2 [ 4 , 5 ] , 3 ]) 1.14297731
0.788307067 :(1 [ 2 [ 3 [ 4 ] ] , 5 ],1 [ 2 [ 3 , 4 , 5 ] ]) 1.14197731
0.178919407 :(1 [ 2 [ 3 [ 4 ] ] , 5 ],1 [ 2 [ 3 , 4 , 5 ] ]) 1.14297731
1.192863063 :(1 [ 2 [ 3 [ 4 ] ] , 5 ],1 [ 2 [ 4 [ 3 ] , 5 ] ]) 1.14197731
0.942816531 :(1 [ 2 [ 3 [ 4 ] ] , 5 ],1 [ 2 [ 4 , 5 [ 3 ] ] ]) 1.14197731
0.154361184 :(1 [ 2 [ 3 [ 4 ] ] , 5 ],1 [ 2 [ 4 , 5 [ 3 ] ] ]) 1.14297731
0.666385033 :(1 [ 2 [ 3 [ 4 ] ] , 5 ],1 [ 2 [ 5 [ 3 ] ] , 4 ]) 1.14197731
0.152632446 :(1 [ 2 [ 3 [ 4 ] ] , 5 ],1 [ 2 [ 5 [ 3 ] ] , 4 ]) 1.14297731
2.634406933 :(1 [ 2 [ 3 [ 4 ] ] , 5 ],1 [ 2 [ 5 [ 3 [ 4 ] ] ] ]) 1.14197731
0.661707485 :(1 [ 2 [ 3 [ 4 ] ] , 5 ],1 [ 2 [ 5 [ 3 , 4 ] ] ]) 1.14197731
0.158400655 :(1 [ 2 [ 3 [ 4 ] ] , 5 ],1 [ 2 [ 5 [ 3 , 4 ] ] ]) 1.14297731
0.502710043 :(1 [ 2 [ 3 [ 4 ] ] , 5 ],1 [ 2 [ 3 , 5 [ 4 ] ] ]) 1.14197731
0.15934128 :(1 [ 2 [ 3 [ 4 ] ] , 5 ],1 [ 2 [ 3 , 5 [ 4 ] ] ]) 1.14297731
3.443922637 :(1 [ 2 [ 3 [ 4 ] ] , 5 ],1 [ 2 [ 5 [ 4 [ 3 ] ] ] ]) 1.14197731
1.819831424 :(1 [ 2 [ 3 [ 4 ] ] , 5 ],1 [ 2 [ 5 ] , 4 [ 3 ] ]) 1.14197731
0.154556759 :(1 [ 2 [ 3 [ 4 ] ] , 5 ],1 [ 2 [ 3 [ 4 ] , 5 ] ]) 1.14197731
0.705631926 :(1 [ 2 [ 3 [ 4 ] ] , 5 ],1 [ 2 [ 3 , 5 ] , 4 ]) 1.14197731
0.158345349 :(1 [ 2 [ 3 [ 4 ] ] , 5 ],1 [ 2 [ 3 , 5 ] , 4 ]) 1.14297731
0.158885315 :(1 [ 2 [ 3 [ 4 ] ] , 5 ],1 [ 2 [ 3 [ 5 ] ] , 4 ]) 1.14197731
0.173973369 :(1 [ 2 [ 3 [ 4 ] ] , 5 ],1 [ 2 [ 3 ] , 4 [ 5 ] ]) 1.14197731
0.170993111 :(1 [ 2 [ 3 [ 4 ] ] , 5 ],1 [ 2 [ 3 , 4 [ 5 ] ] ]) 1.14197731
0.159708407 :(1 [ 2 [ 3 [ 4 ] ] , 5 ],1 [ 2 [ 3 [ 4 [ 5 ] ] ] ]) 1.14197731
0.158398356 :(1 [ 2 [ 3 [ 4 ] ] , 5 ],1 [ 2 [ 3 [ 5 [ 4 ] ] ] ]) 1.14197731
0.152629469 :(1 [ 2 [ 3 [ 4 ] ] , 5 ],1 [ 2 [ 3 [ 5 ] , 4 ] ]) 1.14197731
0.154760013 :(1 [ 2 [ 3 [ 4 ] ] , 5 ],1 [ 2 [ 3 [ 4 , 5 ] ] ]) 1.14197731
0.171391893 :(1 [ 2 [ 3 [ 4 ] ] , 5 ],1 [ 2 , 4 [ 3 [ 5 ] ] ]) 1.14197731
0.15502635 :(1 [ 2 [ 3 [ 4 ] ] , 5 ],1 [ 2 [ 4 [ 3 [ 5 ] ] ] ]) 1.14197731
0.160315606 :(1 [ 2 [ 3 [ 4 ] ] , 5 ],1 [ 2 [ 4 [ 5 [ 3 ] ] ] ]) 1.14197731
0.155001766 :(1 [ 2 [ 3 [ 4 ] ] , 5 ],1 [ 2 , 4 [ 5 [ 3 ] ] ]) 1.14197731
0.155539008 :(1 [ 2 [ 3 [ 4 ] ] , 5 ],1 [ 2 , 4 [ 3 , 5 ] ]) 1.14197731
0.159205957 :(1 [ 2 [ 3 [ 4 ] ] , 5 ],1 [ 2 [ 4 [ 3 , 5 ] ] ]) 1.14197731
0.157679574 :(1 [ 2 [ 3 [ 4 ] ] , 5 ],1 [ 3 [ 4 [ 2 , 5 ] ] ]) 1.14197731
0.177627875 :(1 [ 2 [ 3 [ 4 ] ] , 5 ],1 [ 4 [ 2 , 3 , 5 ] ]) 1.14197731
4.258388119 :(1 [ 2 [ 3 [ 4 ] ] , 5 ],1 [ 5 [ 4 [ 2 , 3 ] ] ]) 1.14197731
3.704264649 :(1 [ 2 [ 3 [ 4 ] ] , 5 ],1 [ 5 [ 4 [ 3 [ 2 ] ] ] ]) 1.14197731
6.416621153 :(1 [ 2 [ 3 [ 4 ] ] , 5 ],1 [ 5 [ 2 , 4 [ 3 ] ] ]) 1.14197731
0.160743214 :(1 [ 2 [ 3 [ 4 ] ] , 5 ],1 [ 3 [ 4 [ 5 [ 2 ] ] ] ]) 1.14197731
0.155893514 :(1 [ 2 [ 3 [ 4 ] ] , 5 ],1 [ 4 [ 3 , 5 [ 2 ] ] ]) 1.14197731
0.160873631 :(1 [ 2 [ 3 [ 4 ] ] , 5 ],1 [ 4 [ 3 [ 2 ] , 5 ] ]) 1.14197731
0.156791216 :(1 [ 2 [ 3 [ 4 ] ] , 5 ],1 [ 3 [ 2 , 4 [ 5 ] ] ]) 1.14197731
0.162937442 :(1 [ 2 [ 3 [ 4 ] ] , 5 ],1 [ 3 [ 2 ] , 4 [ 5 ] ]) 1.14197731
9.04865268 :(1 [ 2 [ 3 [ 4 ] ] , 5 ],1 [ 3 [ 2 ] , 5 [ 4 ] ]) 1.14197731
0.157021364 :(1 [ 2 [ 3 [ 4 ] ] , 5 ],1 [ 3 [ 2 [ 4 [ 5 ] ] ] ]) 1.14197731
0.153854595 :(1 [ 2 [ 3 [ 4 ] ] , 5 ],1 [ 3 [ 2 [ 5 [ 4 ] ] ] ]) 1.14197731
0.163044198 :(1 [ 2 [ 3 [ 4 ] ] , 5 ],1 [ 3 [ 2 , 5 [ 4 ] ] ]) 1.14197731
0.183200607 :(1 [ 2 [ 3 [ 4 ] ] , 5 ],1 [ 4 [ 5 [ 3 [ 2 ] ] ] ]) 1.14197731
2.801842978 :(1 [ 2 [ 3 [ 4 ] ] , 5 ],1 [ 5 [ 3 [ 2 ] , 4 ] ]) 1.14197731
7.202304439 :(1 [ 2 [ 3 [ 4 ] ] , 5 ],1 [ 5 [ 4 [ 2 [ 3 ] ] ] ]) 1.14197731
0.813578682 :(1 [ 2 [ 3 [ 4 ] ] , 5 ],1 [ 5 [ 2 [ 3 ] , 4 ] ]) 1.14197731
12.69212438 :(1 [ 2 [ 3 [ 4 ] ] , 5 ],1 [ 5 [ 2 [ 3 ] , 4 ] ]) 1.14297731
0.156550309 :(1 [ 2 [ 3 [ 4 ] ] , 5 ],1 [ 4 [ 5 [ 2 [ 3 ] ] ] ]) 1.14197731
0.176146454 :(1 [ 2 [ 3 [ 4 ] ] , 5 ],1 [ 4 [ 2 [ 3 ] , 5 ] ]) 1.14197731
0.157199349 :(1 [ 2 [ 3 [ 4 ] ] , 5 ],1 [ 3 , 4 [ 2 , 5 ] ]) 1.14197731
0.155527271 :(1 [ 2 [ 3 [ 4 ] ] , 5 ],1 [ 4 [ 2 , 5 [ 3 ] ] ]) 1.14197731
0.161313498 :(1 [ 2 [ 3 [ 4 ] ] , 5 ],1 [ 4 [ 5 [ 2 , 3 ] ] ]) 1.14197731
0.153920466 :(1 [ 2 [ 3 [ 4 ] ] , 5 ],1 [ 3 , 4 [ 5 [ 2 ] ] ]) 1.14197731
0.712150629 :(1 [ 2 [ 3 [ 4 ] ] , 5 ],1 [ 3 , 5 [ 2 , 4 ] ]) 1.14197731
0.172440564 :(1 [ 2 [ 3 [ 4 ] ] , 5 ],1 [ 3 , 5 [ 2 , 4 ] ]) 1.14297731
0.160372965 :(1 [ 2 [ 3 [ 4 ] ] , 5 ],1 [ 3 [ 5 [ 2 , 4 ] ] ]) 1.14197731
0.683937408 :(1 [ 2 [ 3 [ 4 ] ] , 5 ],1 [ 5 [ 2 , 3 , 4 ] ]) 1.14197731
0.159200316 :(1 [ 2 [ 3 [ 4 ] ] , 5 ],1 [ 5 [ 2 , 3 , 4 ] ]) 1.14297731
0.163899452 :(1 [ 2 [ 3 [ 4 ] ] , 5 ],1 [ 5 [ 3 , 4 [ 2 ] ] ]) 1.14197731
0.179701927 :(1 [ 2 [ 3 [ 4 ] ] , 5 ],1 [ 3 [ 5 [ 4 [ 2 ] ] ] ]) 1.14197731
0.159359169 :(1 [ 2 [ 3 [ 4 ] ] , 5 ],1 [ 3 , 5 [ 4 [ 2 ] ] ]) 1.14197731
0.175983813 :(1 [ 2 [ 3 [ 4 ] ] , 5 ],1 [ 3 , 4 [ 2 ] , 5 ]) 1.14197731
2.05469474 :(1 [ 2 [ 3 [ 4 ] ] , 5 ],1 [ 3 [ 2 [ 4 ] ] , 5 ]) 1.14197731
1.027097971 :(1 [ 2 [ 3 [ 4 ] ] , 5 ],1 [ 3 , 5 [ 2 [ 4 ] ] ]) 1.14197731
6.678317613 :(1 [ 2 [ 3 [ 4 ] ] , 5 ],1 [ 3 , 5 [ 2 [ 4 ] ] ]) 1.14297731
0.241188677 :(1 [ 2 [ 3 [ 4 ] ] , 5 ],1 [ 3 [ 4 [ 2 ] ] , 5 ]) 1.14197731
0.163299403 :(1 [ 2 [ 3 [ 4 ] ] , 5 ],1 [ 3 [ 4 [ 2 [ 5 ] ] ] ]) 1.14197731
0.158336476 :(1 [ 2 [ 3 [ 4 ] ] , 5 ],1 [ 3 [ 4 [ 2 ] , 5 ] ]) 1.14197731
0.15687976 :(1 [ 2 [ 3 [ 4 ] ] , 5 ],1 [ 3 [ 5 ] , 4 [ 2 ] ]) 1.14197731
0.168637229 :(1 [ 2 [ 3 [ 4 ] ] , 5 ],1 [ 3 [ 2 [ 4 ] , 5 ] ]) 1.14197731
0.153875374 :(1 [ 2 [ 3 [ 4 ] ] , 5 ],1 [ 3 [ 5 [ 2 [ 4 ] ] ] ]) 1.14197731
0.157087642 :(1 [ 2 [ 3 [ 4 ] ] , 5 ],1 [ 3 , 4 [ 2 [ 5 ] ] ]) 1.14197731
0.151332501 :(1 [ 2 [ 3 [ 4 ] ] , 5 ],1 [ 3 [ 2 [ 4 , 5 ] ] ]) 1.14197731
0.155129835 :(1 [ 2 [ 3 [ 4 ] ] , 5 ],1 [ 4 [ 2 [ 3 , 5 ] ] ]) 1.14197731
0.627135796 :(1 [ 2 [ 3 [ 4 ] ] , 5 ],1 [ 5 [ 2 [ 3 , 4 ] ] ]) 1.14197731
2.190818453 :(1 [ 2 [ 3 [ 4 ] ] , 5 ],1 [ 5 [ 2 [ 3 , 4 ] ] ]) 1.14297731
0.600426145 :(1 [ 2 [ 3 [ 4 ] ] , 5 ],1 [ 5 [ 2 [ 4 [ 3 ] ] ] ]) 1.14197731
0.610134095 :(1 [ 2 [ 3 [ 4 ] ] , 5 ],1 [ 5 [ 2 [ 4 ] , 3 ] ]) 1.14197731
2.454774817 :(1 [ 2 [ 3 [ 4 ] ] , 5 ],1 [ 5 [ 2 [ 4 ] , 3 ] ]) 1.14297731
0.155370009 :(1 [ 2 [ 3 [ 4 ] ] , 5 ],1 [ 4 [ 2 [ 5 [ 3 ] ] ] ]) 1.14197731
0.154817505 :(1 [ 2 [ 3 [ 4 ] ] , 5 ],1 [ 4 [ 2 [ 5 ] , 3 ] ]) 1.14197731
4.626562615 :(1 [ 2 [ 3 [ 4 ] ] , 5 ],1 [ 4 [ 2 , 3 ] , 5 ]) 1.14197731
0.164880057 :(1 [ 2 [ 3 [ 4 ] ] , 5 ],1 [ 4 [ 2 , 3 [ 5 ] ] ]) 1.14197731
0.154976036 :(1 [ 2 [ 3 [ 4 ] ] , 5 ],1 [ 4 [ 2 ] , 5 [ 3 ] ]) 1.14197731
0.157472961 :(1 [ 2 [ 3 [ 4 ] ] , 5 ],1 [ 4 [ 2 [ 3 [ 5 ] ] ] ]) 1.14197731
10.311437184 :(1 [ 2 [ 3 [ 4 ] ] , 5 ],1 [ 4 [ 2 [ 3 ] ] , 5 ]) 1.14197731
1.583652044 :(1 [ 2 [ 3 [ 4 ] ] , 5 ],1 [ 5 [ 3 [ 2 [ 4 ] ] ] ]) 1.14197731
0.729582157 :(1 [ 2 [ 3 [ 4 ] ] , 5 ],1 [ 5 [ 3 [ 4 [ 2 ] ] ] ]) 1.14197731
2.685923118 :(1 [ 2 [ 3 [ 4 ] ] , 5 ],1 [ 5 [ 3 [ 2 , 4 ] ] ]) 1.14197731
4.65111046 :(1 [ 2 [ 3 [ 4 ] ] , 5 ],1 [ 5 [ 2 , 3 [ 4 ] ] ]) 1.14197731
0.766372671 :(1 [ 2 [ 3 [ 4 ] ] , 5 ],1 [ 4 , 5 [ 2 , 3 ] ]) 1.14197731
0.160600695 :(1 [ 2 [ 3 [ 4 ] ] , 5 ],1 [ 4 , 5 [ 2 , 3 ] ]) 1.14297731
6.820340187 :(1 [ 2 [ 3 [ 4 ] ] , 5 ],1 [ 4 , 5 [ 3 [ 2 ] ] ]) 1.14197731
4.814716524 :(1 [ 2 [ 3 [ 4 ] ] , 5 ],1 [ 3 [ 2 ] , 4 , 5 ]) 1.14197731
3.842812724 :(1 [ 2 [ 3 [ 4 ] ] , 5 ],1 [ 4 , 5 [ 2 [ 3 ] ] ]) 1.14197731
4.613563409 :(1 [ 2 [ 3 [ 4 ] ] , 5 ],1 [ 4 , 5 [ 2 [ 3 ] ] ]) 1.14297731
5.572614676 :(1 [ 2 [ 3 [ 4 ] ] , 5 ],1 [ 4 [ 3 [ 2 ] ] , 5 ]) 1.14197731
1.555169423 :(1 [ 2 [ 3 [ 4 ] ] , 5 ],1 [ 4 [ 3 ] , 5 [ 2 ] ]) 1.14197731
0.535861144 :(1 [ 2 [ 3 [ 4 ] ] , 5 ],1 [ 3 , 4 , 5 [ 2 ] ]) 1.14197731
0.15843568 :(1 [ 2 [ 3 [ 4 ] ] , 5 ],1 [ 3 , 4 , 5 [ 2 ] ]) 1.14297731
0.535560488 :(1 [ 2 [ 3 [ 4 ] ] , 5 ],1 [ 3 [ 4 ] , 5 [ 2 ] ]) 1.14197731
1.669059185 :(1 [ 2 [ 3 [ 4 ] ] , 5 ],1 [ 5 [ 2 [ 3 [ 4 ] ] ] ]) 1.14197731
5.436142483 :(1 [ 2 [ 3 [ 4 ] ] , 5 ],1 [ 3 [ 2 , 4 ] , 5 ]) 1.14197731
0.168601007 :(1 [ 2 [ 3 [ 4 ] ] , 5 ],1 [ 3 [ 2 [ 5 ] , 4 ] ]) 1.14197731
0.159595846 :(1 [ 2 [ 3 [ 4 ] ] , 5 ],1 [ 3 [ 2 , 4 , 5 ] ]) 1.14197731
0.16380729 :(1 [ 2 [ 3 [ 4 ] ] , 5 ],1 [ 4 [ 3 [ 2 , 5 ] ] ]) 1.14197731
0.160589947 :(1 [ 2 [ 3 [ 4 ] ] , 5 ],1 [ 4 [ 3 [ 2 [ 5 ] ] ] ]) 1.14197731
0.159857045 :(1 [ 2 [ 3 [ 4 ] ] , 5 ],1 [ 4 [ 3 [ 5 [ 2 ] ] ] ]) 1.14197731
0.159128106 :(1 [ 2 [ 3 [ 4 ] ] , 5 ],1 [ 3 [ 4 , 5 [ 2 ] ] ]) 1.14197731
0.155483973 :(1 [ 2 [ 3 [ 4 ] ] , 5 ],1 [ 3 [ 5 [ 2 ] ] , 4 ]) 1.14197731
0.154152881 :(1 [ 2 [ 3 [ 4 ] ] , 5 ],1 [ 3 [ 2 [ 5 ] ] , 4 ]) 1.14197731
0.154817655 :(1 [ 2 [ 3 [ 4 ] ] , 5 ],1 [ 3 [ 2 , 5 ] , 4 ]) 1.14197731
1.369717718 :(1 [ 2 [ 3 [ 4 ] , 5 ] ],1 [ 2 [ 3 , 5 ] , 4 ]) 1.14197731
0.15597533 :(1 [ 2 [ 3 [ 4 ] , 5 ] ],1 [ 2 [ 3 , 5 ] , 4 ]) 1.14297731
0.647857776 :(1 [ 2 [ 3 [ 4 ] , 5 ] ],1 [ 2 [ 3 , 4 , 5 ] ]) 1.14197731
0.150093306 :(1 [ 2 [ 3 [ 4 ] , 5 ] ],1 [ 2 [ 3 , 4 , 5 ] ]) 1.14297731
0.137066968 :(1 [ 2 [ 3 [ 4 ] , 5 ] ],1 [ 2 [ 3 [ 4 ] , 5 ] ]) 1.14197731
0.582334151 :(1 [ 2 [ 3 [ 4 ] , 5 ] ],1 [ 2 [ 3 , 5 [ 4 ] ] ]) 1.14197731
0.157982171 :(1 [ 2 [ 3 [ 4 ] , 5 ] ],1 [ 2 [ 3 , 5 [ 4 ] ] ]) 1.14297731
0.153664074 :(1 [ 2 [ 3 [ 4 ] , 5 ] ],1 [ 2 [ 3 ] , 4 [ 5 ] ]) 1.14197731
0.739043286 :(1 [ 2 [ 3 [ 4 ] , 5 ] ],1 [ 2 [ 3 ] , 5 [ 4 ] ]) 1.14197731
0.157118806 :(1 [ 2 [ 3 [ 4 ] , 5 ] ],1 [ 2 [ 3 ] , 5 [ 4 ] ]) 1.14297731
0.150491104 :(1 [ 2 [ 3 [ 4 ] , 5 ] ],1 [ 2 [ 3 , 4 [ 5 ] ] ]) 1.14197731
0.158996658 :(1 [ 2 [ 3 [ 4 ] , 5 ] ],1 [ 2 [ 3 [ 4 [ 5 ] ] ] ]) 1.14197731
0.161230087 :(1 [ 2 [ 3 [ 4 ] , 5 ] ],1 [ 2 [ 3 [ 5 [ 4 ] ] ] ]) 1.14197731
0.152326339 :(1 [ 2 [ 3 [ 4 ] , 5 ] ],1 [ 2 [ 3 [ 5 ] ] , 4 ]) 1.14197731
0.155658232 :(1 [ 2 [ 3 [ 4 ] , 5 ] ],1 [ 2 [ 3 [ 5 ] , 4 ] ]) 1.14197731
0.155539099 :(1 [ 2 [ 3 [ 4 ] , 5 ] ],1 [ 2 [ 3 [ 4 , 5 ] ] ]) 1.14197731
0.156532425 :(1 [ 2 [ 3 [ 4 ] , 5 ] ],1 [ 2 [ 3 [ 4 ] ] , 5 ]) 1.14197731
0.822838043 :(1 [ 2 [ 3 [ 4 ] , 5 ] ],1 [ 2 [ 3 ] , 4 , 5 ]) 1.14197731
0.160275591 :(1 [ 2 [ 3 [ 4 ] , 5 ] ],1 [ 2 [ 3 ] , 4 , 5 ]) 1.14297731
0.614406296 :(1 [ 2 [ 3 [ 4 ] , 5 ] ],1 [ 2 [ 3 , 4 ] , 5 ]) 1.14197731
0.150262428 :(1 [ 2 [ 3 [ 4 ] , 5 ] ],1 [ 2 [ 3 , 4 ] , 5 ]) 1.14297731
0.913781061 :(1 [ 2 [ 3 [ 4 ] , 5 ] ],1 [ 2 [ 4 ] , 3 , 5 ]) 1.14197731
0.158732046 :(1 [ 2 [ 3 [ 4 ] , 5 ] ],1 [ 2 [ 4 ] , 3 , 5 ]) 1.14297731
3.624325614 :(1 [ 2 [ 3 [ 4 ] , 5 ] ],1 [ 2 [ 4 [ 3 ] ] , 5 ]) 1.14197731
0.751787772 :(1 [ 2 [ 3 [ 4 ] , 5 ] ],1 [ 2 [ 4 ] , 5 [ 3 ] ]) 1.14197731
0.157030744 :(1 [ 2 [ 3 [ 4 ] , 5 ] ],1 [ 2 [ 4 ] , 5 [ 3 ] ]) 1.14297731
0.599209192 :(1 [ 2 [ 3 [ 4 ] , 5 ] ],1 [ 2 , 4 , 5 [ 3 ] ]) 1.14197731
9.295419762 :(1 [ 2 [ 3 [ 4 ] , 5 ] ],1 [ 2 , 4 , 5 [ 3 ] ]) 1.14297731
11.423335584 :(1 [ 2 [ 3 [ 4 ] , 5 ] ],1 [ 2 , 5 [ 3 [ 4 ] ] ]) 1.14197731
0.835701946 :(1 [ 2 [ 3 [ 4 ] , 5 ] ],1 [ 2 , 5 [ 3 , 4 ] ]) 1.14197731
19.173958143 :(1 [ 2 [ 3 [ 4 ] , 5 ] ],1 [ 2 , 5 [ 3 , 4 ] ]) 1.14297731
0.713454477 :(1 [ 2 [ 3 [ 4 ] , 5 ] ],1 [ 2 , 3 , 5 [ 4 ] ]) 1.14197731
4.913183058 :(1 [ 2 [ 3 [ 4 ] , 5 ] ],1 [ 2 , 3 , 5 [ 4 ] ]) 1.14297731
7.643296014 :(1 [ 2 [ 3 [ 4 ] , 5 ] ],1 [ 2 , 5 [ 4 [ 3 ] ] ]) 1.14197731
17.494877971 :(1 [ 2 [ 3 [ 4 ] , 5 ] ],1 [ 2 , 3 [ 4 ] , 5 ]) 1.14197731
11.09416419 :(1 [ 2 [ 3 [ 4 ] , 5 ] ],1 [ 2 , 4 [ 3 ] , 5 ]) 1.14197731
0.900658126 :(1 [ 2 [ 3 [ 4 ] , 5 ] ],1 [ 2 , 3 , 4 , 5 ]) 1.14197731
4.958321246 :(1 [ 2 [ 3 [ 4 ] , 5 ] ],1 [ 2 , 3 , 4 , 5 ]) 1.14297731
12.313751484 :(1 [ 2 [ 3 [ 4 ] , 5 ] ],1 [ 2 , 3 , 4 , 5 ]) 1.14397731
14.160593079 :(1 [ 2 [ 3 [ 4 ] , 5 ] ],1 [ 2 , 3 , 4 , 5 ]) 1.14555245
6.733821424 :(1 [ 2 [ 3 [ 4 ] , 5 ] ],1 [ 2 , 3 , 4 , 5 ]) 1.14655245
22.868355275 :(1 [ 2 [ 3 [ 4 ] , 5 ] ],1 [ 2 , 3 , 4 , 5 ]) 1.14755245
8.769398868 :(1 [ 2 [ 3 [ 4 ] , 5 ] ],1 [ 2 , 3 , 4 , 5 ]) 1.14855245
8.718883326 :(1 [ 2 [ 3 [ 4 ] , 5 ] ],1 [ 2 , 3 , 4 , 5 ]) 1.14955245
16.824222783 :(1 [ 2 [ 3 [ 4 ] , 5 ] ],1 [ 2 , 3 , 4 , 5 ]) 1.15055245
9.152570487 :(1 [ 2 [ 3 [ 4 ] , 5 ] ],1 [ 2 , 3 , 4 , 5 ]) 1.15469386
2.992240511 :(1 [ 2 [ 3 [ 4 ] , 5 ] ],1 [ 2 , 3 , 4 , 5 ]) 1.15569386
12.273529649 :(1 [ 2 [ 3 [ 4 ] , 5 ] ],1 [ 2 , 3 , 4 , 5 ]) 1.15669386
13.6535827 :(1 [ 2 [ 3 [ 4 ] , 5 ] ],1 [ 2 , 3 , 4 , 5 ]) 1.15769386
6.004244334 :(1 [ 2 [ 3 [ 4 ] , 5 ] ],1 [ 2 , 3 , 4 , 5 ]) 1.15869386
0.151080052 :(1 [ 2 [ 3 [ 4 ] , 5 ] ],1 [ 2 [ 5 ] , 3 , 4 ]) 1.15769386
2.150516441 :(1 [ 2 [ 3 [ 4 ] , 5 ] ],1 [ 2 , 3 [ 5 ] , 4 ]) 1.15769386
1.484803114 :(1 [ 2 [ 3 [ 4 ] , 5 ] ],1 [ 2 , 3 , 4 [ 5 ] ]) 1.15769386
4.873989387 :(1 [ 2 [ 3 [ 4 ] , 5 ] ],1 [ 2 , 4 [ 3 , 5 ] ]) 1.15769386
0.162382294 :(1 [ 2 [ 3 [ 4 ] , 5 ] ],1 [ 2 , 4 [ 5 [ 3 ] ] ]) 1.15769386
0.160083578 :(1 [ 2 [ 3 [ 4 ] , 5 ] ],1 [ 2 [ 5 [ 3 ] ] , 4 ]) 1.15769386
4.856139781 :(1 [ 2 [ 3 [ 4 ] , 5 ] ],1 [ 2 , 4 [ 3 [ 5 ] ] ]) 1.15769386
2.678513117 :(1 [ 2 [ 3 [ 4 ] , 5 ] ],1 [ 2 [ 5 ] , 4 [ 3 ] ]) 1.15769386
2.134396375 :(1 [ 2 [ 3 [ 4 ] , 5 ] ],1 [ 2 [ 5 ] , 3 [ 4 ] ]) 1.15769386
0.991517068 :(1 [ 2 [ 3 [ 4 ] , 5 ] ],1 [ 2 [ 4 [ 3 ] , 5 ] ]) 1.15769386
2.636952251 :(1 [ 2 [ 3 [ 4 ] , 5 ] ],1 [ 2 [ 5 [ 3 [ 4 ] ] ] ]) 1.15769386
2.826049085 :(1 [ 2 [ 3 [ 4 ] , 5 ] ],1 [ 2 [ 5 [ 4 [ 3 ] ] ] ]) 1.15769386
8.468232398 :(1 [ 2 [ 3 [ 4 ] , 5 ] ],1 [ 2 , 3 [ 4 [ 5 ] ] ]) 1.15769386
0.156157591 :(1 [ 2 [ 3 [ 4 ] , 5 ] ],1 [ 2 [ 4 [ 3 , 5 ] ] ]) 1.15769386
0.158876755 :(1 [ 2 [ 3 [ 4 ] , 5 ] ],1 [ 2 [ 4 [ 3 [ 5 ] ] ] ]) 1.15769386
10.599987765 :(1 [ 2 [ 3 [ 4 ] , 5 ] ],1 [ 2 , 3 [ 4 , 5 ] ]) 1.15769386
0.163155508 :(1 [ 2 [ 3 [ 4 ] , 5 ] ],1 [ 2 [ 4 ] , 3 [ 5 ] ]) 1.15769386
0.158006083 :(1 [ 2 [ 3 [ 4 ] , 5 ] ],1 [ 2 , 3 [ 5 [ 4 ] ] ]) 1.15769386
0.155896289 :(1 [ 2 [ 3 [ 4 ] , 5 ] ],1 [ 2 [ 4 [ 5 [ 3 ] ] ] ]) 1.15769386
0.15292135 :(1 [ 2 [ 3 [ 4 ] , 5 ] ],1 [ 2 [ 5 [ 3 , 4 ] ] ]) 1.15769386
0.152832328 :(1 [ 2 [ 3 [ 4 ] , 5 ] ],1 [ 2 [ 4 , 5 [ 3 ] ] ]) 1.15769386
0.173402057 :(1 [ 2 [ 3 [ 4 ] , 5 ] ],1 [ 2 [ 4 , 5 ] , 3 ]) 1.15769386
0.153174947 :(1 [ 2 [ 3 [ 4 ] , 5 ] ],1 [ 2 [ 5 [ 4 ] ] , 3 ]) 1.15769386
0.161681039 :(1 [ 2 [ 3 [ 4 ] , 5 ] ],1 [ 2 [ 4 [ 5 ] ] , 3 ]) 1.15769386
0.154958966 :(1 [ 2 [ 3 [ 4 ] , 5 ] ],1 [ 3 , 4 [ 2 , 5 ] ]) 1.15769386
0.168348034 :(1 [ 2 [ 3 [ 4 ] , 5 ] ],1 [ 3 , 5 [ 4 [ 2 ] ] ]) 1.15769386
0.266728719 :(1 [ 2 [ 3 [ 4 ] , 5 ] ],1 [ 3 [ 2 [ 4 [ 5 ] ] ] ]) 1.15769386
1.428663847 :(1 [ 2 [ 3 [ 4 ] , 5 ] ],1 [ 3 [ 4 [ 2 , 5 ] ] ]) 1.15769386
0.178250412 :(1 [ 2 [ 3 [ 4 ] , 5 ] ],1 [ 3 [ 5 [ 4 [ 2 ] ] ] ]) 1.15769386
0.277631164 :(1 [ 2 [ 3 [ 4 ] , 5 ] ],1 [ 3 [ 2 , 5 [ 4 ] ] ]) 1.15769386
0.486960101 :(1 [ 2 [ 3 [ 4 ] , 5 ] ],1 [ 3 [ 5 [ 2 , 4 ] ] ]) 1.15769386
0.163381651 :(1 [ 2 [ 3 [ 4 ] , 5 ] ],1 [ 3 , 4 [ 5 [ 2 ] ] ]) 1.15769386
10.717726961 :(1 [ 2 [ 3 [ 4 ] , 5 ] ],1 [ 3 , 5 [ 2 , 4 ] ]) 1.15769386
0.264574704 :(1 [ 2 [ 3 [ 4 ] , 5 ] ],1 [ 3 [ 2 [ 5 [ 4 ] ] ] ]) 1.15769386
2.266435819 :(1 [ 2 [ 3 [ 4 ] , 5 ] ],1 [ 3 [ 4 [ 5 [ 2 ] ] ] ]) 1.15769386
11.861238015 :(1 [ 2 [ 3 [ 4 ] , 5 ] ],1 [ 3 [ 2 , 4 [ 5 ] ] ]) 1.15769386
24.269681882 :(1 [ 2 [ 3 [ 4 ] , 5 ] ],1 [ 3 [ 2 ] , 4 [ 5 ] ]) 1.15769386
9.76512177 :(1 [ 2 [ 3 [ 4 ] , 5 ] ],1 [ 3 [ 2 ] , 5 [ 4 ] ]) 1.15769386
25.917883992 :(1 [ 2 [ 3 [ 4 ] , 5 ] ],1 [ 3 [ 2 ] , 4 , 5 ]) 1.15769386
1.786757522 :(1 [ 2 [ 3 [ 4 ] , 5 ] ],1 [ 3 [ 2 [ 4 ] ] , 5 ]) 1.15769386
27.502810197 :(1 [ 2 [ 3 [ 4 ] , 5 ] ],1 [ 3 [ 2 , 4 ] , 5 ]) 1.15769386
13.360728634 :(1 [ 2 [ 3 [ 4 ] , 5 ] ],1 [ 3 [ 2 [ 5 ] , 4 ] ]) 1.15769386
17.290055508 :(1 [ 2 [ 3 [ 4 ] , 5 ] ],1 [ 3 [ 2 , 4 , 5 ] ]) 1.15769386
9.022717467 :(1 [ 2 [ 3 [ 4 ] , 5 ] ],1 [ 3 [ 2 , 5 ] , 4 ]) 1.15769386
0.819040547 :(1 [ 2 [ 3 [ 4 ] , 5 ] ],1 [ 3 [ 2 [ 4 ] , 5 ] ]) 1.15769386
0.693547159 :(1 [ 2 [ 3 [ 4 ] , 5 ] ],1 [ 3 [ 2 [ 4 , 5 ] ] ]) 1.15769386
14.015492191 :(1 [ 2 [ 3 [ 4 ] , 5 ] ],1 [ 3 [ 2 [ 5 ] ] , 4 ]) 1.15769386
5.316209547 :(1 [ 2 [ 3 [ 4 ] , 5 ] ],1 [ 3 , 4 , 5 [ 2 ] ]) 1.15769386
0.157707305 :(1 [ 2 [ 3 [ 4 ] , 5 ] ],1 [ 3 , 4 [ 2 [ 5 ] ] ]) 1.15769386
5.434816901 :(1 [ 2 [ 3 [ 4 ] , 5 ] ],1 [ 3 [ 5 [ 2 ] ] , 4 ]) 1.15769386
0.57311066 :(1 [ 2 [ 3 [ 4 ] , 5 ] ],1 [ 3 [ 5 [ 2 [ 4 ] ] ] ]) 1.15769386
4.90200576 :(1 [ 2 [ 3 [ 4 ] , 5 ] ],1 [ 3 [ 4 , 5 [ 2 ] ] ]) 1.15769386
17.705077543 :(1 [ 2 [ 3 [ 4 ] , 5 ] ],1 [ 3 [ 4 ] , 5 [ 2 ] ]) 1.15769386
6.649590054 :(1 [ 2 [ 3 [ 4 ] , 5 ] ],1 [ 3 [ 4 [ 2 [ 5 ] ] ] ]) 1.15769386
1.629038088 :(1 [ 2 [ 3 [ 4 ] , 5 ] ],1 [ 3 , 5 [ 2 [ 4 ] ] ]) 1.15769386
0.153228897 :(1 [ 2 [ 3 [ 4 ] , 5 ] ],1 [ 3 , 4 [ 2 ] , 5 ]) 1.15769386
0.729728103 :(1 [ 2 [ 3 [ 4 ] , 5 ] ],1 [ 3 [ 4 [ 2 ] ] , 5 ]) 1.15769386
0.729746402 :(1 [ 2 [ 3 [ 4 ] , 5 ] ],1 [ 3 [ 4 [ 2 ] , 5 ] ]) 1.15769386
0.161594787 :(1 [ 2 [ 3 [ 4 ] , 5 ] ],1 [ 3 [ 5 ] , 4 [ 2 ] ]) 1.15769386
0.16195446 :(1 [ 2 [ 3 [ 4 ] , 5 ] ],1 [ 4 [ 2 ] , 5 [ 3 ] ]) 1.15769386
1.938267555 :(1 [ 2 [ 3 [ 4 ] , 5 ] ],1 [ 4 [ 2 [ 3 [ 5 ] ] ] ]) 1.15769386
1.589669835 :(1 [ 2 [ 3 [ 4 ] , 5 ] ],1 [ 4 [ 2 [ 5 [ 3 ] ] ] ]) 1.15769386
1.248771721 :(1 [ 2 [ 3 [ 4 ] , 5 ] ],1 [ 4 [ 2 , 3 [ 5 ] ] ]) 1.15769386
0.201552497 :(1 [ 2 [ 3 [ 4 ] , 5 ] ],1 [ 4 [ 2 , 5 [ 3 ] ] ]) 1.15769386
0.193741256 :(1 [ 2 [ 3 [ 4 ] , 5 ] ],1 [ 5 [ 3 , 4 [ 2 ] ] ]) 1.15769386
1.273933074 :(1 [ 2 [ 3 [ 4 ] , 5 ] ],1 [ 5 [ 3 [ 2 [ 4 ] ] ] ]) 1.15769386
4.259804897 :(1 [ 2 [ 3 [ 4 ] , 5 ] ],1 [ 5 [ 2 [ 4 ] , 3 ] ]) 1.15769386
2.712159186 :(1 [ 2 [ 3 [ 4 ] , 5 ] ],1 [ 5 [ 3 [ 4 [ 2 ] ] ] ]) 1.15769386
1.74032281 :(1 [ 2 [ 3 [ 4 ] , 5 ] ],1 [ 4 [ 2 , 3 ] , 5 ]) 1.15769386
1.502367178 :(1 [ 2 [ 3 [ 4 ] , 5 ] ],1 [ 5 [ 2 [ 4 [ 3 ] ] ] ]) 1.15769386
3.086935166 :(1 [ 2 [ 3 [ 4 ] , 5 ] ],1 [ 5 [ 4 [ 2 , 3 ] ] ]) 1.15769386
18.475194591 :(1 [ 2 [ 3 [ 4 ] , 5 ] ],1 [ 5 [ 4 [ 2 [ 3 ] ] ] ]) 1.15769386
16.250519738 :(1 [ 2 [ 3 [ 4 ] , 5 ] ],1 [ 4 [ 2 [ 3 ] ] , 5 ]) 1.15769386
3.002858196 :(1 [ 2 [ 3 [ 4 ] , 5 ] ],1 [ 5 [ 2 [ 3 , 4 ] ] ]) 1.15769386
10.917236488 :(1 [ 2 [ 3 [ 4 ] , 5 ] ],1 [ 4 [ 2 [ 3 , 5 ] ] ]) 1.15769386
15.10663342 :(1 [ 2 [ 3 [ 4 ] , 5 ] ],1 [ 4 [ 2 [ 3 ] , 5 ] ]) 1.15769386
1.405079179 :(1 [ 2 [ 3 [ 4 ] , 5 ] ],1 [ 4 [ 2 , 3 , 5 ] ]) 1.15769386
22.180652572 :(1 [ 2 [ 3 [ 4 ] , 5 ] ],1 [ 4 [ 2 [ 5 ] , 3 ] ]) 1.15769386
20.7317939 :(1 [ 2 [ 3 [ 4 ] , 5 ] ],1 [ 4 [ 3 ] , 5 [ 2 ] ]) 1.15769386
8.301907382 :(1 [ 2 [ 3 [ 4 ] , 5 ] ],1 [ 4 [ 3 [ 2 [ 5 ] ] ] ]) 1.15769386
5.152553978 :(1 [ 2 [ 3 [ 4 ] , 5 ] ],1 [ 4 [ 3 [ 5 [ 2 ] ] ] ]) 1.15769386
6.275958428 :(1 [ 2 [ 3 [ 4 ] , 5 ] ],1 [ 4 [ 3 , 5 [ 2 ] ] ]) 1.15769386
8.842018649 :(1 [ 2 [ 3 [ 4 ] , 5 ] ],1 [ 4 [ 3 [ 2 ] , 5 ] ]) 1.15769386
11.171674708 :(1 [ 2 [ 3 [ 4 ] , 5 ] ],1 [ 4 [ 3 [ 2 ] ] , 5 ]) 1.15769386
3.160598263 :(1 [ 2 [ 3 [ 4 ] , 5 ] ],1 [ 4 [ 3 [ 2 , 5 ] ] ]) 1.15769386
26.639848958 :(1 [ 2 [ 3 [ 4 ] , 5 ] ],1 [ 4 , 5 [ 3 [ 2 ] ] ]) 1.15769386
11.131443793 :(1 [ 2 [ 3 [ 4 ] , 5 ] ],1 [ 4 [ 5 [ 3 [ 2 ] ] ] ]) 1.15769386
10.887323106 :(1 [ 2 [ 3 [ 4 ] , 5 ] ],1 [ 4 [ 5 [ 2 [ 3 ] ] ] ]) 1.15769386
7.182594798 :(1 [ 2 [ 3 [ 4 ] , 5 ] ],1 [ 4 , 5 [ 2 [ 3 ] ] ]) 1.15769386
16.313908742 :(1 [ 2 [ 3 [ 4 ] , 5 ] ],1 [ 4 , 5 [ 2 , 3 ] ]) 1.15769386
7.081758528 :(1 [ 2 [ 3 [ 4 ] , 5 ] ],1 [ 4 [ 5 [ 2 , 3 ] ] ]) 1.15769386
11.378081817 :(1 [ 2 [ 3 [ 4 ] , 5 ] ],1 [ 5 [ 2 , 3 , 4 ] ]) 1.15769386
10.693484695 :(1 [ 2 [ 3 [ 4 ] , 5 ] ],1 [ 5 [ 2 , 3 [ 4 ] ] ]) 1.15769386
4.040221052 :(1 [ 2 [ 3 [ 4 ] , 5 ] ],1 [ 5 [ 2 [ 3 [ 4 ] ] ] ]) 1.15769386
23.667045508 :(1 [ 2 [ 3 [ 4 ] , 5 ] ],1 [ 5 [ 2 , 4 [ 3 ] ] ]) 1.15769386
13.884982638 :(1 [ 2 [ 3 [ 4 ] , 5 ] ],1 [ 5 [ 2 [ 3 ] , 4 ] ]) 1.15769386
3.281812946 :(1 [ 2 [ 3 [ 4 ] , 5 ] ],1 [ 5 [ 4 [ 3 [ 2 ] ] ] ]) 1.15769386
15.695277016 :(1 [ 2 [ 3 [ 4 ] , 5 ] ],1 [ 5 [ 3 [ 2 ] , 4 ] ]) 1.15769386
8.050321548 :(1 [ 2 [ 3 [ 4 ] , 5 ] ],1 [ 5 [ 3 [ 2 , 4 ] ] ]) 1.15769386
0.1573209 :(1 [ 2 [ 3 [ 4 , 5 ] ] ],1 [ 2 [ 3 [ 4 ] ] , 5 ]) 1.15769386
0.150178872 :(1 [ 2 [ 3 [ 4 , 5 ] ] ],1 [ 2 [ 3 [ 4 ] , 5 ] ]) 1.15769386
0.136699944 :(1 [ 2 [ 3 [ 4 , 5 ] ] ],1 [ 2 [ 3 [ 4 , 5 ] ] ]) 1.15769386
0.153723622 :(1 [ 2 [ 3 [ 4 , 5 ] ] ],1 [ 2 [ 3 [ 4 [ 5 ] ] ] ]) 1.15769386
0.15752111 :(1 [ 2 [ 3 [ 4 , 5 ] ] ],1 [ 2 [ 3 ] , 4 [ 5 ] ]) 1.15769386
0.161967887 :(1 [ 2 [ 3 [ 4 , 5 ] ] ],1 [ 2 [ 3 ] , 5 [ 4 ] ]) 1.15769386
0.154696455 :(1 [ 2 [ 3 [ 4 , 5 ] ] ],1 [ 2 [ 3 , 4 [ 5 ] ] ]) 1.15769386
0.152913745 :(1 [ 2 [ 3 [ 4 , 5 ] ] ],1 [ 2 [ 3 , 5 [ 4 ] ] ]) 1.15769386
0.154387925 :(1 [ 2 [ 3 [ 4 , 5 ] ] ],1 [ 2 [ 3 [ 5 [ 4 ] ] ] ]) 1.15769386
0.158145238 :(1 [ 2 [ 3 [ 4 , 5 ] ] ],1 [ 2 [ 3 [ 5 ] ] , 4 ]) 1.15769386
0.157224401 :(1 [ 2 [ 3 [ 4 , 5 ] ] ],1 [ 2 [ 3 [ 5 ] , 4 ] ]) 1.15769386
4.49674879 :(1 [ 2 [ 3 [ 4 , 5 ] ] ],1 [ 2 [ 3 , 4 ] , 5 ]) 1.15769386
5.274764201 :(1 [ 2 [ 3 [ 4 , 5 ] ] ],1 [ 2 [ 3 , 4 ] , 5 ]) 1.15869386
2.729501052 :(1 [ 2 [ 3 [ 4 , 5 ] ] ],1 [ 2 [ 3 , 4 ] , 5 ]) 1.15969386
3.510096737 :(1 [ 2 [ 3 [ 4 , 5 ] ] ],1 [ 2 [ 3 , 4 ] , 5 ]) 1.16069386
6.540331809 :(1 [ 2 [ 3 [ 4 , 5 ] ] ],1 [ 2 [ 3 , 4 ] , 5 ]) 1.16169386
3.375431758 :(1 [ 2 [ 3 [ 4 , 5 ] ] ],1 [ 2 [ 3 , 4 ] , 5 ]) 1.16269386
4.794968373 :(1 [ 2 [ 3 [ 4 , 5 ] ] ],1 [ 2 [ 3 , 4 ] , 5 ]) 1.16369386
3.951832533 :(1 [ 2 [ 3 [ 4 , 5 ] ] ],1 [ 2 [ 3 , 4 ] , 5 ]) 1.16469386
4.234287682 :(1 [ 2 [ 3 [ 4 , 5 ] ] ],1 [ 2 [ 3 , 4 , 5 ] ]) 1.16369386
1.56117621 :(1 [ 2 [ 3 [ 4 , 5 ] ] ],1 [ 2 [ 3 , 4 , 5 ] ]) 1.16469386
6.826177746 :(1 [ 2 [ 3 [ 4 , 5 ] ] ],1 [ 2 [ 3 , 5 ] , 4 ]) 1.16369386
3.791650467 :(1 [ 2 [ 3 [ 4 , 5 ] ] ],1 [ 2 [ 3 , 5 ] , 4 ]) 1.16469386
5.057152036 :(1 [ 2 [ 3 [ 4 , 5 ] ] ],1 [ 2 [ 3 ] , 4 , 5 ]) 1.16369386
3.058637204 :(1 [ 2 [ 3 [ 4 , 5 ] ] ],1 [ 2 [ 3 ] , 4 , 5 ]) 1.16469386
2.283440857 :(1 [ 2 [ 3 [ 4 , 5 ] ] ],1 [ 2 , 3 , 4 , 5 ]) 1.16369386
1.92222696 :(1 [ 2 [ 3 [ 4 , 5 ] ] ],1 [ 2 , 3 , 4 , 5 ]) 1.16469386
21.555841548 :(1 [ 2 [ 3 [ 4 , 5 ] ] ],1 [ 2 , 4 [ 3 ] , 5 ]) 1.16369386
17.754933371 :(1 [ 2 [ 3 [ 4 , 5 ] ] ],1 [ 2 , 4 , 5 [ 3 ] ]) 1.16369386
28.562567673 :(1 [ 2 [ 3 [ 4 , 5 ] ] ],1 [ 2 , 3 [ 5 ] , 4 ]) 1.16369386
1.795324657 :(1 [ 2 [ 3 [ 4 , 5 ] ] ],1 [ 2 [ 5 [ 3 ] ] , 4 ]) 1.16369386
14.06396241 :(1 [ 2 [ 3 [ 4 , 5 ] ] ],1 [ 2 , 4 [ 3 [ 5 ] ] ]) 1.16369386
2.778290763 :(1 [ 2 [ 3 [ 4 , 5 ] ] ],1 [ 2 , 4 [ 5 [ 3 ] ] ]) 1.16369386
0.174362597 :(1 [ 2 [ 3 [ 4 , 5 ] ] ],1 [ 2 , 3 , 4 [ 5 ] ]) 1.16369386
32.418593869 :(1 [ 2 [ 3 [ 4 , 5 ] ] ],1 [ 2 , 4 [ 3 , 5 ] ]) 1.16369386
3.115187721 :(1 [ 2 [ 3 [ 4 , 5 ] ] ],1 [ 2 [ 5 ] , 4 [ 3 ] ]) 1.16369386
2.495776126 :(1 [ 2 [ 3 [ 4 , 5 ] ] ],1 [ 2 [ 5 ] , 3 , 4 ]) 1.16369386
0.993412974 :(1 [ 2 [ 3 [ 4 , 5 ] ] ],1 [ 2 [ 5 ] , 3 , 4 ]) 1.16469386
2.582023148 :(1 [ 2 [ 3 [ 4 , 5 ] ] ],1 [ 2 [ 4 , 5 ] , 3 ]) 1.16369386
0.387513203 :(1 [ 2 [ 3 [ 4 , 5 ] ] ],1 [ 2 [ 4 , 5 ] , 3 ]) 1.16469386
3.793795902 :(1 [ 2 [ 3 [ 4 , 5 ] ] ],1 [ 2 [ 5 ] , 3 [ 4 ] ]) 1.16369386
0.189085751 :(1 [ 2 [ 3 [ 4 , 5 ] ] ],1 [ 2 [ 5 [ 4 ] ] , 3 ]) 1.16369386
1.795506597 :(1 [ 2 [ 3 [ 4 , 5 ] ] ],1 [ 2 [ 5 [ 4 [ 3 ] ] ] ]) 1.16369386
3.624968916 :(1 [ 2 [ 3 [ 4 , 5 ] ] ],1 [ 2 [ 5 [ 3 , 4 ] ] ]) 1.16369386
1.294080399 :(1 [ 2 [ 3 [ 4 , 5 ] ] ],1 [ 2 [ 4 , 5 [ 3 ] ] ]) 1.16369386
2.613831823 :(1 [ 2 [ 3 [ 4 , 5 ] ] ],1 [ 2 [ 5 [ 3 [ 4 ] ] ] ]) 1.16369386
1.64267202 :(1 [ 2 [ 3 [ 4 , 5 ] ] ],1 [ 2 [ 4 [ 3 ] , 5 ] ]) 1.16369386
4.120408722 :(1 [ 2 [ 3 [ 4 , 5 ] ] ],1 [ 2 [ 4 [ 3 ] ] , 5 ]) 1.16369386
6.377090233 :(1 [ 2 [ 3 [ 4 , 5 ] ] ],1 [ 2 [ 4 [ 3 [ 5 ] ] ] ]) 1.16369386
2.474634698 :(1 [ 2 [ 3 [ 4 , 5 ] ] ],1 [ 2 [ 4 [ 3 , 5 ] ] ]) 1.16369386
3.334093045 :(1 [ 2 [ 3 [ 4 , 5 ] ] ],1 [ 2 , 3 [ 4 [ 5 ] ] ]) 1.16369386
5.846583858 :(1 [ 2 [ 3 [ 4 , 5 ] ] ],1 [ 2 , 5 [ 4 [ 3 ] ] ]) 1.16369386
36.644071573 :(1 [ 2 [ 3 [ 4 , 5 ] ] ],1 [ 2 , 3 [ 4 ] , 5 ]) 1.16369386
13.760789755 :(1 [ 2 [ 3 [ 4 , 5 ] ] ],1 [ 2 , 5 [ 3 [ 4 ] ] ]) 1.16369386
19.896348603 :(1 [ 2 [ 3 [ 4 , 5 ] ] ],1 [ 2 , 3 [ 4 , 5 ] ]) 1.16369386
3.796080663 :(1 [ 2 [ 3 [ 4 , 5 ] ] ],1 [ 2 [ 4 ] , 3 [ 5 ] ]) 1.16369386
1.984513763 :(1 [ 2 [ 3 [ 4 , 5 ] ] ],1 [ 2 , 3 [ 5 [ 4 ] ] ]) 1.16369386
11.796771758 :(1 [ 2 [ 3 [ 4 , 5 ] ] ],1 [ 2 , 5 [ 3 , 4 ] ]) 1.16369386
3.99390603 :(1 [ 2 [ 3 [ 4 , 5 ] ] ],1 [ 2 [ 4 [ 5 [ 3 ] ] ] ]) 1.16369386
6.189501058 :(1 [ 2 [ 3 [ 4 , 5 ] ] ],1 [ 2 [ 4 ] , 5 [ 3 ] ]) 1.16369386
4.023096911 :(1 [ 2 [ 3 [ 4 , 5 ] ] ],1 [ 2 [ 4 ] , 3 , 5 ]) 1.16369386
1.088582504 :(1 [ 2 [ 3 [ 4 , 5 ] ] ],1 [ 2 [ 4 ] , 3 , 5 ]) 1.16469386
0.166010049 :(1 [ 2 [ 3 [ 4 , 5 ] ] ],1 [ 2 [ 4 [ 5 ] ] , 3 ]) 1.16369386
0.158619552 :(1 [ 2 [ 3 [ 4 , 5 ] ] ],1 [ 2 , 3 , 5 [ 4 ] ]) 1.16369386
17.86812642 :(1 [ 2 [ 3 [ 4 , 5 ] ] ],1 [ 3 [ 2 ] , 5 [ 4 ] ]) 1.16369386
0.166742528 :(1 [ 2 [ 3 [ 4 , 5 ] ] ],1 [ 3 , 5 [ 4 [ 2 ] ] ]) 1.16369386
0.154327555 :(1 [ 2 [ 3 [ 4 , 5 ] ] ],1 [ 3 , 5 [ 2 , 4 ] ]) 1.16369386
0.165072129 :(1 [ 2 [ 3 [ 4 , 5 ] ] ],1 [ 3 , 4 [ 5 [ 2 ] ] ]) 1.16369386
0.632681791 :(1 [ 2 [ 3 [ 4 , 5 ] ] ],1 [ 3 [ 2 [ 5 [ 4 ] ] ] ]) 1.16369386
0.681500763 :(1 [ 2 [ 3 [ 4 , 5 ] ] ],1 [ 3 [ 4 [ 5 [ 2 ] ] ] ]) 1.16369386
0.363766547 :(1 [ 2 [ 3 [ 4 , 5 ] ] ],1 [ 3 [ 5 [ 2 , 4 ] ] ]) 1.16369386
2.981557801 :(1 [ 2 [ 3 [ 4 , 5 ] ] ],1 [ 3 [ 2 , 5 [ 4 ] ] ]) 1.16369386
0.276383144 :(1 [ 2 [ 3 [ 4 , 5 ] ] ],1 [ 3 [ 5 [ 4 [ 2 ] ] ] ]) 1.16369386
0.159560728 :(1 [ 2 [ 3 [ 4 , 5 ] ] ],1 [ 3 , 4 [ 2 , 5 ] ]) 1.16369386
0.223752247 :(1 [ 2 [ 3 [ 4 , 5 ] ] ],1 [ 3 [ 2 [ 4 [ 5 ] ] ] ]) 1.16369386
1.113263799 :(1 [ 2 [ 3 [ 4 , 5 ] ] ],1 [ 3 [ 4 [ 2 , 5 ] ] ]) 1.16369386
1.575221267 :(1 [ 2 [ 3 [ 4 , 5 ] ] ],1 [ 3 [ 2 , 4 [ 5 ] ] ]) 1.16369386
21.157453168 :(1 [ 2 [ 3 [ 4 , 5 ] ] ],1 [ 3 [ 2 ] , 4 [ 5 ] ]) 1.16369386
24.712458769 :(1 [ 2 [ 3 [ 4 , 5 ] ] ],1 [ 3 [ 2 ] , 4 , 5 ]) 1.16369386
4.141669348 :(1 [ 2 [ 3 [ 4 , 5 ] ] ],1 [ 3 [ 2 [ 5 ] ] , 4 ]) 1.16369386
9.943622318 :(1 [ 2 [ 3 [ 4 , 5 ] ] ],1 [ 3 [ 2 , 5 ] , 4 ]) 1.16369386
0.802632164 :(1 [ 2 [ 3 [ 4 , 5 ] ] ],1 [ 3 [ 2 [ 4 ] , 5 ] ]) 1.16369386
6.994972895 :(1 [ 2 [ 3 [ 4 , 5 ] ] ],1 [ 3 [ 2 , 4 , 5 ] ]) 1.16369386
9.07687804 :(1 [ 2 [ 3 [ 4 , 5 ] ] ],1 [ 3 [ 2 , 4 ] , 5 ]) 1.16369386
3.095065884 :(1 [ 2 [ 3 [ 4 , 5 ] ] ],1 [ 3 [ 2 [ 5 ] , 4 ] ]) 1.16369386
0.267463979 :(1 [ 2 [ 3 [ 4 , 5 ] ] ],1 [ 3 [ 2 [ 4 , 5 ] ] ]) 1.16369386
5.36848619 :(1 [ 2 [ 3 [ 4 , 5 ] ] ],1 [ 3 [ 2 [ 4 ] ] , 5 ]) 1.16369386
0.159021496 :(1 [ 2 [ 3 [ 4 , 5 ] ] ],1 [ 3 , 4 [ 2 ] , 5 ]) 1.16369386
0.158863441 :(1 [ 2 [ 3 [ 4 , 5 ] ] ],1 [ 3 , 5 [ 2 [ 4 ] ] ]) 1.16369386
2.44935431 :(1 [ 2 [ 3 [ 4 , 5 ] ] ],1 [ 3 [ 4 [ 2 ] ] , 5 ]) 1.16369386
0.335595458 :(1 [ 2 [ 3 [ 4 , 5 ] ] ],1 [ 3 [ 4 [ 2 [ 5 ] ] ] ]) 1.16369386
3.550492846 :(1 [ 2 [ 3 [ 4 , 5 ] ] ],1 [ 3 [ 4 [ 2 ] , 5 ] ]) 1.16369386
0.165519043 :(1 [ 2 [ 3 [ 4 , 5 ] ] ],1 [ 3 [ 5 ] , 4 [ 2 ] ]) 1.16369386
0.488784774 :(1 [ 2 [ 3 [ 4 , 5 ] ] ],1 [ 3 [ 5 [ 2 [ 4 ] ] ] ]) 1.16369386
0.171694153 :(1 [ 2 [ 3 [ 4 , 5 ] ] ],1 [ 3 , 4 [ 2 [ 5 ] ] ]) 1.16369386
0.16484593 :(1 [ 2 [ 3 [ 4 , 5 ] ] ],1 [ 3 , 4 , 5 [ 2 ] ]) 1.16369386
2.729888971 :(1 [ 2 [ 3 [ 4 , 5 ] ] ],1 [ 3 [ 5 [ 2 ] ] , 4 ]) 1.16369386
1.632383412 :(1 [ 2 [ 3 [ 4 , 5 ] ] ],1 [ 3 [ 4 , 5 [ 2 ] ] ]) 1.16369386
0.155542213 :(1 [ 2 [ 3 [ 4 , 5 ] ] ],1 [ 3 [ 4 ] , 5 [ 2 ] ]) 1.16369386
0.159605152 :(1 [ 2 [ 3 [ 4 , 5 ] ] ],1 [ 4 [ 3 ] , 5 [ 2 ] ]) 1.16369386
11.16683079 :(1 [ 2 [ 3 [ 4 , 5 ] ] ],1 [ 5 [ 2 [ 3 [ 4 ] ] ] ]) 1.16369386
4.247210644 :(1 [ 2 [ 3 [ 4 , 5 ] ] ],1 [ 5 [ 2 [ 4 [ 3 ] ] ] ]) 1.16369386
10.442792255 :(1 [ 2 [ 3 [ 4 , 5 ] ] ],1 [ 5 [ 2 , 3 [ 4 ] ] ]) 1.16369386
8.963255476 :(1 [ 2 [ 3 [ 4 , 5 ] ] ],1 [ 5 [ 2 , 4 [ 3 ] ] ]) 1.16369386
4.202731545 :(1 [ 2 [ 3 [ 4 , 5 ] ] ],1 [ 4 [ 3 , 5 [ 2 ] ] ]) 1.16369386
5.444224 :(1 [ 2 [ 3 [ 4 , 5 ] ] ],1 [ 4 [ 3 [ 2 [ 5 ] ] ] ]) 1.16369386
0.254435588 :(1 [ 2 [ 3 [ 4 , 5 ] ] ],1 [ 4 [ 2 [ 5 ] , 3 ] ]) 1.16369386
0.994973544 :(1 [ 2 [ 3 [ 4 , 5 ] ] ],1 [ 4 [ 3 [ 5 [ 2 ] ] ] ]) 1.16369386
6.036061688 :(1 [ 2 [ 3 [ 4 , 5 ] ] ],1 [ 4 , 5 [ 2 , 3 ] ]) 1.16369386
3.212182755 :(1 [ 2 [ 3 [ 4 , 5 ] ] ],1 [ 4 [ 2 [ 5 [ 3 ] ] ] ]) 1.16369386
6.670061581 :(1 [ 2 [ 3 [ 4 , 5 ] ] ],1 [ 4 [ 5 [ 2 , 3 ] ] ]) 1.16369386
8.938599387 :(1 [ 2 [ 3 [ 4 , 5 ] ] ],1 [ 4 [ 5 [ 2 [ 3 ] ] ] ]) 1.16369386
14.053316902 :(1 [ 2 [ 3 [ 4 , 5 ] ] ],1 [ 4 , 5 [ 2 [ 3 ] ] ]) 1.16369386
9.524469047 :(1 [ 2 [ 3 [ 4 , 5 ] ] ],1 [ 4 [ 2 [ 3 , 5 ] ] ]) 1.16369386
8.081225359 :(1 [ 2 [ 3 [ 4 , 5 ] ] ],1 [ 5 [ 2 [ 3 , 4 ] ] ]) 1.16369386
11.628876913 :(1 [ 2 [ 3 [ 4 , 5 ] ] ],1 [ 5 [ 2 [ 3 ] , 4 ] ]) 1.16369386
15.793961296 :(1 [ 2 [ 3 [ 4 , 5 ] ] ],1 [ 5 [ 2 , 3 , 4 ] ]) 1.16369386
0.305347617 :(1 [ 2 [ 3 [ 4 , 5 ] ] ],1 [ 5 [ 2 [ 4 ] , 3 ] ]) 1.16369386
0.157091808 :(1 [ 2 [ 3 [ 4 , 5 ] ] ],1 [ 4 [ 2 ] , 5 [ 3 ] ]) 1.16369386
2.373446333 :(1 [ 2 [ 3 [ 4 , 5 ] ] ],1 [ 5 [ 3 [ 2 [ 4 ] ] ] ]) 1.16369386
1.137743749 :(1 [ 2 [ 3 [ 4 , 5 ] ] ],1 [ 5 [ 3 [ 4 [ 2 ] ] ] ]) 1.16369386
4.450669846 :(1 [ 2 [ 3 [ 4 , 5 ] ] ],1 [ 5 [ 3 , 4 [ 2 ] ] ]) 1.16369386
14.059269498 :(1 [ 2 [ 3 [ 4 , 5 ] ] ],1 [ 5 [ 3 [ 2 ] , 4 ] ]) 1.16369386
20.156415876 :(1 [ 2 [ 3 [ 4 , 5 ] ] ],1 [ 4 , 5 [ 3 [ 2 ] ] ]) 1.16369386
7.365815701 :(1 [ 2 [ 3 [ 4 , 5 ] ] ],1 [ 5 [ 3 [ 2 , 4 ] ] ]) 1.16369386
17.494183265 :(1 [ 2 [ 3 [ 4 , 5 ] ] ],1 [ 4 [ 3 [ 2 ] ] , 5 ]) 1.16369386
8.352820955 :(1 [ 2 [ 3 [ 4 , 5 ] ] ],1 [ 5 [ 4 [ 3 [ 2 ] ] ] ]) 1.16369386
10.936565364 :(1 [ 2 [ 3 [ 4 , 5 ] ] ],1 [ 5 [ 4 [ 2 [ 3 ] ] ] ]) 1.16369386
23.601906402 :(1 [ 2 [ 3 [ 4 , 5 ] ] ],1 [ 4 [ 2 [ 3 ] ] , 5 ]) 1.16369386
10.105468938 :(1 [ 2 [ 3 [ 4 , 5 ] ] ],1 [ 4 [ 2 , 3 ] , 5 ]) 1.16369386
4.352502183 :(1 [ 2 [ 3 [ 4 , 5 ] ] ],1 [ 5 [ 4 [ 2 , 3 ] ] ]) 1.16369386
13.474182741 :(1 [ 2 [ 3 [ 4 , 5 ] ] ],1 [ 4 [ 2 , 3 , 5 ] ]) 1.16369386
7.881645025 :(1 [ 2 [ 3 [ 4 , 5 ] ] ],1 [ 4 [ 2 , 3 [ 5 ] ] ]) 1.16369386
12.194875836 :(1 [ 2 [ 3 [ 4 , 5 ] ] ],1 [ 4 [ 2 [ 3 [ 5 ] ] ] ]) 1.16369386
12.04877443 :(1 [ 2 [ 3 [ 4 , 5 ] ] ],1 [ 4 [ 2 , 5 [ 3 ] ] ]) 1.16369386
14.90556589 :(1 [ 2 [ 3 [ 4 , 5 ] ] ],1 [ 4 [ 2 [ 3 ] , 5 ] ]) 1.16369386
11.20488402 :(1 [ 2 [ 3 [ 4 , 5 ] ] ],1 [ 4 [ 3 [ 2 ] , 5 ] ]) 1.16369386
9.177682885 :(1 [ 2 [ 3 [ 4 , 5 ] ] ],1 [ 4 [ 5 [ 3 [ 2 ] ] ] ]) 1.16369386
10.030954111 :(1 [ 2 [ 3 [ 4 , 5 ] ] ],1 [ 4 [ 3 [ 2 , 5 ] ] ]) 1.16369386
0.159090475 :(1 [ 2 [ 3 [ 4 [ 5 ] ] ] ],1 [ 2 [ 3 [ 4 ] ] , 5 ]) 1.16369386
0.182063024 :(1 [ 2 [ 3 [ 4 [ 5 ] ] ] ],1 [ 2 [ 3 [ 4 ] , 5 ] ]) 1.16369386
0.152028172 :(1 [ 2 [ 3 [ 4 [ 5 ] ] ] ],1 [ 2 [ 3 [ 4 , 5 ] ] ]) 1.16369386
0.141547326 :(1 [ 2 [ 3 [ 4 [ 5 ] ] ] ],1 [ 2 [ 3 [ 4 [ 5 ] ] ] ]) 1.16369386
3.052919899 :(1 [ 2 [ 3 [ 4 [ 5 ] ] ] ],1 [ 2 [ 3 ] , 4 [ 5 ] ]) 1.16369386
4.226938031 :(1 [ 2 [ 3 [ 4 [ 5 ] ] ] ],1 [ 2 [ 3 ] , 5 [ 4 ] ]) 1.16369386
2.506097721 :(1 [ 2 [ 3 [ 4 [ 5 ] ] ] ],1 [ 2 [ 3 , 4 [ 5 ] ] ]) 1.16369386
6.253311461 :(1 [ 2 [ 3 [ 4 [ 5 ] ] ] ],1 [ 2 [ 3 , 5 [ 4 ] ] ]) 1.16369386
2.171245518 :(1 [ 2 [ 3 [ 4 [ 5 ] ] ] ],1 [ 2 [ 3 [ 5 [ 4 ] ] ] ]) 1.16369386
0.154494448 :(1 [ 2 [ 3 [ 4 [ 5 ] ] ] ],1 [ 2 [ 3 [ 5 ] ] , 4 ]) 1.16369386
0.180440555 :(1 [ 2 [ 3 [ 4 [ 5 ] ] ] ],1 [ 2 [ 3 [ 5 ] , 4 ] ]) 1.16369386
0.154272854 :(1 [ 2 [ 3 [ 4 [ 5 ] ] ] ],1 [ 2 [ 3 , 4 ] , 5 ]) 1.16369386
0.151798176 :(1 [ 2 [ 3 [ 4 [ 5 ] ] ] ],1 [ 2 [ 3 , 4 , 5 ] ]) 1.16369386
0.157426413 :(1 [ 2 [ 3 [ 4 [ 5 ] ] ] ],1 [ 2 [ 3 , 5 ] , 4 ]) 1.16369386
0.154613944 :(1 [ 2 [ 3 [ 4 [ 5 ] ] ] ],1 [ 2 [ 3 ] , 4 , 5 ]) 1.16369386
0.153026341 :(1 [ 2 [ 3 [ 4 [ 5 ] ] ] ],1 [ 2 , 3 , 4 , 5 ]) 1.16369386
16.074282389 :(1 [ 2 [ 3 [ 4 [ 5 ] ] ] ],1 [ 2 , 4 [ 3 ] , 5 ]) 1.16369386
0.157346238 :(1 [ 2 [ 3 [ 4 [ 5 ] ] ] ],1 [ 2 , 4 , 5 [ 3 ] ]) 1.16369386
4.525990119 :(1 [ 2 [ 3 [ 4 [ 5 ] ] ] ],1 [ 2 , 3 [ 5 ] , 4 ]) 1.16369386
0.152296136 :(1 [ 2 [ 3 [ 4 [ 5 ] ] ] ],1 [ 2 [ 5 [ 3 ] ] , 4 ]) 1.16369386
2.353917731 :(1 [ 2 [ 3 [ 4 [ 5 ] ] ] ],1 [ 2 , 4 [ 3 [ 5 ] ] ]) 1.16369386
0.64626475 :(1 [ 2 [ 3 [ 4 [ 5 ] ] ] ],1 [ 2 , 4 [ 5 [ 3 ] ] ]) 1.16369386
5.490122752 :(1 [ 2 [ 3 [ 4 [ 5 ] ] ] ],1 [ 2 , 3 , 4 [ 5 ] ]) 1.16369386
15.590555856 :(1 [ 2 [ 3 [ 4 [ 5 ] ] ] ],1 [ 2 , 4 [ 3 , 5 ] ]) 1.16369386
11.968080144 :(1 [ 2 [ 3 [ 4 [ 5 ] ] ] ],1 [ 2 [ 5 ] , 4 [ 3 ] ]) 1.16369386
0.156264925 :(1 [ 2 [ 3 [ 4 [ 5 ] ] ] ],1 [ 2 [ 5 ] , 3 , 4 ]) 1.16369386
0.159107988 :(1 [ 2 [ 3 [ 4 [ 5 ] ] ] ],1 [ 2 [ 4 , 5 ] , 3 ]) 1.16369386
6.258149018 :(1 [ 2 [ 3 [ 4 [ 5 ] ] ] ],1 [ 2 [ 5 ] , 3 [ 4 ] ]) 1.16369386
1.329648673 :(1 [ 2 [ 3 [ 4 [ 5 ] ] ] ],1 [ 2 [ 5 [ 4 ] ] , 3 ]) 1.16369386
1.502804017 :(1 [ 2 [ 3 [ 4 [ 5 ] ] ] ],1 [ 2 [ 5 [ 4 [ 3 ] ] ] ]) 1.16369386
2.779053482 :(1 [ 2 [ 3 [ 4 [ 5 ] ] ] ],1 [ 2 [ 5 [ 3 , 4 ] ] ]) 1.16369386
0.166123053 :(1 [ 2 [ 3 [ 4 [ 5 ] ] ] ],1 [ 2 [ 4 , 5 [ 3 ] ] ]) 1.16369386
1.417711657 :(1 [ 2 [ 3 [ 4 [ 5 ] ] ] ],1 [ 2 [ 5 [ 3 [ 4 ] ] ] ]) 1.16369386
6.986750372 :(1 [ 2 [ 3 [ 4 [ 5 ] ] ] ],1 [ 2 [ 4 [ 3 ] , 5 ] ]) 1.16369386
9.194099712 :(1 [ 2 [ 3 [ 4 [ 5 ] ] ] ],1 [ 2 [ 4 [ 3 ] ] , 5 ]) 1.16369386
0.639999941 :(1 [ 2 [ 3 [ 4 [ 5 ] ] ] ],1 [ 2 [ 4 [ 3 [ 5 ] ] ] ]) 1.16369386
2.544641127 :(1 [ 2 [ 3 [ 4 [ 5 ] ] ] ],1 [ 2 [ 4 [ 3 , 5 ] ] ]) 1.16369386
14.260279971 :(1 [ 2 [ 3 [ 4 [ 5 ] ] ] ],1 [ 2 , 3 [ 4 [ 5 ] ] ]) 1.16369386
8.123175249 :(1 [ 2 [ 3 [ 4 [ 5 ] ] ] ],1 [ 2 , 5 [ 4 [ 3 ] ] ]) 1.16369386
9.996527925 :(1 [ 2 [ 3 [ 4 [ 5 ] ] ] ],1 [ 2 , 3 [ 4 ] , 5 ]) 1.16369386
10.787321537 :(1 [ 2 [ 3 [ 4 [ 5 ] ] ] ],1 [ 2 , 5 [ 3 [ 4 ] ] ]) 1.16369386
13.46384922 :(1 [ 2 [ 3 [ 4 [ 5 ] ] ] ],1 [ 2 , 3 [ 4 , 5 ] ]) 1.16369386
2.374515451 :(1 [ 2 [ 3 [ 4 [ 5 ] ] ] ],1 [ 2 [ 4 ] , 3 [ 5 ] ]) 1.16369386
6.561577383 :(1 [ 2 [ 3 [ 4 [ 5 ] ] ] ],1 [ 2 , 3 [ 5 [ 4 ] ] ]) 1.16369386
7.232255791 :(1 [ 2 [ 3 [ 4 [ 5 ] ] ] ],1 [ 2 , 5 [ 3 , 4 ] ]) 1.16369386
1.708934202 :(1 [ 2 [ 3 [ 4 [ 5 ] ] ] ],1 [ 2 [ 4 [ 5 [ 3 ] ] ] ]) 1.16369386
0.159347485 :(1 [ 2 [ 3 [ 4 [ 5 ] ] ] ],1 [ 2 [ 4 ] , 5 [ 3 ] ]) 1.16369386
0.156757806 :(1 [ 2 [ 3 [ 4 [ 5 ] ] ] ],1 [ 2 [ 4 ] , 3 , 5 ]) 1.16369386
2.09465461 :(1 [ 2 [ 3 [ 4 [ 5 ] ] ] ],1 [ 2 [ 4 [ 5 ] ] , 3 ]) 1.16369386
2.63630344 :(1 [ 2 [ 3 [ 4 [ 5 ] ] ] ],1 [ 2 , 3 , 5 [ 4 ] ]) 1.16369386
21.951948253 :(1 [ 2 [ 3 [ 4 [ 5 ] ] ] ],1 [ 3 [ 2 ] , 5 [ 4 ] ]) 1.16369386
0.156901503 :(1 [ 2 [ 3 [ 4 [ 5 ] ] ] ],1 [ 3 , 5 [ 4 [ 2 ] ] ]) 1.16369386
0.160220551 :(1 [ 2 [ 3 [ 4 [ 5 ] ] ] ],1 [ 3 , 5 [ 2 , 4 ] ]) 1.16369386
0.16719815 :(1 [ 2 [ 3 [ 4 [ 5 ] ] ] ],1 [ 3 , 4 [ 5 [ 2 ] ] ]) 1.16369386
4.114934488 :(1 [ 2 [ 3 [ 4 [ 5 ] ] ] ],1 [ 3 [ 2 [ 5 [ 4 ] ] ] ]) 1.16369386
1.958093659 :(1 [ 2 [ 3 [ 4 [ 5 ] ] ] ],1 [ 3 [ 4 [ 5 [ 2 ] ] ] ]) 1.16369386
0.280583104 :(1 [ 2 [ 3 [ 4 [ 5 ] ] ] ],1 [ 3 [ 5 [ 2 , 4 ] ] ]) 1.16369386
7.16043442 :(1 [ 2 [ 3 [ 4 [ 5 ] ] ] ],1 [ 3 [ 2 , 5 [ 4 ] ] ]) 1.16369386
0.321344924 :(1 [ 2 [ 3 [ 4 [ 5 ] ] ] ],1 [ 3 [ 5 [ 4 [ 2 ] ] ] ]) 1.16369386
0.154299582 :(1 [ 2 [ 3 [ 4 [ 5 ] ] ] ],1 [ 3 , 4 [ 2 , 5 ] ]) 1.16369386
8.487510351 :(1 [ 2 [ 3 [ 4 [ 5 ] ] ] ],1 [ 3 [ 2 [ 4 [ 5 ] ] ] ]) 1.16369386
0.937798055 :(1 [ 2 [ 3 [ 4 [ 5 ] ] ] ],1 [ 3 [ 4 [ 2 , 5 ] ] ]) 1.16369386
8.989890066 :(1 [ 2 [ 3 [ 4 [ 5 ] ] ] ],1 [ 3 [ 2 , 4 [ 5 ] ] ]) 1.16369386
20.039203656 :(1 [ 2 [ 3 [ 4 [ 5 ] ] ] ],1 [ 3 [ 2 ] , 4 [ 5 ] ]) 1.16369386
8.265146947 :(1 [ 2 [ 3 [ 4 [ 5 ] ] ] ],1 [ 3 [ 2 ] , 4 , 5 ]) 1.16369386
3.851320633 :(1 [ 2 [ 3 [ 4 [ 5 ] ] ] ],1 [ 3 [ 2 [ 5 ] ] , 4 ]) 1.16369386
1.275399741 :(1 [ 2 [ 3 [ 4 [ 5 ] ] ] ],1 [ 3 [ 2 , 5 ] , 4 ]) 1.16369386
1.048735142 :(1 [ 2 [ 3 [ 4 [ 5 ] ] ] ],1 [ 3 [ 2 [ 4 ] , 5 ] ]) 1.16369386
5.05457317 :(1 [ 2 [ 3 [ 4 [ 5 ] ] ] ],1 [ 3 [ 2 , 4 , 5 ] ]) 1.16369386
12.835067715 :(1 [ 2 [ 3 [ 4 [ 5 ] ] ] ],1 [ 3 [ 2 , 4 ] , 5 ]) 1.16369386
0.654279848 :(1 [ 2 [ 3 [ 4 [ 5 ] ] ] ],1 [ 3 [ 2 [ 5 ] , 4 ] ]) 1.16369386
1.88090481 :(1 [ 2 [ 3 [ 4 [ 5 ] ] ] ],1 [ 3 [ 2 [ 4 , 5 ] ] ]) 1.16369386
1.471513038 :(1 [ 2 [ 3 [ 4 [ 5 ] ] ] ],1 [ 3 [ 2 [ 4 ] ] , 5 ]) 1.16369386
0.158910531 :(1 [ 2 [ 3 [ 4 [ 5 ] ] ] ],1 [ 3 , 4 [ 2 ] , 5 ]) 1.16369386
0.162123961 :(1 [ 2 [ 3 [ 4 [ 5 ] ] ] ],1 [ 3 , 5 [ 2 [ 4 ] ] ]) 1.16369386
8.488435103 :(1 [ 2 [ 3 [ 4 [ 5 ] ] ] ],1 [ 3 [ 4 [ 2 ] ] , 5 ]) 1.16369386
0.321610709 :(1 [ 2 [ 3 [ 4 [ 5 ] ] ] ],1 [ 3 [ 4 [ 2 [ 5 ] ] ] ]) 1.16369386
2.071599703 :(1 [ 2 [ 3 [ 4 [ 5 ] ] ] ],1 [ 3 [ 4 [ 2 ] , 5 ] ]) 1.16369386
0.154484089 :(1 [ 2 [ 3 [ 4 [ 5 ] ] ] ],1 [ 3 [ 5 ] , 4 [ 2 ] ]) 1.16369386
0.182359853 :(1 [ 2 [ 3 [ 4 [ 5 ] ] ] ],1 [ 3 [ 5 [ 2 [ 4 ] ] ] ]) 1.16369386
0.163803369 :(1 [ 2 [ 3 [ 4 [ 5 ] ] ] ],1 [ 3 , 4 [ 2 [ 5 ] ] ]) 1.16369386
0.159933803 :(1 [ 2 [ 3 [ 4 [ 5 ] ] ] ],1 [ 3 , 4 , 5 [ 2 ] ]) 1.16369386
0.151875268 :(1 [ 2 [ 3 [ 4 [ 5 ] ] ] ],1 [ 3 [ 5 [ 2 ] ] , 4 ]) 1.16369386
0.518674052 :(1 [ 2 [ 3 [ 4 [ 5 ] ] ] ],1 [ 3 [ 4 , 5 [ 2 ] ] ]) 1.16369386
0.157307371 :(1 [ 2 [ 3 [ 4 [ 5 ] ] ] ],1 [ 3 [ 4 ] , 5 [ 2 ] ]) 1.16369386
0.163245106 :(1 [ 2 [ 3 [ 4 [ 5 ] ] ] ],1 [ 4 [ 3 ] , 5 [ 2 ] ]) 1.16369386
3.923795909 :(1 [ 2 [ 3 [ 4 [ 5 ] ] ] ],1 [ 5 [ 2 [ 3 [ 4 ] ] ] ]) 1.16369386
6.196040961 :(1 [ 2 [ 3 [ 4 [ 5 ] ] ] ],1 [ 5 [ 2 [ 4 [ 3 ] ] ] ]) 1.16369386
3.012791556 :(1 [ 2 [ 3 [ 4 [ 5 ] ] ] ],1 [ 5 [ 2 , 3 [ 4 ] ] ]) 1.16369386
7.262956625 :(1 [ 2 [ 3 [ 4 [ 5 ] ] ] ],1 [ 5 [ 2 , 4 [ 3 ] ] ]) 1.16369386
1.273745761 :(1 [ 2 [ 3 [ 4 [ 5 ] ] ] ],1 [ 4 [ 3 , 5 [ 2 ] ] ]) 1.16369386
0.938553784 :(1 [ 2 [ 3 [ 4 [ 5 ] ] ] ],1 [ 4 [ 3 [ 2 [ 5 ] ] ] ]) 1.16369386
0.212646616 :(1 [ 2 [ 3 [ 4 [ 5 ] ] ] ],1 [ 4 [ 2 [ 5 ] , 3 ] ]) 1.16369386
0.254624227 :(1 [ 2 [ 3 [ 4 [ 5 ] ] ] ],1 [ 4 [ 3 [ 5 [ 2 ] ] ] ]) 1.16369386
0.155240654 :(1 [ 2 [ 3 [ 4 [ 5 ] ] ] ],1 [ 4 , 5 [ 2 , 3 ] ]) 1.16369386
0.241513659 :(1 [ 2 [ 3 [ 4 [ 5 ] ] ] ],1 [ 4 [ 2 [ 5 [ 3 ] ] ] ]) 1.16369386
0.323970194 :(1 [ 2 [ 3 [ 4 [ 5 ] ] ] ],1 [ 4 [ 5 [ 2 , 3 ] ] ]) 1.16369386
2.639217864 :(1 [ 2 [ 3 [ 4 [ 5 ] ] ] ],1 [ 4 [ 5 [ 2 [ 3 ] ] ] ]) 1.16369386
0.158605348 :(1 [ 2 [ 3 [ 4 [ 5 ] ] ] ],1 [ 4 , 5 [ 2 [ 3 ] ] ]) 1.16369386
0.469799509 :(1 [ 2 [ 3 [ 4 [ 5 ] ] ] ],1 [ 4 [ 2 [ 3 , 5 ] ] ]) 1.16369386
4.980594733 :(1 [ 2 [ 3 [ 4 [ 5 ] ] ] ],1 [ 5 [ 2 [ 3 , 4 ] ] ]) 1.16369386
9.910109192 :(1 [ 2 [ 3 [ 4 [ 5 ] ] ] ],1 [ 5 [ 2 [ 3 ] , 4 ] ]) 1.16369386
9.277587097 :(1 [ 2 [ 3 [ 4 [ 5 ] ] ] ],1 [ 5 [ 2 , 3 , 4 ] ]) 1.16369386
0.209668179 :(1 [ 2 [ 3 [ 4 [ 5 ] ] ] ],1 [ 5 [ 2 [ 4 ] , 3 ] ]) 1.16369386
0.160274381 :(1 [ 2 [ 3 [ 4 [ 5 ] ] ] ],1 [ 4 [ 2 ] , 5 [ 3 ] ]) 1.16369386
2.384902654 :(1 [ 2 [ 3 [ 4 [ 5 ] ] ] ],1 [ 5 [ 3 [ 2 [ 4 ] ] ] ]) 1.16369386
1.602997968 :(1 [ 2 [ 3 [ 4 [ 5 ] ] ] ],1 [ 5 [ 3 [ 4 [ 2 ] ] ] ]) 1.16369386
1.666321863 :(1 [ 2 [ 3 [ 4 [ 5 ] ] ] ],1 [ 5 [ 3 , 4 [ 2 ] ] ]) 1.16369386
10.759193768 :(1 [ 2 [ 3 [ 4 [ 5 ] ] ] ],1 [ 5 [ 3 [ 2 ] , 4 ] ]) 1.16369386
0.160417926 :(1 [ 2 [ 3 [ 4 [ 5 ] ] ] ],1 [ 4 , 5 [ 3 [ 2 ] ] ]) 1.16369386
8.01564755 :(1 [ 2 [ 3 [ 4 [ 5 ] ] ] ],1 [ 5 [ 3 [ 2 , 4 ] ] ]) 1.16369386
18.837774865 :(1 [ 2 [ 3 [ 4 [ 5 ] ] ] ],1 [ 4 [ 3 [ 2 ] ] , 5 ]) 1.16369386
8.363261688 :(1 [ 2 [ 3 [ 4 [ 5 ] ] ] ],1 [ 5 [ 4 [ 3 [ 2 ] ] ] ]) 1.16369386
9.602027123 :(1 [ 2 [ 3 [ 4 [ 5 ] ] ] ],1 [ 5 [ 4 [ 2 [ 3 ] ] ] ]) 1.16369386
16.807892005 :(1 [ 2 [ 3 [ 4 [ 5 ] ] ] ],1 [ 4 [ 2 [ 3 ] ] , 5 ]) 1.16369386
8.143411291 :(1 [ 2 [ 3 [ 4 [ 5 ] ] ] ],1 [ 4 [ 2 , 3 ] , 5 ]) 1.16369386
4.071480892 :(1 [ 2 [ 3 [ 4 [ 5 ] ] ] ],1 [ 5 [ 4 [ 2 , 3 ] ] ]) 1.16369386
17.708112636 :(1 [ 2 [ 3 [ 4 [ 5 ] ] ] ],1 [ 4 [ 2 , 3 , 5 ] ]) 1.16369386
0.977309583 :(1 [ 2 [ 3 [ 4 [ 5 ] ] ] ],1 [ 4 [ 2 , 3 [ 5 ] ] ]) 1.16369386
0.333002632 :(1 [ 2 [ 3 [ 4 [ 5 ] ] ] ],1 [ 4 [ 2 [ 3 [ 5 ] ] ] ]) 1.16369386
1.301190766 :(1 [ 2 [ 3 [ 4 [ 5 ] ] ] ],1 [ 4 [ 2 , 5 [ 3 ] ] ]) 1.16369386
12.54121005 :(1 [ 2 [ 3 [ 4 [ 5 ] ] ] ],1 [ 4 [ 2 [ 3 ] , 5 ] ]) 1.16369386
14.028047675 :(1 [ 2 [ 3 [ 4 [ 5 ] ] ] ],1 [ 4 [ 3 [ 2 ] , 5 ] ]) 1.16369386
1.937901034 :(1 [ 2 [ 3 [ 4 [ 5 ] ] ] ],1 [ 4 [ 5 [ 3 [ 2 ] ] ] ]) 1.16369386
2.712305959 :(1 [ 2 [ 3 [ 4 [ 5 ] ] ] ],1 [ 4 [ 3 [ 2 , 5 ] ] ]) 1.16369386
0.176977927 :(1 [ 2 [ 3 ] , 4 [ 5 ] ],1 [ 2 [ 3 ] , 4 , 5 ]) 1.16369386
0.153498695 :(1 [ 2 [ 3 ] , 4 [ 5 ] ],1 [ 2 [ 3 , 5 ] , 4 ]) 1.16369386
0.161496755 :(1 [ 2 [ 3 ] , 4 [ 5 ] ],1 [ 2 [ 3 [ 5 ] ] , 4 ]) 1.16369386
0.133055327 :(1 [ 2 [ 3 ] , 4 [ 5 ] ],1 [ 2 [ 3 ] , 4 [ 5 ] ]) 1.16369386
0.153712514 :(1 [ 2 [ 3 ] , 4 [ 5 ] ],1 [ 2 , 3 , 4 [ 5 ] ]) 1.16369386
0.157729179 :(1 [ 2 [ 3 ] , 4 [ 5 ] ],1 [ 2 , 4 [ 3 , 5 ] ]) 1.16369386
0.152801226 :(1 [ 2 [ 3 ] , 4 [ 5 ] ],1 [ 2 , 4 [ 5 [ 3 ] ] ]) 1.16369386
0.155165998 :(1 [ 2 [ 3 ] , 4 [ 5 ] ],1 [ 2 , 3 [ 5 ] , 4 ]) 1.16369386
0.153017563 :(1 [ 2 [ 3 ] , 4 [ 5 ] ],1 [ 2 , 4 , 5 [ 3 ] ]) 1.16369386
0.153579413 :(1 [ 2 [ 3 ] , 4 [ 5 ] ],1 [ 2 [ 5 [ 3 ] ] , 4 ]) 1.16369386
0.150385416 :(1 [ 2 [ 3 ] , 4 [ 5 ] ],1 [ 2 , 4 [ 3 [ 5 ] ] ]) 1.16369386
0.1520066 :(1 [ 2 [ 3 ] , 4 [ 5 ] ],1 [ 2 , 4 [ 3 ] , 5 ]) 1.16369386
0.153107179 :(1 [ 2 [ 3 ] , 4 [ 5 ] ],1 [ 2 [ 5 ] , 4 [ 3 ] ]) 1.16369386
0.151069721 :(1 [ 2 [ 3 ] , 4 [ 5 ] ],1 [ 2 [ 5 ] , 3 , 4 ]) 1.16369386
0.160687257 :(1 [ 2 [ 3 ] , 4 [ 5 ] ],1 [ 2 , 3 , 4 , 5 ]) 1.16369386
0.159931526 :(1 [ 2 [ 3 ] , 4 [ 5 ] ],1 [ 2 [ 4 ] , 3 , 5 ]) 1.16369386
0.178727014 :(1 [ 2 [ 3 ] , 4 [ 5 ] ],1 [ 2 , 3 [ 4 ] , 5 ]) 1.16369386
5.185230328 :(1 [ 2 [ 3 ] , 4 [ 5 ] ],1 [ 2 , 3 , 5 [ 4 ] ]) 1.16369386
2.526830954 :(1 [ 2 [ 3 ] , 4 [ 5 ] ],1 [ 2 [ 4 [ 5 ] ] , 3 ]) 1.16369386
0.781797885 :(1 [ 2 [ 3 ] , 4 [ 5 ] ],1 [ 2 [ 5 [ 4 ] ] , 3 ]) 1.16369386
11.713966211 :(1 [ 2 [ 3 ] , 4 [ 5 ] ],1 [ 2 , 3 [ 4 [ 5 ] ] ]) 1.16369386
11.51898431 :(1 [ 2 [ 3 ] , 4 [ 5 ] ],1 [ 2 , 3 [ 5 [ 4 ] ] ]) 1.16369386
0.160625174 :(1 [ 2 [ 3 ] , 4 [ 5 ] ],1 [ 2 [ 4 ] , 3 [ 5 ] ]) 1.16369386
7.361409318 :(1 [ 2 [ 3 ] , 4 [ 5 ] ],1 [ 2 , 3 [ 4 , 5 ] ]) 1.16369386
0.162677632 :(1 [ 2 [ 3 ] , 4 [ 5 ] ],1 [ 2 [ 5 ] , 3 [ 4 ] ]) 1.16369386
0.158168458 :(1 [ 2 [ 3 ] , 4 [ 5 ] ],1 [ 2 [ 4 , 5 ] , 3 ]) 1.16369386
0.157570148 :(1 [ 2 [ 3 ] , 4 [ 5 ] ],1 [ 2 [ 3 , 4 , 5 ] ]) 1.16369386
0.153796653 :(1 [ 2 [ 3 ] , 4 [ 5 ] ],1 [ 2 [ 4 [ 3 ] , 5 ] ]) 1.16369386
0.161259418 :(1 [ 2 [ 3 ] , 4 [ 5 ] ],1 [ 2 [ 4 , 5 [ 3 ] ] ]) 1.16369386
0.155083782 :(1 [ 2 [ 3 ] , 4 [ 5 ] ],1 [ 2 [ 5 [ 3 [ 4 ] ] ] ]) 1.16369386
0.153709075 :(1 [ 2 [ 3 ] , 4 [ 5 ] ],1 [ 2 [ 5 [ 3 , 4 ] ] ]) 1.16369386
1.889514438 :(1 [ 2 [ 3 ] , 4 [ 5 ] ],1 [ 2 [ 3 , 5 [ 4 ] ] ]) 1.16369386
0.159728744 :(1 [ 2 [ 3 ] , 4 [ 5 ] ],1 [ 2 [ 5 [ 4 [ 3 ] ] ] ]) 1.16369386
0.156694089 :(1 [ 2 [ 3 ] , 4 [ 5 ] ],1 [ 2 [ 3 [ 4 ] , 5 ] ]) 1.16369386
0.152793126 :(1 [ 2 [ 3 ] , 4 [ 5 ] ],1 [ 2 [ 3 [ 4 ] ] , 5 ]) 1.16369386
0.162695183 :(1 [ 2 [ 3 ] , 4 [ 5 ] ],1 [ 2 [ 3 [ 4 , 5 ] ] ]) 1.16369386
3.925661441 :(1 [ 2 [ 3 ] , 4 [ 5 ] ],1 [ 2 [ 3 [ 4 [ 5 ] ] ] ]) 1.16369386
2.955252058 :(1 [ 2 [ 3 ] , 4 [ 5 ] ],1 [ 2 , 5 [ 4 [ 3 ] ] ]) 1.16369386
0.154414525 :(1 [ 2 [ 3 ] , 4 [ 5 ] ],1 [ 2 [ 4 [ 3 , 5 ] ] ]) 1.16369386
0.161828265 :(1 [ 2 [ 3 ] , 4 [ 5 ] ],1 [ 2 [ 4 [ 3 ] ] , 5 ]) 1.16369386
0.172230249 :(1 [ 2 [ 3 ] , 4 [ 5 ] ],1 [ 2 [ 4 [ 3 [ 5 ] ] ] ]) 1.16369386
0.156179285 :(1 [ 2 [ 3 ] , 4 [ 5 ] ],1 [ 2 , 5 [ 3 [ 4 ] ] ]) 1.16369386
0.157250939 :(1 [ 2 [ 3 ] , 4 [ 5 ] ],1 [ 2 [ 4 ] , 5 [ 3 ] ]) 1.16369386
3.343927541 :(1 [ 2 [ 3 ] , 4 [ 5 ] ],1 [ 2 , 5 [ 3 , 4 ] ]) 1.16369386
5.272978341 :(1 [ 2 [ 3 ] , 4 [ 5 ] ],1 [ 2 [ 3 [ 5 [ 4 ] ] ] ]) 1.16369386
0.161241205 :(1 [ 2 [ 3 ] , 4 [ 5 ] ],1 [ 2 [ 4 [ 5 [ 3 ] ] ] ]) 1.16369386
0.159553772 :(1 [ 2 [ 3 ] , 4 [ 5 ] ],1 [ 2 [ 3 [ 5 ] , 4 ] ]) 1.16369386
0.153266162 :(1 [ 2 [ 3 ] , 4 [ 5 ] ],1 [ 2 [ 3 , 4 ] , 5 ]) 1.16369386
5.773955711 :(1 [ 2 [ 3 ] , 4 [ 5 ] ],1 [ 2 [ 3 , 4 [ 5 ] ] ]) 1.16369386
1.623668398 :(1 [ 2 [ 3 ] , 4 [ 5 ] ],1 [ 2 [ 3 ] , 5 [ 4 ] ]) 1.16369386
2.018413896 :(1 [ 2 [ 3 ] , 4 [ 5 ] ],1 [ 3 [ 2 ] , 5 [ 4 ] ]) 1.16369386
2.346484949 :(1 [ 2 [ 3 ] , 4 [ 5 ] ],1 [ 5 [ 4 [ 2 [ 3 ] ] ] ]) 1.16369386
8.881117094 :(1 [ 2 [ 3 ] , 4 [ 5 ] ],1 [ 5 [ 2 [ 3 ] , 4 ] ]) 1.16369386
4.900302637 :(1 [ 2 [ 3 ] , 4 [ 5 ] ],1 [ 5 [ 4 [ 3 [ 2 ] ] ] ]) 1.16369386
2.830344074 :(1 [ 2 [ 3 ] , 4 [ 5 ] ],1 [ 5 [ 3 [ 2 ] , 4 ] ]) 1.16369386
2.70529039 :(1 [ 2 [ 3 ] , 4 [ 5 ] ],1 [ 3 [ 2 , 5 [ 4 ] ] ]) 1.16369386
3.202589337 :(1 [ 2 [ 3 ] , 4 [ 5 ] ],1 [ 4 [ 5 [ 3 [ 2 ] ] ] ]) 1.16369386
6.00786781 :(1 [ 2 [ 3 ] , 4 [ 5 ] ],1 [ 3 [ 2 ] , 4 [ 5 ] ]) 1.16369386
5.365501096 :(1 [ 2 [ 3 ] , 4 [ 5 ] ],1 [ 4 [ 2 [ 3 ] , 5 ] ]) 1.16369386
6.898360027 :(1 [ 2 [ 3 ] , 4 [ 5 ] ],1 [ 4 [ 5 [ 2 [ 3 ] ] ] ]) 1.16369386
3.383666897 :(1 [ 2 [ 3 ] , 4 [ 5 ] ],1 [ 4 [ 3 [ 2 ] , 5 ] ]) 1.16369386
6.371656573 :(1 [ 2 [ 3 ] , 4 [ 5 ] ],1 [ 3 [ 2 , 4 [ 5 ] ] ]) 1.16369386
1.907724021 :(1 [ 2 [ 3 ] , 4 [ 5 ] ],1 [ 3 [ 2 [ 4 [ 5 ] ] ] ]) 1.16369386
5.823075832 :(1 [ 2 [ 3 ] , 4 [ 5 ] ],1 [ 3 [ 2 [ 5 [ 4 ] ] ] ]) 1.16369386
1.664850098 :(1 [ 2 [ 3 ] , 4 [ 5 ] ],1 [ 3 [ 2 [ 5 ] ] , 4 ]) 1.16369386
0.161846975 :(1 [ 2 [ 3 ] , 4 [ 5 ] ],1 [ 3 [ 2 [ 4 , 5 ] ] ]) 1.16369386
0.152409513 :(1 [ 2 [ 3 ] , 4 [ 5 ] ],1 [ 3 [ 2 [ 5 ] , 4 ] ]) 1.16369386
0.153334146 :(1 [ 2 [ 3 ] , 4 [ 5 ] ],1 [ 3 [ 2 , 4 ] , 5 ]) 1.16369386
4.450016927 :(1 [ 2 [ 3 ] , 4 [ 5 ] ],1 [ 3 [ 2 , 4 , 5 ] ]) 1.16369386
5.007683808 :(1 [ 2 [ 3 ] , 4 [ 5 ] ],1 [ 3 [ 2 , 5 ] , 4 ]) 1.16369386
0.15900168 :(1 [ 2 [ 3 ] , 4 [ 5 ] ],1 [ 3 [ 2 [ 4 ] , 5 ] ]) 1.16369386
0.157533042 :(1 [ 2 [ 3 ] , 4 [ 5 ] ],1 [ 3 [ 2 [ 4 ] ] , 5 ]) 1.16369386
9.834117398 :(1 [ 2 [ 3 ] , 4 [ 5 ] ],1 [ 3 [ 2 ] , 4 , 5 ]) 1.16369386
1.082462159 :(1 [ 2 [ 3 ] , 4 [ 5 ] ],1 [ 4 [ 2 [ 3 ] ] , 5 ]) 1.16369386
10.715044936 :(1 [ 2 [ 3 ] , 4 [ 5 ] ],1 [ 4 , 5 [ 2 [ 3 ] ] ]) 1.16369386
1.730510835 :(1 [ 2 [ 3 ] , 4 [ 5 ] ],1 [ 4 [ 3 [ 2 ] ] , 5 ]) 1.16369386
3.780044965 :(1 [ 2 [ 3 ] , 4 [ 5 ] ],1 [ 4 , 5 [ 3 [ 2 ] ] ]) 1.16369386
0.158243538 :(1 [ 2 [ 3 ] , 4 [ 5 ] ],1 [ 5 [ 3 [ 2 [ 4 ] ] ] ]) 1.16369386
0.155842055 :(1 [ 2 [ 3 ] , 4 [ 5 ] ],1 [ 5 [ 3 [ 2 , 4 ] ] ]) 1.16369386
0.164340859 :(1 [ 2 [ 3 ] , 4 [ 5 ] ],1 [ 5 [ 2 [ 3 [ 4 ] ] ] ]) 1.16369386
0.155145212 :(1 [ 2 [ 3 ] , 4 [ 5 ] ],1 [ 5 [ 2 [ 3 , 4 ] ] ]) 1.16369386
0.137832976 :(1 [ 2 [ 3 ] , 4 [ 5 ] ],1 [ 4 [ 2 [ 3 , 5 ] ] ]) 1.16369386
0.152404812 :(1 [ 2 [ 3 ] , 4 [ 5 ] ],1 [ 4 [ 3 [ 2 [ 5 ] ] ] ]) 1.16369386
0.169020058 :(1 [ 2 [ 3 ] , 4 [ 5 ] ],1 [ 4 [ 3 [ 2 , 5 ] ] ]) 1.16369386
0.153929764 :(1 [ 2 [ 3 ] , 4 [ 5 ] ],1 [ 4 [ 2 [ 3 [ 5 ] ] ] ]) 1.16369386
0.171333425 :(1 [ 2 [ 3 ] , 4 [ 5 ] ],1 [ 3 [ 5 ] , 4 [ 2 ] ]) 1.16369386
0.158237653 :(1 [ 2 [ 3 ] , 4 [ 5 ] ],1 [ 4 [ 2 ] , 5 [ 3 ] ]) 1.16369386
0.164901015 :(1 [ 2 [ 3 ] , 4 [ 5 ] ],1 [ 4 [ 2 [ 5 [ 3 ] ] ] ]) 1.16369386
0.15334342 :(1 [ 2 [ 3 ] , 4 [ 5 ] ],1 [ 4 [ 2 , 3 [ 5 ] ] ]) 1.16369386
0.161956242 :(1 [ 2 [ 3 ] , 4 [ 5 ] ],1 [ 4 [ 2 , 5 [ 3 ] ] ]) 1.16369386
0.152155368 :(1 [ 2 [ 3 ] , 4 [ 5 ] ],1 [ 4 [ 5 [ 2 , 3 ] ] ]) 1.16369386
0.165653445 :(1 [ 2 [ 3 ] , 4 [ 5 ] ],1 [ 3 [ 5 [ 2 ] ] , 4 ]) 1.16369386
3.392139651 :(1 [ 2 [ 3 ] , 4 [ 5 ] ],1 [ 4 , 5 [ 2 , 3 ] ]) 1.16369386
0.1575832 :(1 [ 2 [ 3 ] , 4 [ 5 ] ],1 [ 4 [ 3 [ 5 [ 2 ] ] ] ]) 1.16369386
0.155811222 :(1 [ 2 [ 3 ] , 4 [ 5 ] ],1 [ 4 [ 3 ] , 5 [ 2 ] ]) 1.16369386
0.151113041 :(1 [ 2 [ 3 ] , 4 [ 5 ] ],1 [ 4 [ 2 [ 5 ] , 3 ] ]) 1.16369386
0.153643313 :(1 [ 2 [ 3 ] , 4 [ 5 ] ],1 [ 4 [ 3 , 5 [ 2 ] ] ]) 1.16369386
0.160414779 :(1 [ 2 [ 3 ] , 4 [ 5 ] ],1 [ 3 , 4 [ 5 [ 2 ] ] ]) 1.16369386
0.15499499 :(1 [ 2 [ 3 ] , 4 [ 5 ] ],1 [ 3 , 4 , 5 [ 2 ] ]) 1.16369386
0.15403257 :(1 [ 2 [ 3 ] , 4 [ 5 ] ],1 [ 3 , 4 [ 2 [ 5 ] ] ]) 1.16369386
0.152266285 :(1 [ 2 [ 3 ] , 4 [ 5 ] ],1 [ 3 , 4 [ 2 ] , 5 ]) 1.16369386
0.152860487 :(1 [ 2 [ 3 ] , 4 [ 5 ] ],1 [ 3 , 4 [ 2 , 5 ] ]) 1.16369386
0.153789015 :(1 [ 2 [ 3 ] , 4 [ 5 ] ],1 [ 4 [ 2 , 3 , 5 ] ]) 1.16369386
0.150068841 :(1 [ 2 [ 3 ] , 4 [ 5 ] ],1 [ 4 [ 2 , 3 ] , 5 ]) 1.16369386
0.152549559 :(1 [ 2 [ 3 ] , 4 [ 5 ] ],1 [ 3 [ 4 [ 2 ] ] , 5 ]) 1.16369386
0.175583232 :(1 [ 2 [ 3 ] , 4 [ 5 ] ],1 [ 5 [ 2 [ 4 [ 3 ] ] ] ]) 1.16369386
0.183413701 :(1 [ 2 [ 3 ] , 4 [ 5 ] ],1 [ 5 [ 3 [ 4 [ 2 ] ] ] ]) 1.16369386
0.15707702 :(1 [ 2 [ 3 ] , 4 [ 5 ] ],1 [ 5 [ 4 [ 2 , 3 ] ] ]) 1.16369386
0.181820644 :(1 [ 2 [ 3 ] , 4 [ 5 ] ],1 [ 3 [ 4 [ 2 , 5 ] ] ]) 1.16369386
0.156573317 :(1 [ 2 [ 3 ] , 4 [ 5 ] ],1 [ 3 [ 4 [ 2 [ 5 ] ] ] ]) 1.16369386
0.154273732 :(1 [ 2 [ 3 ] , 4 [ 5 ] ],1 [ 3 [ 4 [ 2 ] , 5 ] ]) 1.16369386
0.155489785 :(1 [ 2 [ 3 ] , 4 [ 5 ] ],1 [ 3 [ 5 [ 2 [ 4 ] ] ] ]) 1.16369386
0.157635548 :(1 [ 2 [ 3 ] , 4 [ 5 ] ],1 [ 3 [ 5 [ 4 [ 2 ] ] ] ]) 1.16369386
0.155859112 :(1 [ 2 [ 3 ] , 4 [ 5 ] ],1 [ 3 , 5 [ 4 [ 2 ] ] ]) 1.16369386
0.159299529 :(1 [ 2 [ 3 ] , 4 [ 5 ] ],1 [ 3 , 5 [ 2 [ 4 ] ] ]) 1.16369386
0.154557096 :(1 [ 2 [ 3 ] , 4 [ 5 ] ],1 [ 5 [ 2 [ 4 ] , 3 ] ]) 1.16369386
0.155714303 :(1 [ 2 [ 3 ] , 4 [ 5 ] ],1 [ 5 [ 3 , 4 [ 2 ] ] ]) 1.16369386
6.833645046 :(1 [ 2 [ 3 ] , 4 [ 5 ] ],1 [ 5 [ 2 , 3 , 4 ] ]) 1.16369386
0.198749731 :(1 [ 2 [ 3 ] , 4 [ 5 ] ],1 [ 5 [ 2 , 3 [ 4 ] ] ]) 1.16369386
0.155880498 :(1 [ 2 [ 3 ] , 4 [ 5 ] ],1 [ 3 [ 4 ] , 5 [ 2 ] ]) 1.16369386
0.173050811 :(1 [ 2 [ 3 ] , 4 [ 5 ] ],1 [ 5 [ 2 , 4 [ 3 ] ] ]) 1.16369386
0.157946871 :(1 [ 2 [ 3 ] , 4 [ 5 ] ],1 [ 3 , 5 [ 2 , 4 ] ]) 1.16369386
0.159333633 :(1 [ 2 [ 3 ] , 4 [ 5 ] ],1 [ 3 [ 4 [ 5 [ 2 ] ] ] ]) 1.16369386
0.157104681 :(1 [ 2 [ 3 ] , 4 [ 5 ] ],1 [ 3 [ 5 [ 2 , 4 ] ] ]) 1.16369386
0.155684431 :(1 [ 2 [ 3 ] , 4 [ 5 ] ],1 [ 3 [ 4 , 5 [ 2 ] ] ]) 1.16369386
0.155717203 :(1 [ 2 [ 3 , 4 ] , 5 ],1 [ 2 [ 3 ] , 4 , 5 ]) 1.16369386
0.135376329 :(1 [ 2 [ 3 , 4 ] , 5 ],1 [ 2 [ 3 , 4 ] , 5 ]) 1.16369386
0.144340211 :(1 [ 2 [ 3 , 4 ] , 5 ],1 [ 2 [ 3 [ 4 ] ] , 5 ]) 1.16369386
0.154075204 :(1 [ 2 [ 3 , 4 ] , 5 ],1 [ 2 [ 3 ] , 5 [ 4 ] ]) 1.16369386
4.27260855 :(1 [ 2 [ 3 , 4 ] , 5 ],1 [ 2 , 3 , 5 [ 4 ] ]) 1.16369386
4.231431279 :(1 [ 2 [ 3 , 4 ] , 5 ],1 [ 2 , 3 , 5 [ 4 ] ]) 1.16469386
0.159573914 :(1 [ 2 [ 3 , 4 ] , 5 ],1 [ 2 , 5 [ 4 [ 3 ] ] ]) 1.16369386
5.133326018 :(1 [ 2 [ 3 , 4 ] , 5 ],1 [ 2 , 5 [ 3 , 4 ] ]) 1.16369386
2.660232708 :(1 [ 2 [ 3 , 4 ] , 5 ],1 [ 2 , 5 [ 3 , 4 ] ]) 1.16469386
3.481443288 :(1 [ 2 [ 3 , 4 ] , 5 ],1 [ 2 , 4 , 5 [ 3 ] ]) 1.16369386
3.057899508 :(1 [ 2 [ 3 , 4 ] , 5 ],1 [ 2 , 4 , 5 [ 3 ] ]) 1.16469386
0.159168256 :(1 [ 2 [ 3 , 4 ] , 5 ],1 [ 2 [ 4 ] , 5 [ 3 ] ]) 1.16369386
0.155939099 :(1 [ 2 [ 3 , 4 ] , 5 ],1 [ 2 , 5 [ 3 [ 4 ] ] ]) 1.16369386
0.165778202 :(1 [ 2 [ 3 , 4 ] , 5 ],1 [ 2 , 3 [ 4 ] , 5 ]) 1.16369386
0.155010765 :(1 [ 2 [ 3 , 4 ] , 5 ],1 [ 2 , 4 [ 3 ] , 5 ]) 1.16369386
0.15447095 :(1 [ 2 [ 3 , 4 ] , 5 ],1 [ 2 [ 4 [ 3 ] ] , 5 ]) 1.16369386
0.184087605 :(1 [ 2 [ 3 , 4 ] , 5 ],1 [ 2 [ 4 ] , 3 , 5 ]) 1.16369386
5.18923844 :(1 [ 2 [ 3 , 4 ] , 5 ],1 [ 2 , 3 , 4 , 5 ]) 1.16369386
3.311368867 :(1 [ 2 [ 3 , 4 ] , 5 ],1 [ 2 , 3 , 4 , 5 ]) 1.16469386
0.156237143 :(1 [ 2 [ 3 , 4 ] , 5 ],1 [ 2 [ 5 ] , 3 , 4 ]) 1.16369386
0.153768581 :(1 [ 2 [ 3 , 4 ] , 5 ],1 [ 2 , 3 [ 5 ] , 4 ]) 1.16369386
0.172721106 :(1 [ 2 [ 3 , 4 ] , 5 ],1 [ 2 , 3 , 4 [ 5 ] ]) 1.16369386
0.160120901 :(1 [ 2 [ 3 , 4 ] , 5 ],1 [ 2 [ 4 [ 5 ] ] , 3 ]) 1.16369386
0.157007481 :(1 [ 2 [ 3 , 4 ] , 5 ],1 [ 2 [ 5 [ 4 ] ] , 3 ]) 1.16369386
0.16046197 :(1 [ 2 [ 3 , 4 ] , 5 ],1 [ 2 , 3 [ 4 [ 5 ] ] ]) 1.16369386
0.14836914 :(1 [ 2 [ 3 , 4 ] , 5 ],1 [ 2 , 3 [ 5 [ 4 ] ] ]) 1.16369386
0.160851786 :(1 [ 2 [ 3 , 4 ] , 5 ],1 [ 2 [ 4 ] , 3 [ 5 ] ]) 1.16369386
0.152464559 :(1 [ 2 [ 3 , 4 ] , 5 ],1 [ 2 , 3 [ 4 , 5 ] ]) 1.16369386
0.146903311 :(1 [ 2 [ 3 , 4 ] , 5 ],1 [ 2 [ 5 ] , 3 [ 4 ] ]) 1.16369386
0.156294307 :(1 [ 2 [ 3 , 4 ] , 5 ],1 [ 2 [ 4 , 5 ] , 3 ]) 1.16369386
0.153125878 :(1 [ 2 [ 3 , 4 ] , 5 ],1 [ 2 [ 3 , 4 , 5 ] ]) 1.16369386
0.158532033 :(1 [ 2 [ 3 , 4 ] , 5 ],1 [ 2 [ 4 [ 3 ] , 5 ] ]) 1.16369386
0.150697698 :(1 [ 2 [ 3 , 4 ] , 5 ],1 [ 2 [ 4 , 5 [ 3 ] ] ]) 1.16369386
0.156645025 :(1 [ 2 [ 3 , 4 ] , 5 ],1 [ 2 [ 5 [ 3 ] ] , 4 ]) 1.16369386
0.154866834 :(1 [ 2 [ 3 , 4 ] , 5 ],1 [ 2 [ 5 [ 3 [ 4 ] ] ] ]) 1.16369386
0.171974728 :(1 [ 2 [ 3 , 4 ] , 5 ],1 [ 2 [ 5 [ 3 , 4 ] ] ]) 1.16369386
0.160205146 :(1 [ 2 [ 3 , 4 ] , 5 ],1 [ 2 [ 3 , 5 [ 4 ] ] ]) 1.16369386
0.159550353 :(1 [ 2 [ 3 , 4 ] , 5 ],1 [ 2 [ 5 [ 4 [ 3 ] ] ] ]) 1.16369386
0.159598105 :(1 [ 2 [ 3 , 4 ] , 5 ],1 [ 2 [ 5 ] , 4 [ 3 ] ]) 1.16369386
0.15417708 :(1 [ 2 [ 3 , 4 ] , 5 ],1 [ 2 [ 3 [ 4 ] , 5 ] ]) 1.16369386
0.179226038 :(1 [ 2 [ 3 , 4 ] , 5 ],1 [ 2 [ 3 , 5 ] , 4 ]) 1.16369386
0.179085209 :(1 [ 2 [ 3 , 4 ] , 5 ],1 [ 2 [ 3 [ 5 ] ] , 4 ]) 1.16369386
0.162947206 :(1 [ 2 [ 3 , 4 ] , 5 ],1 [ 2 [ 3 ] , 4 [ 5 ] ]) 1.16369386
0.154832184 :(1 [ 2 [ 3 , 4 ] , 5 ],1 [ 2 [ 3 , 4 [ 5 ] ] ]) 1.16369386
0.152274621 :(1 [ 2 [ 3 , 4 ] , 5 ],1 [ 2 [ 3 [ 4 [ 5 ] ] ] ]) 1.16369386
0.155302199 :(1 [ 2 [ 3 , 4 ] , 5 ],1 [ 2 [ 3 [ 5 [ 4 ] ] ] ]) 1.16369386
0.155661534 :(1 [ 2 [ 3 , 4 ] , 5 ],1 [ 2 [ 3 [ 5 ] , 4 ] ]) 1.16369386
0.152835578 :(1 [ 2 [ 3 , 4 ] , 5 ],1 [ 2 [ 3 [ 4 , 5 ] ] ]) 1.16369386
0.157224981 :(1 [ 2 [ 3 , 4 ] , 5 ],1 [ 2 , 4 [ 3 [ 5 ] ] ]) 1.16369386
0.153002053 :(1 [ 2 [ 3 , 4 ] , 5 ],1 [ 2 [ 4 [ 3 [ 5 ] ] ] ]) 1.16369386
0.180475199 :(1 [ 2 [ 3 , 4 ] , 5 ],1 [ 2 [ 4 [ 5 [ 3 ] ] ] ]) 1.16369386
0.157703623 :(1 [ 2 [ 3 , 4 ] , 5 ],1 [ 2 , 4 [ 5 [ 3 ] ] ]) 1.16369386
0.159183507 :(1 [ 2 [ 3 , 4 ] , 5 ],1 [ 2 , 4 [ 3 , 5 ] ]) 1.16369386
0.152146503 :(1 [ 2 [ 3 , 4 ] , 5 ],1 [ 2 [ 4 [ 3 , 5 ] ] ]) 1.16369386
0.160954706 :(1 [ 2 [ 3 , 4 ] , 5 ],1 [ 3 [ 4 [ 2 , 5 ] ] ]) 1.16369386
0.166658712 :(1 [ 2 [ 3 , 4 ] , 5 ],1 [ 4 [ 2 , 3 , 5 ] ]) 1.16369386
3.0075532 :(1 [ 2 [ 3 , 4 ] , 5 ],1 [ 5 [ 4 [ 2 , 3 ] ] ]) 1.16369386
2.936985831 :(1 [ 2 [ 3 , 4 ] , 5 ],1 [ 5 [ 4 [ 3 [ 2 ] ] ] ]) 1.16369386
0.156958692 :(1 [ 2 [ 3 , 4 ] , 5 ],1 [ 5 [ 2 , 4 [ 3 ] ] ]) 1.16369386
0.161191336 :(1 [ 2 [ 3 , 4 ] , 5 ],1 [ 3 [ 4 [ 5 [ 2 ] ] ] ]) 1.16369386
0.153654209 :(1 [ 2 [ 3 , 4 ] , 5 ],1 [ 4 [ 3 , 5 [ 2 ] ] ]) 1.16369386
0.161799274 :(1 [ 2 [ 3 , 4 ] , 5 ],1 [ 4 [ 3 [ 2 ] , 5 ] ]) 1.16369386
0.15104179 :(1 [ 2 [ 3 , 4 ] , 5 ],1 [ 3 [ 2 , 4 [ 5 ] ] ]) 1.16369386
0.157936085 :(1 [ 2 [ 3 , 4 ] , 5 ],1 [ 3 [ 2 ] , 4 [ 5 ] ]) 1.16369386
4.943686732 :(1 [ 2 [ 3 , 4 ] , 5 ],1 [ 3 [ 2 ] , 5 [ 4 ] ]) 1.16369386
0.155058974 :(1 [ 2 [ 3 , 4 ] , 5 ],1 [ 3 [ 2 [ 4 [ 5 ] ] ] ]) 1.16369386
0.152839481 :(1 [ 2 [ 3 , 4 ] , 5 ],1 [ 3 [ 2 [ 5 [ 4 ] ] ] ]) 1.16369386
0.155161249 :(1 [ 2 [ 3 , 4 ] , 5 ],1 [ 3 [ 2 , 5 [ 4 ] ] ]) 1.16369386
0.178629188 :(1 [ 2 [ 3 , 4 ] , 5 ],1 [ 4 [ 5 [ 3 [ 2 ] ] ] ]) 1.16369386
3.883278846 :(1 [ 2 [ 3 , 4 ] , 5 ],1 [ 5 [ 3 [ 2 ] , 4 ] ]) 1.16369386
1.338238737 :(1 [ 2 [ 3 , 4 ] , 5 ],1 [ 5 [ 4 [ 2 [ 3 ] ] ] ]) 1.16369386
7.960031788 :(1 [ 2 [ 3 , 4 ] , 5 ],1 [ 5 [ 2 [ 3 ] , 4 ] ]) 1.16369386
0.186210311 :(1 [ 2 [ 3 , 4 ] , 5 ],1 [ 4 [ 5 [ 2 [ 3 ] ] ] ]) 1.16369386
0.161089317 :(1 [ 2 [ 3 , 4 ] , 5 ],1 [ 4 [ 2 [ 3 ] , 5 ] ]) 1.16369386
0.156669176 :(1 [ 2 [ 3 , 4 ] , 5 ],1 [ 3 , 4 [ 2 , 5 ] ]) 1.16369386
0.160052024 :(1 [ 2 [ 3 , 4 ] , 5 ],1 [ 4 [ 2 , 5 [ 3 ] ] ]) 1.16369386
0.164055019 :(1 [ 2 [ 3 , 4 ] , 5 ],1 [ 4 [ 5 [ 2 , 3 ] ] ]) 1.16369386
0.153782941 :(1 [ 2 [ 3 , 4 ] , 5 ],1 [ 3 , 4 [ 5 [ 2 ] ] ]) 1.16369386
4.123086823 :(1 [ 2 [ 3 , 4 ] , 5 ],1 [ 3 , 5 [ 2 , 4 ] ]) 1.16369386
1.447858096 :(1 [ 2 [ 3 , 4 ] , 5 ],1 [ 3 , 5 [ 2 , 4 ] ]) 1.16469386
0.164532454 :(1 [ 2 [ 3 , 4 ] , 5 ],1 [ 3 [ 5 [ 2 , 4 ] ] ]) 1.16369386
5.585558679 :(1 [ 2 [ 3 , 4 ] , 5 ],1 [ 5 [ 2 , 3 , 4 ] ]) 1.16369386
1.494394222 :(1 [ 2 [ 3 , 4 ] , 5 ],1 [ 5 [ 2 , 3 , 4 ] ]) 1.16469386
6.716894991 :(1 [ 2 [ 3 , 4 ] , 5 ],1 [ 5 [ 3 , 4 [ 2 ] ] ]) 1.16369386
0.161541058 :(1 [ 2 [ 3 , 4 ] , 5 ],1 [ 3 [ 5 [ 4 [ 2 ] ] ] ]) 1.16369386
9.683165418 :(1 [ 2 [ 3 , 4 ] , 5 ],1 [ 3 , 5 [ 4 [ 2 ] ] ]) 1.16369386
6.359785281 :(1 [ 2 [ 3 , 4 ] , 5 ],1 [ 3 , 4 [ 2 ] , 5 ]) 1.16369386
3.623631948 :(1 [ 2 [ 3 , 4 ] , 5 ],1 [ 3 [ 2 [ 4 ] ] , 5 ]) 1.16369386
4.740852781 :(1 [ 2 [ 3 , 4 ] , 5 ],1 [ 3 , 5 [ 2 [ 4 ] ] ]) 1.16369386
3.881927373 :(1 [ 2 [ 3 , 4 ] , 5 ],1 [ 3 [ 4 [ 2 ] ] , 5 ]) 1.16369386
0.174505224 :(1 [ 2 [ 3 , 4 ] , 5 ],1 [ 3 [ 4 [ 2 [ 5 ] ] ] ]) 1.16369386
0.15395339 :(1 [ 2 [ 3 , 4 ] , 5 ],1 [ 3 [ 4 [ 2 ] , 5 ] ]) 1.16369386
0.157851239 :(1 [ 2 [ 3 , 4 ] , 5 ],1 [ 3 [ 5 ] , 4 [ 2 ] ]) 1.16369386
0.182621604 :(1 [ 2 [ 3 , 4 ] , 5 ],1 [ 3 [ 2 [ 4 ] , 5 ] ]) 1.16369386
0.154313208 :(1 [ 2 [ 3 , 4 ] , 5 ],1 [ 3 [ 5 [ 2 [ 4 ] ] ] ]) 1.16369386
0.160284913 :(1 [ 2 [ 3 , 4 ] , 5 ],1 [ 3 , 4 [ 2 [ 5 ] ] ]) 1.16369386
0.162525843 :(1 [ 2 [ 3 , 4 ] , 5 ],1 [ 3 [ 2 [ 4 , 5 ] ] ]) 1.16369386
0.158515778 :(1 [ 2 [ 3 , 4 ] , 5 ],1 [ 4 [ 2 [ 3 , 5 ] ] ]) 1.16369386
0.622902042 :(1 [ 2 [ 3 , 4 ] , 5 ],1 [ 5 [ 2 [ 3 , 4 ] ] ]) 1.16369386
0.920551979 :(1 [ 2 [ 3 , 4 ] , 5 ],1 [ 5 [ 2 [ 4 [ 3 ] ] ] ]) 1.16369386
8.765195582 :(1 [ 2 [ 3 , 4 ] , 5 ],1 [ 5 [ 2 [ 4 ] , 3 ] ]) 1.16369386
0.181914467 :(1 [ 2 [ 3 , 4 ] , 5 ],1 [ 4 [ 2 [ 5 [ 3 ] ] ] ]) 1.16369386
0.153201082 :(1 [ 2 [ 3 , 4 ] , 5 ],1 [ 4 [ 2 [ 5 ] , 3 ] ]) 1.16369386
2.68370016 :(1 [ 2 [ 3 , 4 ] , 5 ],1 [ 4 [ 2 , 3 ] , 5 ]) 1.16369386
0.162553321 :(1 [ 2 [ 3 , 4 ] , 5 ],1 [ 4 [ 2 , 3 [ 5 ] ] ]) 1.16369386
5.850473644 :(1 [ 2 [ 3 , 4 ] , 5 ],1 [ 4 [ 2 ] , 5 [ 3 ] ]) 1.16369386
0.158383726 :(1 [ 2 [ 3 , 4 ] , 5 ],1 [ 4 [ 2 [ 3 [ 5 ] ] ] ]) 1.16369386
5.271763895 :(1 [ 2 [ 3 , 4 ] , 5 ],1 [ 4 [ 2 [ 3 ] ] , 5 ]) 1.16369386
1.693810691 :(1 [ 2 [ 3 , 4 ] , 5 ],1 [ 5 [ 3 [ 2 [ 4 ] ] ] ]) 1.16369386
2.202313103 :(1 [ 2 [ 3 , 4 ] , 5 ],1 [ 5 [ 3 [ 4 [ 2 ] ] ] ]) 1.16369386
4.144750106 :(1 [ 2 [ 3 , 4 ] , 5 ],1 [ 5 [ 3 [ 2 , 4 ] ] ]) 1.16369386
0.156030149 :(1 [ 2 [ 3 , 4 ] , 5 ],1 [ 5 [ 2 , 3 [ 4 ] ] ]) 1.16369386
4.585413011 :(1 [ 2 [ 3 , 4 ] , 5 ],1 [ 4 , 5 [ 2 , 3 ] ]) 1.16369386
2.451726083 :(1 [ 2 [ 3 , 4 ] , 5 ],1 [ 4 , 5 [ 2 , 3 ] ]) 1.16469386
3.678105504 :(1 [ 2 [ 3 , 4 ] , 5 ],1 [ 4 , 5 [ 3 [ 2 ] ] ]) 1.16369386
13.200722464 :(1 [ 2 [ 3 , 4 ] , 5 ],1 [ 3 [ 2 ] , 4 , 5 ]) 1.16369386
1.61074773 :(1 [ 2 [ 3 , 4 ] , 5 ],1 [ 4 , 5 [ 2 [ 3 ] ] ]) 1.16369386
5.101573465 :(1 [ 2 [ 3 , 4 ] , 5 ],1 [ 4 [ 3 [ 2 ] ] , 5 ]) 1.16369386
0.161442239 :(1 [ 2 [ 3 , 4 ] , 5 ],1 [ 4 [ 3 ] , 5 [ 2 ] ]) 1.16369386
3.1498426 :(1 [ 2 [ 3 , 4 ] , 5 ],1 [ 3 , 4 , 5 [ 2 ] ]) 1.16369386
0.483770467 :(1 [ 2 [ 3 , 4 ] , 5 ],1 [ 3 , 4 , 5 [ 2 ] ]) 1.16469386
0.154420652 :(1 [ 2 [ 3 , 4 ] , 5 ],1 [ 3 [ 4 ] , 5 [ 2 ] ]) 1.16369386
2.599598311 :(1 [ 2 [ 3 , 4 ] , 5 ],1 [ 5 [ 2 [ 3 [ 4 ] ] ] ]) 1.16369386
2.385398027 :(1 [ 2 [ 3 , 4 ] , 5 ],1 [ 3 [ 2 , 4 ] , 5 ]) 1.16369386
0.161071304 :(1 [ 2 [ 3 , 4 ] , 5 ],1 [ 3 [ 2 [ 5 ] , 4 ] ]) 1.16369386
0.156851851 :(1 [ 2 [ 3 , 4 ] , 5 ],1 [ 3 [ 2 , 4 , 5 ] ]) 1.16369386
0.149345809 :(1 [ 2 [ 3 , 4 ] , 5 ],1 [ 4 [ 3 [ 2 , 5 ] ] ]) 1.16369386
0.153606187 :(1 [ 2 [ 3 , 4 ] , 5 ],1 [ 4 [ 3 [ 2 [ 5 ] ] ] ]) 1.16369386
0.156945247 :(1 [ 2 [ 3 , 4 ] , 5 ],1 [ 4 [ 3 [ 5 [ 2 ] ] ] ]) 1.16369386
0.155452518 :(1 [ 2 [ 3 , 4 ] , 5 ],1 [ 3 [ 4 , 5 [ 2 ] ] ]) 1.16369386
0.1577328 :(1 [ 2 [ 3 , 4 ] , 5 ],1 [ 3 [ 5 [ 2 ] ] , 4 ]) 1.16369386
0.150753836 :(1 [ 2 [ 3 , 4 ] , 5 ],1 [ 3 [ 2 [ 5 ] ] , 4 ]) 1.16369386
0.152448537 :(1 [ 2 [ 3 , 4 ] , 5 ],1 [ 3 [ 2 , 5 ] , 4 ]) 1.16369386
0.151423867 :(1 [ 2 [ 3 , 4 , 5 ] ],1 [ 2 [ 3 , 4 ] , 5 ]) 1.16369386
0.136164537 :(1 [ 2 [ 3 , 4 , 5 ] ],1 [ 2 [ 3 , 4 , 5 ] ]) 1.16369386
0.156642723 :(1 [ 2 [ 3 , 4 , 5 ] ],1 [ 2 [ 3 [ 5 ] , 4 ] ]) 1.16369386
0.153371969 :(1 [ 2 [ 3 , 4 , 5 ] ],1 [ 2 [ 3 , 4 [ 5 ] ] ]) 1.16369386
0.153222516 :(1 [ 2 [ 3 , 4 , 5 ] ],1 [ 2 [ 3 ] , 4 [ 5 ] ]) 1.16369386
0.156576275 :(1 [ 2 [ 3 , 4 , 5 ] ],1 [ 2 [ 3 ] , 5 [ 4 ] ]) 1.16369386
0.155543277 :(1 [ 2 [ 3 , 4 , 5 ] ],1 [ 2 [ 3 , 5 [ 4 ] ] ]) 1.16369386
0.153186533 :(1 [ 2 [ 3 , 4 , 5 ] ],1 [ 2 [ 3 [ 4 [ 5 ] ] ] ]) 1.16369386
0.153523277 :(1 [ 2 [ 3 , 4 , 5 ] ],1 [ 2 [ 3 [ 5 [ 4 ] ] ] ]) 1.16369386
0.153793054 :(1 [ 2 [ 3 , 4 , 5 ] ],1 [ 2 [ 3 [ 5 ] ] , 4 ]) 1.16369386
0.151891956 :(1 [ 2 [ 3 , 4 , 5 ] ],1 [ 2 [ 3 [ 4 , 5 ] ] ]) 1.16369386
0.167413208 :(1 [ 2 [ 3 , 4 , 5 ] ],1 [ 2 [ 3 [ 4 ] ] , 5 ]) 1.16369386
0.151974596 :(1 [ 2 [ 3 , 4 , 5 ] ],1 [ 2 [ 3 [ 4 ] , 5 ] ]) 1.16369386
0.155789567 :(1 [ 2 [ 3 , 4 , 5 ] ],1 [ 2 [ 3 , 5 ] , 4 ]) 1.16369386
0.153373955 :(1 [ 2 [ 3 , 4 , 5 ] ],1 [ 2 [ 3 ] , 4 , 5 ]) 1.16369386
9.279937724 :(1 [ 2 [ 3 , 4 , 5 ] ],1 [ 2 , 3 , 4 , 5 ]) 1.16369386
5.955991513 :(1 [ 2 [ 3 , 4 , 5 ] ],1 [ 2 , 4 [ 3 ] , 5 ]) 1.16369386
3.104032255 :(1 [ 2 [ 3 , 4 , 5 ] ],1 [ 2 , 4 , 5 [ 3 ] ]) 1.16369386
11.936588326 :(1 [ 2 [ 3 , 4 , 5 ] ],1 [ 2 , 3 [ 5 ] , 4 ]) 1.16369386
0.156457939 :(1 [ 2 [ 3 , 4 , 5 ] ],1 [ 2 [ 5 [ 3 ] ] , 4 ]) 1.16369386
0.153285111 :(1 [ 2 [ 3 , 4 , 5 ] ],1 [ 2 , 4 [ 3 [ 5 ] ] ]) 1.16369386
0.159906991 :(1 [ 2 [ 3 , 4 , 5 ] ],1 [ 2 , 4 [ 5 [ 3 ] ] ]) 1.16369386
2.133241788 :(1 [ 2 [ 3 , 4 , 5 ] ],1 [ 2 , 3 , 4 [ 5 ] ]) 1.16369386
4.917592324 :(1 [ 2 [ 3 , 4 , 5 ] ],1 [ 2 , 4 [ 3 , 5 ] ]) 1.16369386
0.186588065 :(1 [ 2 [ 3 , 4 , 5 ] ],1 [ 2 [ 5 ] , 4 [ 3 ] ]) 1.16369386
0.159745135 :(1 [ 2 [ 3 , 4 , 5 ] ],1 [ 2 [ 5 ] , 3 , 4 ]) 1.16369386
0.159808246 :(1 [ 2 [ 3 , 4 , 5 ] ],1 [ 2 [ 4 , 5 ] , 3 ]) 1.16369386
0.15658011 :(1 [ 2 [ 3 , 4 , 5 ] ],1 [ 2 [ 5 ] , 3 [ 4 ] ]) 1.16369386
0.162329136 :(1 [ 2 [ 3 , 4 , 5 ] ],1 [ 2 [ 5 [ 4 ] ] , 3 ]) 1.16369386
0.159164234 :(1 [ 2 [ 3 , 4 , 5 ] ],1 [ 2 [ 5 [ 4 [ 3 ] ] ] ]) 1.16369386
0.158203563 :(1 [ 2 [ 3 , 4 , 5 ] ],1 [ 2 [ 5 [ 3 , 4 ] ] ]) 1.16369386
0.159690923 :(1 [ 2 [ 3 , 4 , 5 ] ],1 [ 2 [ 4 , 5 [ 3 ] ] ]) 1.16369386
0.161467279 :(1 [ 2 [ 3 , 4 , 5 ] ],1 [ 2 [ 5 [ 3 [ 4 ] ] ] ]) 1.16369386
0.156945458 :(1 [ 2 [ 3 , 4 , 5 ] ],1 [ 2 [ 4 [ 3 ] , 5 ] ]) 1.16369386
0.155042498 :(1 [ 2 [ 3 , 4 , 5 ] ],1 [ 2 [ 4 [ 3 ] ] , 5 ]) 1.16369386
0.157097371 :(1 [ 2 [ 3 , 4 , 5 ] ],1 [ 2 [ 4 [ 3 [ 5 ] ] ] ]) 1.16369386
0.154204217 :(1 [ 2 [ 3 , 4 , 5 ] ],1 [ 2 [ 4 [ 3 , 5 ] ] ]) 1.16369386
0.154068749 :(1 [ 2 [ 3 , 4 , 5 ] ],1 [ 2 , 3 [ 4 [ 5 ] ] ]) 1.16369386
0.155176855 :(1 [ 2 [ 3 , 4 , 5 ] ],1 [ 2 , 5 [ 4 [ 3 ] ] ]) 1.16369386
4.10189924 :(1 [ 2 [ 3 , 4 , 5 ] ],1 [ 2 , 3 [ 4 ] , 5 ]) 1.16369386
0.164146686 :(1 [ 2 [ 3 , 4 , 5 ] ],1 [ 2 , 5 [ 3 [ 4 ] ] ]) 1.16369386
0.865916651 :(1 [ 2 [ 3 , 4 , 5 ] ],1 [ 2 , 3 [ 4 , 5 ] ]) 1.16369386
0.157352741 :(1 [ 2 [ 3 , 4 , 5 ] ],1 [ 2 [ 4 ] , 3 [ 5 ] ]) 1.16369386
0.159658055 :(1 [ 2 [ 3 , 4 , 5 ] ],1 [ 2 , 3 [ 5 [ 4 ] ] ]) 1.16369386
2.733031494 :(1 [ 2 [ 3 , 4 , 5 ] ],1 [ 2 , 5 [ 3 , 4 ] ]) 1.16369386
0.154901159 :(1 [ 2 [ 3 , 4 , 5 ] ],1 [ 2 [ 4 [ 5 [ 3 ] ] ] ]) 1.16369386
0.157970584 :(1 [ 2 [ 3 , 4 , 5 ] ],1 [ 2 [ 4 ] , 5 [ 3 ] ]) 1.16369386
0.161603043 :(1 [ 2 [ 3 , 4 , 5 ] ],1 [ 2 [ 4 ] , 3 , 5 ]) 1.16369386
0.155530929 :(1 [ 2 [ 3 , 4 , 5 ] ],1 [ 2 [ 4 [ 5 ] ] , 3 ]) 1.16369386
2.317653062 :(1 [ 2 [ 3 , 4 , 5 ] ],1 [ 2 , 3 , 5 [ 4 ] ]) 1.16369386
11.912937675 :(1 [ 2 [ 3 , 4 , 5 ] ],1 [ 3 [ 2 ] , 5 [ 4 ] ]) 1.16369386
5.944087941 :(1 [ 2 [ 3 , 4 , 5 ] ],1 [ 3 , 5 [ 4 [ 2 ] ] ]) 1.16369386
5.060112611 :(1 [ 2 [ 3 , 4 , 5 ] ],1 [ 3 , 5 [ 2 , 4 ] ]) 1.16369386
2.337988304 :(1 [ 2 [ 3 , 4 , 5 ] ],1 [ 3 , 4 [ 5 [ 2 ] ] ]) 1.16369386
0.605471699 :(1 [ 2 [ 3 , 4 , 5 ] ],1 [ 3 [ 2 [ 5 [ 4 ] ] ] ]) 1.16369386
1.148047977 :(1 [ 2 [ 3 , 4 , 5 ] ],1 [ 3 [ 4 [ 5 [ 2 ] ] ] ]) 1.16369386
4.116058959 :(1 [ 2 [ 3 , 4 , 5 ] ],1 [ 3 [ 5 [ 2 , 4 ] ] ]) 1.16369386
7.087489931 :(1 [ 2 [ 3 , 4 , 5 ] ],1 [ 3 [ 2 , 5 [ 4 ] ] ]) 1.16369386
5.559900129 :(1 [ 2 [ 3 , 4 , 5 ] ],1 [ 3 [ 5 [ 4 [ 2 ] ] ] ]) 1.16369386
6.453668471 :(1 [ 2 [ 3 , 4 , 5 ] ],1 [ 3 , 4 [ 2 , 5 ] ]) 1.16369386
2.497170882 :(1 [ 2 [ 3 , 4 , 5 ] ],1 [ 3 [ 2 [ 4 [ 5 ] ] ] ]) 1.16369386
2.489735284 :(1 [ 2 [ 3 , 4 , 5 ] ],1 [ 3 [ 4 [ 2 , 5 ] ] ]) 1.16369386
5.804437584 :(1 [ 2 [ 3 , 4 , 5 ] ],1 [ 3 [ 2 , 4 [ 5 ] ] ]) 1.16369386
8.075293666 :(1 [ 2 [ 3 , 4 , 5 ] ],1 [ 3 [ 2 ] , 4 [ 5 ] ]) 1.16369386
6.616323951 :(1 [ 2 [ 3 , 4 , 5 ] ],1 [ 3 [ 2 ] , 4 , 5 ]) 1.16369386
8.349924578 :(1 [ 2 [ 3 , 4 , 5 ] ],1 [ 3 [ 2 [ 5 ] ] , 4 ]) 1.16369386
2.497679302 :(1 [ 2 [ 3 , 4 , 5 ] ],1 [ 3 [ 2 , 5 ] , 4 ]) 1.16369386
6.887147224 :(1 [ 2 [ 3 , 4 , 5 ] ],1 [ 3 [ 2 [ 4 ] , 5 ] ]) 1.16369386
10.505629144 :(1 [ 2 [ 3 , 4 , 5 ] ],1 [ 3 [ 2 , 4 , 5 ] ]) 1.16369386
2.397449367 :(1 [ 2 [ 3 , 4 , 5 ] ],1 [ 3 [ 2 , 4 ] , 5 ]) 1.16369386
5.708951747 :(1 [ 2 [ 3 , 4 , 5 ] ],1 [ 3 [ 2 [ 5 ] , 4 ] ]) 1.16369386
2.489669724 :(1 [ 2 [ 3 , 4 , 5 ] ],1 [ 3 [ 2 [ 4 , 5 ] ] ]) 1.16369386
3.855398143 :(1 [ 2 [ 3 , 4 , 5 ] ],1 [ 3 [ 2 [ 4 ] ] , 5 ]) 1.16369386
24.938214135 :(1 [ 2 [ 3 , 4 , 5 ] ],1 [ 3 , 4 [ 2 ] , 5 ]) 1.16369386
8.191713744 :(1 [ 2 [ 3 , 4 , 5 ] ],1 [ 3 , 5 [ 2 [ 4 ] ] ]) 1.16369386
7.473818418 :(1 [ 2 [ 3 , 4 , 5 ] ],1 [ 3 [ 4 [ 2 ] ] , 5 ]) 1.16369386
1.101939622 :(1 [ 2 [ 3 , 4 , 5 ] ],1 [ 3 [ 4 [ 2 [ 5 ] ] ] ]) 1.16369386
6.863834065 :(1 [ 2 [ 3 , 4 , 5 ] ],1 [ 3 [ 4 [ 2 ] , 5 ] ]) 1.16369386
7.569359221 :(1 [ 2 [ 3 , 4 , 5 ] ],1 [ 3 [ 5 ] , 4 [ 2 ] ]) 1.16369386
1.717421699 :(1 [ 2 [ 3 , 4 , 5 ] ],1 [ 3 [ 5 [ 2 [ 4 ] ] ] ]) 1.16369386
8.760082476 :(1 [ 2 [ 3 , 4 , 5 ] ],1 [ 3 , 4 [ 2 [ 5 ] ] ]) 1.16369386
6.180332602 :(1 [ 2 [ 3 , 4 , 5 ] ],1 [ 3 , 4 , 5 [ 2 ] ]) 1.16369386
16.893126644 :(1 [ 2 [ 3 , 4 , 5 ] ],1 [ 3 [ 5 [ 2 ] ] , 4 ]) 1.16369386
9.121579006 :(1 [ 2 [ 3 , 4 , 5 ] ],1 [ 3 [ 4 , 5 [ 2 ] ] ]) 1.16369386
10.161653709 :(1 [ 2 [ 3 , 4 , 5 ] ],1 [ 3 [ 4 ] , 5 [ 2 ] ]) 1.16369386
14.653409727 :(1 [ 2 [ 3 , 4 , 5 ] ],1 [ 4 [ 3 ] , 5 [ 2 ] ]) 1.16369386
1.099194801 :(1 [ 2 [ 3 , 4 , 5 ] ],1 [ 5 [ 2 [ 3 [ 4 ] ] ] ]) 1.16369386
0.666868169 :(1 [ 2 [ 3 , 4 , 5 ] ],1 [ 5 [ 2 [ 4 [ 3 ] ] ] ]) 1.16369386
8.216891043 :(1 [ 2 [ 3 , 4 , 5 ] ],1 [ 5 [ 2 , 3 [ 4 ] ] ]) 1.16369386
7.103375991 :(1 [ 2 [ 3 , 4 , 5 ] ],1 [ 5 [ 2 , 4 [ 3 ] ] ]) 1.16369386
10.869840894 :(1 [ 2 [ 3 , 4 , 5 ] ],1 [ 4 [ 3 , 5 [ 2 ] ] ]) 1.16369386
1.079766823 :(1 [ 2 [ 3 , 4 , 5 ] ],1 [ 4 [ 3 [ 2 [ 5 ] ] ] ]) 1.16369386
3.314078052 :(1 [ 2 [ 3 , 4 , 5 ] ],1 [ 4 [ 2 [ 5 ] , 3 ] ]) 1.16369386
1.918490107 :(1 [ 2 [ 3 , 4 , 5 ] ],1 [ 4 [ 3 [ 5 [ 2 ] ] ] ]) 1.16369386
16.683674796 :(1 [ 2 [ 3 , 4 , 5 ] ],1 [ 4 , 5 [ 2 , 3 ] ]) 1.16369386
1.169103336 :(1 [ 2 [ 3 , 4 , 5 ] ],1 [ 4 [ 2 [ 5 [ 3 ] ] ] ]) 1.16369386
1.379088171 :(1 [ 2 [ 3 , 4 , 5 ] ],1 [ 4 [ 5 [ 2 , 3 ] ] ]) 1.16369386
1.554680302 :(1 [ 2 [ 3 , 4 , 5 ] ],1 [ 4 [ 5 [ 2 [ 3 ] ] ] ]) 1.16369386
5.601363746 :(1 [ 2 [ 3 , 4 , 5 ] ],1 [ 4 , 5 [ 2 [ 3 ] ] ]) 1.16369386
0.804148187 :(1 [ 2 [ 3 , 4 , 5 ] ],1 [ 4 [ 2 [ 3 , 5 ] ] ]) 1.16369386
7.010231554 :(1 [ 2 [ 3 , 4 , 5 ] ],1 [ 5 [ 2 [ 3 , 4 ] ] ]) 1.16369386
8.974088828 :(1 [ 2 [ 3 , 4 , 5 ] ],1 [ 5 [ 2 [ 3 ] , 4 ] ]) 1.16369386
20.697637381 :(1 [ 2 [ 3 , 4 , 5 ] ],1 [ 5 [ 2 , 3 , 4 ] ]) 1.16369386
8.282130552 :(1 [ 2 [ 3 , 4 , 5 ] ],1 [ 5 [ 2 [ 4 ] , 3 ] ]) 1.16369386
5.436072178 :(1 [ 2 [ 3 , 4 , 5 ] ],1 [ 4 [ 2 ] , 5 [ 3 ] ]) 1.16369386
1.971990954 :(1 [ 2 [ 3 , 4 , 5 ] ],1 [ 5 [ 3 [ 2 [ 4 ] ] ] ]) 1.16369386
1.092892456 :(1 [ 2 [ 3 , 4 , 5 ] ],1 [ 5 [ 3 [ 4 [ 2 ] ] ] ]) 1.16369386
2.936635076 :(1 [ 2 [ 3 , 4 , 5 ] ],1 [ 5 [ 3 , 4 [ 2 ] ] ]) 1.16369386
7.091791978 :(1 [ 2 [ 3 , 4 , 5 ] ],1 [ 5 [ 3 [ 2 ] , 4 ] ]) 1.16369386
5.39873707 :(1 [ 2 [ 3 , 4 , 5 ] ],1 [ 4 , 5 [ 3 [ 2 ] ] ]) 1.16369386
1.853588812 :(1 [ 2 [ 3 , 4 , 5 ] ],1 [ 5 [ 3 [ 2 , 4 ] ] ]) 1.16369386
16.156829395 :(1 [ 2 [ 3 , 4 , 5 ] ],1 [ 4 [ 3 [ 2 ] ] , 5 ]) 1.16369386
1.819298128 :(1 [ 2 [ 3 , 4 , 5 ] ],1 [ 5 [ 4 [ 3 [ 2 ] ] ] ]) 1.16369386
1.304209759 :(1 [ 2 [ 3 , 4 , 5 ] ],1 [ 5 [ 4 [ 2 [ 3 ] ] ] ]) 1.16369386
14.015801933 :(1 [ 2 [ 3 , 4 , 5 ] ],1 [ 4 [ 2 [ 3 ] ] , 5 ]) 1.16369386
12.112969349 :(1 [ 2 [ 3 , 4 , 5 ] ],1 [ 4 [ 2 , 3 ] , 5 ]) 1.16369386
2.186711105 :(1 [ 2 [ 3 , 4 , 5 ] ],1 [ 5 [ 4 [ 2 , 3 ] ] ]) 1.16369386
13.287312305 :(1 [ 2 [ 3 , 4 , 5 ] ],1 [ 4 [ 2 , 3 , 5 ] ]) 1.16369386
8.778887856 :(1 [ 2 [ 3 , 4 , 5 ] ],1 [ 4 [ 2 , 3 [ 5 ] ] ]) 1.16369386
1.767416417 :(1 [ 2 [ 3 , 4 , 5 ] ],1 [ 4 [ 2 [ 3 [ 5 ] ] ] ]) 1.16369386
10.408394947 :(1 [ 2 [ 3 , 4 , 5 ] ],1 [ 4 [ 2 , 5 [ 3 ] ] ]) 1.16369386
7.848646101 :(1 [ 2 [ 3 , 4 , 5 ] ],1 [ 4 [ 2 [ 3 ] , 5 ] ]) 1.16369386
6.982021954 :(1 [ 2 [ 3 , 4 , 5 ] ],1 [ 4 [ 3 [ 2 ] , 5 ] ]) 1.16369386
0.800060599 :(1 [ 2 [ 3 , 4 , 5 ] ],1 [ 4 [ 5 [ 3 [ 2 ] ] ] ]) 1.16369386
4.464268891 :(1 [ 2 [ 3 , 4 , 5 ] ],1 [ 4 [ 3 [ 2 , 5 ] ] ]) 1.16369386
0.153043181 :(1 [ 2 [ 3 ] , 4 , 5 ],1 [ 2 , 3 , 4 , 5 ]) 1.16369386
0.163774945 :(1 [ 2 [ 3 ] , 4 , 5 ],1 [ 2 [ 3 ] , 4 , 5 ]) 1.16369386
0.15736236 :(1 [ 2 [ 3 ] , 4 , 5 ],1 [ 2 , 4 [ 3 ] , 5 ]) 1.16369386
0.159458836 :(1 [ 2 [ 3 ] , 4 , 5 ],1 [ 2 , 4 , 5 [ 3 ] ]) 1.16369386
0.154214558 :(1 [ 2 [ 3 ] , 4 , 5 ],1 [ 2 , 3 [ 5 ] , 4 ]) 1.16369386
0.153578451 :(1 [ 2 [ 3 ] , 4 , 5 ],1 [ 2 [ 3 [ 5 ] ] , 4 ]) 1.16369386
0.172601933 :(1 [ 2 [ 3 ] , 4 , 5 ],1 [ 2 [ 5 [ 3 ] ] , 4 ]) 1.16369386
0.157978801 :(1 [ 2 [ 3 ] , 4 , 5 ],1 [ 2 , 4 [ 3 [ 5 ] ] ]) 1.16369386
0.165296689 :(1 [ 2 [ 3 ] , 4 , 5 ],1 [ 2 , 4 [ 5 [ 3 ] ] ]) 1.16369386
0.15460738 :(1 [ 2 [ 3 ] , 4 , 5 ],1 [ 2 , 3 , 4 [ 5 ] ]) 1.16369386
0.152802501 :(1 [ 2 [ 3 ] , 4 , 5 ],1 [ 2 [ 3 ] , 4 [ 5 ] ]) 1.16369386
0.157374573 :(1 [ 2 [ 3 ] , 4 , 5 ],1 [ 2 , 4 [ 3 , 5 ] ]) 1.16369386
0.1598661 :(1 [ 2 [ 3 ] , 4 , 5 ],1 [ 2 [ 5 ] , 4 [ 3 ] ]) 1.16369386
0.156416893 :(1 [ 2 [ 3 ] , 4 , 5 ],1 [ 2 [ 5 ] , 3 , 4 ]) 1.16369386
0.17938508 :(1 [ 2 [ 3 ] , 4 , 5 ],1 [ 2 [ 3 , 5 ] , 4 ]) 1.16369386
0.154951315 :(1 [ 2 [ 3 ] , 4 , 5 ],1 [ 2 [ 3 , 4 , 5 ] ]) 1.16369386
0.156172211 :(1 [ 2 [ 3 ] , 4 , 5 ],1 [ 2 [ 3 [ 4 ] , 5 ] ]) 1.16369386
0.159585968 :(1 [ 2 [ 3 ] , 4 , 5 ],1 [ 2 [ 3 , 5 [ 4 ] ] ]) 1.16369386
0.160203934 :(1 [ 2 [ 3 ] , 4 , 5 ],1 [ 2 [ 5 [ 4 ] ] , 3 ]) 1.16369386
0.158095823 :(1 [ 2 [ 3 ] , 4 , 5 ],1 [ 2 [ 5 [ 4 [ 3 ] ] ] ]) 1.16369386
0.155978142 :(1 [ 2 [ 3 ] , 4 , 5 ],1 [ 2 [ 5 [ 3 , 4 ] ] ]) 1.16369386
0.151634395 :(1 [ 2 [ 3 ] , 4 , 5 ],1 [ 2 [ 4 , 5 [ 3 ] ] ]) 1.16369386
0.157566401 :(1 [ 2 [ 3 ] , 4 , 5 ],1 [ 2 [ 5 [ 3 [ 4 ] ] ] ]) 1.16369386
0.15325735 :(1 [ 2 [ 3 ] , 4 , 5 ],1 [ 2 [ 5 ] , 3 [ 4 ] ]) 1.16369386
0.167841228 :(1 [ 2 [ 3 ] , 4 , 5 ],1 [ 2 [ 4 [ 3 ] , 5 ] ]) 1.16369386
0.146070855 :(1 [ 2 [ 3 ] , 4 , 5 ],1 [ 2 [ 4 , 5 ] , 3 ]) 1.16369386
0.155200996 :(1 [ 2 [ 3 ] , 4 , 5 ],1 [ 2 [ 4 ] , 3 , 5 ]) 1.16369386
0.157288374 :(1 [ 2 [ 3 ] , 4 , 5 ],1 [ 2 [ 4 ] , 3 [ 5 ] ]) 1.16369386
0.152235267 :(1 [ 2 [ 3 ] , 4 , 5 ],1 [ 2 [ 4 [ 5 ] ] , 3 ]) 1.16369386
0.165145757 :(1 [ 2 [ 3 ] , 4 , 5 ],1 [ 2 [ 3 , 4 [ 5 ] ] ]) 1.16369386
0.180536334 :(1 [ 2 [ 3 ] , 4 , 5 ],1 [ 2 [ 4 [ 3 , 5 ] ] ]) 1.16369386
0.150293282 :(1 [ 2 [ 3 ] , 4 , 5 ],1 [ 2 [ 4 [ 5 [ 3 ] ] ] ]) 1.16369386
0.158574039 :(1 [ 2 [ 3 ] , 4 , 5 ],1 [ 2 [ 4 ] , 5 [ 3 ] ]) 1.16369386
0.156536856 :(1 [ 2 [ 3 ] , 4 , 5 ],1 [ 2 [ 3 [ 5 ] , 4 ] ]) 1.16369386
0.158170044 :(1 [ 2 [ 3 ] , 4 , 5 ],1 [ 2 [ 4 [ 3 [ 5 ] ] ] ]) 1.16369386
0.151090194 :(1 [ 2 [ 3 ] , 4 , 5 ],1 [ 2 [ 4 [ 3 ] ] , 5 ]) 1.16369386
0.176280242 :(1 [ 2 [ 3 ] , 4 , 5 ],1 [ 2 [ 3 , 4 ] , 5 ]) 1.16369386
0.155356333 :(1 [ 2 [ 3 ] , 4 , 5 ],1 [ 2 [ 3 [ 4 ] ] , 5 ]) 1.16369386
0.158573921 :(1 [ 2 [ 3 ] , 4 , 5 ],1 [ 2 [ 3 ] , 5 [ 4 ] ]) 1.16369386
0.152122552 :(1 [ 2 [ 3 ] , 4 , 5 ],1 [ 2 , 3 , 5 [ 4 ] ]) 1.16369386
0.154291477 :(1 [ 2 [ 3 ] , 4 , 5 ],1 [ 2 , 5 [ 4 [ 3 ] ] ]) 1.16369386
0.156411457 :(1 [ 2 [ 3 ] , 4 , 5 ],1 [ 2 , 5 [ 3 , 4 ] ]) 1.16369386
0.152730045 :(1 [ 2 [ 3 ] , 4 , 5 ],1 [ 2 , 5 [ 3 [ 4 ] ] ]) 1.16369386
0.153248194 :(1 [ 2 [ 3 ] , 4 , 5 ],1 [ 2 , 3 [ 4 ] , 5 ]) 1.16369386
0.167173469 :(1 [ 2 [ 3 ] , 4 , 5 ],1 [ 2 , 3 [ 4 , 5 ] ]) 1.16369386
0.155346972 :(1 [ 2 [ 3 ] , 4 , 5 ],1 [ 2 , 3 [ 4 [ 5 ] ] ]) 1.16369386
0.190427513 :(1 [ 2 [ 3 ] , 4 , 5 ],1 [ 2 [ 3 [ 4 [ 5 ] ] ] ]) 1.16369386
0.151965042 :(1 [ 2 [ 3 ] , 4 , 5 ],1 [ 2 [ 3 [ 4 , 5 ] ] ]) 1.16369386
0.181197627 :(1 [ 2 [ 3 ] , 4 , 5 ],1 [ 2 [ 3 [ 5 [ 4 ] ] ] ]) 1.16369386
0.153306669 :(1 [ 2 [ 3 ] , 4 , 5 ],1 [ 2 , 3 [ 5 [ 4 ] ] ]) 1.16369386
0.158570316 :(1 [ 2 [ 3 ] , 4 , 5 ],1 [ 3 [ 2 , 5 [ 4 ] ] ]) 1.16369386
0.156481854 :(1 [ 2 [ 3 ] , 4 , 5 ],1 [ 3 [ 5 [ 4 [ 2 ] ] ] ]) 1.16369386
0.154359719 :(1 [ 2 [ 3 ] , 4 , 5 ],1 [ 3 [ 5 [ 2 , 4 ] ] ]) 1.16369386
0.157548549 :(1 [ 2 [ 3 ] , 4 , 5 ],1 [ 4 [ 5 [ 2 , 3 ] ] ]) 1.16369386
0.152210033 :(1 [ 2 [ 3 ] , 4 , 5 ],1 [ 5 [ 2 , 3 , 4 ] ]) 1.16369386
1.296486268 :(1 [ 2 [ 3 ] , 4 , 5 ],1 [ 5 [ 3 [ 2 ] , 4 ] ]) 1.16369386
0.161178083 :(1 [ 2 [ 3 ] , 4 , 5 ],1 [ 5 [ 3 , 4 [ 2 ] ] ]) 1.16369386
0.152581559 :(1 [ 2 [ 3 ] , 4 , 5 ],1 [ 4 [ 2 , 5 [ 3 ] ] ]) 1.16369386
1.103247287 :(1 [ 2 [ 3 ] , 4 , 5 ],1 [ 4 [ 5 [ 3 [ 2 ] ] ] ]) 1.16369386
0.175052945 :(1 [ 2 [ 3 ] , 4 , 5 ],1 [ 3 [ 2 , 5 ] , 4 ]) 1.16369386
1.081525637 :(1 [ 2 [ 3 ] , 4 , 5 ],1 [ 4 , 5 [ 3 [ 2 ] ] ]) 1.16369386
0.157954103 :(1 [ 2 [ 3 ] , 4 , 5 ],1 [ 4 [ 2 [ 3 [ 5 ] ] ] ]) 1.16369386
0.152273209 :(1 [ 2 [ 3 ] , 4 , 5 ],1 [ 4 [ 3 [ 2 , 5 ] ] ]) 1.16369386
0.170457679 :(1 [ 2 [ 3 ] , 4 , 5 ],1 [ 4 [ 2 , 3 [ 5 ] ] ]) 1.16369386
0.155397979 :(1 [ 2 [ 3 ] , 4 , 5 ],1 [ 4 [ 3 [ 5 [ 2 ] ] ] ]) 1.16369386
0.152680309 :(1 [ 2 [ 3 ] , 4 , 5 ],1 [ 3 [ 5 [ 2 ] ] , 4 ]) 1.16369386
0.154529918 :(1 [ 2 [ 3 ] , 4 , 5 ],1 [ 4 , 5 [ 2 , 3 ] ]) 1.16369386
0.162966168 :(1 [ 2 [ 3 ] , 4 , 5 ],1 [ 4 [ 2 [ 5 [ 3 ] ] ] ]) 1.16369386
0.15270016 :(1 [ 2 [ 3 ] , 4 , 5 ],1 [ 3 [ 5 ] , 4 [ 2 ] ]) 1.16369386
0.150911094 :(1 [ 2 [ 3 ] , 4 , 5 ],1 [ 4 [ 2 ] , 5 [ 3 ] ]) 1.16369386
0.155504334 :(1 [ 2 [ 3 ] , 4 , 5 ],1 [ 5 [ 3 [ 2 [ 4 ] ] ] ]) 1.16369386
0.151907817 :(1 [ 2 [ 3 ] , 4 , 5 ],1 [ 5 [ 2 [ 4 ] , 3 ] ]) 1.16369386
0.153324519 :(1 [ 2 [ 3 ] , 4 , 5 ],1 [ 5 [ 3 [ 4 [ 2 ] ] ] ]) 1.16369386
0.152911529 :(1 [ 2 [ 3 ] , 4 , 5 ],1 [ 3 [ 4 [ 2 ] , 5 ] ]) 1.16369386
0.158081861 :(1 [ 2 [ 3 ] , 4 , 5 ],1 [ 3 [ 2 [ 4 ] , 5 ] ]) 1.16369386
0.160600017 :(1 [ 2 [ 3 ] , 4 , 5 ],1 [ 3 [ 5 [ 2 [ 4 ] ] ] ]) 1.16369386
0.156284933 :(1 [ 2 [ 3 ] , 4 , 5 ],1 [ 3 [ 4 , 5 [ 2 ] ] ]) 1.16369386
0.151756474 :(1 [ 2 [ 3 ] , 4 , 5 ],1 [ 3 [ 2 , 4 , 5 ] ]) 1.16369386
0.157829185 :(1 [ 2 [ 3 ] , 4 , 5 ],1 [ 5 [ 3 [ 2 , 4 ] ] ]) 1.16369386
0.161545613 :(1 [ 2 [ 3 ] , 4 , 5 ],1 [ 5 [ 2 , 3 [ 4 ] ] ]) 1.16369386
0.150639403 :(1 [ 2 [ 3 ] , 4 , 5 ],1 [ 3 [ 4 ] , 5 [ 2 ] ]) 1.16369386
0.159509811 :(1 [ 2 [ 3 ] , 4 , 5 ],1 [ 4 [ 3 ] , 5 [ 2 ] ]) 1.16369386
0.153500301 :(1 [ 2 [ 3 ] , 4 , 5 ],1 [ 5 [ 2 [ 3 [ 4 ] ] ] ]) 1.16369386
0.153766155 :(1 [ 2 [ 3 ] , 4 , 5 ],1 [ 5 [ 2 [ 4 [ 3 ] ] ] ]) 1.16369386
0.152450038 :(1 [ 2 [ 3 ] , 4 , 5 ],1 [ 5 [ 2 , 4 [ 3 ] ] ]) 1.16369386
1.417788958 :(1 [ 2 [ 3 ] , 4 , 5 ],1 [ 5 [ 4 [ 3 [ 2 ] ] ] ]) 1.16369386
0.153687628 :(1 [ 2 [ 3 ] , 4 , 5 ],1 [ 5 [ 4 [ 2 , 3 ] ] ]) 1.16369386
0.166021176 :(1 [ 2 [ 3 ] , 4 , 5 ],1 [ 3 [ 4 [ 2 ] ] , 5 ]) 1.16369386
0.153906463 :(1 [ 2 [ 3 ] , 4 , 5 ],1 [ 4 [ 2 , 3 ] , 5 ]) 1.16369386
1.307922441 :(1 [ 2 [ 3 ] , 4 , 5 ],1 [ 4 [ 3 [ 2 ] ] , 5 ]) 1.16369386
0.15632329 :(1 [ 2 [ 3 ] , 4 , 5 ],1 [ 3 [ 2 , 4 ] , 5 ]) 1.16369386
0.158964604 :(1 [ 2 [ 3 ] , 4 , 5 ],1 [ 3 [ 2 [ 5 ] , 4 ] ]) 1.16369386
0.156033515 :(1 [ 2 [ 3 ] , 4 , 5 ],1 [ 3 [ 2 , 4 [ 5 ] ] ]) 1.16369386
0.396469998 :(1 [ 2 [ 3 ] , 4 , 5 ],1 [ 4 [ 3 [ 2 ] , 5 ] ]) 1.16369386
0.15727385 :(1 [ 2 [ 3 ] , 4 , 5 ],1 [ 4 [ 3 [ 2 [ 5 ] ] ] ]) 1.16369386
0.152742588 :(1 [ 2 [ 3 ] , 4 , 5 ],1 [ 4 [ 2 [ 5 ] , 3 ] ]) 1.16369386
0.156674531 :(1 [ 2 [ 3 ] , 4 , 5 ],1 [ 4 [ 3 , 5 [ 2 ] ] ]) 1.16369386
0.159734219 :(1 [ 2 [ 3 ] , 4 , 5 ],1 [ 4 [ 2 , 3 , 5 ] ]) 1.16369386
0.155390036 :(1 [ 2 [ 3 ] , 4 , 5 ],1 [ 3 [ 4 [ 2 , 5 ] ] ]) 1.16369386
0.161324758 :(1 [ 2 [ 3 ] , 4 , 5 ],1 [ 3 [ 4 [ 5 [ 2 ] ] ] ]) 1.16369386
0.157996981 :(1 [ 2 [ 3 ] , 4 , 5 ],1 [ 3 [ 4 [ 2 [ 5 ] ] ] ]) 1.16369386
0.150542886 :(1 [ 2 [ 3 ] , 4 , 5 ],1 [ 3 , 4 [ 2 [ 5 ] ] ]) 1.16369386
0.151092991 :(1 [ 2 [ 3 ] , 4 , 5 ],1 [ 3 , 5 [ 2 [ 4 ] ] ]) 1.16369386
0.157769945 :(1 [ 2 [ 3 ] , 4 , 5 ],1 [ 3 [ 2 [ 4 , 5 ] ] ]) 1.16369386
0.154714284 :(1 [ 2 [ 3 ] , 4 , 5 ],1 [ 3 [ 2 [ 5 ] ] , 4 ]) 1.16369386
0.156146872 :(1 [ 2 [ 3 ] , 4 , 5 ],1 [ 3 [ 2 [ 5 [ 4 ] ] ] ]) 1.16369386
0.169732853 :(1 [ 2 [ 3 ] , 4 , 5 ],1 [ 3 , 4 [ 5 [ 2 ] ] ]) 1.16369386
0.150316721 :(1 [ 2 [ 3 ] , 4 , 5 ],1 [ 3 , 5 [ 2 , 4 ] ]) 1.16369386
0.150525439 :(1 [ 2 [ 3 ] , 4 , 5 ],1 [ 3 , 4 , 5 [ 2 ] ]) 1.16369386
2.178089861 :(1 [ 2 [ 3 ] , 4 , 5 ],1 [ 3 [ 2 ] , 4 , 5 ]) 1.16369386
0.153625308 :(1 [ 2 [ 3 ] , 4 , 5 ],1 [ 3 , 4 [ 2 ] , 5 ]) 1.16369386
0.15554821 :(1 [ 2 [ 3 ] , 4 , 5 ],1 [ 3 [ 2 [ 4 ] ] , 5 ]) 1.16369386
0.150692832 :(1 [ 2 [ 3 ] , 4 , 5 ],1 [ 3 , 5 [ 4 [ 2 ] ] ]) 1.16369386
0.758109193 :(1 [ 2 [ 3 ] , 4 , 5 ],1 [ 3 [ 2 ] , 5 [ 4 ] ]) 1.16369386
1.041282476 :(1 [ 2 [ 3 ] , 4 , 5 ],1 [ 3 [ 2 ] , 4 [ 5 ] ]) 1.16369386
0.158437254 :(1 [ 2 [ 3 ] , 4 , 5 ],1 [ 3 [ 2 [ 4 [ 5 ] ] ] ]) 1.16369386
0.149994002 :(1 [ 2 [ 3 ] , 4 , 5 ],1 [ 3 , 4 [ 2 , 5 ] ]) 1.16369386
0.946274812 :(1 [ 2 [ 3 ] , 4 , 5 ],1 [ 4 [ 2 [ 3 ] , 5 ] ]) 1.16369386
0.570442845 :(1 [ 2 [ 3 ] , 4 , 5 ],1 [ 5 [ 4 [ 2 [ 3 ] ] ] ]) 1.16369386
1.82857496 :(1 [ 2 [ 3 ] , 4 , 5 ],1 [ 5 [ 2 [ 3 ] , 4 ] ]) 1.16369386
0.826072992 :(1 [ 2 [ 3 ] , 4 , 5 ],1 [ 4 [ 5 [ 2 [ 3 ] ] ] ]) 1.16369386
2.706883023 :(1 [ 2 [ 3 ] , 4 , 5 ],1 [ 4 , 5 [ 2 [ 3 ] ] ]) 1.16369386
0.163378103 :(1 [ 2 [ 3 ] , 4 , 5 ],1 [ 4 [ 2 [ 3 , 5 ] ] ]) 1.16369386
0.155412466 :(1 [ 2 [ 3 ] , 4 , 5 ],1 [ 5 [ 2 [ 3 , 4 ] ] ]) 1.16369386
2.007916057 :(1 [ 2 [ 3 ] , 4 , 5 ],1 [ 4 [ 2 [ 3 ] ] , 5 ]) 1.16369386
0.136116612 :(1 [ 2 , 3 , 4 , 5 ],1 [ 2 , 3 , 4 , 5 ]) 1.16369386
0.147737049 :(1 [ 2 , 3 , 4 , 5 ],1 [ 2 [ 5 ] , 3 , 4 ]) 1.16369386
0.154183745 :(1 [ 2 , 3 , 4 , 5 ],1 [ 2 , 3 [ 5 ] , 4 ]) 1.16369386
0.149998402 :(1 [ 2 , 3 , 4 , 5 ],1 [ 2 , 3 , 4 [ 5 ] ]) 1.16369386
0.148438244 :(1 [ 2 , 3 , 4 , 5 ],1 [ 2 , 3 , 5 [ 4 ] ]) 1.16369386
0.151205932 :(1 [ 2 , 3 , 4 , 5 ],1 [ 2 [ 4 [ 5 ] ] , 3 ]) 1.16369386
0.152816195 :(1 [ 2 , 3 , 4 , 5 ],1 [ 2 [ 5 [ 4 ] ] , 3 ]) 1.16369386
0.150479655 :(1 [ 2 , 3 , 4 , 5 ],1 [ 2 , 3 [ 4 [ 5 ] ] ]) 1.16369386
0.148897703 :(1 [ 2 , 3 , 4 , 5 ],1 [ 2 , 3 [ 5 [ 4 ] ] ]) 1.16369386
0.156564758 :(1 [ 2 , 3 , 4 , 5 ],1 [ 2 [ 4 ] , 3 [ 5 ] ]) 1.16369386
0.148760974 :(1 [ 2 , 3 , 4 , 5 ],1 [ 2 , 3 [ 4 , 5 ] ]) 1.16369386
0.149414992 :(1 [ 2 , 3 , 4 , 5 ],1 [ 2 , 3 [ 4 ] , 5 ]) 1.16369386
0.152302125 :(1 [ 2 , 3 , 4 , 5 ],1 [ 2 [ 5 ] , 3 [ 4 ] ]) 1.16369386
0.148783212 :(1 [ 2 , 3 , 4 , 5 ],1 [ 2 [ 4 , 5 ] , 3 ]) 1.16369386
0.150354942 :(1 [ 2 , 3 , 4 , 5 ],1 [ 2 [ 4 ] , 3 , 5 ]) 1.16369386
0.153077147 :(1 [ 2 , 3 , 4 , 5 ],1 [ 2 [ 3 , 4 ] , 5 ]) 1.16369386
0.164642545 :(1 [ 2 , 3 , 4 , 5 ],1 [ 2 [ 4 [ 3 ] ] , 5 ]) 1.16369386
0.152538198 :(1 [ 2 , 3 , 4 , 5 ],1 [ 2 [ 4 ] , 5 [ 3 ] ]) 1.16369386
0.154208503 :(1 [ 2 , 3 , 4 , 5 ],1 [ 2 [ 3 [ 5 ] , 4 ] ]) 1.16369386
0.15285379 :(1 [ 2 , 3 , 4 , 5 ],1 [ 2 [ 4 , 5 [ 3 ] ] ]) 1.16369386
0.152446512 :(1 [ 2 , 3 , 4 , 5 ],1 [ 2 [ 4 [ 3 [ 5 ] ] ] ]) 1.16369386
0.154840229 :(1 [ 2 , 3 , 4 , 5 ],1 [ 2 [ 4 [ 5 [ 3 ] ] ] ]) 1.16369386
0.15515999 :(1 [ 2 , 3 , 4 , 5 ],1 [ 2 [ 3 , 4 [ 5 ] ] ]) 1.16369386
0.150342012 :(1 [ 2 , 3 , 4 , 5 ],1 [ 2 [ 4 [ 3 , 5 ] ] ]) 1.16369386
0.151542654 :(1 [ 2 , 3 , 4 , 5 ],1 [ 2 [ 4 [ 3 ] , 5 ] ]) 1.16369386
0.154092804 :(1 [ 2 , 3 , 4 , 5 ],1 [ 2 [ 3 , 4 , 5 ] ]) 1.16369386
0.151163831 :(1 [ 2 , 3 , 4 , 5 ],1 [ 2 [ 3 , 5 ] , 4 ]) 1.16369386
0.151320393 :(1 [ 2 , 3 , 4 , 5 ],1 [ 2 [ 3 [ 4 ] , 5 ] ]) 1.16369386
0.157270427 :(1 [ 2 , 3 , 4 , 5 ],1 [ 2 [ 3 , 5 [ 4 ] ] ]) 1.16369386
0.174734856 :(1 [ 2 , 3 , 4 , 5 ],1 [ 2 [ 5 [ 4 [ 3 ] ] ] ]) 1.16369386
0.160013366 :(1 [ 2 , 3 , 4 , 5 ],1 [ 2 [ 5 [ 3 , 4 ] ] ]) 1.16369386
0.15725688 :(1 [ 2 , 3 , 4 , 5 ],1 [ 2 [ 5 [ 3 ] ] , 4 ]) 1.16369386
0.157819901 :(1 [ 2 , 3 , 4 , 5 ],1 [ 2 [ 5 [ 3 [ 4 ] ] ] ]) 1.16369386
0.151606313 :(1 [ 2 , 3 , 4 , 5 ],1 [ 2 [ 5 ] , 4 [ 3 ] ]) 1.16369386
0.149901423 :(1 [ 2 , 3 , 4 , 5 ],1 [ 2 , 4 [ 3 ] , 5 ]) 1.16369386
0.151092579 :(1 [ 2 , 3 , 4 , 5 ],1 [ 2 , 4 [ 3 [ 5 ] ] ]) 1.16369386
0.150409429 :(1 [ 2 , 3 , 4 , 5 ],1 [ 2 , 4 [ 3 , 5 ] ]) 1.16369386
0.155756549 :(1 [ 2 , 3 , 4 , 5 ],1 [ 2 , 5 [ 4 [ 3 ] ] ]) 1.16369386
0.150565106 :(1 [ 2 , 3 , 4 , 5 ],1 [ 2 [ 3 [ 4 [ 5 ] ] ] ]) 1.16369386
0.153002934 :(1 [ 2 , 3 , 4 , 5 ],1 [ 2 [ 3 [ 4 ] ] , 5 ]) 1.16369386
0.164913144 :(1 [ 2 , 3 , 4 , 5 ],1 [ 2 [ 3 [ 4 , 5 ] ] ]) 1.16369386
0.151090142 :(1 [ 2 , 3 , 4 , 5 ],1 [ 2 , 5 [ 3 [ 4 ] ] ]) 1.16369386
0.153224955 :(1 [ 2 , 3 , 4 , 5 ],1 [ 2 , 4 , 5 [ 3 ] ]) 1.16369386
0.177033897 :(1 [ 2 , 3 , 4 , 5 ],1 [ 2 , 5 [ 3 , 4 ] ]) 1.16369386
0.152524848 :(1 [ 2 , 3 , 4 , 5 ],1 [ 2 , 4 [ 5 [ 3 ] ] ]) 1.16369386
0.154197838 :(1 [ 2 , 3 , 4 , 5 ],1 [ 2 [ 3 [ 5 [ 4 ] ] ] ]) 1.16369386
0.157513581 :(1 [ 2 , 3 , 4 , 5 ],1 [ 2 [ 3 [ 5 ] ] , 4 ]) 1.16369386
0.156554766 :(1 [ 2 , 3 , 4 , 5 ],1 [ 2 [ 3 ] , 4 , 5 ]) 1.16369386
0.151390272 :(1 [ 2 , 3 , 4 , 5 ],1 [ 2 [ 3 ] , 4 [ 5 ] ]) 1.16369386
0.157070119 :(1 [ 2 , 3 , 4 , 5 ],1 [ 2 [ 3 ] , 5 [ 4 ] ]) 1.16369386
0.158912818 :(1 [ 2 , 3 , 4 , 5 ],1 [ 3 [ 2 ] , 5 [ 4 ] ]) 1.16369386
0.155921908 :(1 [ 2 , 3 , 4 , 5 ],1 [ 5 [ 4 [ 2 [ 3 ] ] ] ]) 1.16369386
0.158430928 :(1 [ 2 , 3 , 4 , 5 ],1 [ 5 [ 2 [ 3 ] , 4 ] ]) 1.16369386
0.156187808 :(1 [ 2 , 3 , 4 , 5 ],1 [ 5 [ 4 [ 3 [ 2 ] ] ] ]) 1.16369386
0.15398957 :(1 [ 2 , 3 , 4 , 5 ],1 [ 5 [ 3 [ 2 ] , 4 ] ]) 1.16369386
0.1521774 :(1 [ 2 , 3 , 4 , 5 ],1 [ 3 [ 2 , 5 [ 4 ] ] ]) 1.16369386
0.152207658 :(1 [ 2 , 3 , 4 , 5 ],1 [ 4 [ 5 [ 3 [ 2 ] ] ] ]) 1.16369386
0.171614242 :(1 [ 2 , 3 , 4 , 5 ],1 [ 3 [ 2 ] , 4 [ 5 ] ]) 1.16369386
0.153031888 :(1 [ 2 , 3 , 4 , 5 ],1 [ 4 [ 2 [ 3 ] , 5 ] ]) 1.16369386
0.16639274 :(1 [ 2 , 3 , 4 , 5 ],1 [ 4 [ 5 [ 2 [ 3 ] ] ] ]) 1.16369386
0.163794438 :(1 [ 2 , 3 , 4 , 5 ],1 [ 4 [ 3 [ 2 ] , 5 ] ]) 1.16369386
0.152682721 :(1 [ 2 , 3 , 4 , 5 ],1 [ 3 [ 2 , 4 [ 5 ] ] ]) 1.16369386
0.154581872 :(1 [ 2 , 3 , 4 , 5 ],1 [ 3 [ 2 [ 4 [ 5 ] ] ] ]) 1.16369386
0.148847712 :(1 [ 2 , 3 , 4 , 5 ],1 [ 3 [ 2 [ 5 [ 4 ] ] ] ]) 1.16369386
0.177459921 :(1 [ 2 , 3 , 4 , 5 ],1 [ 3 [ 2 [ 5 ] ] , 4 ]) 1.16369386
0.153360931 :(1 [ 2 , 3 , 4 , 5 ],1 [ 3 [ 2 [ 4 , 5 ] ] ]) 1.16369386
0.150359361 :(1 [ 2 , 3 , 4 , 5 ],1 [ 3 [ 2 [ 5 ] , 4 ] ]) 1.16369386
0.149447817 :(1 [ 2 , 3 , 4 , 5 ],1 [ 3 [ 2 , 4 ] , 5 ]) 1.16369386
0.155363302 :(1 [ 2 , 3 , 4 , 5 ],1 [ 3 [ 2 , 4 , 5 ] ]) 1.16369386
0.151011856 :(1 [ 2 , 3 , 4 , 5 ],1 [ 3 [ 2 , 5 ] , 4 ]) 1.16369386
0.149436164 :(1 [ 2 , 3 , 4 , 5 ],1 [ 3 [ 2 [ 4 ] , 5 ] ]) 1.16369386
0.150644206 :(1 [ 2 , 3 , 4 , 5 ],1 [ 3 [ 2 [ 4 ] ] , 5 ]) 1.16369386
0.151236663 :(1 [ 2 , 3 , 4 , 5 ],1 [ 3 [ 2 ] , 4 , 5 ]) 1.16369386
0.150904606 :(1 [ 2 , 3 , 4 , 5 ],1 [ 4 [ 2 [ 3 ] ] , 5 ]) 1.16369386
0.156305194 :(1 [ 2 , 3 , 4 , 5 ],1 [ 4 , 5 [ 2 [ 3 ] ] ]) 1.16369386
0.149588379 :(1 [ 2 , 3 , 4 , 5 ],1 [ 4 [ 3 [ 2 ] ] , 5 ]) 1.16369386
0.151409196 :(1 [ 2 , 3 , 4 , 5 ],1 [ 4 , 5 [ 3 [ 2 ] ] ]) 1.16369386
0.162259257 :(1 [ 2 , 3 , 4 , 5 ],1 [ 5 [ 3 [ 2 [ 4 ] ] ] ]) 1.16369386
0.158019813 :(1 [ 2 , 3 , 4 , 5 ],1 [ 5 [ 3 [ 2 , 4 ] ] ]) 1.16369386
0.153637358 :(1 [ 2 , 3 , 4 , 5 ],1 [ 5 [ 2 [ 3 [ 4 ] ] ] ]) 1.16369386
0.152964609 :(1 [ 2 , 3 , 4 , 5 ],1 [ 5 [ 2 [ 3 , 4 ] ] ]) 1.16369386
0.16831453 :(1 [ 2 , 3 , 4 , 5 ],1 [ 4 [ 2 [ 3 , 5 ] ] ]) 1.16369386
0.153430122 :(1 [ 2 , 3 , 4 , 5 ],1 [ 4 [ 3 [ 2 [ 5 ] ] ] ]) 1.16369386
0.155183107 :(1 [ 2 , 3 , 4 , 5 ],1 [ 4 [ 3 [ 2 , 5 ] ] ]) 1.16369386
0.149471364 :(1 [ 2 , 3 , 4 , 5 ],1 [ 4 [ 2 [ 3 [ 5 ] ] ] ]) 1.16369386
0.150574981 :(1 [ 2 , 3 , 4 , 5 ],1 [ 3 [ 5 ] , 4 [ 2 ] ]) 1.16369386
0.154662184 :(1 [ 2 , 3 , 4 , 5 ],1 [ 4 [ 2 ] , 5 [ 3 ] ]) 1.16369386
0.170196141 :(1 [ 2 , 3 , 4 , 5 ],1 [ 4 [ 2 [ 5 [ 3 ] ] ] ]) 1.16369386
0.148875461 :(1 [ 2 , 3 , 4 , 5 ],1 [ 4 [ 2 , 3 [ 5 ] ] ]) 1.16369386
0.152451605 :(1 [ 2 , 3 , 4 , 5 ],1 [ 4 [ 2 , 5 [ 3 ] ] ]) 1.16369386
0.151670248 :(1 [ 2 , 3 , 4 , 5 ],1 [ 4 [ 5 [ 2 , 3 ] ] ]) 1.16369386
0.153362053 :(1 [ 2 , 3 , 4 , 5 ],1 [ 3 [ 5 [ 2 ] ] , 4 ]) 1.16369386
0.152863674 :(1 [ 2 , 3 , 4 , 5 ],1 [ 4 , 5 [ 2 , 3 ] ]) 1.16369386
0.159240618 :(1 [ 2 , 3 , 4 , 5 ],1 [ 4 [ 3 [ 5 [ 2 ] ] ] ]) 1.16369386
0.152035314 :(1 [ 2 , 3 , 4 , 5 ],1 [ 4 [ 3 ] , 5 [ 2 ] ]) 1.16369386
0.148974297 :(1 [ 2 , 3 , 4 , 5 ],1 [ 4 [ 2 [ 5 ] , 3 ] ]) 1.16369386
0.15886818 :(1 [ 2 , 3 , 4 , 5 ],1 [ 4 [ 3 , 5 [ 2 ] ] ]) 1.16369386
0.159382109 :(1 [ 2 , 3 , 4 , 5 ],1 [ 3 , 4 [ 5 [ 2 ] ] ]) 1.16369386
0.159635828 :(1 [ 2 , 3 , 4 , 5 ],1 [ 3 , 4 , 5 [ 2 ] ]) 1.16369386
0.156991099 :(1 [ 2 , 3 , 4 , 5 ],1 [ 3 , 4 [ 2 [ 5 ] ] ]) 1.16369386
0.146910559 :(1 [ 2 , 3 , 4 , 5 ],1 [ 3 , 4 [ 2 ] , 5 ]) 1.16369386
0.169892779 :(1 [ 2 , 3 , 4 , 5 ],1 [ 3 , 4 [ 2 , 5 ] ]) 1.16369386
0.14839795 :(1 [ 2 , 3 , 4 , 5 ],1 [ 4 [ 2 , 3 , 5 ] ]) 1.16369386
0.14812923 :(1 [ 2 , 3 , 4 , 5 ],1 [ 4 [ 2 , 3 ] , 5 ]) 1.16369386
0.156500301 :(1 [ 2 , 3 , 4 , 5 ],1 [ 3 [ 4 [ 2 ] ] , 5 ]) 1.16369386
0.153382718 :(1 [ 2 , 3 , 4 , 5 ],1 [ 5 [ 2 [ 4 [ 3 ] ] ] ]) 1.16369386
0.153586647 :(1 [ 2 , 3 , 4 , 5 ],1 [ 5 [ 3 [ 4 [ 2 ] ] ] ]) 1.16369386
0.155524097 :(1 [ 2 , 3 , 4 , 5 ],1 [ 5 [ 4 [ 2 , 3 ] ] ]) 1.16369386
0.160539026 :(1 [ 2 , 3 , 4 , 5 ],1 [ 3 [ 4 [ 2 , 5 ] ] ]) 1.16369386
0.153326606 :(1 [ 2 , 3 , 4 , 5 ],1 [ 3 [ 4 [ 2 [ 5 ] ] ] ]) 1.16369386
0.16338905 :(1 [ 2 , 3 , 4 , 5 ],1 [ 3 [ 4 [ 2 ] , 5 ] ]) 1.16369386
0.169339794 :(1 [ 2 , 3 , 4 , 5 ],1 [ 3 [ 5 [ 2 [ 4 ] ] ] ]) 1.16369386
0.151640565 :(1 [ 2 , 3 , 4 , 5 ],1 [ 3 [ 5 [ 4 [ 2 ] ] ] ]) 1.16369386
0.152156971 :(1 [ 2 , 3 , 4 , 5 ],1 [ 3 , 5 [ 4 [ 2 ] ] ]) 1.16369386
0.154839405 :(1 [ 2 , 3 , 4 , 5 ],1 [ 3 , 5 [ 2 [ 4 ] ] ]) 1.16369386
0.150736796 :(1 [ 2 , 3 , 4 , 5 ],1 [ 5 [ 2 [ 4 ] , 3 ] ]) 1.16369386
0.156858506 :(1 [ 2 , 3 , 4 , 5 ],1 [ 5 [ 3 , 4 [ 2 ] ] ]) 1.16369386
0.149322638 :(1 [ 2 , 3 , 4 , 5 ],1 [ 5 [ 2 , 3 , 4 ] ]) 1.16369386
0.150593002 :(1 [ 2 , 3 , 4 , 5 ],1 [ 5 [ 2 , 3 [ 4 ] ] ]) 1.16369386
0.150014521 :(1 [ 2 , 3 , 4 , 5 ],1 [ 3 [ 4 ] , 5 [ 2 ] ]) 1.16369386
0.158322487 :(1 [ 2 , 3 , 4 , 5 ],1 [ 5 [ 2 , 4 [ 3 ] ] ]) 1.16369386
0.150506558 :(1 [ 2 , 3 , 4 , 5 ],1 [ 3 , 5 [ 2 , 4 ] ]) 1.16369386
0.149214085 :(1 [ 2 , 3 , 4 , 5 ],1 [ 3 [ 4 [ 5 [ 2 ] ] ] ]) 1.16369386
0.15627951 :(1 [ 2 , 3 , 4 , 5 ],1 [ 3 [ 5 [ 2 , 4 ] ] ]) 1.16369386
0.151532363 :(1 [ 2 , 3 , 4 , 5 ],1 [ 3 [ 4 , 5 [ 2 ] ] ]) 1.16369386
