3.209893358 :(1 [ 2 [ 3 [ 4 ] ] , 5 ],1 [ 2 [ 3 ] , 4 , 5 ]) 1.0
1.594481554 :(1 [ 2 [ 3 [ 4 ] ] , 5 ],1 [ 2 [ 3 ] , 4 , 5 ]) 1.01349608
6.126883402 :(1 [ 2 [ 3 [ 4 ] ] , 5 ],1 [ 2 [ 3 ] , 4 , 5 ]) 1.01897887
2.415838898 :(1 [ 2 [ 3 [ 4 ] ] , 5 ],1 [ 2 [ 3 ] , 4 , 5 ]) 1.11925672
2.053865979 :(1 [ 2 [ 3 [ 4 ] ] , 5 ],1 [ 2 [ 3 ] , 4 , 5 ]) 1.12025672
0.71307607 :(1 [ 2 [ 3 [ 4 ] ] , 5 ],1 [ 2 [ 3 ] , 4 , 5 ]) 1.12874929
0.845942974 :(1 [ 2 [ 3 [ 4 ] ] , 5 ],1 [ 2 [ 3 ] , 4 , 5 ]) 1.15097826
0.83677152 :(1 [ 2 [ 3 [ 4 ] ] , 5 ],1 [ 2 [ 3 ] , 4 , 5 ]) 1.15197826
0.734675955 :(1 [ 2 [ 3 [ 4 ] ] , 5 ],1 [ 2 [ 3 ] , 4 , 5 ]) 1.15297826
1.103235009 :(1 [ 2 [ 3 [ 4 ] ] , 5 ],1 [ 2 [ 3 ] , 4 , 5 ]) 1.15797113
1.099194498 :(1 [ 2 [ 3 [ 4 ] ] , 5 ],1 [ 2 [ 3 ] , 4 , 5 ]) 1.15897113
1.105643649 :(1 [ 2 [ 3 [ 4 ] ] , 5 ],1 [ 2 [ 3 ] , 4 , 5 ]) 1.15997113
1.106251411 :(1 [ 2 [ 3 [ 4 ] ] , 5 ],1 [ 2 [ 3 ] , 4 , 5 ]) 1.16097113
1.108482079 :(1 [ 2 [ 3 [ 4 ] ] , 5 ],1 [ 2 [ 3 ] , 4 , 5 ]) 1.16197113
1.099782042 :(1 [ 2 [ 3 [ 4 ] ] , 5 ],1 [ 2 [ 3 ] , 4 , 5 ]) 1.16297113
0.985304792 :(1 [ 2 [ 3 [ 4 ] ] , 5 ],1 [ 2 [ 3 ] , 4 , 5 ]) 1.16397113
0.844297727 :(1 [ 2 [ 3 [ 4 ] ] , 5 ],1 [ 2 [ 3 ] , 4 , 5 ]) 1.16497113
0.838017513 :(1 [ 2 [ 3 [ 4 ] ] , 5 ],1 [ 2 [ 3 ] , 4 , 5 ]) 1.16597113
0.84521231 :(1 [ 2 [ 3 [ 4 ] ] , 5 ],1 [ 2 [ 3 ] , 4 , 5 ]) 1.16697113
0.836153969 :(1 [ 2 [ 3 [ 4 ] ] , 5 ],1 [ 2 [ 3 ] , 4 , 5 ]) 1.16797113
0.836880642 :(1 [ 2 [ 3 [ 4 ] ] , 5 ],1 [ 2 [ 3 ] , 4 , 5 ]) 1.16897113
0.8556573 :(1 [ 2 [ 3 [ 4 ] ] , 5 ],1 [ 2 [ 3 ] , 4 , 5 ]) 1.16997113
0.592660471 :(1 [ 2 [ 3 [ 4 ] ] , 5 ],1 [ 2 [ 3 ] , 4 , 5 ]) 1.17097113
0.886357707 :(1 [ 2 [ 3 [ 4 ] ] , 5 ],1 [ 2 [ 3 ] , 4 , 5 ]) 1.17210779
0.889237238 :(1 [ 2 [ 3 [ 4 ] ] , 5 ],1 [ 2 [ 3 ] , 4 , 5 ]) 1.17310779
0.877463904 :(1 [ 2 [ 3 [ 4 ] ] , 5 ],1 [ 2 [ 3 ] , 4 , 5 ]) 1.17410779
0.561240618 :(1 [ 2 [ 3 [ 4 ] ] , 5 ],1 [ 2 [ 3 ] , 4 , 5 ]) 1.19413863
0.607092961 :(1 [ 2 [ 3 [ 4 ] ] , 5 ],1 [ 2 [ 3 ] , 4 , 5 ]) 1.19530284
0.852171531 :(1 [ 2 [ 3 [ 4 ] ] , 5 ],1 [ 2 [ 3 ] , 4 , 5 ]) 1.19630284
0.866895382 :(1 [ 2 [ 3 [ 4 ] ] , 5 ],1 [ 2 [ 3 ] , 4 , 5 ]) 1.19730284
0.886803513 :(1 [ 2 [ 3 [ 4 ] ] , 5 ],1 [ 2 [ 3 ] , 4 , 5 ]) 1.19830284
0.878794172 :(1 [ 2 [ 3 [ 4 ] ] , 5 ],1 [ 2 [ 3 ] , 4 , 5 ]) 1.19930284
0.890382712 :(1 [ 2 [ 3 [ 4 ] ] , 5 ],1 [ 2 [ 3 ] , 4 , 5 ]) 1.20030284
0.879108823 :(1 [ 2 [ 3 [ 4 ] ] , 5 ],1 [ 2 [ 3 ] , 4 , 5 ]) 1.20130284
0.62108176 :(1 [ 2 [ 3 [ 4 ] ] , 5 ],1 [ 2 [ 3 ] , 4 , 5 ]) 1.20230284
0.760398452 :(1 [ 2 [ 3 [ 4 ] ] , 5 ],1 [ 2 [ 3 ] , 4 , 5 ]) 1.20330284
0.755460173 :(1 [ 2 [ 3 [ 4 ] ] , 5 ],1 [ 2 [ 3 ] , 4 , 5 ]) 1.20463947
0.761239507 :(1 [ 2 [ 3 [ 4 ] ] , 5 ],1 [ 2 [ 3 ] , 4 , 5 ]) 1.20577351
0.763479301 :(1 [ 2 [ 3 [ 4 ] ] , 5 ],1 [ 2 [ 3 ] , 4 , 5 ]) 1.20677351
0.770019091 :(1 [ 2 [ 3 [ 4 ] ] , 5 ],1 [ 2 [ 3 ] , 4 , 5 ]) 1.20777351
0.758005627 :(1 [ 2 [ 3 [ 4 ] ] , 5 ],1 [ 2 [ 3 ] , 4 , 5 ]) 1.20877351
0.770281452 :(1 [ 2 [ 3 [ 4 ] ] , 5 ],1 [ 2 [ 3 ] , 4 , 5 ]) 1.20977351
0.75969482 :(1 [ 2 [ 3 [ 4 ] ] , 5 ],1 [ 2 [ 3 ] , 4 , 5 ]) 1.21077351
0.771039234 :(1 [ 2 [ 3 [ 4 ] ] , 5 ],1 [ 2 [ 3 ] , 4 , 5 ]) 1.21177351
0.159731942 :(1 [ 2 [ 3 [ 4 ] ] , 5 ],1 [ 2 [ 3 ] , 4 , 5 ]) 1.21277351
0.868141306 :(1 [ 2 [ 3 [ 4 ] ] , 5 ],1 [ 2 [ 3 , 4 ] , 5 ]) 1.21177351
0.176773477 :(1 [ 2 [ 3 [ 4 ] ] , 5 ],1 [ 2 [ 3 , 4 ] , 5 ]) 1.21277351
0.133206863 :(1 [ 2 [ 3 [ 4 ] ] , 5 ],1 [ 2 [ 3 [ 4 ] ] , 5 ]) 1.21177351
0.813412219 :(1 [ 2 [ 3 [ 4 ] ] , 5 ],1 [ 2 [ 3 ] , 5 [ 4 ] ]) 1.21177351
0.199039412 :(1 [ 2 [ 3 [ 4 ] ] , 5 ],1 [ 2 [ 3 ] , 5 [ 4 ] ]) 1.21277351
0.762643415 :(1 [ 2 [ 3 [ 4 ] ] , 5 ],1 [ 2 , 3 , 5 [ 4 ] ]) 1.21177351
6.509917261 :(1 [ 2 [ 3 [ 4 ] ] , 5 ],1 [ 2 , 3 , 5 [ 4 ] ]) 1.21277351
6.007720466 :(1 [ 2 [ 3 [ 4 ] ] , 5 ],1 [ 2 , 3 , 5 [ 4 ] ]) 1.21377351
6.94940616 :(1 [ 2 [ 3 [ 4 ] ] , 5 ],1 [ 2 , 3 , 5 [ 4 ] ]) 1.21699940
2.928925327 :(1 [ 2 [ 3 [ 4 ] ] , 5 ],1 [ 2 , 3 , 5 [ 4 ] ]) 1.21799940
7.237009826 :(1 [ 2 [ 3 [ 4 ] ] , 5 ],1 [ 2 , 3 , 5 [ 4 ] ]) 1.21899940
2.714823529 :(1 [ 2 [ 3 [ 4 ] ] , 5 ],1 [ 2 , 3 , 5 [ 4 ] ]) 1.21999940
4.427063279 :(1 [ 2 [ 3 [ 4 ] ] , 5 ],1 [ 2 , 3 , 5 [ 4 ] ]) 1.22099940
5.209303023 :(1 [ 2 [ 3 [ 4 ] ] , 5 ],1 [ 2 , 3 , 5 [ 4 ] ]) 1.24060620
2.894130014 :(1 [ 2 [ 3 [ 4 ] ] , 5 ],1 [ 2 , 3 , 5 [ 4 ] ]) 1.24356925
3.759946552 :(1 [ 2 [ 3 [ 4 ] ] , 5 ],1 [ 2 , 3 , 5 [ 4 ] ]) 1.24456925
0.161021729 :(1 [ 2 [ 3 [ 4 ] ] , 5 ],1 [ 2 , 3 , 5 [ 4 ] ]) 1.24556925
5.826002442 :(1 [ 2 [ 3 [ 4 ] ] , 5 ],1 [ 2 , 5 [ 4 [ 3 ] ] ]) 1.24456925
5.374821598 :(1 [ 2 [ 3 [ 4 ] ] , 5 ],1 [ 2 , 5 [ 3 , 4 ] ]) 1.24456925
0.160134479 :(1 [ 2 [ 3 [ 4 ] ] , 5 ],1 [ 2 , 5 [ 3 , 4 ] ]) 1.24556925
5.296596487 :(1 [ 2 [ 3 [ 4 ] ] , 5 ],1 [ 2 , 4 , 5 [ 3 ] ]) 1.24456925
0.164645834 :(1 [ 2 [ 3 [ 4 ] ] , 5 ],1 [ 2 , 4 , 5 [ 3 ] ]) 1.24556925
0.1525321 :(1 [ 2 [ 3 [ 4 ] ] , 5 ],1 [ 2 [ 4 ] , 5 [ 3 ] ]) 1.24456925
6.370966322 :(1 [ 2 [ 3 [ 4 ] ] , 5 ],1 [ 2 , 5 [ 3 [ 4 ] ] ]) 1.24456925
9.462513656 :(1 [ 2 [ 3 [ 4 ] ] , 5 ],1 [ 2 , 3 [ 4 ] , 5 ]) 1.24456925
6.155649527 :(1 [ 2 [ 3 [ 4 ] ] , 5 ],1 [ 2 , 4 [ 3 ] , 5 ]) 1.24456925
1.447398512 :(1 [ 2 [ 3 [ 4 ] ] , 5 ],1 [ 2 [ 4 [ 3 ] ] , 5 ]) 1.24456925
0.16497505 :(1 [ 2 [ 3 [ 4 ] ] , 5 ],1 [ 2 [ 4 ] , 3 , 5 ]) 1.24456925
6.814994148 :(1 [ 2 [ 3 [ 4 ] ] , 5 ],1 [ 2 , 3 , 4 , 5 ]) 1.24456925
0.162302869 :(1 [ 2 [ 3 [ 4 ] ] , 5 ],1 [ 2 , 3 , 4 , 5 ]) 1.24556925
0.159645461 :(1 [ 2 [ 3 [ 4 ] ] , 5 ],1 [ 2 [ 5 ] , 3 , 4 ]) 1.24456925
0.156264773 :(1 [ 2 [ 3 [ 4 ] ] , 5 ],1 [ 2 , 3 [ 5 ] , 4 ]) 1.24456925
0.166611842 :(1 [ 2 [ 3 [ 4 ] ] , 5 ],1 [ 2 , 3 , 4 [ 5 ] ]) 1.24456925
0.162952415 :(1 [ 2 [ 3 [ 4 ] ] , 5 ],1 [ 2 [ 4 [ 5 ] ] , 3 ]) 1.24456925
0.17839338 :(1 [ 2 [ 3 [ 4 ] ] , 5 ],1 [ 2 [ 5 [ 4 ] ] , 3 ]) 1.24456925
0.161978444 :(1 [ 2 [ 3 [ 4 ] ] , 5 ],1 [ 2 , 3 [ 4 [ 5 ] ] ]) 1.24456925
0.178174635 :(1 [ 2 [ 3 [ 4 ] ] , 5 ],1 [ 2 , 3 [ 5 [ 4 ] ] ]) 1.24456925
0.180936143 :(1 [ 2 [ 3 [ 4 ] ] , 5 ],1 [ 2 [ 4 ] , 3 [ 5 ] ]) 1.24456925
0.166427409 :(1 [ 2 [ 3 [ 4 ] ] , 5 ],1 [ 2 , 3 [ 4 , 5 ] ]) 1.24456925
9.805882185 :(1 [ 2 [ 3 [ 4 ] ] , 5 ],1 [ 2 [ 5 ] , 3 [ 4 ] ]) 1.24456925
0.160312559 :(1 [ 2 [ 3 [ 4 ] ] , 5 ],1 [ 2 [ 4 , 5 ] , 3 ]) 1.24456925
0.162961444 :(1 [ 2 [ 3 [ 4 ] ] , 5 ],1 [ 2 [ 3 , 4 , 5 ] ]) 1.24456925
1.482878448 :(1 [ 2 [ 3 [ 4 ] ] , 5 ],1 [ 2 [ 4 [ 3 ] , 5 ] ]) 1.24456925
0.160870616 :(1 [ 2 [ 3 [ 4 ] ] , 5 ],1 [ 2 [ 4 , 5 [ 3 ] ] ]) 1.24456925
0.164268764 :(1 [ 2 [ 3 [ 4 ] ] , 5 ],1 [ 2 [ 5 [ 3 ] ] , 4 ]) 1.24456925
4.05507628 :(1 [ 2 [ 3 [ 4 ] ] , 5 ],1 [ 2 [ 5 [ 3 [ 4 ] ] ] ]) 1.24456925
0.162355107 :(1 [ 2 [ 3 [ 4 ] ] , 5 ],1 [ 2 [ 5 [ 3 , 4 ] ] ]) 1.24456925
0.161246018 :(1 [ 2 [ 3 [ 4 ] ] , 5 ],1 [ 2 [ 3 , 5 [ 4 ] ] ]) 1.24456925
4.344633072 :(1 [ 2 [ 3 [ 4 ] ] , 5 ],1 [ 2 [ 5 [ 4 [ 3 ] ] ] ]) 1.24456925
1.01650789 :(1 [ 2 [ 3 [ 4 ] ] , 5 ],1 [ 2 [ 5 ] , 4 [ 3 ] ]) 1.24456925
0.161670418 :(1 [ 2 [ 3 [ 4 ] ] , 5 ],1 [ 2 [ 3 [ 4 ] , 5 ] ]) 1.24456925
0.163293504 :(1 [ 2 [ 3 [ 4 ] ] , 5 ],1 [ 2 [ 3 , 5 ] , 4 ]) 1.24456925
0.161567836 :(1 [ 2 [ 3 [ 4 ] ] , 5 ],1 [ 2 [ 3 [ 5 ] ] , 4 ]) 1.24456925
0.168201056 :(1 [ 2 [ 3 [ 4 ] ] , 5 ],1 [ 2 [ 3 ] , 4 [ 5 ] ]) 1.24456925
0.156129454 :(1 [ 2 [ 3 [ 4 ] ] , 5 ],1 [ 2 [ 3 , 4 [ 5 ] ] ]) 1.24456925
0.160352549 :(1 [ 2 [ 3 [ 4 ] ] , 5 ],1 [ 2 [ 3 [ 4 [ 5 ] ] ] ]) 1.24456925
0.156850171 :(1 [ 2 [ 3 [ 4 ] ] , 5 ],1 [ 2 [ 3 [ 5 [ 4 ] ] ] ]) 1.24456925
0.158334655 :(1 [ 2 [ 3 [ 4 ] ] , 5 ],1 [ 2 [ 3 [ 5 ] , 4 ] ]) 1.24456925
0.163090008 :(1 [ 2 [ 3 [ 4 ] ] , 5 ],1 [ 2 [ 3 [ 4 , 5 ] ] ]) 1.24456925
0.159295589 :(1 [ 2 [ 3 [ 4 ] ] , 5 ],1 [ 2 , 4 [ 3 [ 5 ] ] ]) 1.24456925
0.15929361 :(1 [ 2 [ 3 [ 4 ] ] , 5 ],1 [ 2 [ 4 [ 3 [ 5 ] ] ] ]) 1.24456925
0.158671702 :(1 [ 2 [ 3 [ 4 ] ] , 5 ],1 [ 2 [ 4 [ 5 [ 3 ] ] ] ]) 1.24456925
0.16091708 :(1 [ 2 [ 3 [ 4 ] ] , 5 ],1 [ 2 , 4 [ 5 [ 3 ] ] ]) 1.24456925
0.158441401 :(1 [ 2 [ 3 [ 4 ] ] , 5 ],1 [ 2 , 4 [ 3 , 5 ] ]) 1.24456925
0.160623396 :(1 [ 2 [ 3 [ 4 ] ] , 5 ],1 [ 2 [ 4 [ 3 , 5 ] ] ]) 1.24456925
0.161781407 :(1 [ 2 [ 3 [ 4 ] ] , 5 ],1 [ 3 [ 4 [ 2 , 5 ] ] ]) 1.24456925
0.165839971 :(1 [ 2 [ 3 [ 4 ] ] , 5 ],1 [ 4 [ 2 , 3 , 5 ] ]) 1.24456925
1.218708813 :(1 [ 2 [ 3 [ 4 ] ] , 5 ],1 [ 5 [ 4 [ 2 , 3 ] ] ]) 1.24456925
3.835470292 :(1 [ 2 [ 3 [ 4 ] ] , 5 ],1 [ 5 [ 4 [ 3 [ 2 ] ] ] ]) 1.24456925
2.4510239 :(1 [ 2 [ 3 [ 4 ] ] , 5 ],1 [ 5 [ 2 , 4 [ 3 ] ] ]) 1.24456925
0.168671386 :(1 [ 2 [ 3 [ 4 ] ] , 5 ],1 [ 3 [ 4 [ 5 [ 2 ] ] ] ]) 1.24456925
0.172955475 :(1 [ 2 [ 3 [ 4 ] ] , 5 ],1 [ 4 [ 3 , 5 [ 2 ] ] ]) 1.24456925
0.161345695 :(1 [ 2 [ 3 [ 4 ] ] , 5 ],1 [ 4 [ 3 [ 2 ] , 5 ] ]) 1.24456925
0.153985291 :(1 [ 2 [ 3 [ 4 ] ] , 5 ],1 [ 3 [ 2 , 4 [ 5 ] ] ]) 1.24456925
0.190731201 :(1 [ 2 [ 3 [ 4 ] ] , 5 ],1 [ 3 [ 2 ] , 4 [ 5 ] ]) 1.24456925
15.016388773 :(1 [ 2 [ 3 [ 4 ] ] , 5 ],1 [ 3 [ 2 ] , 5 [ 4 ] ]) 1.24456925
0.162218068 :(1 [ 2 [ 3 [ 4 ] ] , 5 ],1 [ 3 [ 2 [ 4 [ 5 ] ] ] ]) 1.24456925
0.16325079 :(1 [ 2 [ 3 [ 4 ] ] , 5 ],1 [ 3 [ 2 [ 5 [ 4 ] ] ] ]) 1.24456925
0.167967473 :(1 [ 2 [ 3 [ 4 ] ] , 5 ],1 [ 3 [ 2 , 5 [ 4 ] ] ]) 1.24456925
0.167932972 :(1 [ 2 [ 3 [ 4 ] ] , 5 ],1 [ 4 [ 5 [ 3 [ 2 ] ] ] ]) 1.24456925
9.980573964 :(1 [ 2 [ 3 [ 4 ] ] , 5 ],1 [ 5 [ 3 [ 2 ] , 4 ] ]) 1.24456925
4.236955127 :(1 [ 2 [ 3 [ 4 ] ] , 5 ],1 [ 5 [ 4 [ 2 [ 3 ] ] ] ]) 1.24456925
23.404984041 :(1 [ 2 [ 3 [ 4 ] ] , 5 ],1 [ 5 [ 2 [ 3 ] , 4 ] ]) 1.24456925
0.163546524 :(1 [ 2 [ 3 [ 4 ] ] , 5 ],1 [ 4 [ 5 [ 2 [ 3 ] ] ] ]) 1.24456925
0.179707921 :(1 [ 2 [ 3 [ 4 ] ] , 5 ],1 [ 4 [ 2 [ 3 ] , 5 ] ]) 1.24456925
0.165186812 :(1 [ 2 [ 3 [ 4 ] ] , 5 ],1 [ 3 , 4 [ 2 , 5 ] ]) 1.24456925
0.185972508 :(1 [ 2 [ 3 [ 4 ] ] , 5 ],1 [ 4 [ 2 , 5 [ 3 ] ] ]) 1.24456925
0.211371273 :(1 [ 2 [ 3 [ 4 ] ] , 5 ],1 [ 4 [ 5 [ 2 , 3 ] ] ]) 1.24456925
0.162158244 :(1 [ 2 [ 3 [ 4 ] ] , 5 ],1 [ 3 , 4 [ 5 [ 2 ] ] ]) 1.24456925
7.450190712 :(1 [ 2 [ 3 [ 4 ] ] , 5 ],1 [ 3 , 5 [ 2 , 4 ] ]) 1.24456925
0.161503613 :(1 [ 2 [ 3 [ 4 ] ] , 5 ],1 [ 3 , 5 [ 2 , 4 ] ]) 1.24556925
0.183449962 :(1 [ 2 [ 3 [ 4 ] ] , 5 ],1 [ 3 [ 5 [ 2 , 4 ] ] ]) 1.24456925
8.735349648 :(1 [ 2 [ 3 [ 4 ] ] , 5 ],1 [ 5 [ 2 , 3 , 4 ] ]) 1.24456925
0.163008091 :(1 [ 2 [ 3 [ 4 ] ] , 5 ],1 [ 5 [ 2 , 3 , 4 ] ]) 1.24556925
0.159708049 :(1 [ 2 [ 3 [ 4 ] ] , 5 ],1 [ 5 [ 3 , 4 [ 2 ] ] ]) 1.24456925
0.164095662 :(1 [ 2 [ 3 [ 4 ] ] , 5 ],1 [ 3 [ 5 [ 4 [ 2 ] ] ] ]) 1.24456925
0.162778902 :(1 [ 2 [ 3 [ 4 ] ] , 5 ],1 [ 3 , 5 [ 4 [ 2 ] ] ]) 1.24456925
0.171869664 :(1 [ 2 [ 3 [ 4 ] ] , 5 ],1 [ 3 , 4 [ 2 ] , 5 ]) 1.24456925
4.735544564 :(1 [ 2 [ 3 [ 4 ] ] , 5 ],1 [ 3 [ 2 [ 4 ] ] , 5 ]) 1.24456925
4.278523601 :(1 [ 2 [ 3 [ 4 ] ] , 5 ],1 [ 3 , 5 [ 2 [ 4 ] ] ]) 1.24456925
0.953356748 :(1 [ 2 [ 3 [ 4 ] ] , 5 ],1 [ 3 [ 4 [ 2 ] ] , 5 ]) 1.24456925
0.168732069 :(1 [ 2 [ 3 [ 4 ] ] , 5 ],1 [ 3 [ 4 [ 2 [ 5 ] ] ] ]) 1.24456925
0.163732387 :(1 [ 2 [ 3 [ 4 ] ] , 5 ],1 [ 3 [ 4 [ 2 ] , 5 ] ]) 1.24456925
0.185258914 :(1 [ 2 [ 3 [ 4 ] ] , 5 ],1 [ 3 [ 5 ] , 4 [ 2 ] ]) 1.24456925
0.163447235 :(1 [ 2 [ 3 [ 4 ] ] , 5 ],1 [ 3 [ 2 [ 4 ] , 5 ] ]) 1.24456925
0.16287963 :(1 [ 2 [ 3 [ 4 ] ] , 5 ],1 [ 3 [ 5 [ 2 [ 4 ] ] ] ]) 1.24456925
0.159391476 :(1 [ 2 [ 3 [ 4 ] ] , 5 ],1 [ 3 , 4 [ 2 [ 5 ] ] ]) 1.24456925
0.159329447 :(1 [ 2 [ 3 [ 4 ] ] , 5 ],1 [ 3 [ 2 [ 4 , 5 ] ] ]) 1.24456925
0.164706819 :(1 [ 2 [ 3 [ 4 ] ] , 5 ],1 [ 4 [ 2 [ 3 , 5 ] ] ]) 1.24456925
1.663745568 :(1 [ 2 [ 3 [ 4 ] ] , 5 ],1 [ 5 [ 2 [ 3 , 4 ] ] ]) 1.24456925
1.83623 :(1 [ 2 [ 3 [ 4 ] ] , 5 ],1 [ 5 [ 2 [ 4 [ 3 ] ] ] ]) 1.24456925
7.462509209 :(1 [ 2 [ 3 [ 4 ] ] , 5 ],1 [ 5 [ 2 [ 4 ] , 3 ] ]) 1.24456925
0.1638996 :(1 [ 2 [ 3 [ 4 ] ] , 5 ],1 [ 4 [ 2 [ 5 [ 3 ] ] ] ]) 1.24456925
0.164332625 :(1 [ 2 [ 3 [ 4 ] ] , 5 ],1 [ 4 [ 2 [ 5 ] , 3 ] ]) 1.24456925
10.346810316 :(1 [ 2 [ 3 [ 4 ] ] , 5 ],1 [ 4 [ 2 , 3 ] , 5 ]) 1.24456925
0.165278232 :(1 [ 2 [ 3 [ 4 ] ] , 5 ],1 [ 4 [ 2 , 3 [ 5 ] ] ]) 1.24456925
0.160598781 :(1 [ 2 [ 3 [ 4 ] ] , 5 ],1 [ 4 [ 2 ] , 5 [ 3 ] ]) 1.24456925
0.158244917 :(1 [ 2 [ 3 [ 4 ] ] , 5 ],1 [ 4 [ 2 [ 3 [ 5 ] ] ] ]) 1.24456925
11.903142912 :(1 [ 2 [ 3 [ 4 ] ] , 5 ],1 [ 4 [ 2 [ 3 ] ] , 5 ]) 1.24456925
1.245596085 :(1 [ 2 [ 3 [ 4 ] ] , 5 ],1 [ 5 [ 3 [ 2 [ 4 ] ] ] ]) 1.24456925
0.553482273 :(1 [ 2 [ 3 [ 4 ] ] , 5 ],1 [ 5 [ 3 [ 4 [ 2 ] ] ] ]) 1.24456925
2.414012118 :(1 [ 2 [ 3 [ 4 ] ] , 5 ],1 [ 5 [ 3 [ 2 , 4 ] ] ]) 1.24456925
4.731395524 :(1 [ 2 [ 3 [ 4 ] ] , 5 ],1 [ 5 [ 2 , 3 [ 4 ] ] ]) 1.24456925
8.761455158 :(1 [ 2 [ 3 [ 4 ] ] , 5 ],1 [ 4 , 5 [ 2 , 3 ] ]) 1.24456925
0.174119848 :(1 [ 2 [ 3 [ 4 ] ] , 5 ],1 [ 4 , 5 [ 2 , 3 ] ]) 1.24556925
6.032229831 :(1 [ 2 [ 3 [ 4 ] ] , 5 ],1 [ 4 , 5 [ 3 [ 2 ] ] ]) 1.24456925
9.926603986 :(1 [ 2 [ 3 [ 4 ] ] , 5 ],1 [ 3 [ 2 ] , 4 , 5 ]) 1.24456925
4.554629343 :(1 [ 2 [ 3 [ 4 ] ] , 5 ],1 [ 4 , 5 [ 2 [ 3 ] ] ]) 1.24456925
3.390434811 :(1 [ 2 [ 3 [ 4 ] ] , 5 ],1 [ 4 [ 3 [ 2 ] ] , 5 ]) 1.24456925
1.468083596 :(1 [ 2 [ 3 [ 4 ] ] , 5 ],1 [ 4 [ 3 ] , 5 [ 2 ] ]) 1.24456925
3.4027351 :(1 [ 2 [ 3 [ 4 ] ] , 5 ],1 [ 3 , 4 , 5 [ 2 ] ]) 1.24456925
0.184287616 :(1 [ 2 [ 3 [ 4 ] ] , 5 ],1 [ 3 , 4 , 5 [ 2 ] ]) 1.24556925
1.43276607 :(1 [ 2 [ 3 [ 4 ] ] , 5 ],1 [ 3 [ 4 ] , 5 [ 2 ] ]) 1.24456925
4.707702796 :(1 [ 2 [ 3 [ 4 ] ] , 5 ],1 [ 5 [ 2 [ 3 [ 4 ] ] ] ]) 1.24456925
5.31835464 :(1 [ 2 [ 3 [ 4 ] ] , 5 ],1 [ 3 [ 2 , 4 ] , 5 ]) 1.24456925
0.171597517 :(1 [ 2 [ 3 [ 4 ] ] , 5 ],1 [ 3 [ 2 [ 5 ] , 4 ] ]) 1.24456925
0.156544837 :(1 [ 2 [ 3 [ 4 ] ] , 5 ],1 [ 3 [ 2 , 4 , 5 ] ]) 1.24456925
0.166656806 :(1 [ 2 [ 3 [ 4 ] ] , 5 ],1 [ 4 [ 3 [ 2 , 5 ] ] ]) 1.24456925
0.164902756 :(1 [ 2 [ 3 [ 4 ] ] , 5 ],1 [ 4 [ 3 [ 2 [ 5 ] ] ] ]) 1.24456925
0.166881445 :(1 [ 2 [ 3 [ 4 ] ] , 5 ],1 [ 4 [ 3 [ 5 [ 2 ] ] ] ]) 1.24456925
0.158600159 :(1 [ 2 [ 3 [ 4 ] ] , 5 ],1 [ 3 [ 4 , 5 [ 2 ] ] ]) 1.24456925
0.159435579 :(1 [ 2 [ 3 [ 4 ] ] , 5 ],1 [ 3 [ 5 [ 2 ] ] , 4 ]) 1.24456925
0.163914381 :(1 [ 2 [ 3 [ 4 ] ] , 5 ],1 [ 3 [ 2 [ 5 ] ] , 4 ]) 1.24456925
0.160720231 :(1 [ 2 [ 3 [ 4 ] ] , 5 ],1 [ 3 [ 2 , 5 ] , 4 ]) 1.24456925
0.163455096 :(1 [ 2 [ 3 [ 4 ] , 5 ] ],1 [ 2 [ 3 , 5 ] , 4 ]) 1.24456925
0.162509414 :(1 [ 2 [ 3 [ 4 ] , 5 ] ],1 [ 2 [ 3 , 4 , 5 ] ]) 1.24456925
0.152384239 :(1 [ 2 [ 3 [ 4 ] , 5 ] ],1 [ 2 [ 3 [ 4 ] , 5 ] ]) 1.24456925
0.156263983 :(1 [ 2 [ 3 [ 4 ] , 5 ] ],1 [ 2 [ 3 , 5 [ 4 ] ] ]) 1.24456925
0.159481615 :(1 [ 2 [ 3 [ 4 ] , 5 ] ],1 [ 2 [ 3 ] , 4 [ 5 ] ]) 1.24456925
0.163282835 :(1 [ 2 [ 3 [ 4 ] , 5 ] ],1 [ 2 [ 3 ] , 5 [ 4 ] ]) 1.24456925
0.160668346 :(1 [ 2 [ 3 [ 4 ] , 5 ] ],1 [ 2 [ 3 , 4 [ 5 ] ] ]) 1.24456925
0.157759178 :(1 [ 2 [ 3 [ 4 ] , 5 ] ],1 [ 2 [ 3 [ 4 [ 5 ] ] ] ]) 1.24456925
0.164157114 :(1 [ 2 [ 3 [ 4 ] , 5 ] ],1 [ 2 [ 3 [ 5 [ 4 ] ] ] ]) 1.24456925
0.159128199 :(1 [ 2 [ 3 [ 4 ] , 5 ] ],1 [ 2 [ 3 [ 5 ] ] , 4 ]) 1.24456925
0.157807214 :(1 [ 2 [ 3 [ 4 ] , 5 ] ],1 [ 2 [ 3 [ 5 ] , 4 ] ]) 1.24456925
0.162908423 :(1 [ 2 [ 3 [ 4 ] , 5 ] ],1 [ 2 [ 3 [ 4 , 5 ] ] ]) 1.24456925
0.159850628 :(1 [ 2 [ 3 [ 4 ] , 5 ] ],1 [ 2 [ 3 [ 4 ] ] , 5 ]) 1.24456925
0.163021751 :(1 [ 2 [ 3 [ 4 ] , 5 ] ],1 [ 2 [ 3 ] , 4 , 5 ]) 1.24456925
0.159926652 :(1 [ 2 [ 3 [ 4 ] , 5 ] ],1 [ 2 [ 3 , 4 ] , 5 ]) 1.24456925
0.160709514 :(1 [ 2 [ 3 [ 4 ] , 5 ] ],1 [ 2 [ 4 ] , 3 , 5 ]) 1.24456925
0.711001757 :(1 [ 2 [ 3 [ 4 ] , 5 ] ],1 [ 2 [ 4 [ 3 ] ] , 5 ]) 1.24456925
0.16160918 :(1 [ 2 [ 3 [ 4 ] , 5 ] ],1 [ 2 [ 4 ] , 5 [ 3 ] ]) 1.24456925
12.606572902 :(1 [ 2 [ 3 [ 4 ] , 5 ] ],1 [ 2 , 4 , 5 [ 3 ] ]) 1.24456925
10.135725569 :(1 [ 2 [ 3 [ 4 ] , 5 ] ],1 [ 2 , 5 [ 3 [ 4 ] ] ]) 1.24456925
19.858331433 :(1 [ 2 [ 3 [ 4 ] , 5 ] ],1 [ 2 , 5 [ 3 , 4 ] ]) 1.24456925
11.85739096 :(1 [ 2 [ 3 [ 4 ] , 5 ] ],1 [ 2 , 3 , 5 [ 4 ] ]) 1.24456925
11.424480066 :(1 [ 2 [ 3 [ 4 ] , 5 ] ],1 [ 2 , 5 [ 4 [ 3 ] ] ]) 1.24456925
12.60585079 :(1 [ 2 [ 3 [ 4 ] , 5 ] ],1 [ 2 , 3 [ 4 ] , 5 ]) 1.24456925
22.134800498 :(1 [ 2 [ 3 [ 4 ] , 5 ] ],1 [ 2 , 4 [ 3 ] , 5 ]) 1.24456925
11.93817164 :(1 [ 2 [ 3 [ 4 ] , 5 ] ],1 [ 2 , 3 , 4 , 5 ]) 1.24456925
14.791730786 :(1 [ 2 [ 3 [ 4 ] , 5 ] ],1 [ 2 , 3 , 4 , 5 ]) 1.24556925
12.875990541 :(1 [ 2 [ 3 [ 4 ] , 5 ] ],1 [ 2 , 3 , 4 , 5 ]) 1.24656925
13.834936298 :(1 [ 2 [ 3 [ 4 ] , 5 ] ],1 [ 2 , 3 , 4 , 5 ]) 1.24756925
28.385770449 :(1 [ 2 [ 3 [ 4 ] , 5 ] ],1 [ 2 , 3 , 4 , 5 ]) 1.24856925
17.982346774 :(1 [ 2 [ 3 [ 4 ] , 5 ] ],1 [ 2 , 3 , 4 , 5 ]) 1.25477020
15.680130827 :(1 [ 2 [ 3 [ 4 ] , 5 ] ],1 [ 2 , 3 , 4 , 5 ]) 1.25577020
24.213903734 :(1 [ 2 [ 3 [ 4 ] , 5 ] ],1 [ 2 , 3 , 4 , 5 ]) 1.25876954
9.510263035 :(1 [ 2 [ 3 [ 4 ] , 5 ] ],1 [ 2 , 3 , 4 , 5 ]) 1.25976954
15.086782014 :(1 [ 2 [ 3 [ 4 ] , 5 ] ],1 [ 2 , 3 , 4 , 5 ]) 1.26076954
16.984851124 :(1 [ 2 [ 3 [ 4 ] , 5 ] ],1 [ 2 , 3 , 4 , 5 ]) 1.26451271
9.034910634 :(1 [ 2 [ 3 [ 4 ] , 5 ] ],1 [ 2 , 3 , 4 , 5 ]) 1.26551271
0.162677848 :(1 [ 2 [ 3 [ 4 ] , 5 ] ],1 [ 2 [ 5 ] , 3 , 4 ]) 1.26451271
0.159380853 :(1 [ 2 [ 3 [ 4 ] , 5 ] ],1 [ 2 , 3 [ 5 ] , 4 ]) 1.26451271
0.167396026 :(1 [ 2 [ 3 [ 4 ] , 5 ] ],1 [ 2 , 3 , 4 [ 5 ] ]) 1.26451271
13.143203756 :(1 [ 2 [ 3 [ 4 ] , 5 ] ],1 [ 2 , 4 [ 3 , 5 ] ]) 1.26451271
0.179257407 :(1 [ 2 [ 3 [ 4 ] , 5 ] ],1 [ 2 , 4 [ 5 [ 3 ] ] ]) 1.26451271
0.184130243 :(1 [ 2 [ 3 [ 4 ] , 5 ] ],1 [ 2 [ 5 [ 3 ] ] , 4 ]) 1.26451271
1.684847548 :(1 [ 2 [ 3 [ 4 ] , 5 ] ],1 [ 2 , 4 [ 3 [ 5 ] ] ]) 1.26451271
5.40269614 :(1 [ 2 [ 3 [ 4 ] , 5 ] ],1 [ 2 [ 5 ] , 4 [ 3 ] ]) 1.26451271
4.071442781 :(1 [ 2 [ 3 [ 4 ] , 5 ] ],1 [ 2 [ 5 ] , 3 [ 4 ] ]) 1.26451271
3.172851276 :(1 [ 2 [ 3 [ 4 ] , 5 ] ],1 [ 2 [ 4 [ 3 ] , 5 ] ]) 1.26451271
6.034476765 :(1 [ 2 [ 3 [ 4 ] , 5 ] ],1 [ 2 [ 5 [ 3 [ 4 ] ] ] ]) 1.26451271
1.79187125 :(1 [ 2 [ 3 [ 4 ] , 5 ] ],1 [ 2 [ 5 [ 4 [ 3 ] ] ] ]) 1.26451271
9.217060727 :(1 [ 2 [ 3 [ 4 ] , 5 ] ],1 [ 2 , 3 [ 4 [ 5 ] ] ]) 1.26451271
0.165008083 :(1 [ 2 [ 3 [ 4 ] , 5 ] ],1 [ 2 [ 4 [ 3 , 5 ] ] ]) 1.26451271
0.177875628 :(1 [ 2 [ 3 [ 4 ] , 5 ] ],1 [ 2 [ 4 [ 3 [ 5 ] ] ] ]) 1.26451271
9.19461343 :(1 [ 2 [ 3 [ 4 ] , 5 ] ],1 [ 2 , 3 [ 4 , 5 ] ]) 1.26451271
0.166963908 :(1 [ 2 [ 3 [ 4 ] , 5 ] ],1 [ 2 [ 4 ] , 3 [ 5 ] ]) 1.26451271
0.166468176 :(1 [ 2 [ 3 [ 4 ] , 5 ] ],1 [ 2 , 3 [ 5 [ 4 ] ] ]) 1.26451271
0.165384251 :(1 [ 2 [ 3 [ 4 ] , 5 ] ],1 [ 2 [ 4 [ 5 [ 3 ] ] ] ]) 1.26451271
0.156329248 :(1 [ 2 [ 3 [ 4 ] , 5 ] ],1 [ 2 [ 5 [ 3 , 4 ] ] ]) 1.26451271
0.159299895 :(1 [ 2 [ 3 [ 4 ] , 5 ] ],1 [ 2 [ 4 , 5 [ 3 ] ] ]) 1.26451271
0.160152772 :(1 [ 2 [ 3 [ 4 ] , 5 ] ],1 [ 2 [ 4 , 5 ] , 3 ]) 1.26451271
0.162978968 :(1 [ 2 [ 3 [ 4 ] , 5 ] ],1 [ 2 [ 5 [ 4 ] ] , 3 ]) 1.26451271
0.163949571 :(1 [ 2 [ 3 [ 4 ] , 5 ] ],1 [ 2 [ 4 [ 5 ] ] , 3 ]) 1.26451271
0.170580663 :(1 [ 2 [ 3 [ 4 ] , 5 ] ],1 [ 3 , 4 [ 2 , 5 ] ]) 1.26451271
0.167316979 :(1 [ 2 [ 3 [ 4 ] , 5 ] ],1 [ 3 , 5 [ 4 [ 2 ] ] ]) 1.26451271
0.333319919 :(1 [ 2 [ 3 [ 4 ] , 5 ] ],1 [ 3 [ 2 [ 4 [ 5 ] ] ] ]) 1.26451271
6.383999277 :(1 [ 2 [ 3 [ 4 ] , 5 ] ],1 [ 3 [ 4 [ 2 , 5 ] ] ]) 1.26451271
0.218150733 :(1 [ 2 [ 3 [ 4 ] , 5 ] ],1 [ 3 [ 5 [ 4 [ 2 ] ] ] ]) 1.26451271
0.550061291 :(1 [ 2 [ 3 [ 4 ] , 5 ] ],1 [ 3 [ 2 , 5 [ 4 ] ] ]) 1.26451271
0.223590627 :(1 [ 2 [ 3 [ 4 ] , 5 ] ],1 [ 3 [ 5 [ 2 , 4 ] ] ]) 1.26451271
12.138658341 :(1 [ 2 [ 3 [ 4 ] , 5 ] ],1 [ 3 , 4 [ 5 [ 2 ] ] ]) 1.26451271
10.155056765 :(1 [ 2 [ 3 [ 4 ] , 5 ] ],1 [ 3 , 5 [ 2 , 4 ] ]) 1.26451271
0.723989121 :(1 [ 2 [ 3 [ 4 ] , 5 ] ],1 [ 3 [ 2 [ 5 [ 4 ] ] ] ]) 1.26451271
8.662865325 :(1 [ 2 [ 3 [ 4 ] , 5 ] ],1 [ 3 [ 4 [ 5 [ 2 ] ] ] ]) 1.26451271
10.287055643 :(1 [ 2 [ 3 [ 4 ] , 5 ] ],1 [ 3 [ 2 , 4 [ 5 ] ] ]) 1.26451271
18.701211545 :(1 [ 2 [ 3 [ 4 ] , 5 ] ],1 [ 3 [ 2 ] , 4 [ 5 ] ]) 1.26451271
21.037577988 :(1 [ 2 [ 3 [ 4 ] , 5 ] ],1 [ 3 [ 2 ] , 5 [ 4 ] ]) 1.26451271
17.86315267 :(1 [ 2 [ 3 [ 4 ] , 5 ] ],1 [ 3 [ 2 ] , 4 , 5 ]) 1.26451271
7.831845685 :(1 [ 2 [ 3 [ 4 ] , 5 ] ],1 [ 3 [ 2 [ 4 ] ] , 5 ]) 1.26451271
32.18248206 :(1 [ 2 [ 3 [ 4 ] , 5 ] ],1 [ 3 [ 2 , 4 ] , 5 ]) 1.26451271
20.508236466 :(1 [ 2 [ 3 [ 4 ] , 5 ] ],1 [ 3 [ 2 [ 5 ] , 4 ] ]) 1.26451271
37.309726924 :(1 [ 2 [ 3 [ 4 ] , 5 ] ],1 [ 3 [ 2 , 4 , 5 ] ]) 1.26451271
12.42042174 :(1 [ 2 [ 3 [ 4 ] , 5 ] ],1 [ 3 [ 2 , 5 ] , 4 ]) 1.26451271
2.38069627 :(1 [ 2 [ 3 [ 4 ] , 5 ] ],1 [ 3 [ 2 [ 4 ] , 5 ] ]) 1.26451271
1.83928001 :(1 [ 2 [ 3 [ 4 ] , 5 ] ],1 [ 3 [ 2 [ 4 , 5 ] ] ]) 1.26451271
8.870109021 :(1 [ 2 [ 3 [ 4 ] , 5 ] ],1 [ 3 [ 2 [ 5 ] ] , 4 ]) 1.26451271
7.480374365 :(1 [ 2 [ 3 [ 4 ] , 5 ] ],1 [ 3 , 4 , 5 [ 2 ] ]) 1.26451271
10.128123845 :(1 [ 2 [ 3 [ 4 ] , 5 ] ],1 [ 3 , 4 [ 2 [ 5 ] ] ]) 1.26451271
8.699253592 :(1 [ 2 [ 3 [ 4 ] , 5 ] ],1 [ 3 [ 5 [ 2 ] ] , 4 ]) 1.26451271
0.958143305 :(1 [ 2 [ 3 [ 4 ] , 5 ] ],1 [ 3 [ 5 [ 2 [ 4 ] ] ] ]) 1.26451271
10.869547068 :(1 [ 2 [ 3 [ 4 ] , 5 ] ],1 [ 3 [ 4 , 5 [ 2 ] ] ]) 1.26451271
26.913770688 :(1 [ 2 [ 3 [ 4 ] , 5 ] ],1 [ 3 [ 4 ] , 5 [ 2 ] ]) 1.26451271
9.671406317 :(1 [ 2 [ 3 [ 4 ] , 5 ] ],1 [ 3 [ 4 [ 2 [ 5 ] ] ] ]) 1.26451271
2.947810449 :(1 [ 2 [ 3 [ 4 ] , 5 ] ],1 [ 3 , 5 [ 2 [ 4 ] ] ]) 1.26451271
0.165173811 :(1 [ 2 [ 3 [ 4 ] , 5 ] ],1 [ 3 , 4 [ 2 ] , 5 ]) 1.26451271
5.165358561 :(1 [ 2 [ 3 [ 4 ] , 5 ] ],1 [ 3 [ 4 [ 2 ] ] , 5 ]) 1.26451271
0.873586759 :(1 [ 2 [ 3 [ 4 ] , 5 ] ],1 [ 3 [ 4 [ 2 ] , 5 ] ]) 1.26451271
0.621189901 :(1 [ 2 [ 3 [ 4 ] , 5 ] ],1 [ 3 [ 5 ] , 4 [ 2 ] ]) 1.26451271
0.170537677 :(1 [ 2 [ 3 [ 4 ] , 5 ] ],1 [ 4 [ 2 ] , 5 [ 3 ] ]) 1.26451271
1.682408348 :(1 [ 2 [ 3 [ 4 ] , 5 ] ],1 [ 4 [ 2 [ 3 [ 5 ] ] ] ]) 1.26451271
2.012653608 :(1 [ 2 [ 3 [ 4 ] , 5 ] ],1 [ 4 [ 2 [ 5 [ 3 ] ] ] ]) 1.26451271
3.364680469 :(1 [ 2 [ 3 [ 4 ] , 5 ] ],1 [ 4 [ 2 , 3 [ 5 ] ] ]) 1.26451271
0.202113273 :(1 [ 2 [ 3 [ 4 ] , 5 ] ],1 [ 4 [ 2 , 5 [ 3 ] ] ]) 1.26451271
0.215482435 :(1 [ 2 [ 3 [ 4 ] , 5 ] ],1 [ 5 [ 3 , 4 [ 2 ] ] ]) 1.26451271
1.010664211 :(1 [ 2 [ 3 [ 4 ] , 5 ] ],1 [ 5 [ 3 [ 2 [ 4 ] ] ] ]) 1.26451271
2.770635931 :(1 [ 2 [ 3 [ 4 ] , 5 ] ],1 [ 5 [ 2 [ 4 ] , 3 ] ]) 1.26451271
1.206951252 :(1 [ 2 [ 3 [ 4 ] , 5 ] ],1 [ 5 [ 3 [ 4 [ 2 ] ] ] ]) 1.26451271
13.918145279 :(1 [ 2 [ 3 [ 4 ] , 5 ] ],1 [ 4 [ 2 , 3 ] , 5 ]) 1.26451271
4.150744117 :(1 [ 2 [ 3 [ 4 ] , 5 ] ],1 [ 5 [ 2 [ 4 [ 3 ] ] ] ]) 1.26451271
11.405808552 :(1 [ 2 [ 3 [ 4 ] , 5 ] ],1 [ 5 [ 4 [ 2 , 3 ] ] ]) 1.26451271
11.258553691 :(1 [ 2 [ 3 [ 4 ] , 5 ] ],1 [ 5 [ 4 [ 2 [ 3 ] ] ] ]) 1.26451271
33.559198463 :(1 [ 2 [ 3 [ 4 ] , 5 ] ],1 [ 4 [ 2 [ 3 ] ] , 5 ]) 1.26451271
1.414614264 :(1 [ 2 [ 3 [ 4 ] , 5 ] ],1 [ 5 [ 2 [ 3 , 4 ] ] ]) 1.26451271
9.67018014 :(1 [ 2 [ 3 [ 4 ] , 5 ] ],1 [ 4 [ 2 [ 3 , 5 ] ] ]) 1.26451271
14.231625044 :(1 [ 2 [ 3 [ 4 ] , 5 ] ],1 [ 4 [ 2 [ 3 ] , 5 ] ]) 1.26451271
5.588564771 :(1 [ 2 [ 3 [ 4 ] , 5 ] ],1 [ 4 [ 2 , 3 , 5 ] ]) 1.26451271
16.89661189 :(1 [ 2 [ 3 [ 4 ] , 5 ] ],1 [ 4 [ 2 [ 5 ] , 3 ] ]) 1.26451271
27.233316066 :(1 [ 2 [ 3 [ 4 ] , 5 ] ],1 [ 4 [ 3 ] , 5 [ 2 ] ]) 1.26451271
10.450514507 :(1 [ 2 [ 3 [ 4 ] , 5 ] ],1 [ 4 [ 3 [ 2 [ 5 ] ] ] ]) 1.26451271
5.099589518 :(1 [ 2 [ 3 [ 4 ] , 5 ] ],1 [ 4 [ 3 [ 5 [ 2 ] ] ] ]) 1.26451271
10.129512781 :(1 [ 2 [ 3 [ 4 ] , 5 ] ],1 [ 4 [ 3 , 5 [ 2 ] ] ]) 1.26451271
7.178566726 :(1 [ 2 [ 3 [ 4 ] , 5 ] ],1 [ 4 [ 3 [ 2 ] , 5 ] ]) 1.26451271
29.276291444 :(1 [ 2 [ 3 [ 4 ] , 5 ] ],1 [ 4 [ 3 [ 2 ] ] , 5 ]) 1.26451271
24.149331812 :(1 [ 2 [ 3 [ 4 ] , 5 ] ],1 [ 4 [ 3 [ 2 , 5 ] ] ]) 1.26451271
26.082960191 :(1 [ 2 [ 3 [ 4 ] , 5 ] ],1 [ 4 , 5 [ 3 [ 2 ] ] ]) 1.26451271
4.554915441 :(1 [ 2 [ 3 [ 4 ] , 5 ] ],1 [ 4 [ 5 [ 3 [ 2 ] ] ] ]) 1.26451271
11.418466452 :(1 [ 2 [ 3 [ 4 ] , 5 ] ],1 [ 4 [ 5 [ 2 [ 3 ] ] ] ]) 1.26451271
24.564224178 :(1 [ 2 [ 3 [ 4 ] , 5 ] ],1 [ 4 , 5 [ 2 [ 3 ] ] ]) 1.26451271
6.021503781 :(1 [ 2 [ 3 [ 4 ] , 5 ] ],1 [ 4 , 5 [ 2 , 3 ] ]) 1.26451271
9.098806926 :(1 [ 2 [ 3 [ 4 ] , 5 ] ],1 [ 4 [ 5 [ 2 , 3 ] ] ]) 1.26451271
20.413370758 :(1 [ 2 [ 3 [ 4 ] , 5 ] ],1 [ 5 [ 2 , 3 , 4 ] ]) 1.26451271
15.225250987 :(1 [ 2 [ 3 [ 4 ] , 5 ] ],1 [ 5 [ 2 , 3 [ 4 ] ] ]) 1.26451271
6.656179329 :(1 [ 2 [ 3 [ 4 ] , 5 ] ],1 [ 5 [ 2 [ 3 [ 4 ] ] ] ]) 1.26451271
24.136483609 :(1 [ 2 [ 3 [ 4 ] , 5 ] ],1 [ 5 [ 2 , 4 [ 3 ] ] ]) 1.26451271
7.897897345 :(1 [ 2 [ 3 [ 4 ] , 5 ] ],1 [ 5 [ 2 [ 3 ] , 4 ] ]) 1.26451271
3.403157957 :(1 [ 2 [ 3 [ 4 ] , 5 ] ],1 [ 5 [ 4 [ 3 [ 2 ] ] ] ]) 1.26451271
17.680493773 :(1 [ 2 [ 3 [ 4 ] , 5 ] ],1 [ 5 [ 3 [ 2 ] , 4 ] ]) 1.26451271
8.206125981 :(1 [ 2 [ 3 [ 4 ] , 5 ] ],1 [ 5 [ 3 [ 2 , 4 ] ] ]) 1.26451271
0.160126432 :(1 [ 2 [ 3 [ 4 , 5 ] ] ],1 [ 2 [ 3 [ 4 ] ] , 5 ]) 1.26451271
0.16456129 :(1 [ 2 [ 3 [ 4 , 5 ] ] ],1 [ 2 [ 3 [ 4 ] , 5 ] ]) 1.26451271
0.141499118 :(1 [ 2 [ 3 [ 4 , 5 ] ] ],1 [ 2 [ 3 [ 4 , 5 ] ] ]) 1.26451271
0.159041574 :(1 [ 2 [ 3 [ 4 , 5 ] ] ],1 [ 2 [ 3 [ 4 [ 5 ] ] ] ]) 1.26451271
0.162361485 :(1 [ 2 [ 3 [ 4 , 5 ] ] ],1 [ 2 [ 3 ] , 4 [ 5 ] ]) 1.26451271
0.167406947 :(1 [ 2 [ 3 [ 4 , 5 ] ] ],1 [ 2 [ 3 ] , 5 [ 4 ] ]) 1.26451271
0.159655768 :(1 [ 2 [ 3 [ 4 , 5 ] ] ],1 [ 2 [ 3 , 4 [ 5 ] ] ]) 1.26451271
0.162778982 :(1 [ 2 [ 3 [ 4 , 5 ] ] ],1 [ 2 [ 3 , 5 [ 4 ] ] ]) 1.26451271
0.164228561 :(1 [ 2 [ 3 [ 4 , 5 ] ] ],1 [ 2 [ 3 [ 5 [ 4 ] ] ] ]) 1.26451271
0.161944238 :(1 [ 2 [ 3 [ 4 , 5 ] ] ],1 [ 2 [ 3 [ 5 ] ] , 4 ]) 1.26451271
0.160038684 :(1 [ 2 [ 3 [ 4 , 5 ] ] ],1 [ 2 [ 3 [ 5 ] , 4 ] ]) 1.26451271
3.677977005 :(1 [ 2 [ 3 [ 4 , 5 ] ] ],1 [ 2 [ 3 , 4 ] , 5 ]) 1.26451271
3.804184564 :(1 [ 2 [ 3 [ 4 , 5 ] ] ],1 [ 2 [ 3 , 4 , 5 ] ]) 1.26451271
2.75037551 :(1 [ 2 [ 3 [ 4 , 5 ] ] ],1 [ 2 [ 3 , 5 ] , 4 ]) 1.26451271
4.37177234 :(1 [ 2 [ 3 [ 4 , 5 ] ] ],1 [ 2 [ 3 ] , 4 , 5 ]) 1.26451271
7.322932211 :(1 [ 2 [ 3 [ 4 , 5 ] ] ],1 [ 2 , 3 , 4 , 5 ]) 1.26451271
24.618111925 :(1 [ 2 [ 3 [ 4 , 5 ] ] ],1 [ 2 , 4 [ 3 ] , 5 ]) 1.26451271
30.117387232 :(1 [ 2 [ 3 [ 4 , 5 ] ] ],1 [ 2 , 4 , 5 [ 3 ] ]) 1.26451271
66.242788174 :(1 [ 2 [ 3 [ 4 , 5 ] ] ],1 [ 2 , 3 [ 5 ] , 4 ]) 1.26451271
18.092433296 :(1 [ 2 [ 3 [ 4 , 5 ] ] ],1 [ 2 [ 5 [ 3 ] ] , 4 ]) 1.26451271
26.172902932 :(1 [ 2 [ 3 [ 4 , 5 ] ] ],1 [ 2 , 4 [ 3 [ 5 ] ] ]) 1.26451271
9.173427348 :(1 [ 2 [ 3 [ 4 , 5 ] ] ],1 [ 2 , 4 [ 5 [ 3 ] ] ]) 1.26451271
0.164749814 :(1 [ 2 [ 3 [ 4 , 5 ] ] ],1 [ 2 , 3 , 4 [ 5 ] ]) 1.26451271
23.964305463 :(1 [ 2 [ 3 [ 4 , 5 ] ] ],1 [ 2 , 4 [ 3 , 5 ] ]) 1.26451271
11.940763753 :(1 [ 2 [ 3 [ 4 , 5 ] ] ],1 [ 2 [ 5 ] , 4 [ 3 ] ]) 1.26451271
2.195072544 :(1 [ 2 [ 3 [ 4 , 5 ] ] ],1 [ 2 [ 5 ] , 3 , 4 ]) 1.26451271
2.686158749 :(1 [ 2 [ 3 [ 4 , 5 ] ] ],1 [ 2 [ 4 , 5 ] , 3 ]) 1.26451271
9.661593221 :(1 [ 2 [ 3 [ 4 , 5 ] ] ],1 [ 2 [ 5 ] , 3 [ 4 ] ]) 1.26451271
0.169886224 :(1 [ 2 [ 3 [ 4 , 5 ] ] ],1 [ 2 [ 5 [ 4 ] ] , 3 ]) 1.26451271
6.667527889 :(1 [ 2 [ 3 [ 4 , 5 ] ] ],1 [ 2 [ 5 [ 4 [ 3 ] ] ] ]) 1.26451271
3.482630992 :(1 [ 2 [ 3 [ 4 , 5 ] ] ],1 [ 2 [ 5 [ 3 , 4 ] ] ]) 1.26451271
6.007857904 :(1 [ 2 [ 3 [ 4 , 5 ] ] ],1 [ 2 [ 4 , 5 [ 3 ] ] ]) 1.26451271
7.944294142 :(1 [ 2 [ 3 [ 4 , 5 ] ] ],1 [ 2 [ 5 [ 3 [ 4 ] ] ] ]) 1.26451271
5.483437202 :(1 [ 2 [ 3 [ 4 , 5 ] ] ],1 [ 2 [ 4 [ 3 ] , 5 ] ]) 1.26451271
5.419602671 :(1 [ 2 [ 3 [ 4 , 5 ] ] ],1 [ 2 [ 4 [ 3 ] ] , 5 ]) 1.26451271
7.029628901 :(1 [ 2 [ 3 [ 4 , 5 ] ] ],1 [ 2 [ 4 [ 3 [ 5 ] ] ] ]) 1.26451271
2.732965552 :(1 [ 2 [ 3 [ 4 , 5 ] ] ],1 [ 2 [ 4 [ 3 , 5 ] ] ]) 1.26451271
4.747449715 :(1 [ 2 [ 3 [ 4 , 5 ] ] ],1 [ 2 , 3 [ 4 [ 5 ] ] ]) 1.26451271
4.206815663 :(1 [ 2 [ 3 [ 4 , 5 ] ] ],1 [ 2 , 5 [ 4 [ 3 ] ] ]) 1.26451271
33.206064633 :(1 [ 2 [ 3 [ 4 , 5 ] ] ],1 [ 2 , 3 [ 4 ] , 5 ]) 1.26451271
27.59049588 :(1 [ 2 [ 3 [ 4 , 5 ] ] ],1 [ 2 , 5 [ 3 [ 4 ] ] ]) 1.26451271
31.052086049 :(1 [ 2 [ 3 [ 4 , 5 ] ] ],1 [ 2 , 3 [ 4 , 5 ] ]) 1.26451271
10.658218251 :(1 [ 2 [ 3 [ 4 , 5 ] ] ],1 [ 2 [ 4 ] , 3 [ 5 ] ]) 1.26451271
10.53465422 :(1 [ 2 [ 3 [ 4 , 5 ] ] ],1 [ 2 , 3 [ 5 [ 4 ] ] ]) 1.26451271
28.812362464 :(1 [ 2 [ 3 [ 4 , 5 ] ] ],1 [ 2 , 5 [ 3 , 4 ] ]) 1.26451271
3.231710454 :(1 [ 2 [ 3 [ 4 , 5 ] ] ],1 [ 2 [ 4 [ 5 [ 3 ] ] ] ]) 1.26451271
2.40315847 :(1 [ 2 [ 3 [ 4 , 5 ] ] ],1 [ 2 [ 4 ] , 5 [ 3 ] ]) 1.26451271
0.890875043 :(1 [ 2 [ 3 [ 4 , 5 ] ] ],1 [ 2 [ 4 ] , 3 , 5 ]) 1.26451271
0.159854075 :(1 [ 2 [ 3 [ 4 , 5 ] ] ],1 [ 2 [ 4 [ 5 ] ] , 3 ]) 1.26451271
0.16522482 :(1 [ 2 [ 3 [ 4 , 5 ] ] ],1 [ 2 , 3 , 5 [ 4 ] ]) 1.26451271
23.301588247 :(1 [ 2 [ 3 [ 4 , 5 ] ] ],1 [ 3 [ 2 ] , 5 [ 4 ] ]) 1.26451271
0.189227788 :(1 [ 2 [ 3 [ 4 , 5 ] ] ],1 [ 3 , 5 [ 4 [ 2 ] ] ]) 1.26451271
0.162784318 :(1 [ 2 [ 3 [ 4 , 5 ] ] ],1 [ 3 , 5 [ 2 , 4 ] ]) 1.26451271
0.164489374 :(1 [ 2 [ 3 [ 4 , 5 ] ] ],1 [ 3 , 4 [ 5 [ 2 ] ] ]) 1.26451271
0.222486048 :(1 [ 2 [ 3 [ 4 , 5 ] ] ],1 [ 3 [ 2 [ 5 [ 4 ] ] ] ]) 1.26451271
0.204829579 :(1 [ 2 [ 3 [ 4 , 5 ] ] ],1 [ 3 [ 4 [ 5 [ 2 ] ] ] ]) 1.26451271
1.66451735 :(1 [ 2 [ 3 [ 4 , 5 ] ] ],1 [ 3 [ 5 [ 2 , 4 ] ] ]) 1.26451271
3.305163829 :(1 [ 2 [ 3 [ 4 , 5 ] ] ],1 [ 3 [ 2 , 5 [ 4 ] ] ]) 1.26451271
0.214439738 :(1 [ 2 [ 3 [ 4 , 5 ] ] ],1 [ 3 [ 5 [ 4 [ 2 ] ] ] ]) 1.26451271
0.155629997 :(1 [ 2 [ 3 [ 4 , 5 ] ] ],1 [ 3 , 4 [ 2 , 5 ] ]) 1.26451271
1.493786294 :(1 [ 2 [ 3 [ 4 , 5 ] ] ],1 [ 3 [ 2 [ 4 [ 5 ] ] ] ]) 1.26451271
6.547990908 :(1 [ 2 [ 3 [ 4 , 5 ] ] ],1 [ 3 [ 4 [ 2 , 5 ] ] ]) 1.26451271
5.811776169 :(1 [ 2 [ 3 [ 4 , 5 ] ] ],1 [ 3 [ 2 , 4 [ 5 ] ] ]) 1.26451271
22.76494644 :(1 [ 2 [ 3 [ 4 , 5 ] ] ],1 [ 3 [ 2 ] , 4 [ 5 ] ]) 1.26451271
65.446122751 :(1 [ 2 [ 3 [ 4 , 5 ] ] ],1 [ 3 [ 2 ] , 4 , 5 ]) 1.26451271
7.387486577 :(1 [ 2 [ 3 [ 4 , 5 ] ] ],1 [ 3 [ 2 [ 5 ] ] , 4 ]) 1.26451271
27.715434204 :(1 [ 2 [ 3 [ 4 , 5 ] ] ],1 [ 3 [ 2 , 5 ] , 4 ]) 1.26451271
4.650989843 :(1 [ 2 [ 3 [ 4 , 5 ] ] ],1 [ 3 [ 2 [ 4 ] , 5 ] ]) 1.26451271
21.569316452 :(1 [ 2 [ 3 [ 4 , 5 ] ] ],1 [ 3 [ 2 , 4 , 5 ] ]) 1.26451271
32.96021483 :(1 [ 2 [ 3 [ 4 , 5 ] ] ],1 [ 3 [ 2 , 4 ] , 5 ]) 1.26451271
0.470896453 :(1 [ 2 [ 3 [ 4 , 5 ] ] ],1 [ 3 [ 2 [ 5 ] , 4 ] ]) 1.26451271
1.57345978 :(1 [ 2 [ 3 [ 4 , 5 ] ] ],1 [ 3 [ 2 [ 4 , 5 ] ] ]) 1.26451271
1.038489232 :(1 [ 2 [ 3 [ 4 , 5 ] ] ],1 [ 3 [ 2 [ 4 ] ] , 5 ]) 1.26451271
0.161638881 :(1 [ 2 [ 3 [ 4 , 5 ] ] ],1 [ 3 , 4 [ 2 ] , 5 ]) 1.26451271
0.166325672 :(1 [ 2 [ 3 [ 4 , 5 ] ] ],1 [ 3 , 5 [ 2 [ 4 ] ] ]) 1.26451271
4.888424041 :(1 [ 2 [ 3 [ 4 , 5 ] ] ],1 [ 3 [ 4 [ 2 ] ] , 5 ]) 1.26451271
0.655387662 :(1 [ 2 [ 3 [ 4 , 5 ] ] ],1 [ 3 [ 4 [ 2 [ 5 ] ] ] ]) 1.26451271
1.800821689 :(1 [ 2 [ 3 [ 4 , 5 ] ] ],1 [ 3 [ 4 [ 2 ] , 5 ] ]) 1.26451271
0.16429899 :(1 [ 2 [ 3 [ 4 , 5 ] ] ],1 [ 3 [ 5 ] , 4 [ 2 ] ]) 1.26451271
0.710670061 :(1 [ 2 [ 3 [ 4 , 5 ] ] ],1 [ 3 [ 5 [ 2 [ 4 ] ] ] ]) 1.26451271
0.163969388 :(1 [ 2 [ 3 [ 4 , 5 ] ] ],1 [ 3 , 4 [ 2 [ 5 ] ] ]) 1.26451271
0.172833688 :(1 [ 2 [ 3 [ 4 , 5 ] ] ],1 [ 3 , 4 , 5 [ 2 ] ]) 1.26451271
4.760270341 :(1 [ 2 [ 3 [ 4 , 5 ] ] ],1 [ 3 [ 5 [ 2 ] ] , 4 ]) 1.26451271
5.229056867 :(1 [ 2 [ 3 [ 4 , 5 ] ] ],1 [ 3 [ 4 , 5 [ 2 ] ] ]) 1.26451271
0.170690385 :(1 [ 2 [ 3 [ 4 , 5 ] ] ],1 [ 3 [ 4 ] , 5 [ 2 ] ]) 1.26451271
0.164930132 :(1 [ 2 [ 3 [ 4 , 5 ] ] ],1 [ 4 [ 3 ] , 5 [ 2 ] ]) 1.26451271
16.859554505 :(1 [ 2 [ 3 [ 4 , 5 ] ] ],1 [ 5 [ 2 [ 3 [ 4 ] ] ] ]) 1.26451271
14.389991386 :(1 [ 2 [ 3 [ 4 , 5 ] ] ],1 [ 5 [ 2 [ 4 [ 3 ] ] ] ]) 1.26451271
13.780232442 :(1 [ 2 [ 3 [ 4 , 5 ] ] ],1 [ 5 [ 2 , 3 [ 4 ] ] ]) 1.26451271
10.745388226 :(1 [ 2 [ 3 [ 4 , 5 ] ] ],1 [ 5 [ 2 , 4 [ 3 ] ] ]) 1.26451271
15.830917976 :(1 [ 2 [ 3 [ 4 , 5 ] ] ],1 [ 4 [ 3 , 5 [ 2 ] ] ]) 1.26451271
3.449212242 :(1 [ 2 [ 3 [ 4 , 5 ] ] ],1 [ 4 [ 3 [ 2 [ 5 ] ] ] ]) 1.26451271
0.199468932 :(1 [ 2 [ 3 [ 4 , 5 ] ] ],1 [ 4 [ 2 [ 5 ] , 3 ] ]) 1.26451271
2.728097856 :(1 [ 2 [ 3 [ 4 , 5 ] ] ],1 [ 4 [ 3 [ 5 [ 2 ] ] ] ]) 1.26451271
17.572271091 :(1 [ 2 [ 3 [ 4 , 5 ] ] ],1 [ 4 , 5 [ 2 , 3 ] ]) 1.26451271
10.270053838 :(1 [ 2 [ 3 [ 4 , 5 ] ] ],1 [ 4 [ 2 [ 5 [ 3 ] ] ] ]) 1.26451271
16.455348053 :(1 [ 2 [ 3 [ 4 , 5 ] ] ],1 [ 4 [ 5 [ 2 , 3 ] ] ]) 1.26451271
8.800974004 :(1 [ 2 [ 3 [ 4 , 5 ] ] ],1 [ 4 [ 5 [ 2 [ 3 ] ] ] ]) 1.26451271
20.149021883 :(1 [ 2 [ 3 [ 4 , 5 ] ] ],1 [ 4 , 5 [ 2 [ 3 ] ] ]) 1.26451271
19.828133905 :(1 [ 2 [ 3 [ 4 , 5 ] ] ],1 [ 4 [ 2 [ 3 , 5 ] ] ]) 1.26451271
10.419785716 :(1 [ 2 [ 3 [ 4 , 5 ] ] ],1 [ 5 [ 2 [ 3 , 4 ] ] ]) 1.26451271
12.960935817 :(1 [ 2 [ 3 [ 4 , 5 ] ] ],1 [ 5 [ 2 [ 3 ] , 4 ] ]) 1.26451271
16.280747014 :(1 [ 2 [ 3 [ 4 , 5 ] ] ],1 [ 5 [ 2 , 3 , 4 ] ]) 1.26451271
0.220293017 :(1 [ 2 [ 3 [ 4 , 5 ] ] ],1 [ 5 [ 2 [ 4 ] , 3 ] ]) 1.26451271
0.171951643 :(1 [ 2 [ 3 [ 4 , 5 ] ] ],1 [ 4 [ 2 ] , 5 [ 3 ] ]) 1.26451271
2.814581784 :(1 [ 2 [ 3 [ 4 , 5 ] ] ],1 [ 5 [ 3 [ 2 [ 4 ] ] ] ]) 1.26451271
3.566979759 :(1 [ 2 [ 3 [ 4 , 5 ] ] ],1 [ 5 [ 3 [ 4 [ 2 ] ] ] ]) 1.26451271
3.671060272 :(1 [ 2 [ 3 [ 4 , 5 ] ] ],1 [ 5 [ 3 , 4 [ 2 ] ] ]) 1.26451271
13.083716291 :(1 [ 2 [ 3 [ 4 , 5 ] ] ],1 [ 5 [ 3 [ 2 ] , 4 ] ]) 1.26451271
19.625480801 :(1 [ 2 [ 3 [ 4 , 5 ] ] ],1 [ 4 , 5 [ 3 [ 2 ] ] ]) 1.26451271
19.306695458 :(1 [ 2 [ 3 [ 4 , 5 ] ] ],1 [ 5 [ 3 [ 2 , 4 ] ] ]) 1.26451271
27.448498063 :(1 [ 2 [ 3 [ 4 , 5 ] ] ],1 [ 4 [ 3 [ 2 ] ] , 5 ]) 1.26451271
6.610100119 :(1 [ 2 [ 3 [ 4 , 5 ] ] ],1 [ 5 [ 4 [ 3 [ 2 ] ] ] ]) 1.26451271
15.804053451 :(1 [ 2 [ 3 [ 4 , 5 ] ] ],1 [ 5 [ 4 [ 2 [ 3 ] ] ] ]) 1.26451271
25.114096676 :(1 [ 2 [ 3 [ 4 , 5 ] ] ],1 [ 4 [ 2 [ 3 ] ] , 5 ]) 1.26451271
6.770491003 :(1 [ 2 [ 3 [ 4 , 5 ] ] ],1 [ 4 [ 2 , 3 ] , 5 ]) 1.26451271
12.353058717 :(1 [ 2 [ 3 [ 4 , 5 ] ] ],1 [ 5 [ 4 [ 2 , 3 ] ] ]) 1.26451271
14.657722745 :(1 [ 2 [ 3 [ 4 , 5 ] ] ],1 [ 4 [ 2 , 3 , 5 ] ]) 1.26451271
10.821944984 :(1 [ 2 [ 3 [ 4 , 5 ] ] ],1 [ 4 [ 2 , 3 [ 5 ] ] ]) 1.26451271
8.939068816 :(1 [ 2 [ 3 [ 4 , 5 ] ] ],1 [ 4 [ 2 [ 3 [ 5 ] ] ] ]) 1.26451271
6.379777875 :(1 [ 2 [ 3 [ 4 , 5 ] ] ],1 [ 4 [ 2 , 5 [ 3 ] ] ]) 1.26451271
27.717758606 :(1 [ 2 [ 3 [ 4 , 5 ] ] ],1 [ 4 [ 2 [ 3 ] , 5 ] ]) 1.26451271
17.828972207 :(1 [ 2 [ 3 [ 4 , 5 ] ] ],1 [ 4 [ 3 [ 2 ] , 5 ] ]) 1.26451271
7.828880606 :(1 [ 2 [ 3 [ 4 , 5 ] ] ],1 [ 4 [ 5 [ 3 [ 2 ] ] ] ]) 1.26451271
10.479659637 :(1 [ 2 [ 3 [ 4 , 5 ] ] ],1 [ 4 [ 3 [ 2 , 5 ] ] ]) 1.26451271
0.16134141 :(1 [ 2 [ 3 [ 4 [ 5 ] ] ] ],1 [ 2 [ 3 [ 4 ] ] , 5 ]) 1.26451271
0.164473693 :(1 [ 2 [ 3 [ 4 [ 5 ] ] ] ],1 [ 2 [ 3 [ 4 ] , 5 ] ]) 1.26451271
0.166207871 :(1 [ 2 [ 3 [ 4 [ 5 ] ] ] ],1 [ 2 [ 3 [ 4 , 5 ] ] ]) 1.26451271
0.145625798 :(1 [ 2 [ 3 [ 4 [ 5 ] ] ] ],1 [ 2 [ 3 [ 4 [ 5 ] ] ] ]) 1.26451271
11.031041124 :(1 [ 2 [ 3 [ 4 [ 5 ] ] ] ],1 [ 2 [ 3 ] , 4 [ 5 ] ]) 1.26451271
13.276697329 :(1 [ 2 [ 3 [ 4 [ 5 ] ] ] ],1 [ 2 [ 3 ] , 5 [ 4 ] ]) 1.26451271
9.974112587 :(1 [ 2 [ 3 [ 4 [ 5 ] ] ] ],1 [ 2 [ 3 , 4 [ 5 ] ] ]) 1.26451271
18.10903013 :(1 [ 2 [ 3 [ 4 [ 5 ] ] ] ],1 [ 2 [ 3 , 5 [ 4 ] ] ]) 1.26451271
9.871275663 :(1 [ 2 [ 3 [ 4 [ 5 ] ] ] ],1 [ 2 [ 3 [ 5 [ 4 ] ] ] ]) 1.26451271
0.164712388 :(1 [ 2 [ 3 [ 4 [ 5 ] ] ] ],1 [ 2 [ 3 [ 5 ] ] , 4 ]) 1.26451271
0.16357591 :(1 [ 2 [ 3 [ 4 [ 5 ] ] ] ],1 [ 2 [ 3 [ 5 ] , 4 ] ]) 1.26451271
0.160455619 :(1 [ 2 [ 3 [ 4 [ 5 ] ] ] ],1 [ 2 [ 3 , 4 ] , 5 ]) 1.26451271
0.163346949 :(1 [ 2 [ 3 [ 4 [ 5 ] ] ] ],1 [ 2 [ 3 , 4 , 5 ] ]) 1.26451271
0.163284726 :(1 [ 2 [ 3 [ 4 [ 5 ] ] ] ],1 [ 2 [ 3 , 5 ] , 4 ]) 1.26451271
0.165440228 :(1 [ 2 [ 3 [ 4 [ 5 ] ] ] ],1 [ 2 [ 3 ] , 4 , 5 ]) 1.26451271
0.161555955 :(1 [ 2 [ 3 [ 4 [ 5 ] ] ] ],1 [ 2 , 3 , 4 , 5 ]) 1.26451271
31.63359757 :(1 [ 2 [ 3 [ 4 [ 5 ] ] ] ],1 [ 2 , 4 [ 3 ] , 5 ]) 1.26451271
0.174762128 :(1 [ 2 [ 3 [ 4 [ 5 ] ] ] ],1 [ 2 , 4 , 5 [ 3 ] ]) 1.26451271
5.319782355 :(1 [ 2 [ 3 [ 4 [ 5 ] ] ] ],1 [ 2 , 3 [ 5 ] , 4 ]) 1.26451271
0.165918066 :(1 [ 2 [ 3 [ 4 [ 5 ] ] ] ],1 [ 2 [ 5 [ 3 ] ] , 4 ]) 1.26451271
2.905513299 :(1 [ 2 [ 3 [ 4 [ 5 ] ] ] ],1 [ 2 , 4 [ 3 [ 5 ] ] ]) 1.26451271
3.37557285 :(1 [ 2 [ 3 [ 4 [ 5 ] ] ] ],1 [ 2 , 4 [ 5 [ 3 ] ] ]) 1.26451271
16.588626013 :(1 [ 2 [ 3 [ 4 [ 5 ] ] ] ],1 [ 2 , 3 , 4 [ 5 ] ]) 1.26451271
45.747708844 :(1 [ 2 [ 3 [ 4 [ 5 ] ] ] ],1 [ 2 , 4 [ 3 , 5 ] ]) 1.26451271
20.606209897 :(1 [ 2 [ 3 [ 4 [ 5 ] ] ] ],1 [ 2 [ 5 ] , 4 [ 3 ] ]) 1.26451271
0.158936517 :(1 [ 2 [ 3 [ 4 [ 5 ] ] ] ],1 [ 2 [ 5 ] , 3 , 4 ]) 1.26451271
0.160434063 :(1 [ 2 [ 3 [ 4 [ 5 ] ] ] ],1 [ 2 [ 4 , 5 ] , 3 ]) 1.26451271
12.290181843 :(1 [ 2 [ 3 [ 4 [ 5 ] ] ] ],1 [ 2 [ 5 ] , 3 [ 4 ] ]) 1.26451271
3.02466991 :(1 [ 2 [ 3 [ 4 [ 5 ] ] ] ],1 [ 2 [ 5 [ 4 ] ] , 3 ]) 1.26451271
3.541464638 :(1 [ 2 [ 3 [ 4 [ 5 ] ] ] ],1 [ 2 [ 5 [ 4 [ 3 ] ] ] ]) 1.26451271
2.229153815 :(1 [ 2 [ 3 [ 4 [ 5 ] ] ] ],1 [ 2 [ 5 [ 3 , 4 ] ] ]) 1.26451271
0.167241672 :(1 [ 2 [ 3 [ 4 [ 5 ] ] ] ],1 [ 2 [ 4 , 5 [ 3 ] ] ]) 1.26451271
14.292214681 :(1 [ 2 [ 3 [ 4 [ 5 ] ] ] ],1 [ 2 [ 5 [ 3 [ 4 ] ] ] ]) 1.26451271
10.155028906 :(1 [ 2 [ 3 [ 4 [ 5 ] ] ] ],1 [ 2 [ 4 [ 3 ] , 5 ] ]) 1.26451271
7.018957986 :(1 [ 2 [ 3 [ 4 [ 5 ] ] ] ],1 [ 2 [ 4 [ 3 ] ] , 5 ]) 1.26451271
0.195946755 :(1 [ 2 [ 3 [ 4 [ 5 ] ] ] ],1 [ 2 [ 4 [ 3 [ 5 ] ] ] ]) 1.26451271
6.787176579 :(1 [ 2 [ 3 [ 4 [ 5 ] ] ] ],1 [ 2 [ 4 [ 3 , 5 ] ] ]) 1.26451271
15.532931069 :(1 [ 2 [ 3 [ 4 [ 5 ] ] ] ],1 [ 2 , 3 [ 4 [ 5 ] ] ]) 1.26451271
31.28528205 :(1 [ 2 [ 3 [ 4 [ 5 ] ] ] ],1 [ 2 , 5 [ 4 [ 3 ] ] ]) 1.26451271
33.941402579 :(1 [ 2 [ 3 [ 4 [ 5 ] ] ] ],1 [ 2 , 3 [ 4 ] , 5 ]) 1.26451271
18.831739419 :(1 [ 2 [ 3 [ 4 [ 5 ] ] ] ],1 [ 2 , 5 [ 3 [ 4 ] ] ]) 1.26451271
33.093906255 :(1 [ 2 [ 3 [ 4 [ 5 ] ] ] ],1 [ 2 , 3 [ 4 , 5 ] ]) 1.26451271
7.897460683 :(1 [ 2 [ 3 [ 4 [ 5 ] ] ] ],1 [ 2 [ 4 ] , 3 [ 5 ] ]) 1.26451271
14.610907425 :(1 [ 2 [ 3 [ 4 [ 5 ] ] ] ],1 [ 2 , 3 [ 5 [ 4 ] ] ]) 1.26451271
11.493749307 :(1 [ 2 [ 3 [ 4 [ 5 ] ] ] ],1 [ 2 , 5 [ 3 , 4 ] ]) 1.26451271
1.785342328 :(1 [ 2 [ 3 [ 4 [ 5 ] ] ] ],1 [ 2 [ 4 [ 5 [ 3 ] ] ] ]) 1.26451271
0.168880767 :(1 [ 2 [ 3 [ 4 [ 5 ] ] ] ],1 [ 2 [ 4 ] , 5 [ 3 ] ]) 1.26451271
0.154355714 :(1 [ 2 [ 3 [ 4 [ 5 ] ] ] ],1 [ 2 [ 4 ] , 3 , 5 ]) 1.26451271
4.139179011 :(1 [ 2 [ 3 [ 4 [ 5 ] ] ] ],1 [ 2 [ 4 [ 5 ] ] , 3 ]) 1.26451271
16.447334914 :(1 [ 2 [ 3 [ 4 [ 5 ] ] ] ],1 [ 2 , 3 , 5 [ 4 ] ]) 1.26451271
28.673024028 :(1 [ 2 [ 3 [ 4 [ 5 ] ] ] ],1 [ 3 [ 2 ] , 5 [ 4 ] ]) 1.26451271
0.187740034 :(1 [ 2 [ 3 [ 4 [ 5 ] ] ] ],1 [ 3 , 5 [ 4 [ 2 ] ] ]) 1.26451271
0.170409791 :(1 [ 2 [ 3 [ 4 [ 5 ] ] ] ],1 [ 3 , 5 [ 2 , 4 ] ]) 1.26451271
0.16929418 :(1 [ 2 [ 3 [ 4 [ 5 ] ] ] ],1 [ 3 , 4 [ 5 [ 2 ] ] ]) 1.26451271
3.353469606 :(1 [ 2 [ 3 [ 4 [ 5 ] ] ] ],1 [ 3 [ 2 [ 5 [ 4 ] ] ] ]) 1.26451271
0.578892915 :(1 [ 2 [ 3 [ 4 [ 5 ] ] ] ],1 [ 3 [ 4 [ 5 [ 2 ] ] ] ]) 1.26451271
0.485908342 :(1 [ 2 [ 3 [ 4 [ 5 ] ] ] ],1 [ 3 [ 5 [ 2 , 4 ] ] ]) 1.26451271
10.941280712 :(1 [ 2 [ 3 [ 4 [ 5 ] ] ] ],1 [ 3 [ 2 , 5 [ 4 ] ] ]) 1.26451271
0.488821335 :(1 [ 2 [ 3 [ 4 [ 5 ] ] ] ],1 [ 3 [ 5 [ 4 [ 2 ] ] ] ]) 1.26451271
0.161705143 :(1 [ 2 [ 3 [ 4 [ 5 ] ] ] ],1 [ 3 , 4 [ 2 , 5 ] ]) 1.26451271
6.156198631 :(1 [ 2 [ 3 [ 4 [ 5 ] ] ] ],1 [ 3 [ 2 [ 4 [ 5 ] ] ] ]) 1.26451271
4.150140988 :(1 [ 2 [ 3 [ 4 [ 5 ] ] ] ],1 [ 3 [ 4 [ 2 , 5 ] ] ]) 1.26451271
32.368981029 :(1 [ 2 [ 3 [ 4 [ 5 ] ] ] ],1 [ 3 [ 2 , 4 [ 5 ] ] ]) 1.26451271
30.838590677 :(1 [ 2 [ 3 [ 4 [ 5 ] ] ] ],1 [ 3 [ 2 ] , 4 [ 5 ] ]) 1.26451271
11.360368527 :(1 [ 2 [ 3 [ 4 [ 5 ] ] ] ],1 [ 3 [ 2 ] , 4 , 5 ]) 1.26451271
4.033549405 :(1 [ 2 [ 3 [ 4 [ 5 ] ] ] ],1 [ 3 [ 2 [ 5 ] ] , 4 ]) 1.26451271
4.062541888 :(1 [ 2 [ 3 [ 4 [ 5 ] ] ] ],1 [ 3 [ 2 , 5 ] , 4 ]) 1.26451271
1.287999349 :(1 [ 2 [ 3 [ 4 [ 5 ] ] ] ],1 [ 3 [ 2 [ 4 ] , 5 ] ]) 1.26451271
3.237703623 :(1 [ 2 [ 3 [ 4 [ 5 ] ] ] ],1 [ 3 [ 2 , 4 , 5 ] ]) 1.26451271
18.5933133 :(1 [ 2 [ 3 [ 4 [ 5 ] ] ] ],1 [ 3 [ 2 , 4 ] , 5 ]) 1.26451271
7.557324063 :(1 [ 2 [ 3 [ 4 [ 5 ] ] ] ],1 [ 3 [ 2 [ 5 ] , 4 ] ]) 1.26451271
1.549051961 :(1 [ 2 [ 3 [ 4 [ 5 ] ] ] ],1 [ 3 [ 2 [ 4 , 5 ] ] ]) 1.26451271
8.64567236 :(1 [ 2 [ 3 [ 4 [ 5 ] ] ] ],1 [ 3 [ 2 [ 4 ] ] , 5 ]) 1.26451271
0.164325004 :(1 [ 2 [ 3 [ 4 [ 5 ] ] ] ],1 [ 3 , 4 [ 2 ] , 5 ]) 1.26451271
0.173416724 :(1 [ 2 [ 3 [ 4 [ 5 ] ] ] ],1 [ 3 , 5 [ 2 [ 4 ] ] ]) 1.26451271
6.624540771 :(1 [ 2 [ 3 [ 4 [ 5 ] ] ] ],1 [ 3 [ 4 [ 2 ] ] , 5 ]) 1.26451271
0.543870434 :(1 [ 2 [ 3 [ 4 [ 5 ] ] ] ],1 [ 3 [ 4 [ 2 [ 5 ] ] ] ]) 1.26451271
3.098534593 :(1 [ 2 [ 3 [ 4 [ 5 ] ] ] ],1 [ 3 [ 4 [ 2 ] , 5 ] ]) 1.26451271
0.159629952 :(1 [ 2 [ 3 [ 4 [ 5 ] ] ] ],1 [ 3 [ 5 ] , 4 [ 2 ] ]) 1.26451271
0.209388788 :(1 [ 2 [ 3 [ 4 [ 5 ] ] ] ],1 [ 3 [ 5 [ 2 [ 4 ] ] ] ]) 1.26451271
0.163023968 :(1 [ 2 [ 3 [ 4 [ 5 ] ] ] ],1 [ 3 , 4 [ 2 [ 5 ] ] ]) 1.26451271
0.166578947 :(1 [ 2 [ 3 [ 4 [ 5 ] ] ] ],1 [ 3 , 4 , 5 [ 2 ] ]) 1.26451271
0.169222547 :(1 [ 2 [ 3 [ 4 [ 5 ] ] ] ],1 [ 3 [ 5 [ 2 ] ] , 4 ]) 1.26451271
0.319982982 :(1 [ 2 [ 3 [ 4 [ 5 ] ] ] ],1 [ 3 [ 4 , 5 [ 2 ] ] ]) 1.26451271
0.165039262 :(1 [ 2 [ 3 [ 4 [ 5 ] ] ] ],1 [ 3 [ 4 ] , 5 [ 2 ] ]) 1.26451271
0.169844176 :(1 [ 2 [ 3 [ 4 [ 5 ] ] ] ],1 [ 4 [ 3 ] , 5 [ 2 ] ]) 1.26451271
9.757881193 :(1 [ 2 [ 3 [ 4 [ 5 ] ] ] ],1 [ 5 [ 2 [ 3 [ 4 ] ] ] ]) 1.26451271
14.024865323 :(1 [ 2 [ 3 [ 4 [ 5 ] ] ] ],1 [ 5 [ 2 [ 4 [ 3 ] ] ] ]) 1.26451271
8.955540831 :(1 [ 2 [ 3 [ 4 [ 5 ] ] ] ],1 [ 5 [ 2 , 3 [ 4 ] ] ]) 1.26451271
7.26748415 :(1 [ 2 [ 3 [ 4 [ 5 ] ] ] ],1 [ 5 [ 2 , 4 [ 3 ] ] ]) 1.26451271
8.608033215 :(1 [ 2 [ 3 [ 4 [ 5 ] ] ] ],1 [ 4 [ 3 , 5 [ 2 ] ] ]) 1.26451271
1.411480977 :(1 [ 2 [ 3 [ 4 [ 5 ] ] ] ],1 [ 4 [ 3 [ 2 [ 5 ] ] ] ]) 1.26451271
0.534322535 :(1 [ 2 [ 3 [ 4 [ 5 ] ] ] ],1 [ 4 [ 2 [ 5 ] , 3 ] ]) 1.26451271
0.247404157 :(1 [ 2 [ 3 [ 4 [ 5 ] ] ] ],1 [ 4 [ 3 [ 5 [ 2 ] ] ] ]) 1.26451271
0.19280423 :(1 [ 2 [ 3 [ 4 [ 5 ] ] ] ],1 [ 4 , 5 [ 2 , 3 ] ]) 1.26451271
0.17976706 :(1 [ 2 [ 3 [ 4 [ 5 ] ] ] ],1 [ 4 [ 2 [ 5 [ 3 ] ] ] ]) 1.26451271
1.383107669 :(1 [ 2 [ 3 [ 4 [ 5 ] ] ] ],1 [ 4 [ 5 [ 2 , 3 ] ] ]) 1.26451271
5.497312373 :(1 [ 2 [ 3 [ 4 [ 5 ] ] ] ],1 [ 4 [ 5 [ 2 [ 3 ] ] ] ]) 1.26451271
7.865097587 :(1 [ 2 [ 3 [ 4 [ 5 ] ] ] ],1 [ 4 , 5 [ 2 [ 3 ] ] ]) 1.26451271
0.210775372 :(1 [ 2 [ 3 [ 4 [ 5 ] ] ] ],1 [ 4 [ 2 [ 3 , 5 ] ] ]) 1.26451271
2.069336843 :(1 [ 2 [ 3 [ 4 [ 5 ] ] ] ],1 [ 5 [ 2 [ 3 , 4 ] ] ]) 1.26451271
39.282213293 :(1 [ 2 [ 3 [ 4 [ 5 ] ] ] ],1 [ 5 [ 2 [ 3 ] , 4 ] ]) 1.26451271
10.039170778 :(1 [ 2 [ 3 [ 4 [ 5 ] ] ] ],1 [ 5 [ 2 , 3 , 4 ] ]) 1.26451271
0.185923435 :(1 [ 2 [ 3 [ 4 [ 5 ] ] ] ],1 [ 5 [ 2 [ 4 ] , 3 ] ]) 1.26451271
0.160534356 :(1 [ 2 [ 3 [ 4 [ 5 ] ] ] ],1 [ 4 [ 2 ] , 5 [ 3 ] ]) 1.26451271
1.540932127 :(1 [ 2 [ 3 [ 4 [ 5 ] ] ] ],1 [ 5 [ 3 [ 2 [ 4 ] ] ] ]) 1.26451271
3.384623026 :(1 [ 2 [ 3 [ 4 [ 5 ] ] ] ],1 [ 5 [ 3 [ 4 [ 2 ] ] ] ]) 1.26451271
5.758918415 :(1 [ 2 [ 3 [ 4 [ 5 ] ] ] ],1 [ 5 [ 3 , 4 [ 2 ] ] ]) 1.26451271
33.962544166 :(1 [ 2 [ 3 [ 4 [ 5 ] ] ] ],1 [ 5 [ 3 [ 2 ] , 4 ] ]) 1.26451271
12.156076688 :(1 [ 2 [ 3 [ 4 [ 5 ] ] ] ],1 [ 4 , 5 [ 3 [ 2 ] ] ]) 1.26451271
17.716299338 :(1 [ 2 [ 3 [ 4 [ 5 ] ] ] ],1 [ 5 [ 3 [ 2 , 4 ] ] ]) 1.26451271
26.200006962 :(1 [ 2 [ 3 [ 4 [ 5 ] ] ] ],1 [ 4 [ 3 [ 2 ] ] , 5 ]) 1.26451271
25.019969424 :(1 [ 2 [ 3 [ 4 [ 5 ] ] ] ],1 [ 5 [ 4 [ 3 [ 2 ] ] ] ]) 1.26451271
16.156858386 :(1 [ 2 [ 3 [ 4 [ 5 ] ] ] ],1 [ 5 [ 4 [ 2 [ 3 ] ] ] ]) 1.26451271
28.75563295 :(1 [ 2 [ 3 [ 4 [ 5 ] ] ] ],1 [ 4 [ 2 [ 3 ] ] , 5 ]) 1.26451271
15.880725739 :(1 [ 2 [ 3 [ 4 [ 5 ] ] ] ],1 [ 4 [ 2 , 3 ] , 5 ]) 1.26451271
11.193581762 :(1 [ 2 [ 3 [ 4 [ 5 ] ] ] ],1 [ 5 [ 4 [ 2 , 3 ] ] ]) 1.26451271
19.068073779 :(1 [ 2 [ 3 [ 4 [ 5 ] ] ] ],1 [ 4 [ 2 , 3 , 5 ] ]) 1.26451271
1.05155409 :(1 [ 2 [ 3 [ 4 [ 5 ] ] ] ],1 [ 4 [ 2 , 3 [ 5 ] ] ]) 1.26451271
0.215266452 :(1 [ 2 [ 3 [ 4 [ 5 ] ] ] ],1 [ 4 [ 2 [ 3 [ 5 ] ] ] ]) 1.26451271
1.580301271 :(1 [ 2 [ 3 [ 4 [ 5 ] ] ] ],1 [ 4 [ 2 , 5 [ 3 ] ] ]) 1.26451271
34.994431817 :(1 [ 2 [ 3 [ 4 [ 5 ] ] ] ],1 [ 4 [ 2 [ 3 ] , 5 ] ]) 1.26451271
20.257162834 :(1 [ 2 [ 3 [ 4 [ 5 ] ] ] ],1 [ 4 [ 3 [ 2 ] , 5 ] ]) 1.26451271
3.915109493 :(1 [ 2 [ 3 [ 4 [ 5 ] ] ] ],1 [ 4 [ 5 [ 3 [ 2 ] ] ] ]) 1.26451271
3.175881798 :(1 [ 2 [ 3 [ 4 [ 5 ] ] ] ],1 [ 4 [ 3 [ 2 , 5 ] ] ]) 1.26451271
0.157271907 :(1 [ 2 [ 3 ] , 4 [ 5 ] ],1 [ 2 [ 3 ] , 4 , 5 ]) 1.26451271
0.163706401 :(1 [ 2 [ 3 ] , 4 [ 5 ] ],1 [ 2 [ 3 , 5 ] , 4 ]) 1.26451271
0.163549253 :(1 [ 2 [ 3 ] , 4 [ 5 ] ],1 [ 2 [ 3 [ 5 ] ] , 4 ]) 1.26451271
0.14173571 :(1 [ 2 [ 3 ] , 4 [ 5 ] ],1 [ 2 [ 3 ] , 4 [ 5 ] ]) 1.26451271
0.173512688 :(1 [ 2 [ 3 ] , 4 [ 5 ] ],1 [ 2 , 3 , 4 [ 5 ] ]) 1.26451271
0.164398495 :(1 [ 2 [ 3 ] , 4 [ 5 ] ],1 [ 2 , 4 [ 3 , 5 ] ]) 1.26451271
0.16795354 :(1 [ 2 [ 3 ] , 4 [ 5 ] ],1 [ 2 , 4 [ 5 [ 3 ] ] ]) 1.26451271
0.15791685 :(1 [ 2 [ 3 ] , 4 [ 5 ] ],1 [ 2 , 3 [ 5 ] , 4 ]) 1.26451271
0.165456456 :(1 [ 2 [ 3 ] , 4 [ 5 ] ],1 [ 2 , 4 , 5 [ 3 ] ]) 1.26451271
0.163981633 :(1 [ 2 [ 3 ] , 4 [ 5 ] ],1 [ 2 [ 5 [ 3 ] ] , 4 ]) 1.26451271
0.184446948 :(1 [ 2 [ 3 ] , 4 [ 5 ] ],1 [ 2 , 4 [ 3 [ 5 ] ] ]) 1.26451271
0.159120968 :(1 [ 2 [ 3 ] , 4 [ 5 ] ],1 [ 2 , 4 [ 3 ] , 5 ]) 1.26451271
0.16281629 :(1 [ 2 [ 3 ] , 4 [ 5 ] ],1 [ 2 [ 5 ] , 4 [ 3 ] ]) 1.26451271
0.163915722 :(1 [ 2 [ 3 ] , 4 [ 5 ] ],1 [ 2 [ 5 ] , 3 , 4 ]) 1.26451271
0.157370016 :(1 [ 2 [ 3 ] , 4 [ 5 ] ],1 [ 2 , 3 , 4 , 5 ]) 1.26451271
0.158946083 :(1 [ 2 [ 3 ] , 4 [ 5 ] ],1 [ 2 [ 4 ] , 3 , 5 ]) 1.26451271
0.163379875 :(1 [ 2 [ 3 ] , 4 [ 5 ] ],1 [ 2 , 3 [ 4 ] , 5 ]) 1.26451271
3.251682912 :(1 [ 2 [ 3 ] , 4 [ 5 ] ],1 [ 2 , 3 , 5 [ 4 ] ]) 1.26451271
3.514613314 :(1 [ 2 [ 3 ] , 4 [ 5 ] ],1 [ 2 [ 4 [ 5 ] ] , 3 ]) 1.26451271
2.56920947 :(1 [ 2 [ 3 ] , 4 [ 5 ] ],1 [ 2 [ 5 [ 4 ] ] , 3 ]) 1.26451271
14.697006569 :(1 [ 2 [ 3 ] , 4 [ 5 ] ],1 [ 2 , 3 [ 4 [ 5 ] ] ]) 1.26451271
8.320629997 :(1 [ 2 [ 3 ] , 4 [ 5 ] ],1 [ 2 , 3 [ 5 [ 4 ] ] ]) 1.26451271
0.163676098 :(1 [ 2 [ 3 ] , 4 [ 5 ] ],1 [ 2 [ 4 ] , 3 [ 5 ] ]) 1.26451271
0.160630145 :(1 [ 2 [ 3 ] , 4 [ 5 ] ],1 [ 2 , 3 [ 4 , 5 ] ]) 1.26451271
0.165974351 :(1 [ 2 [ 3 ] , 4 [ 5 ] ],1 [ 2 [ 5 ] , 3 [ 4 ] ]) 1.26451271
0.174472874 :(1 [ 2 [ 3 ] , 4 [ 5 ] ],1 [ 2 [ 4 , 5 ] , 3 ]) 1.26451271
0.161607178 :(1 [ 2 [ 3 ] , 4 [ 5 ] ],1 [ 2 [ 3 , 4 , 5 ] ]) 1.26451271
0.15846893 :(1 [ 2 [ 3 ] , 4 [ 5 ] ],1 [ 2 [ 4 [ 3 ] , 5 ] ]) 1.26451271
0.156918398 :(1 [ 2 [ 3 ] , 4 [ 5 ] ],1 [ 2 [ 4 , 5 [ 3 ] ] ]) 1.26451271
0.16145475 :(1 [ 2 [ 3 ] , 4 [ 5 ] ],1 [ 2 [ 5 [ 3 [ 4 ] ] ] ]) 1.26451271
0.160297401 :(1 [ 2 [ 3 ] , 4 [ 5 ] ],1 [ 2 [ 5 [ 3 , 4 ] ] ]) 1.26451271
8.70964015 :(1 [ 2 [ 3 ] , 4 [ 5 ] ],1 [ 2 [ 3 , 5 [ 4 ] ] ]) 1.26451271
0.157767611 :(1 [ 2 [ 3 ] , 4 [ 5 ] ],1 [ 2 [ 5 [ 4 [ 3 ] ] ] ]) 1.26451271
0.164735122 :(1 [ 2 [ 3 ] , 4 [ 5 ] ],1 [ 2 [ 3 [ 4 ] , 5 ] ]) 1.26451271
0.157703955 :(1 [ 2 [ 3 ] , 4 [ 5 ] ],1 [ 2 [ 3 [ 4 ] ] , 5 ]) 1.26451271
0.151429261 :(1 [ 2 [ 3 ] , 4 [ 5 ] ],1 [ 2 [ 3 [ 4 , 5 ] ] ]) 1.26451271
3.398716441 :(1 [ 2 [ 3 ] , 4 [ 5 ] ],1 [ 2 [ 3 [ 4 [ 5 ] ] ] ]) 1.26451271
1.3928458 :(1 [ 2 [ 3 ] , 4 [ 5 ] ],1 [ 2 , 5 [ 4 [ 3 ] ] ]) 1.26451271
0.163990592 :(1 [ 2 [ 3 ] , 4 [ 5 ] ],1 [ 2 [ 4 [ 3 , 5 ] ] ]) 1.26451271
0.165478592 :(1 [ 2 [ 3 ] , 4 [ 5 ] ],1 [ 2 [ 4 [ 3 ] ] , 5 ]) 1.26451271
0.161011504 :(1 [ 2 [ 3 ] , 4 [ 5 ] ],1 [ 2 [ 4 [ 3 [ 5 ] ] ] ]) 1.26451271
0.167729026 :(1 [ 2 [ 3 ] , 4 [ 5 ] ],1 [ 2 , 5 [ 3 [ 4 ] ] ]) 1.26451271
0.162122183 :(1 [ 2 [ 3 ] , 4 [ 5 ] ],1 [ 2 [ 4 ] , 5 [ 3 ] ]) 1.26451271
6.405839449 :(1 [ 2 [ 3 ] , 4 [ 5 ] ],1 [ 2 , 5 [ 3 , 4 ] ]) 1.26451271
2.463868894 :(1 [ 2 [ 3 ] , 4 [ 5 ] ],1 [ 2 [ 3 [ 5 [ 4 ] ] ] ]) 1.26451271
0.165275537 :(1 [ 2 [ 3 ] , 4 [ 5 ] ],1 [ 2 [ 4 [ 5 [ 3 ] ] ] ]) 1.26451271
0.157349434 :(1 [ 2 [ 3 ] , 4 [ 5 ] ],1 [ 2 [ 3 [ 5 ] , 4 ] ]) 1.26451271
0.162761505 :(1 [ 2 [ 3 ] , 4 [ 5 ] ],1 [ 2 [ 3 , 4 ] , 5 ]) 1.26451271
6.90484672 :(1 [ 2 [ 3 ] , 4 [ 5 ] ],1 [ 2 [ 3 , 4 [ 5 ] ] ]) 1.26451271
4.474086913 :(1 [ 2 [ 3 ] , 4 [ 5 ] ],1 [ 2 [ 3 ] , 5 [ 4 ] ]) 1.26451271
2.199124436 :(1 [ 2 [ 3 ] , 4 [ 5 ] ],1 [ 3 [ 2 ] , 5 [ 4 ] ]) 1.26451271
1.4206551 :(1 [ 2 [ 3 ] , 4 [ 5 ] ],1 [ 5 [ 4 [ 2 [ 3 ] ] ] ]) 1.26451271
5.719203796 :(1 [ 2 [ 3 ] , 4 [ 5 ] ],1 [ 5 [ 2 [ 3 ] , 4 ] ]) 1.26451271
4.01968191 :(1 [ 2 [ 3 ] , 4 [ 5 ] ],1 [ 5 [ 4 [ 3 [ 2 ] ] ] ]) 1.26451271
4.933881671 :(1 [ 2 [ 3 ] , 4 [ 5 ] ],1 [ 5 [ 3 [ 2 ] , 4 ] ]) 1.26451271
5.248523322 :(1 [ 2 [ 3 ] , 4 [ 5 ] ],1 [ 3 [ 2 , 5 [ 4 ] ] ]) 1.26451271
3.726619129 :(1 [ 2 [ 3 ] , 4 [ 5 ] ],1 [ 4 [ 5 [ 3 [ 2 ] ] ] ]) 1.26451271
3.751527487 :(1 [ 2 [ 3 ] , 4 [ 5 ] ],1 [ 3 [ 2 ] , 4 [ 5 ] ]) 1.26451271
5.677332357 :(1 [ 2 [ 3 ] , 4 [ 5 ] ],1 [ 4 [ 2 [ 3 ] , 5 ] ]) 1.26451271
3.994565491 :(1 [ 2 [ 3 ] , 4 [ 5 ] ],1 [ 4 [ 5 [ 2 [ 3 ] ] ] ]) 1.26451271
8.448838258 :(1 [ 2 [ 3 ] , 4 [ 5 ] ],1 [ 4 [ 3 [ 2 ] , 5 ] ]) 1.26451271
6.019081411 :(1 [ 2 [ 3 ] , 4 [ 5 ] ],1 [ 3 [ 2 , 4 [ 5 ] ] ]) 1.26451271
12.766528886 :(1 [ 2 [ 3 ] , 4 [ 5 ] ],1 [ 3 [ 2 [ 4 [ 5 ] ] ] ]) 1.26451271
9.044752728 :(1 [ 2 [ 3 ] , 4 [ 5 ] ],1 [ 3 [ 2 [ 5 [ 4 ] ] ] ]) 1.26451271
2.168106206 :(1 [ 2 [ 3 ] , 4 [ 5 ] ],1 [ 3 [ 2 [ 5 ] ] , 4 ]) 1.26451271
0.152422804 :(1 [ 2 [ 3 ] , 4 [ 5 ] ],1 [ 3 [ 2 [ 4 , 5 ] ] ]) 1.26451271
0.180577335 :(1 [ 2 [ 3 ] , 4 [ 5 ] ],1 [ 3 [ 2 [ 5 ] , 4 ] ]) 1.26451271
0.159083799 :(1 [ 2 [ 3 ] , 4 [ 5 ] ],1 [ 3 [ 2 , 4 ] , 5 ]) 1.26451271
0.157766068 :(1 [ 2 [ 3 ] , 4 [ 5 ] ],1 [ 3 [ 2 , 4 , 5 ] ]) 1.26451271
1.777806929 :(1 [ 2 [ 3 ] , 4 [ 5 ] ],1 [ 3 [ 2 , 5 ] , 4 ]) 1.26451271
0.15993253 :(1 [ 2 [ 3 ] , 4 [ 5 ] ],1 [ 3 [ 2 [ 4 ] , 5 ] ]) 1.26451271
0.158729981 :(1 [ 2 [ 3 ] , 4 [ 5 ] ],1 [ 3 [ 2 [ 4 ] ] , 5 ]) 1.26451271
13.184446176 :(1 [ 2 [ 3 ] , 4 [ 5 ] ],1 [ 3 [ 2 ] , 4 , 5 ]) 1.26451271
3.821566938 :(1 [ 2 [ 3 ] , 4 [ 5 ] ],1 [ 4 [ 2 [ 3 ] ] , 5 ]) 1.26451271
8.093937744 :(1 [ 2 [ 3 ] , 4 [ 5 ] ],1 [ 4 , 5 [ 2 [ 3 ] ] ]) 1.26451271
1.758536357 :(1 [ 2 [ 3 ] , 4 [ 5 ] ],1 [ 4 [ 3 [ 2 ] ] , 5 ]) 1.26451271
13.246484733 :(1 [ 2 [ 3 ] , 4 [ 5 ] ],1 [ 4 , 5 [ 3 [ 2 ] ] ]) 1.26451271
0.168008671 :(1 [ 2 [ 3 ] , 4 [ 5 ] ],1 [ 5 [ 3 [ 2 [ 4 ] ] ] ]) 1.26451271
0.163981722 :(1 [ 2 [ 3 ] , 4 [ 5 ] ],1 [ 5 [ 3 [ 2 , 4 ] ] ]) 1.26451271
0.163181304 :(1 [ 2 [ 3 ] , 4 [ 5 ] ],1 [ 5 [ 2 [ 3 [ 4 ] ] ] ]) 1.26451271
0.158492805 :(1 [ 2 [ 3 ] , 4 [ 5 ] ],1 [ 5 [ 2 [ 3 , 4 ] ] ]) 1.26451271
0.154901518 :(1 [ 2 [ 3 ] , 4 [ 5 ] ],1 [ 4 [ 2 [ 3 , 5 ] ] ]) 1.26451271
0.162394949 :(1 [ 2 [ 3 ] , 4 [ 5 ] ],1 [ 4 [ 3 [ 2 [ 5 ] ] ] ]) 1.26451271
0.162499712 :(1 [ 2 [ 3 ] , 4 [ 5 ] ],1 [ 4 [ 3 [ 2 , 5 ] ] ]) 1.26451271
0.166241042 :(1 [ 2 [ 3 ] , 4 [ 5 ] ],1 [ 4 [ 2 [ 3 [ 5 ] ] ] ]) 1.26451271
0.163557362 :(1 [ 2 [ 3 ] , 4 [ 5 ] ],1 [ 3 [ 5 ] , 4 [ 2 ] ]) 1.26451271
0.161924143 :(1 [ 2 [ 3 ] , 4 [ 5 ] ],1 [ 4 [ 2 ] , 5 [ 3 ] ]) 1.26451271
0.160392016 :(1 [ 2 [ 3 ] , 4 [ 5 ] ],1 [ 4 [ 2 [ 5 [ 3 ] ] ] ]) 1.26451271
0.155574788 :(1 [ 2 [ 3 ] , 4 [ 5 ] ],1 [ 4 [ 2 , 3 [ 5 ] ] ]) 1.26451271
0.183826869 :(1 [ 2 [ 3 ] , 4 [ 5 ] ],1 [ 4 [ 2 , 5 [ 3 ] ] ]) 1.26451271
0.164868066 :(1 [ 2 [ 3 ] , 4 [ 5 ] ],1 [ 4 [ 5 [ 2 , 3 ] ] ]) 1.26451271
0.165252573 :(1 [ 2 [ 3 ] , 4 [ 5 ] ],1 [ 3 [ 5 [ 2 ] ] , 4 ]) 1.26451271
0.158946327 :(1 [ 2 [ 3 ] , 4 [ 5 ] ],1 [ 4 , 5 [ 2 , 3 ] ]) 1.26451271
0.168265865 :(1 [ 2 [ 3 ] , 4 [ 5 ] ],1 [ 4 [ 3 [ 5 [ 2 ] ] ] ]) 1.26451271
0.158603106 :(1 [ 2 [ 3 ] , 4 [ 5 ] ],1 [ 4 [ 3 ] , 5 [ 2 ] ]) 1.26451271
0.158467424 :(1 [ 2 [ 3 ] , 4 [ 5 ] ],1 [ 4 [ 2 [ 5 ] , 3 ] ]) 1.26451271
0.160317094 :(1 [ 2 [ 3 ] , 4 [ 5 ] ],1 [ 4 [ 3 , 5 [ 2 ] ] ]) 1.26451271
0.161749083 :(1 [ 2 [ 3 ] , 4 [ 5 ] ],1 [ 3 , 4 [ 5 [ 2 ] ] ]) 1.26451271
0.158154082 :(1 [ 2 [ 3 ] , 4 [ 5 ] ],1 [ 3 , 4 , 5 [ 2 ] ]) 1.26451271
0.159031482 :(1 [ 2 [ 3 ] , 4 [ 5 ] ],1 [ 3 , 4 [ 2 [ 5 ] ] ]) 1.26451271
0.154860724 :(1 [ 2 [ 3 ] , 4 [ 5 ] ],1 [ 3 , 4 [ 2 ] , 5 ]) 1.26451271
0.157234798 :(1 [ 2 [ 3 ] , 4 [ 5 ] ],1 [ 3 , 4 [ 2 , 5 ] ]) 1.26451271
0.156124817 :(1 [ 2 [ 3 ] , 4 [ 5 ] ],1 [ 4 [ 2 , 3 , 5 ] ]) 1.26451271
0.160870901 :(1 [ 2 [ 3 ] , 4 [ 5 ] ],1 [ 4 [ 2 , 3 ] , 5 ]) 1.26451271
0.164552337 :(1 [ 2 [ 3 ] , 4 [ 5 ] ],1 [ 3 [ 4 [ 2 ] ] , 5 ]) 1.26451271
0.158253511 :(1 [ 2 [ 3 ] , 4 [ 5 ] ],1 [ 5 [ 2 [ 4 [ 3 ] ] ] ]) 1.26451271
0.166688205 :(1 [ 2 [ 3 ] , 4 [ 5 ] ],1 [ 5 [ 3 [ 4 [ 2 ] ] ] ]) 1.26451271
0.164062704 :(1 [ 2 [ 3 ] , 4 [ 5 ] ],1 [ 5 [ 4 [ 2 , 3 ] ] ]) 1.26451271
0.166555219 :(1 [ 2 [ 3 ] , 4 [ 5 ] ],1 [ 3 [ 4 [ 2 , 5 ] ] ]) 1.26451271
0.157129282 :(1 [ 2 [ 3 ] , 4 [ 5 ] ],1 [ 3 [ 4 [ 2 [ 5 ] ] ] ]) 1.26451271
0.162238644 :(1 [ 2 [ 3 ] , 4 [ 5 ] ],1 [ 3 [ 4 [ 2 ] , 5 ] ]) 1.26451271
0.159021865 :(1 [ 2 [ 3 ] , 4 [ 5 ] ],1 [ 3 [ 5 [ 2 [ 4 ] ] ] ]) 1.26451271
0.163749369 :(1 [ 2 [ 3 ] , 4 [ 5 ] ],1 [ 3 [ 5 [ 4 [ 2 ] ] ] ]) 1.26451271
0.160420204 :(1 [ 2 [ 3 ] , 4 [ 5 ] ],1 [ 3 , 5 [ 4 [ 2 ] ] ]) 1.26451271
0.159416141 :(1 [ 2 [ 3 ] , 4 [ 5 ] ],1 [ 3 , 5 [ 2 [ 4 ] ] ]) 1.26451271
0.151419505 :(1 [ 2 [ 3 ] , 4 [ 5 ] ],1 [ 5 [ 2 [ 4 ] , 3 ] ]) 1.26451271
0.183017385 :(1 [ 2 [ 3 ] , 4 [ 5 ] ],1 [ 5 [ 3 , 4 [ 2 ] ] ]) 1.26451271
0.163118184 :(1 [ 2 [ 3 ] , 4 [ 5 ] ],1 [ 5 [ 2 , 3 , 4 ] ]) 1.26451271
0.162606448 :(1 [ 2 [ 3 ] , 4 [ 5 ] ],1 [ 5 [ 2 , 3 [ 4 ] ] ]) 1.26451271
0.163081999 :(1 [ 2 [ 3 ] , 4 [ 5 ] ],1 [ 3 [ 4 ] , 5 [ 2 ] ]) 1.26451271
0.159197391 :(1 [ 2 [ 3 ] , 4 [ 5 ] ],1 [ 5 [ 2 , 4 [ 3 ] ] ]) 1.26451271
0.153833385 :(1 [ 2 [ 3 ] , 4 [ 5 ] ],1 [ 3 , 5 [ 2 , 4 ] ]) 1.26451271
0.159687665 :(1 [ 2 [ 3 ] , 4 [ 5 ] ],1 [ 3 [ 4 [ 5 [ 2 ] ] ] ]) 1.26451271
0.170025117 :(1 [ 2 [ 3 ] , 4 [ 5 ] ],1 [ 3 [ 5 [ 2 , 4 ] ] ]) 1.26451271
0.160827279 :(1 [ 2 [ 3 ] , 4 [ 5 ] ],1 [ 3 [ 4 , 5 [ 2 ] ] ]) 1.26451271
0.149844762 :(1 [ 2 [ 3 , 4 ] , 5 ],1 [ 2 [ 3 ] , 4 , 5 ]) 1.26451271
0.139038242 :(1 [ 2 [ 3 , 4 ] , 5 ],1 [ 2 [ 3 , 4 ] , 5 ]) 1.26451271
0.156939948 :(1 [ 2 [ 3 , 4 ] , 5 ],1 [ 2 [ 3 [ 4 ] ] , 5 ]) 1.26451271
0.160624652 :(1 [ 2 [ 3 , 4 ] , 5 ],1 [ 2 [ 3 ] , 5 [ 4 ] ]) 1.26451271
9.109647491 :(1 [ 2 [ 3 , 4 ] , 5 ],1 [ 2 , 3 , 5 [ 4 ] ]) 1.26451271
0.173053929 :(1 [ 2 [ 3 , 4 ] , 5 ],1 [ 2 , 5 [ 4 [ 3 ] ] ]) 1.26451271
7.730322102 :(1 [ 2 [ 3 , 4 ] , 5 ],1 [ 2 , 5 [ 3 , 4 ] ]) 1.26451271
4.754123524 :(1 [ 2 [ 3 , 4 ] , 5 ],1 [ 2 , 4 , 5 [ 3 ] ]) 1.26451271
0.159894483 :(1 [ 2 [ 3 , 4 ] , 5 ],1 [ 2 [ 4 ] , 5 [ 3 ] ]) 1.26451271
0.160902573 :(1 [ 2 [ 3 , 4 ] , 5 ],1 [ 2 , 5 [ 3 [ 4 ] ] ]) 1.26451271
0.158908391 :(1 [ 2 [ 3 , 4 ] , 5 ],1 [ 2 , 3 [ 4 ] , 5 ]) 1.26451271
0.160230757 :(1 [ 2 [ 3 , 4 ] , 5 ],1 [ 2 , 4 [ 3 ] , 5 ]) 1.26451271
0.153075258 :(1 [ 2 [ 3 , 4 ] , 5 ],1 [ 2 [ 4 [ 3 ] ] , 5 ]) 1.26451271
0.161082183 :(1 [ 2 [ 3 , 4 ] , 5 ],1 [ 2 [ 4 ] , 3 , 5 ]) 1.26451271
5.752456837 :(1 [ 2 [ 3 , 4 ] , 5 ],1 [ 2 , 3 , 4 , 5 ]) 1.26451271
0.158202422 :(1 [ 2 [ 3 , 4 ] , 5 ],1 [ 2 [ 5 ] , 3 , 4 ]) 1.26451271
0.160193308 :(1 [ 2 [ 3 , 4 ] , 5 ],1 [ 2 , 3 [ 5 ] , 4 ]) 1.26451271
0.160581309 :(1 [ 2 [ 3 , 4 ] , 5 ],1 [ 2 , 3 , 4 [ 5 ] ]) 1.26451271
0.17732773 :(1 [ 2 [ 3 , 4 ] , 5 ],1 [ 2 [ 4 [ 5 ] ] , 3 ]) 1.26451271
0.156077043 :(1 [ 2 [ 3 , 4 ] , 5 ],1 [ 2 [ 5 [ 4 ] ] , 3 ]) 1.26451271
0.164355873 :(1 [ 2 [ 3 , 4 ] , 5 ],1 [ 2 , 3 [ 4 [ 5 ] ] ]) 1.26451271
0.16016906 :(1 [ 2 [ 3 , 4 ] , 5 ],1 [ 2 , 3 [ 5 [ 4 ] ] ]) 1.26451271
0.166376743 :(1 [ 2 [ 3 , 4 ] , 5 ],1 [ 2 [ 4 ] , 3 [ 5 ] ]) 1.26451271
0.157139511 :(1 [ 2 [ 3 , 4 ] , 5 ],1 [ 2 , 3 [ 4 , 5 ] ]) 1.26451271
0.164568863 :(1 [ 2 [ 3 , 4 ] , 5 ],1 [ 2 [ 5 ] , 3 [ 4 ] ]) 1.26451271
0.158654709 :(1 [ 2 [ 3 , 4 ] , 5 ],1 [ 2 [ 4 , 5 ] , 3 ]) 1.26451271
0.159028745 :(1 [ 2 [ 3 , 4 ] , 5 ],1 [ 2 [ 3 , 4 , 5 ] ]) 1.26451271
0.175696491 :(1 [ 2 [ 3 , 4 ] , 5 ],1 [ 2 [ 4 [ 3 ] , 5 ] ]) 1.26451271
0.159087065 :(1 [ 2 [ 3 , 4 ] , 5 ],1 [ 2 [ 4 , 5 [ 3 ] ] ]) 1.26451271
0.174682786 :(1 [ 2 [ 3 , 4 ] , 5 ],1 [ 2 [ 5 [ 3 ] ] , 4 ]) 1.26451271
0.157832824 :(1 [ 2 [ 3 , 4 ] , 5 ],1 [ 2 [ 5 [ 3 [ 4 ] ] ] ]) 1.26451271
0.181497136 :(1 [ 2 [ 3 , 4 ] , 5 ],1 [ 2 [ 5 [ 3 , 4 ] ] ]) 1.26451271
0.180997971 :(1 [ 2 [ 3 , 4 ] , 5 ],1 [ 2 [ 3 , 5 [ 4 ] ] ]) 1.26451271
0.177032596 :(1 [ 2 [ 3 , 4 ] , 5 ],1 [ 2 [ 5 [ 4 [ 3 ] ] ] ]) 1.26451271
0.189729895 :(1 [ 2 [ 3 , 4 ] , 5 ],1 [ 2 [ 5 ] , 4 [ 3 ] ]) 1.26451271
0.175798397 :(1 [ 2 [ 3 , 4 ] , 5 ],1 [ 2 [ 3 [ 4 ] , 5 ] ]) 1.26451271
0.177427836 :(1 [ 2 [ 3 , 4 ] , 5 ],1 [ 2 [ 3 , 5 ] , 4 ]) 1.26451271
0.163017026 :(1 [ 2 [ 3 , 4 ] , 5 ],1 [ 2 [ 3 [ 5 ] ] , 4 ]) 1.26451271
0.159101342 :(1 [ 2 [ 3 , 4 ] , 5 ],1 [ 2 [ 3 ] , 4 [ 5 ] ]) 1.26451271
0.158802485 :(1 [ 2 [ 3 , 4 ] , 5 ],1 [ 2 [ 3 , 4 [ 5 ] ] ]) 1.26451271
0.183465672 :(1 [ 2 [ 3 , 4 ] , 5 ],1 [ 2 [ 3 [ 4 [ 5 ] ] ] ]) 1.26451271
0.158423065 :(1 [ 2 [ 3 , 4 ] , 5 ],1 [ 2 [ 3 [ 5 [ 4 ] ] ] ]) 1.26451271
0.198659895 :(1 [ 2 [ 3 , 4 ] , 5 ],1 [ 2 [ 3 [ 5 ] , 4 ] ]) 1.26451271
0.157096994 :(1 [ 2 [ 3 , 4 ] , 5 ],1 [ 2 [ 3 [ 4 , 5 ] ] ]) 1.26451271
0.161236191 :(1 [ 2 [ 3 , 4 ] , 5 ],1 [ 2 , 4 [ 3 [ 5 ] ] ]) 1.26451271
0.160460132 :(1 [ 2 [ 3 , 4 ] , 5 ],1 [ 2 [ 4 [ 3 [ 5 ] ] ] ]) 1.26451271
0.163236207 :(1 [ 2 [ 3 , 4 ] , 5 ],1 [ 2 [ 4 [ 5 [ 3 ] ] ] ]) 1.26451271
0.168279926 :(1 [ 2 [ 3 , 4 ] , 5 ],1 [ 2 , 4 [ 5 [ 3 ] ] ]) 1.26451271
0.165795172 :(1 [ 2 [ 3 , 4 ] , 5 ],1 [ 2 , 4 [ 3 , 5 ] ]) 1.26451271
0.158444874 :(1 [ 2 [ 3 , 4 ] , 5 ],1 [ 2 [ 4 [ 3 , 5 ] ] ]) 1.26451271
0.157444639 :(1 [ 2 [ 3 , 4 ] , 5 ],1 [ 3 [ 4 [ 2 , 5 ] ] ]) 1.26451271
0.165581322 :(1 [ 2 [ 3 , 4 ] , 5 ],1 [ 4 [ 2 , 3 , 5 ] ]) 1.26451271
4.616700018 :(1 [ 2 [ 3 , 4 ] , 5 ],1 [ 5 [ 4 [ 2 , 3 ] ] ]) 1.26451271
1.679412567 :(1 [ 2 [ 3 , 4 ] , 5 ],1 [ 5 [ 4 [ 3 [ 2 ] ] ] ]) 1.26451271
0.167289625 :(1 [ 2 [ 3 , 4 ] , 5 ],1 [ 5 [ 2 , 4 [ 3 ] ] ]) 1.26451271
0.167190785 :(1 [ 2 [ 3 , 4 ] , 5 ],1 [ 3 [ 4 [ 5 [ 2 ] ] ] ]) 1.26451271
0.155211856 :(1 [ 2 [ 3 , 4 ] , 5 ],1 [ 4 [ 3 , 5 [ 2 ] ] ]) 1.26451271
0.159982025 :(1 [ 2 [ 3 , 4 ] , 5 ],1 [ 4 [ 3 [ 2 ] , 5 ] ]) 1.26451271
0.16252457 :(1 [ 2 [ 3 , 4 ] , 5 ],1 [ 3 [ 2 , 4 [ 5 ] ] ]) 1.26451271
0.161800762 :(1 [ 2 [ 3 , 4 ] , 5 ],1 [ 3 [ 2 ] , 4 [ 5 ] ]) 1.26451271
4.868502863 :(1 [ 2 [ 3 , 4 ] , 5 ],1 [ 3 [ 2 ] , 5 [ 4 ] ]) 1.26451271
0.161449011 :(1 [ 2 [ 3 , 4 ] , 5 ],1 [ 3 [ 2 [ 4 [ 5 ] ] ] ]) 1.26451271
0.159490256 :(1 [ 2 [ 3 , 4 ] , 5 ],1 [ 3 [ 2 [ 5 [ 4 ] ] ] ]) 1.26451271
0.161896878 :(1 [ 2 [ 3 , 4 ] , 5 ],1 [ 3 [ 2 , 5 [ 4 ] ] ]) 1.26451271
0.171726578 :(1 [ 2 [ 3 , 4 ] , 5 ],1 [ 4 [ 5 [ 3 [ 2 ] ] ] ]) 1.26451271
5.285244704 :(1 [ 2 [ 3 , 4 ] , 5 ],1 [ 5 [ 3 [ 2 ] , 4 ] ]) 1.26451271
2.920891355 :(1 [ 2 [ 3 , 4 ] , 5 ],1 [ 5 [ 4 [ 2 [ 3 ] ] ] ]) 1.26451271
12.792872668 :(1 [ 2 [ 3 , 4 ] , 5 ],1 [ 5 [ 2 [ 3 ] , 4 ] ]) 1.26451271
0.16685508 :(1 [ 2 [ 3 , 4 ] , 5 ],1 [ 4 [ 5 [ 2 [ 3 ] ] ] ]) 1.26451271
0.163849484 :(1 [ 2 [ 3 , 4 ] , 5 ],1 [ 4 [ 2 [ 3 ] , 5 ] ]) 1.26451271
0.156833316 :(1 [ 2 [ 3 , 4 ] , 5 ],1 [ 3 , 4 [ 2 , 5 ] ]) 1.26451271
0.159678189 :(1 [ 2 [ 3 , 4 ] , 5 ],1 [ 4 [ 2 , 5 [ 3 ] ] ]) 1.26451271
0.159824128 :(1 [ 2 [ 3 , 4 ] , 5 ],1 [ 4 [ 5 [ 2 , 3 ] ] ]) 1.26451271
0.176353432 :(1 [ 2 [ 3 , 4 ] , 5 ],1 [ 3 , 4 [ 5 [ 2 ] ] ]) 1.26451271
0.47682832 :(1 [ 2 [ 3 , 4 ] , 5 ],1 [ 3 , 5 [ 2 , 4 ] ]) 1.26451271
0.162459356 :(1 [ 2 [ 3 , 4 ] , 5 ],1 [ 3 [ 5 [ 2 , 4 ] ] ]) 1.26451271
0.937826463 :(1 [ 2 [ 3 , 4 ] , 5 ],1 [ 5 [ 2 , 3 , 4 ] ]) 1.26451271
8.120915167 :(1 [ 2 [ 3 , 4 ] , 5 ],1 [ 5 [ 3 , 4 [ 2 ] ] ]) 1.26451271
0.163025677 :(1 [ 2 [ 3 , 4 ] , 5 ],1 [ 3 [ 5 [ 4 [ 2 ] ] ] ]) 1.26451271
8.593807611 :(1 [ 2 [ 3 , 4 ] , 5 ],1 [ 3 , 5 [ 4 [ 2 ] ] ]) 1.26451271
19.287766723 :(1 [ 2 [ 3 , 4 ] , 5 ],1 [ 3 , 4 [ 2 ] , 5 ]) 1.26451271
8.292225253 :(1 [ 2 [ 3 , 4 ] , 5 ],1 [ 3 [ 2 [ 4 ] ] , 5 ]) 1.26451271
8.305546827 :(1 [ 2 [ 3 , 4 ] , 5 ],1 [ 3 , 5 [ 2 [ 4 ] ] ]) 1.26451271
12.000819536 :(1 [ 2 [ 3 , 4 ] , 5 ],1 [ 3 [ 4 [ 2 ] ] , 5 ]) 1.26451271
0.179827796 :(1 [ 2 [ 3 , 4 ] , 5 ],1 [ 3 [ 4 [ 2 [ 5 ] ] ] ]) 1.26451271
0.174230676 :(1 [ 2 [ 3 , 4 ] , 5 ],1 [ 3 [ 4 [ 2 ] , 5 ] ]) 1.26451271
0.161626084 :(1 [ 2 [ 3 , 4 ] , 5 ],1 [ 3 [ 5 ] , 4 [ 2 ] ]) 1.26451271
0.158300856 :(1 [ 2 [ 3 , 4 ] , 5 ],1 [ 3 [ 2 [ 4 ] , 5 ] ]) 1.26451271
0.16036796 :(1 [ 2 [ 3 , 4 ] , 5 ],1 [ 3 [ 5 [ 2 [ 4 ] ] ] ]) 1.26451271
0.167042299 :(1 [ 2 [ 3 , 4 ] , 5 ],1 [ 3 , 4 [ 2 [ 5 ] ] ]) 1.26451271
0.158314594 :(1 [ 2 [ 3 , 4 ] , 5 ],1 [ 3 [ 2 [ 4 , 5 ] ] ]) 1.26451271
0.158161132 :(1 [ 2 [ 3 , 4 ] , 5 ],1 [ 4 [ 2 [ 3 , 5 ] ] ]) 1.26451271
1.204401596 :(1 [ 2 [ 3 , 4 ] , 5 ],1 [ 5 [ 2 [ 3 , 4 ] ] ]) 1.26451271
1.304264272 :(1 [ 2 [ 3 , 4 ] , 5 ],1 [ 5 [ 2 [ 4 [ 3 ] ] ] ]) 1.26451271
12.199027823 :(1 [ 2 [ 3 , 4 ] , 5 ],1 [ 5 [ 2 [ 4 ] , 3 ] ]) 1.26451271
0.163683 :(1 [ 2 [ 3 , 4 ] , 5 ],1 [ 4 [ 2 [ 5 [ 3 ] ] ] ]) 1.26451271
0.162599615 :(1 [ 2 [ 3 , 4 ] , 5 ],1 [ 4 [ 2 [ 5 ] , 3 ] ]) 1.26451271
1.609903916 :(1 [ 2 [ 3 , 4 ] , 5 ],1 [ 4 [ 2 , 3 ] , 5 ]) 1.26451271
0.160857731 :(1 [ 2 [ 3 , 4 ] , 5 ],1 [ 4 [ 2 , 3 [ 5 ] ] ]) 1.26451271
6.249057561 :(1 [ 2 [ 3 , 4 ] , 5 ],1 [ 4 [ 2 ] , 5 [ 3 ] ]) 1.26451271
0.165292306 :(1 [ 2 [ 3 , 4 ] , 5 ],1 [ 4 [ 2 [ 3 [ 5 ] ] ] ]) 1.26451271
14.109874235 :(1 [ 2 [ 3 , 4 ] , 5 ],1 [ 4 [ 2 [ 3 ] ] , 5 ]) 1.26451271
3.904396345 :(1 [ 2 [ 3 , 4 ] , 5 ],1 [ 5 [ 3 [ 2 [ 4 ] ] ] ]) 1.26451271
4.38330308 :(1 [ 2 [ 3 , 4 ] , 5 ],1 [ 5 [ 3 [ 4 [ 2 ] ] ] ]) 1.26451271
5.750974147 :(1 [ 2 [ 3 , 4 ] , 5 ],1 [ 5 [ 3 [ 2 , 4 ] ] ]) 1.26451271
0.164222976 :(1 [ 2 [ 3 , 4 ] , 5 ],1 [ 5 [ 2 , 3 [ 4 ] ] ]) 1.26451271
0.891946361 :(1 [ 2 [ 3 , 4 ] , 5 ],1 [ 4 , 5 [ 2 , 3 ] ]) 1.26451271
7.7006772 :(1 [ 2 [ 3 , 4 ] , 5 ],1 [ 4 , 5 [ 3 [ 2 ] ] ]) 1.26451271
26.255810677 :(1 [ 2 [ 3 , 4 ] , 5 ],1 [ 3 [ 2 ] , 4 , 5 ]) 1.26451271
5.515105858 :(1 [ 2 [ 3 , 4 ] , 5 ],1 [ 4 , 5 [ 2 [ 3 ] ] ]) 1.26451271
4.043994109 :(1 [ 2 [ 3 , 4 ] , 5 ],1 [ 4 [ 3 [ 2 ] ] , 5 ]) 1.26451271
0.160761458 :(1 [ 2 [ 3 , 4 ] , 5 ],1 [ 4 [ 3 ] , 5 [ 2 ] ]) 1.26451271
0.662176203 :(1 [ 2 [ 3 , 4 ] , 5 ],1 [ 3 , 4 , 5 [ 2 ] ]) 1.26451271
0.157468811 :(1 [ 2 [ 3 , 4 ] , 5 ],1 [ 3 [ 4 ] , 5 [ 2 ] ]) 1.26451271
5.83970347 :(1 [ 2 [ 3 , 4 ] , 5 ],1 [ 5 [ 2 [ 3 [ 4 ] ] ] ]) 1.26451271
4.940661615 :(1 [ 2 [ 3 , 4 ] , 5 ],1 [ 3 [ 2 , 4 ] , 5 ]) 1.26451271
0.158817286 :(1 [ 2 [ 3 , 4 ] , 5 ],1 [ 3 [ 2 [ 5 ] , 4 ] ]) 1.26451271
0.157439168 :(1 [ 2 [ 3 , 4 ] , 5 ],1 [ 3 [ 2 , 4 , 5 ] ]) 1.26451271
0.162996999 :(1 [ 2 [ 3 , 4 ] , 5 ],1 [ 4 [ 3 [ 2 , 5 ] ] ]) 1.26451271
0.158640439 :(1 [ 2 [ 3 , 4 ] , 5 ],1 [ 4 [ 3 [ 2 [ 5 ] ] ] ]) 1.26451271
0.163935139 :(1 [ 2 [ 3 , 4 ] , 5 ],1 [ 4 [ 3 [ 5 [ 2 ] ] ] ]) 1.26451271
0.160062934 :(1 [ 2 [ 3 , 4 ] , 5 ],1 [ 3 [ 4 , 5 [ 2 ] ] ]) 1.26451271
0.157878845 :(1 [ 2 [ 3 , 4 ] , 5 ],1 [ 3 [ 5 [ 2 ] ] , 4 ]) 1.26451271
0.157754758 :(1 [ 2 [ 3 , 4 ] , 5 ],1 [ 3 [ 2 [ 5 ] ] , 4 ]) 1.26451271
0.180063088 :(1 [ 2 [ 3 , 4 ] , 5 ],1 [ 3 [ 2 , 5 ] , 4 ]) 1.26451271
0.166147607 :(1 [ 2 [ 3 , 4 , 5 ] ],1 [ 2 [ 3 , 4 ] , 5 ]) 1.26451271
0.138095416 :(1 [ 2 [ 3 , 4 , 5 ] ],1 [ 2 [ 3 , 4 , 5 ] ]) 1.26451271
0.155648121 :(1 [ 2 [ 3 , 4 , 5 ] ],1 [ 2 [ 3 [ 5 ] , 4 ] ]) 1.26451271
0.156940526 :(1 [ 2 [ 3 , 4 , 5 ] ],1 [ 2 [ 3 , 4 [ 5 ] ] ]) 1.26451271
0.158017193 :(1 [ 2 [ 3 , 4 , 5 ] ],1 [ 2 [ 3 ] , 4 [ 5 ] ]) 1.26451271
0.1597631 :(1 [ 2 [ 3 , 4 , 5 ] ],1 [ 2 [ 3 ] , 5 [ 4 ] ]) 1.26451271
0.160568662 :(1 [ 2 [ 3 , 4 , 5 ] ],1 [ 2 [ 3 , 5 [ 4 ] ] ]) 1.26451271
0.178915653 :(1 [ 2 [ 3 , 4 , 5 ] ],1 [ 2 [ 3 [ 4 [ 5 ] ] ] ]) 1.26451271
0.16448631 :(1 [ 2 [ 3 , 4 , 5 ] ],1 [ 2 [ 3 [ 5 [ 4 ] ] ] ]) 1.26451271
0.158845452 :(1 [ 2 [ 3 , 4 , 5 ] ],1 [ 2 [ 3 [ 5 ] ] , 4 ]) 1.26451271
0.162746436 :(1 [ 2 [ 3 , 4 , 5 ] ],1 [ 2 [ 3 [ 4 , 5 ] ] ]) 1.26451271
0.159194748 :(1 [ 2 [ 3 , 4 , 5 ] ],1 [ 2 [ 3 [ 4 ] ] , 5 ]) 1.26451271
0.162647317 :(1 [ 2 [ 3 , 4 , 5 ] ],1 [ 2 [ 3 [ 4 ] , 5 ] ]) 1.26451271
0.159870418 :(1 [ 2 [ 3 , 4 , 5 ] ],1 [ 2 [ 3 , 5 ] , 4 ]) 1.26451271
0.160858458 :(1 [ 2 [ 3 , 4 , 5 ] ],1 [ 2 [ 3 ] , 4 , 5 ]) 1.26451271
18.668049567 :(1 [ 2 [ 3 , 4 , 5 ] ],1 [ 2 , 3 , 4 , 5 ]) 1.26451271
0.160498542 :(1 [ 2 [ 3 , 4 , 5 ] ],1 [ 2 , 4 [ 3 ] , 5 ]) 1.26451271
0.165286739 :(1 [ 2 [ 3 , 4 , 5 ] ],1 [ 2 , 4 , 5 [ 3 ] ]) 1.26451271
0.15420795 :(1 [ 2 [ 3 , 4 , 5 ] ],1 [ 2 , 3 [ 5 ] , 4 ]) 1.26451271
0.160635057 :(1 [ 2 [ 3 , 4 , 5 ] ],1 [ 2 [ 5 [ 3 ] ] , 4 ]) 1.26451271
0.158640867 :(1 [ 2 [ 3 , 4 , 5 ] ],1 [ 2 , 4 [ 3 [ 5 ] ] ]) 1.26451271
0.162244485 :(1 [ 2 [ 3 , 4 , 5 ] ],1 [ 2 , 4 [ 5 [ 3 ] ] ]) 1.26451271
0.157124099 :(1 [ 2 [ 3 , 4 , 5 ] ],1 [ 2 , 3 , 4 [ 5 ] ]) 1.26451271
3.930483569 :(1 [ 2 [ 3 , 4 , 5 ] ],1 [ 2 , 4 [ 3 , 5 ] ]) 1.26451271
0.161450509 :(1 [ 2 [ 3 , 4 , 5 ] ],1 [ 2 [ 5 ] , 4 [ 3 ] ]) 1.26451271
0.159188964 :(1 [ 2 [ 3 , 4 , 5 ] ],1 [ 2 [ 5 ] , 3 , 4 ]) 1.26451271
0.157263233 :(1 [ 2 [ 3 , 4 , 5 ] ],1 [ 2 [ 4 , 5 ] , 3 ]) 1.26451271
0.164402854 :(1 [ 2 [ 3 , 4 , 5 ] ],1 [ 2 [ 5 ] , 3 [ 4 ] ]) 1.26451271
0.160720495 :(1 [ 2 [ 3 , 4 , 5 ] ],1 [ 2 [ 5 [ 4 ] ] , 3 ]) 1.26451271
0.157961573 :(1 [ 2 [ 3 , 4 , 5 ] ],1 [ 2 [ 5 [ 4 [ 3 ] ] ] ]) 1.26451271
0.162137152 :(1 [ 2 [ 3 , 4 , 5 ] ],1 [ 2 [ 5 [ 3 , 4 ] ] ]) 1.26451271
0.160292303 :(1 [ 2 [ 3 , 4 , 5 ] ],1 [ 2 [ 4 , 5 [ 3 ] ] ]) 1.26451271
0.156680476 :(1 [ 2 [ 3 , 4 , 5 ] ],1 [ 2 [ 5 [ 3 [ 4 ] ] ] ]) 1.26451271
0.155811114 :(1 [ 2 [ 3 , 4 , 5 ] ],1 [ 2 [ 4 [ 3 ] , 5 ] ]) 1.26451271
0.16065875 :(1 [ 2 [ 3 , 4 , 5 ] ],1 [ 2 [ 4 [ 3 ] ] , 5 ]) 1.26451271
0.158927166 :(1 [ 2 [ 3 , 4 , 5 ] ],1 [ 2 [ 4 [ 3 [ 5 ] ] ] ]) 1.26451271
0.17255793 :(1 [ 2 [ 3 , 4 , 5 ] ],1 [ 2 [ 4 [ 3 , 5 ] ] ]) 1.26451271
0.16846456 :(1 [ 2 [ 3 , 4 , 5 ] ],1 [ 2 , 3 [ 4 [ 5 ] ] ]) 1.26451271
0.157373676 :(1 [ 2 [ 3 , 4 , 5 ] ],1 [ 2 , 5 [ 4 [ 3 ] ] ]) 1.26451271
0.160841227 :(1 [ 2 [ 3 , 4 , 5 ] ],1 [ 2 , 3 [ 4 ] , 5 ]) 1.26451271
0.158319411 :(1 [ 2 [ 3 , 4 , 5 ] ],1 [ 2 , 5 [ 3 [ 4 ] ] ]) 1.26451271
12.954484035 :(1 [ 2 [ 3 , 4 , 5 ] ],1 [ 2 , 3 [ 4 , 5 ] ]) 1.26451271
0.163813634 :(1 [ 2 [ 3 , 4 , 5 ] ],1 [ 2 [ 4 ] , 3 [ 5 ] ]) 1.26451271
0.15949931 :(1 [ 2 [ 3 , 4 , 5 ] ],1 [ 2 , 3 [ 5 [ 4 ] ] ]) 1.26451271
3.189731066 :(1 [ 2 [ 3 , 4 , 5 ] ],1 [ 2 , 5 [ 3 , 4 ] ]) 1.26451271
0.161771443 :(1 [ 2 [ 3 , 4 , 5 ] ],1 [ 2 [ 4 [ 5 [ 3 ] ] ] ]) 1.26451271
0.162546684 :(1 [ 2 [ 3 , 4 , 5 ] ],1 [ 2 [ 4 ] , 5 [ 3 ] ]) 1.26451271
0.158294098 :(1 [ 2 [ 3 , 4 , 5 ] ],1 [ 2 [ 4 ] , 3 , 5 ]) 1.26451271
0.160025158 :(1 [ 2 [ 3 , 4 , 5 ] ],1 [ 2 [ 4 [ 5 ] ] , 3 ]) 1.26451271
0.160455601 :(1 [ 2 [ 3 , 4 , 5 ] ],1 [ 2 , 3 , 5 [ 4 ] ]) 1.26451271
7.191381218 :(1 [ 2 [ 3 , 4 , 5 ] ],1 [ 3 [ 2 ] , 5 [ 4 ] ]) 1.26451271
7.321221198 :(1 [ 2 [ 3 , 4 , 5 ] ],1 [ 3 , 5 [ 4 [ 2 ] ] ]) 1.26451271
1.204149377 :(1 [ 2 [ 3 , 4 , 5 ] ],1 [ 3 , 5 [ 2 , 4 ] ]) 1.26451271
5.355138445 :(1 [ 2 [ 3 , 4 , 5 ] ],1 [ 3 , 4 [ 5 [ 2 ] ] ]) 1.26451271
2.127413696 :(1 [ 2 [ 3 , 4 , 5 ] ],1 [ 3 [ 2 [ 5 [ 4 ] ] ] ]) 1.26451271
4.281414555 :(1 [ 2 [ 3 , 4 , 5 ] ],1 [ 3 [ 4 [ 5 [ 2 ] ] ] ]) 1.26451271
1.461940852 :(1 [ 2 [ 3 , 4 , 5 ] ],1 [ 3 [ 5 [ 2 , 4 ] ] ]) 1.26451271
6.314209906 :(1 [ 2 [ 3 , 4 , 5 ] ],1 [ 3 [ 2 , 5 [ 4 ] ] ]) 1.26451271
3.136356004 :(1 [ 2 [ 3 , 4 , 5 ] ],1 [ 3 [ 5 [ 4 [ 2 ] ] ] ]) 1.26451271
7.114034746 :(1 [ 2 [ 3 , 4 , 5 ] ],1 [ 3 , 4 [ 2 , 5 ] ]) 1.26451271
2.733748026 :(1 [ 2 [ 3 , 4 , 5 ] ],1 [ 3 [ 2 [ 4 [ 5 ] ] ] ]) 1.26451271
3.63716557 :(1 [ 2 [ 3 , 4 , 5 ] ],1 [ 3 [ 4 [ 2 , 5 ] ] ]) 1.26451271
5.987691453 :(1 [ 2 [ 3 , 4 , 5 ] ],1 [ 3 [ 2 , 4 [ 5 ] ] ]) 1.26451271
10.199576756 :(1 [ 2 [ 3 , 4 , 5 ] ],1 [ 3 [ 2 ] , 4 [ 5 ] ]) 1.26451271
10.124246257 :(1 [ 2 [ 3 , 4 , 5 ] ],1 [ 3 [ 2 ] , 4 , 5 ]) 1.26451271
10.91277593 :(1 [ 2 [ 3 , 4 , 5 ] ],1 [ 3 [ 2 [ 5 ] ] , 4 ]) 1.26451271
9.564986717 :(1 [ 2 [ 3 , 4 , 5 ] ],1 [ 3 [ 2 , 5 ] , 4 ]) 1.26451271
2.589274807 :(1 [ 2 [ 3 , 4 , 5 ] ],1 [ 3 [ 2 [ 4 ] , 5 ] ]) 1.26451271
2.386798235 :(1 [ 2 [ 3 , 4 , 5 ] ],1 [ 3 [ 2 , 4 , 5 ] ]) 1.26451271
4.110269729 :(1 [ 2 [ 3 , 4 , 5 ] ],1 [ 3 [ 2 , 4 ] , 5 ]) 1.26451271
5.299315305 :(1 [ 2 [ 3 , 4 , 5 ] ],1 [ 3 [ 2 [ 5 ] , 4 ] ]) 1.26451271
1.317904597 :(1 [ 2 [ 3 , 4 , 5 ] ],1 [ 3 [ 2 [ 4 , 5 ] ] ]) 1.26451271
25.507401898 :(1 [ 2 [ 3 , 4 , 5 ] ],1 [ 3 [ 2 [ 4 ] ] , 5 ]) 1.26451271
6.766612855 :(1 [ 2 [ 3 , 4 , 5 ] ],1 [ 3 , 4 [ 2 ] , 5 ]) 1.26451271
31.476688127 :(1 [ 2 [ 3 , 4 , 5 ] ],1 [ 3 , 5 [ 2 [ 4 ] ] ]) 1.26451271
3.537578477 :(1 [ 2 [ 3 , 4 , 5 ] ],1 [ 3 [ 4 [ 2 ] ] , 5 ]) 1.26451271
6.642981109 :(1 [ 2 [ 3 , 4 , 5 ] ],1 [ 3 [ 4 [ 2 [ 5 ] ] ] ]) 1.26451271
4.521882443 :(1 [ 2 [ 3 , 4 , 5 ] ],1 [ 3 [ 4 [ 2 ] , 5 ] ]) 1.26451271
9.22776977 :(1 [ 2 [ 3 , 4 , 5 ] ],1 [ 3 [ 5 ] , 4 [ 2 ] ]) 1.26451271
7.558700196 :(1 [ 2 [ 3 , 4 , 5 ] ],1 [ 3 [ 5 [ 2 [ 4 ] ] ] ]) 1.26451271
15.577674673 :(1 [ 2 [ 3 , 4 , 5 ] ],1 [ 3 , 4 [ 2 [ 5 ] ] ]) 1.26451271
31.566040385 :(1 [ 2 [ 3 , 4 , 5 ] ],1 [ 3 , 4 , 5 [ 2 ] ]) 1.26451271
24.46309329 :(1 [ 2 [ 3 , 4 , 5 ] ],1 [ 3 [ 5 [ 2 ] ] , 4 ]) 1.26451271
5.829833675 :(1 [ 2 [ 3 , 4 , 5 ] ],1 [ 3 [ 4 , 5 [ 2 ] ] ]) 1.26451271
10.298984378 :(1 [ 2 [ 3 , 4 , 5 ] ],1 [ 3 [ 4 ] , 5 [ 2 ] ]) 1.26451271
8.082966421 :(1 [ 2 [ 3 , 4 , 5 ] ],1 [ 4 [ 3 ] , 5 [ 2 ] ]) 1.26451271
1.231443978 :(1 [ 2 [ 3 , 4 , 5 ] ],1 [ 5 [ 2 [ 3 [ 4 ] ] ] ]) 1.26451271
0.992915862 :(1 [ 2 [ 3 , 4 , 5 ] ],1 [ 5 [ 2 [ 4 [ 3 ] ] ] ]) 1.26451271
3.090942685 :(1 [ 2 [ 3 , 4 , 5 ] ],1 [ 5 [ 2 , 3 [ 4 ] ] ]) 1.26451271
9.592024372 :(1 [ 2 [ 3 , 4 , 5 ] ],1 [ 5 [ 2 , 4 [ 3 ] ] ]) 1.26451271
6.559531307 :(1 [ 2 [ 3 , 4 , 5 ] ],1 [ 4 [ 3 , 5 [ 2 ] ] ]) 1.26451271
11.112700396 :(1 [ 2 [ 3 , 4 , 5 ] ],1 [ 4 [ 3 [ 2 [ 5 ] ] ] ]) 1.26451271
5.404117131 :(1 [ 2 [ 3 , 4 , 5 ] ],1 [ 4 [ 2 [ 5 ] , 3 ] ]) 1.26451271
6.828210935 :(1 [ 2 [ 3 , 4 , 5 ] ],1 [ 4 [ 3 [ 5 [ 2 ] ] ] ]) 1.26451271
4.919193769 :(1 [ 2 [ 3 , 4 , 5 ] ],1 [ 4 , 5 [ 2 , 3 ] ]) 1.26451271
2.847096584 :(1 [ 2 [ 3 , 4 , 5 ] ],1 [ 4 [ 2 [ 5 [ 3 ] ] ] ]) 1.26451271
3.380954531 :(1 [ 2 [ 3 , 4 , 5 ] ],1 [ 4 [ 5 [ 2 , 3 ] ] ]) 1.26451271
2.392949723 :(1 [ 2 [ 3 , 4 , 5 ] ],1 [ 4 [ 5 [ 2 [ 3 ] ] ] ]) 1.26451271
14.111578159 :(1 [ 2 [ 3 , 4 , 5 ] ],1 [ 4 , 5 [ 2 [ 3 ] ] ]) 1.26451271
7.720972867 :(1 [ 2 [ 3 , 4 , 5 ] ],1 [ 4 [ 2 [ 3 , 5 ] ] ]) 1.26451271
3.574985345 :(1 [ 2 [ 3 , 4 , 5 ] ],1 [ 5 [ 2 [ 3 , 4 ] ] ]) 1.26451271
6.19444897 :(1 [ 2 [ 3 , 4 , 5 ] ],1 [ 5 [ 2 [ 3 ] , 4 ] ]) 1.26451271
2.791190422 :(1 [ 2 [ 3 , 4 , 5 ] ],1 [ 5 [ 2 , 3 , 4 ] ]) 1.26451271
3.223098647 :(1 [ 2 [ 3 , 4 , 5 ] ],1 [ 5 [ 2 [ 4 ] , 3 ] ]) 1.26451271
17.92738776 :(1 [ 2 [ 3 , 4 , 5 ] ],1 [ 4 [ 2 ] , 5 [ 3 ] ]) 1.26451271
7.536756079 :(1 [ 2 [ 3 , 4 , 5 ] ],1 [ 5 [ 3 [ 2 [ 4 ] ] ] ]) 1.26451271
5.761070633 :(1 [ 2 [ 3 , 4 , 5 ] ],1 [ 5 [ 3 [ 4 [ 2 ] ] ] ]) 1.26451271
6.414861818 :(1 [ 2 [ 3 , 4 , 5 ] ],1 [ 5 [ 3 , 4 [ 2 ] ] ]) 1.26451271
6.779231261 :(1 [ 2 [ 3 , 4 , 5 ] ],1 [ 5 [ 3 [ 2 ] , 4 ] ]) 1.26451271
16.076615043 :(1 [ 2 [ 3 , 4 , 5 ] ],1 [ 4 , 5 [ 3 [ 2 ] ] ]) 1.26451271
5.852306965 :(1 [ 2 [ 3 , 4 , 5 ] ],1 [ 5 [ 3 [ 2 , 4 ] ] ]) 1.26451271
42.043090799 :(1 [ 2 [ 3 , 4 , 5 ] ],1 [ 4 [ 3 [ 2 ] ] , 5 ]) 1.26451271
1.709656803 :(1 [ 2 [ 3 , 4 , 5 ] ],1 [ 5 [ 4 [ 3 [ 2 ] ] ] ]) 1.26451271
15.371396746 :(1 [ 2 [ 3 , 4 , 5 ] ],1 [ 5 [ 4 [ 2 [ 3 ] ] ] ]) 1.26451271
10.283646912 :(1 [ 2 [ 3 , 4 , 5 ] ],1 [ 4 [ 2 [ 3 ] ] , 5 ]) 1.26451271
1.160823355 :(1 [ 2 [ 3 , 4 , 5 ] ],1 [ 4 [ 2 , 3 ] , 5 ]) 1.26451271
2.215125431 :(1 [ 2 [ 3 , 4 , 5 ] ],1 [ 5 [ 4 [ 2 , 3 ] ] ]) 1.26451271
11.781313918 :(1 [ 2 [ 3 , 4 , 5 ] ],1 [ 4 [ 2 , 3 , 5 ] ]) 1.26451271
7.555941094 :(1 [ 2 [ 3 , 4 , 5 ] ],1 [ 4 [ 2 , 3 [ 5 ] ] ]) 1.26451271
1.397244486 :(1 [ 2 [ 3 , 4 , 5 ] ],1 [ 4 [ 2 [ 3 [ 5 ] ] ] ]) 1.26451271
4.525270942 :(1 [ 2 [ 3 , 4 , 5 ] ],1 [ 4 [ 2 , 5 [ 3 ] ] ]) 1.26451271
13.664056599 :(1 [ 2 [ 3 , 4 , 5 ] ],1 [ 4 [ 2 [ 3 ] , 5 ] ]) 1.26451271
10.000494976 :(1 [ 2 [ 3 , 4 , 5 ] ],1 [ 4 [ 3 [ 2 ] , 5 ] ]) 1.26451271
3.485806811 :(1 [ 2 [ 3 , 4 , 5 ] ],1 [ 4 [ 5 [ 3 [ 2 ] ] ] ]) 1.26451271
6.031427468 :(1 [ 2 [ 3 , 4 , 5 ] ],1 [ 4 [ 3 [ 2 , 5 ] ] ]) 1.26451271
0.155007092 :(1 [ 2 [ 3 ] , 4 , 5 ],1 [ 2 , 3 , 4 , 5 ]) 1.26451271
0.139349224 :(1 [ 2 [ 3 ] , 4 , 5 ],1 [ 2 [ 3 ] , 4 , 5 ]) 1.26451271
0.169895784 :(1 [ 2 [ 3 ] , 4 , 5 ],1 [ 2 , 4 [ 3 ] , 5 ]) 1.26451271
0.154743752 :(1 [ 2 [ 3 ] , 4 , 5 ],1 [ 2 , 4 , 5 [ 3 ] ]) 1.26451271
0.15872534 :(1 [ 2 [ 3 ] , 4 , 5 ],1 [ 2 , 3 [ 5 ] , 4 ]) 1.26451271
0.15810671 :(1 [ 2 [ 3 ] , 4 , 5 ],1 [ 2 [ 3 [ 5 ] ] , 4 ]) 1.26451271
0.159820186 :(1 [ 2 [ 3 ] , 4 , 5 ],1 [ 2 [ 5 [ 3 ] ] , 4 ]) 1.26451271
0.157252117 :(1 [ 2 [ 3 ] , 4 , 5 ],1 [ 2 , 4 [ 3 [ 5 ] ] ]) 1.26451271
0.164118475 :(1 [ 2 [ 3 ] , 4 , 5 ],1 [ 2 , 4 [ 5 [ 3 ] ] ]) 1.26451271
0.157016698 :(1 [ 2 [ 3 ] , 4 , 5 ],1 [ 2 , 3 , 4 [ 5 ] ]) 1.26451271
0.15902845 :(1 [ 2 [ 3 ] , 4 , 5 ],1 [ 2 [ 3 ] , 4 [ 5 ] ]) 1.26451271
0.159044229 :(1 [ 2 [ 3 ] , 4 , 5 ],1 [ 2 , 4 [ 3 , 5 ] ]) 1.26451271
0.158880763 :(1 [ 2 [ 3 ] , 4 , 5 ],1 [ 2 [ 5 ] , 4 [ 3 ] ]) 1.26451271
0.15222043 :(1 [ 2 [ 3 ] , 4 , 5 ],1 [ 2 [ 5 ] , 3 , 4 ]) 1.26451271
0.158309772 :(1 [ 2 [ 3 ] , 4 , 5 ],1 [ 2 [ 3 , 5 ] , 4 ]) 1.26451271
0.157872959 :(1 [ 2 [ 3 ] , 4 , 5 ],1 [ 2 [ 3 , 4 , 5 ] ]) 1.26451271
0.160359223 :(1 [ 2 [ 3 ] , 4 , 5 ],1 [ 2 [ 3 [ 4 ] , 5 ] ]) 1.26451271
0.160170555 :(1 [ 2 [ 3 ] , 4 , 5 ],1 [ 2 [ 3 , 5 [ 4 ] ] ]) 1.26451271
0.157474444 :(1 [ 2 [ 3 ] , 4 , 5 ],1 [ 2 [ 5 [ 4 ] ] , 3 ]) 1.26451271
0.158655554 :(1 [ 2 [ 3 ] , 4 , 5 ],1 [ 2 [ 5 [ 4 [ 3 ] ] ] ]) 1.26451271
0.158101378 :(1 [ 2 [ 3 ] , 4 , 5 ],1 [ 2 [ 5 [ 3 , 4 ] ] ]) 1.26451271
0.157655742 :(1 [ 2 [ 3 ] , 4 , 5 ],1 [ 2 [ 4 , 5 [ 3 ] ] ]) 1.26451271
0.158989842 :(1 [ 2 [ 3 ] , 4 , 5 ],1 [ 2 [ 5 [ 3 [ 4 ] ] ] ]) 1.26451271
0.156829723 :(1 [ 2 [ 3 ] , 4 , 5 ],1 [ 2 [ 5 ] , 3 [ 4 ] ]) 1.26451271
0.163647629 :(1 [ 2 [ 3 ] , 4 , 5 ],1 [ 2 [ 4 [ 3 ] , 5 ] ]) 1.26451271
0.158035425 :(1 [ 2 [ 3 ] , 4 , 5 ],1 [ 2 [ 4 , 5 ] , 3 ]) 1.26451271
0.155580365 :(1 [ 2 [ 3 ] , 4 , 5 ],1 [ 2 [ 4 ] , 3 , 5 ]) 1.26451271
0.158189235 :(1 [ 2 [ 3 ] , 4 , 5 ],1 [ 2 [ 4 ] , 3 [ 5 ] ]) 1.26451271
0.156460688 :(1 [ 2 [ 3 ] , 4 , 5 ],1 [ 2 [ 4 [ 5 ] ] , 3 ]) 1.26451271
0.157141614 :(1 [ 2 [ 3 ] , 4 , 5 ],1 [ 2 [ 3 , 4 [ 5 ] ] ]) 1.26451271
0.164877336 :(1 [ 2 [ 3 ] , 4 , 5 ],1 [ 2 [ 4 [ 3 , 5 ] ] ]) 1.26451271
0.156697754 :(1 [ 2 [ 3 ] , 4 , 5 ],1 [ 2 [ 4 [ 5 [ 3 ] ] ] ]) 1.26451271
0.155796089 :(1 [ 2 [ 3 ] , 4 , 5 ],1 [ 2 [ 4 ] , 5 [ 3 ] ]) 1.26451271
0.162000705 :(1 [ 2 [ 3 ] , 4 , 5 ],1 [ 2 [ 3 [ 5 ] , 4 ] ]) 1.26451271
0.159873337 :(1 [ 2 [ 3 ] , 4 , 5 ],1 [ 2 [ 4 [ 3 [ 5 ] ] ] ]) 1.26451271
0.162109264 :(1 [ 2 [ 3 ] , 4 , 5 ],1 [ 2 [ 4 [ 3 ] ] , 5 ]) 1.26451271
0.164771651 :(1 [ 2 [ 3 ] , 4 , 5 ],1 [ 2 [ 3 , 4 ] , 5 ]) 1.26451271
0.159477336 :(1 [ 2 [ 3 ] , 4 , 5 ],1 [ 2 [ 3 [ 4 ] ] , 5 ]) 1.26451271
0.159985175 :(1 [ 2 [ 3 ] , 4 , 5 ],1 [ 2 [ 3 ] , 5 [ 4 ] ]) 1.26451271
0.15554288 :(1 [ 2 [ 3 ] , 4 , 5 ],1 [ 2 , 3 , 5 [ 4 ] ]) 1.26451271
0.156065323 :(1 [ 2 [ 3 ] , 4 , 5 ],1 [ 2 , 5 [ 4 [ 3 ] ] ]) 1.26451271
0.15543088 :(1 [ 2 [ 3 ] , 4 , 5 ],1 [ 2 , 5 [ 3 , 4 ] ]) 1.26451271
0.156467102 :(1 [ 2 [ 3 ] , 4 , 5 ],1 [ 2 , 5 [ 3 [ 4 ] ] ]) 1.26451271
0.160579133 :(1 [ 2 [ 3 ] , 4 , 5 ],1 [ 2 , 3 [ 4 ] , 5 ]) 1.26451271
0.158624167 :(1 [ 2 [ 3 ] , 4 , 5 ],1 [ 2 , 3 [ 4 , 5 ] ]) 1.26451271
0.157385205 :(1 [ 2 [ 3 ] , 4 , 5 ],1 [ 2 , 3 [ 4 [ 5 ] ] ]) 1.26451271
0.159446054 :(1 [ 2 [ 3 ] , 4 , 5 ],1 [ 2 [ 3 [ 4 [ 5 ] ] ] ]) 1.26451271
0.158622131 :(1 [ 2 [ 3 ] , 4 , 5 ],1 [ 2 [ 3 [ 4 , 5 ] ] ]) 1.26451271
0.158221126 :(1 [ 2 [ 3 ] , 4 , 5 ],1 [ 2 [ 3 [ 5 [ 4 ] ] ] ]) 1.26451271
0.156708946 :(1 [ 2 [ 3 ] , 4 , 5 ],1 [ 2 , 3 [ 5 [ 4 ] ] ]) 1.26451271
0.159657537 :(1 [ 2 [ 3 ] , 4 , 5 ],1 [ 3 [ 2 , 5 [ 4 ] ] ]) 1.26451271
0.168319641 :(1 [ 2 [ 3 ] , 4 , 5 ],1 [ 3 [ 5 [ 4 [ 2 ] ] ] ]) 1.26451271
0.157279861 :(1 [ 2 [ 3 ] , 4 , 5 ],1 [ 3 [ 5 [ 2 , 4 ] ] ]) 1.26451271
0.160571134 :(1 [ 2 [ 3 ] , 4 , 5 ],1 [ 4 [ 5 [ 2 , 3 ] ] ]) 1.26451271
0.155142836 :(1 [ 2 [ 3 ] , 4 , 5 ],1 [ 5 [ 2 , 3 , 4 ] ]) 1.26451271
0.694708531 :(1 [ 2 [ 3 ] , 4 , 5 ],1 [ 5 [ 3 [ 2 ] , 4 ] ]) 1.26451271
0.157750137 :(1 [ 2 [ 3 ] , 4 , 5 ],1 [ 5 [ 3 , 4 [ 2 ] ] ]) 1.26451271
0.157382956 :(1 [ 2 [ 3 ] , 4 , 5 ],1 [ 4 [ 2 , 5 [ 3 ] ] ]) 1.26451271
4.791519093 :(1 [ 2 [ 3 ] , 4 , 5 ],1 [ 4 [ 5 [ 3 [ 2 ] ] ] ]) 1.26451271
0.160240019 :(1 [ 2 [ 3 ] , 4 , 5 ],1 [ 3 [ 2 , 5 ] , 4 ]) 1.26451271
5.439734213 :(1 [ 2 [ 3 ] , 4 , 5 ],1 [ 4 , 5 [ 3 [ 2 ] ] ]) 1.26451271
0.159358832 :(1 [ 2 [ 3 ] , 4 , 5 ],1 [ 4 [ 2 [ 3 [ 5 ] ] ] ]) 1.26451271
0.15952644 :(1 [ 2 [ 3 ] , 4 , 5 ],1 [ 4 [ 3 [ 2 , 5 ] ] ]) 1.26451271
0.160264593 :(1 [ 2 [ 3 ] , 4 , 5 ],1 [ 4 [ 2 , 3 [ 5 ] ] ]) 1.26451271
0.162423825 :(1 [ 2 [ 3 ] , 4 , 5 ],1 [ 4 [ 3 [ 5 [ 2 ] ] ] ]) 1.26451271
0.159603604 :(1 [ 2 [ 3 ] , 4 , 5 ],1 [ 3 [ 5 [ 2 ] ] , 4 ]) 1.26451271
0.155719578 :(1 [ 2 [ 3 ] , 4 , 5 ],1 [ 4 , 5 [ 2 , 3 ] ]) 1.26451271
0.158136494 :(1 [ 2 [ 3 ] , 4 , 5 ],1 [ 4 [ 2 [ 5 [ 3 ] ] ] ]) 1.26451271
0.155357099 :(1 [ 2 [ 3 ] , 4 , 5 ],1 [ 3 [ 5 ] , 4 [ 2 ] ]) 1.26451271
0.154214806 :(1 [ 2 [ 3 ] , 4 , 5 ],1 [ 4 [ 2 ] , 5 [ 3 ] ]) 1.26451271
0.177050708 :(1 [ 2 [ 3 ] , 4 , 5 ],1 [ 5 [ 3 [ 2 [ 4 ] ] ] ]) 1.26451271
0.156729202 :(1 [ 2 [ 3 ] , 4 , 5 ],1 [ 5 [ 2 [ 4 ] , 3 ] ]) 1.26451271
0.161966565 :(1 [ 2 [ 3 ] , 4 , 5 ],1 [ 5 [ 3 [ 4 [ 2 ] ] ] ]) 1.26451271
0.158460896 :(1 [ 2 [ 3 ] , 4 , 5 ],1 [ 3 [ 4 [ 2 ] , 5 ] ]) 1.26451271
0.160763154 :(1 [ 2 [ 3 ] , 4 , 5 ],1 [ 3 [ 2 [ 4 ] , 5 ] ]) 1.26451271
0.159590556 :(1 [ 2 [ 3 ] , 4 , 5 ],1 [ 3 [ 5 [ 2 [ 4 ] ] ] ]) 1.26451271
0.165179221 :(1 [ 2 [ 3 ] , 4 , 5 ],1 [ 3 [ 4 , 5 [ 2 ] ] ]) 1.26451271
0.158597707 :(1 [ 2 [ 3 ] , 4 , 5 ],1 [ 3 [ 2 , 4 , 5 ] ]) 1.26451271
0.152165913 :(1 [ 2 [ 3 ] , 4 , 5 ],1 [ 5 [ 3 [ 2 , 4 ] ] ]) 1.26451271
0.162583655 :(1 [ 2 [ 3 ] , 4 , 5 ],1 [ 5 [ 2 , 3 [ 4 ] ] ]) 1.26451271
0.152718495 :(1 [ 2 [ 3 ] , 4 , 5 ],1 [ 3 [ 4 ] , 5 [ 2 ] ]) 1.26451271
0.160579515 :(1 [ 2 [ 3 ] , 4 , 5 ],1 [ 4 [ 3 ] , 5 [ 2 ] ]) 1.26451271
0.15747973 :(1 [ 2 [ 3 ] , 4 , 5 ],1 [ 5 [ 2 [ 3 [ 4 ] ] ] ]) 1.26451271
0.153495726 :(1 [ 2 [ 3 ] , 4 , 5 ],1 [ 5 [ 2 [ 4 [ 3 ] ] ] ]) 1.26451271
0.151167429 :(1 [ 2 [ 3 ] , 4 , 5 ],1 [ 5 [ 2 , 4 [ 3 ] ] ]) 1.26451271
10.678139131 :(1 [ 2 [ 3 ] , 4 , 5 ],1 [ 5 [ 4 [ 3 [ 2 ] ] ] ]) 1.26451271
0.158489713 :(1 [ 2 [ 3 ] , 4 , 5 ],1 [ 5 [ 4 [ 2 , 3 ] ] ]) 1.26451271
0.158847476 :(1 [ 2 [ 3 ] , 4 , 5 ],1 [ 3 [ 4 [ 2 ] ] , 5 ]) 1.26451271
0.157442696 :(1 [ 2 [ 3 ] , 4 , 5 ],1 [ 4 [ 2 , 3 ] , 5 ]) 1.26451271
2.011526292 :(1 [ 2 [ 3 ] , 4 , 5 ],1 [ 4 [ 3 [ 2 ] ] , 5 ]) 1.26451271
0.164362466 :(1 [ 2 [ 3 ] , 4 , 5 ],1 [ 3 [ 2 , 4 ] , 5 ]) 1.26451271
0.159470911 :(1 [ 2 [ 3 ] , 4 , 5 ],1 [ 3 [ 2 [ 5 ] , 4 ] ]) 1.26451271
0.159436048 :(1 [ 2 [ 3 ] , 4 , 5 ],1 [ 3 [ 2 , 4 [ 5 ] ] ]) 1.26451271
1.079601319 :(1 [ 2 [ 3 ] , 4 , 5 ],1 [ 4 [ 3 [ 2 ] , 5 ] ]) 1.26451271
0.163463081 :(1 [ 2 [ 3 ] , 4 , 5 ],1 [ 4 [ 3 [ 2 [ 5 ] ] ] ]) 1.26451271
0.159289625 :(1 [ 2 [ 3 ] , 4 , 5 ],1 [ 4 [ 2 [ 5 ] , 3 ] ]) 1.26451271
0.161751563 :(1 [ 2 [ 3 ] , 4 , 5 ],1 [ 4 [ 3 , 5 [ 2 ] ] ]) 1.26451271
0.159265972 :(1 [ 2 [ 3 ] , 4 , 5 ],1 [ 4 [ 2 , 3 , 5 ] ]) 1.26451271
0.158982622 :(1 [ 2 [ 3 ] , 4 , 5 ],1 [ 3 [ 4 [ 2 , 5 ] ] ]) 1.26451271
0.164750282 :(1 [ 2 [ 3 ] , 4 , 5 ],1 [ 3 [ 4 [ 5 [ 2 ] ] ] ]) 1.26451271
0.16370957 :(1 [ 2 [ 3 ] , 4 , 5 ],1 [ 3 [ 4 [ 2 [ 5 ] ] ] ]) 1.26451271
0.159584788 :(1 [ 2 [ 3 ] , 4 , 5 ],1 [ 3 , 4 [ 2 [ 5 ] ] ]) 1.26451271
0.163418709 :(1 [ 2 [ 3 ] , 4 , 5 ],1 [ 3 , 5 [ 2 [ 4 ] ] ]) 1.26451271
0.162774063 :(1 [ 2 [ 3 ] , 4 , 5 ],1 [ 3 [ 2 [ 4 , 5 ] ] ]) 1.26451271
0.159381258 :(1 [ 2 [ 3 ] , 4 , 5 ],1 [ 3 [ 2 [ 5 ] ] , 4 ]) 1.26451271
0.160898968 :(1 [ 2 [ 3 ] , 4 , 5 ],1 [ 3 [ 2 [ 5 [ 4 ] ] ] ]) 1.26451271
0.157595729 :(1 [ 2 [ 3 ] , 4 , 5 ],1 [ 3 , 4 [ 5 [ 2 ] ] ]) 1.26451271
0.155224068 :(1 [ 2 [ 3 ] , 4 , 5 ],1 [ 3 , 5 [ 2 , 4 ] ]) 1.26451271
0.155797298 :(1 [ 2 [ 3 ] , 4 , 5 ],1 [ 3 , 4 , 5 [ 2 ] ]) 1.26451271
1.892456243 :(1 [ 2 [ 3 ] , 4 , 5 ],1 [ 3 [ 2 ] , 4 , 5 ]) 1.26451271
0.157843738 :(1 [ 2 [ 3 ] , 4 , 5 ],1 [ 3 , 4 [ 2 ] , 5 ]) 1.26451271
0.160102319 :(1 [ 2 [ 3 ] , 4 , 5 ],1 [ 3 [ 2 [ 4 ] ] , 5 ]) 1.26451271
0.159261326 :(1 [ 2 [ 3 ] , 4 , 5 ],1 [ 3 , 5 [ 4 [ 2 ] ] ]) 1.26451271
1.430409736 :(1 [ 2 [ 3 ] , 4 , 5 ],1 [ 3 [ 2 ] , 5 [ 4 ] ]) 1.26451271
0.954700407 :(1 [ 2 [ 3 ] , 4 , 5 ],1 [ 3 [ 2 ] , 4 [ 5 ] ]) 1.26451271
0.157288806 :(1 [ 2 [ 3 ] , 4 , 5 ],1 [ 3 [ 2 [ 4 [ 5 ] ] ] ]) 1.26451271
0.159114641 :(1 [ 2 [ 3 ] , 4 , 5 ],1 [ 3 , 4 [ 2 , 5 ] ]) 1.26451271
0.553944132 :(1 [ 2 [ 3 ] , 4 , 5 ],1 [ 4 [ 2 [ 3 ] , 5 ] ]) 1.26451271
2.936644455 :(1 [ 2 [ 3 ] , 4 , 5 ],1 [ 5 [ 4 [ 2 [ 3 ] ] ] ]) 1.26451271
0.677356037 :(1 [ 2 [ 3 ] , 4 , 5 ],1 [ 5 [ 2 [ 3 ] , 4 ] ]) 1.26451271
1.226191361 :(1 [ 2 [ 3 ] , 4 , 5 ],1 [ 4 [ 5 [ 2 [ 3 ] ] ] ]) 1.26451271
3.646250027 :(1 [ 2 [ 3 ] , 4 , 5 ],1 [ 4 , 5 [ 2 [ 3 ] ] ]) 1.26451271
0.160184224 :(1 [ 2 [ 3 ] , 4 , 5 ],1 [ 4 [ 2 [ 3 , 5 ] ] ]) 1.26451271
0.15845112 :(1 [ 2 [ 3 ] , 4 , 5 ],1 [ 5 [ 2 [ 3 , 4 ] ] ]) 1.26451271
1.64837749 :(1 [ 2 [ 3 ] , 4 , 5 ],1 [ 4 [ 2 [ 3 ] ] , 5 ]) 1.26451271
0.136630162 :(1 [ 2 , 3 , 4 , 5 ],1 [ 2 , 3 , 4 , 5 ]) 1.26451271
0.157989518 :(1 [ 2 , 3 , 4 , 5 ],1 [ 2 [ 5 ] , 3 , 4 ]) 1.26451271
0.155936771 :(1 [ 2 , 3 , 4 , 5 ],1 [ 2 , 3 [ 5 ] , 4 ]) 1.26451271
0.153671529 :(1 [ 2 , 3 , 4 , 5 ],1 [ 2 , 3 , 4 [ 5 ] ]) 1.26451271
0.151895458 :(1 [ 2 , 3 , 4 , 5 ],1 [ 2 , 3 , 5 [ 4 ] ]) 1.26451271
0.159826299 :(1 [ 2 , 3 , 4 , 5 ],1 [ 2 [ 4 [ 5 ] ] , 3 ]) 1.26451271
0.174408999 :(1 [ 2 , 3 , 4 , 5 ],1 [ 2 [ 5 [ 4 ] ] , 3 ]) 1.26451271
0.15369163 :(1 [ 2 , 3 , 4 , 5 ],1 [ 2 , 3 [ 4 [ 5 ] ] ]) 1.26451271
0.159561799 :(1 [ 2 , 3 , 4 , 5 ],1 [ 2 , 3 [ 5 [ 4 ] ] ]) 1.26451271
0.152346426 :(1 [ 2 , 3 , 4 , 5 ],1 [ 2 [ 4 ] , 3 [ 5 ] ]) 1.26451271
0.152837368 :(1 [ 2 , 3 , 4 , 5 ],1 [ 2 , 3 [ 4 , 5 ] ]) 1.26451271
0.151942865 :(1 [ 2 , 3 , 4 , 5 ],1 [ 2 , 3 [ 4 ] , 5 ]) 1.26451271
0.147207563 :(1 [ 2 , 3 , 4 , 5 ],1 [ 2 [ 5 ] , 3 [ 4 ] ]) 1.26451271
0.153294607 :(1 [ 2 , 3 , 4 , 5 ],1 [ 2 [ 4 , 5 ] , 3 ]) 1.26451271
0.146575855 :(1 [ 2 , 3 , 4 , 5 ],1 [ 2 [ 4 ] , 3 , 5 ]) 1.26451271
0.152239455 :(1 [ 2 , 3 , 4 , 5 ],1 [ 2 [ 3 , 4 ] , 5 ]) 1.26451271
0.155029418 :(1 [ 2 , 3 , 4 , 5 ],1 [ 2 [ 4 [ 3 ] ] , 5 ]) 1.26451271
0.155490672 :(1 [ 2 , 3 , 4 , 5 ],1 [ 2 [ 4 ] , 5 [ 3 ] ]) 1.26451271
0.160244615 :(1 [ 2 , 3 , 4 , 5 ],1 [ 2 [ 3 [ 5 ] , 4 ] ]) 1.26451271
0.154702872 :(1 [ 2 , 3 , 4 , 5 ],1 [ 2 [ 4 , 5 [ 3 ] ] ]) 1.26451271
0.166726163 :(1 [ 2 , 3 , 4 , 5 ],1 [ 2 [ 4 [ 3 [ 5 ] ] ] ]) 1.26451271
0.161695159 :(1 [ 2 , 3 , 4 , 5 ],1 [ 2 [ 4 [ 5 [ 3 ] ] ] ]) 1.26451271
0.157105546 :(1 [ 2 , 3 , 4 , 5 ],1 [ 2 [ 3 , 4 [ 5 ] ] ]) 1.26451271
0.157941125 :(1 [ 2 , 3 , 4 , 5 ],1 [ 2 [ 4 [ 3 , 5 ] ] ]) 1.26451271
0.15556421 :(1 [ 2 , 3 , 4 , 5 ],1 [ 2 [ 4 [ 3 ] , 5 ] ]) 1.26451271
0.153498723 :(1 [ 2 , 3 , 4 , 5 ],1 [ 2 [ 3 , 4 , 5 ] ]) 1.26451271
0.154067969 :(1 [ 2 , 3 , 4 , 5 ],1 [ 2 [ 3 , 5 ] , 4 ]) 1.26451271
0.154291731 :(1 [ 2 , 3 , 4 , 5 ],1 [ 2 [ 3 [ 4 ] , 5 ] ]) 1.26451271
0.155736688 :(1 [ 2 , 3 , 4 , 5 ],1 [ 2 [ 3 , 5 [ 4 ] ] ]) 1.26451271
0.158526809 :(1 [ 2 , 3 , 4 , 5 ],1 [ 2 [ 5 [ 4 [ 3 ] ] ] ]) 1.26451271
0.155730703 :(1 [ 2 , 3 , 4 , 5 ],1 [ 2 [ 5 [ 3 , 4 ] ] ]) 1.26451271
0.154221716 :(1 [ 2 , 3 , 4 , 5 ],1 [ 2 [ 5 [ 3 ] ] , 4 ]) 1.26451271
0.157952692 :(1 [ 2 , 3 , 4 , 5 ],1 [ 2 [ 5 [ 3 [ 4 ] ] ] ]) 1.26451271
0.160236198 :(1 [ 2 , 3 , 4 , 5 ],1 [ 2 [ 5 ] , 4 [ 3 ] ]) 1.26451271
0.154672242 :(1 [ 2 , 3 , 4 , 5 ],1 [ 2 , 4 [ 3 ] , 5 ]) 1.26451271
0.155973559 :(1 [ 2 , 3 , 4 , 5 ],1 [ 2 , 4 [ 3 [ 5 ] ] ]) 1.26451271
0.152814523 :(1 [ 2 , 3 , 4 , 5 ],1 [ 2 , 4 [ 3 , 5 ] ]) 1.26451271
0.16198307 :(1 [ 2 , 3 , 4 , 5 ],1 [ 2 , 5 [ 4 [ 3 ] ] ]) 1.26451271
0.160934343 :(1 [ 2 , 3 , 4 , 5 ],1 [ 2 [ 3 [ 4 [ 5 ] ] ] ]) 1.26451271
0.158669918 :(1 [ 2 , 3 , 4 , 5 ],1 [ 2 [ 3 [ 4 ] ] , 5 ]) 1.26451271
0.156186112 :(1 [ 2 , 3 , 4 , 5 ],1 [ 2 [ 3 [ 4 , 5 ] ] ]) 1.26451271
0.155708654 :(1 [ 2 , 3 , 4 , 5 ],1 [ 2 , 5 [ 3 [ 4 ] ] ]) 1.26451271
0.149284246 :(1 [ 2 , 3 , 4 , 5 ],1 [ 2 , 4 , 5 [ 3 ] ]) 1.26451271
0.155148672 :(1 [ 2 , 3 , 4 , 5 ],1 [ 2 , 5 [ 3 , 4 ] ]) 1.26451271
0.152861129 :(1 [ 2 , 3 , 4 , 5 ],1 [ 2 , 4 [ 5 [ 3 ] ] ]) 1.26451271
0.161186263 :(1 [ 2 , 3 , 4 , 5 ],1 [ 2 [ 3 [ 5 [ 4 ] ] ] ]) 1.26451271
0.156403774 :(1 [ 2 , 3 , 4 , 5 ],1 [ 2 [ 3 [ 5 ] ] , 4 ]) 1.26451271
0.164688864 :(1 [ 2 , 3 , 4 , 5 ],1 [ 2 [ 3 ] , 4 , 5 ]) 1.26451271
0.156029418 :(1 [ 2 , 3 , 4 , 5 ],1 [ 2 [ 3 ] , 4 [ 5 ] ]) 1.26451271
0.157788377 :(1 [ 2 , 3 , 4 , 5 ],1 [ 2 [ 3 ] , 5 [ 4 ] ]) 1.26451271
0.186292045 :(1 [ 2 , 3 , 4 , 5 ],1 [ 3 [ 2 ] , 5 [ 4 ] ]) 1.26451271
0.159157739 :(1 [ 2 , 3 , 4 , 5 ],1 [ 5 [ 4 [ 2 [ 3 ] ] ] ]) 1.26451271
0.155703902 :(1 [ 2 , 3 , 4 , 5 ],1 [ 5 [ 2 [ 3 ] , 4 ] ]) 1.26451271
0.150331733 :(1 [ 2 , 3 , 4 , 5 ],1 [ 5 [ 4 [ 3 [ 2 ] ] ] ]) 1.26451271
0.153519766 :(1 [ 2 , 3 , 4 , 5 ],1 [ 5 [ 3 [ 2 ] , 4 ] ]) 1.26451271
0.178015274 :(1 [ 2 , 3 , 4 , 5 ],1 [ 3 [ 2 , 5 [ 4 ] ] ]) 1.26451271
0.158710774 :(1 [ 2 , 3 , 4 , 5 ],1 [ 4 [ 5 [ 3 [ 2 ] ] ] ]) 1.26451271
0.157898728 :(1 [ 2 , 3 , 4 , 5 ],1 [ 3 [ 2 ] , 4 [ 5 ] ]) 1.26451271
0.157623766 :(1 [ 2 , 3 , 4 , 5 ],1 [ 4 [ 2 [ 3 ] , 5 ] ]) 1.26451271
0.160485654 :(1 [ 2 , 3 , 4 , 5 ],1 [ 4 [ 5 [ 2 [ 3 ] ] ] ]) 1.26451271
0.159303312 :(1 [ 2 , 3 , 4 , 5 ],1 [ 4 [ 3 [ 2 ] , 5 ] ]) 1.26451271
0.150801993 :(1 [ 2 , 3 , 4 , 5 ],1 [ 3 [ 2 , 4 [ 5 ] ] ]) 1.26451271
0.175502287 :(1 [ 2 , 3 , 4 , 5 ],1 [ 3 [ 2 [ 4 [ 5 ] ] ] ]) 1.26451271
0.155504544 :(1 [ 2 , 3 , 4 , 5 ],1 [ 3 [ 2 [ 5 [ 4 ] ] ] ]) 1.26451271
0.157922984 :(1 [ 2 , 3 , 4 , 5 ],1 [ 3 [ 2 [ 5 ] ] , 4 ]) 1.26451271
0.166779139 :(1 [ 2 , 3 , 4 , 5 ],1 [ 3 [ 2 [ 4 , 5 ] ] ]) 1.26451271
0.15203596 :(1 [ 2 , 3 , 4 , 5 ],1 [ 3 [ 2 [ 5 ] , 4 ] ]) 1.26451271
0.154312733 :(1 [ 2 , 3 , 4 , 5 ],1 [ 3 [ 2 , 4 ] , 5 ]) 1.26451271
0.158282564 :(1 [ 2 , 3 , 4 , 5 ],1 [ 3 [ 2 , 4 , 5 ] ]) 1.26451271
0.152861282 :(1 [ 2 , 3 , 4 , 5 ],1 [ 3 [ 2 , 5 ] , 4 ]) 1.26451271
0.154677398 :(1 [ 2 , 3 , 4 , 5 ],1 [ 3 [ 2 [ 4 ] , 5 ] ]) 1.26451271
0.154470949 :(1 [ 2 , 3 , 4 , 5 ],1 [ 3 [ 2 [ 4 ] ] , 5 ]) 1.26451271
0.153309826 :(1 [ 2 , 3 , 4 , 5 ],1 [ 3 [ 2 ] , 4 , 5 ]) 1.26451271
0.154482977 :(1 [ 2 , 3 , 4 , 5 ],1 [ 4 [ 2 [ 3 ] ] , 5 ]) 1.26451271
0.161645441 :(1 [ 2 , 3 , 4 , 5 ],1 [ 4 , 5 [ 2 [ 3 ] ] ]) 1.26451271
0.158110503 :(1 [ 2 , 3 , 4 , 5 ],1 [ 4 [ 3 [ 2 ] ] , 5 ]) 1.26451271
0.15843987 :(1 [ 2 , 3 , 4 , 5 ],1 [ 4 , 5 [ 3 [ 2 ] ] ]) 1.26451271
0.15878529 :(1 [ 2 , 3 , 4 , 5 ],1 [ 5 [ 3 [ 2 [ 4 ] ] ] ]) 1.26451271
0.159361597 :(1 [ 2 , 3 , 4 , 5 ],1 [ 5 [ 3 [ 2 , 4 ] ] ]) 1.26451271
0.15485596 :(1 [ 2 , 3 , 4 , 5 ],1 [ 5 [ 2 [ 3 [ 4 ] ] ] ]) 1.26451271
0.163402187 :(1 [ 2 , 3 , 4 , 5 ],1 [ 5 [ 2 [ 3 , 4 ] ] ]) 1.26451271
0.174689653 :(1 [ 2 , 3 , 4 , 5 ],1 [ 4 [ 2 [ 3 , 5 ] ] ]) 1.26451271
0.153552861 :(1 [ 2 , 3 , 4 , 5 ],1 [ 4 [ 3 [ 2 [ 5 ] ] ] ]) 1.26451271
0.15552695 :(1 [ 2 , 3 , 4 , 5 ],1 [ 4 [ 3 [ 2 , 5 ] ] ]) 1.26451271
0.154686803 :(1 [ 2 , 3 , 4 , 5 ],1 [ 4 [ 2 [ 3 [ 5 ] ] ] ]) 1.26451271
0.153667627 :(1 [ 2 , 3 , 4 , 5 ],1 [ 3 [ 5 ] , 4 [ 2 ] ]) 1.26451271
0.153037151 :(1 [ 2 , 3 , 4 , 5 ],1 [ 4 [ 2 ] , 5 [ 3 ] ]) 1.26451271
0.15380591 :(1 [ 2 , 3 , 4 , 5 ],1 [ 4 [ 2 [ 5 [ 3 ] ] ] ]) 1.26451271
0.156532409 :(1 [ 2 , 3 , 4 , 5 ],1 [ 4 [ 2 , 3 [ 5 ] ] ]) 1.26451271
0.158880721 :(1 [ 2 , 3 , 4 , 5 ],1 [ 4 [ 2 , 5 [ 3 ] ] ]) 1.26451271
0.154709219 :(1 [ 2 , 3 , 4 , 5 ],1 [ 4 [ 5 [ 2 , 3 ] ] ]) 1.26451271
0.152558576 :(1 [ 2 , 3 , 4 , 5 ],1 [ 3 [ 5 [ 2 ] ] , 4 ]) 1.26451271
0.155123591 :(1 [ 2 , 3 , 4 , 5 ],1 [ 4 , 5 [ 2 , 3 ] ]) 1.26451271
0.158733071 :(1 [ 2 , 3 , 4 , 5 ],1 [ 4 [ 3 [ 5 [ 2 ] ] ] ]) 1.26451271
0.160568071 :(1 [ 2 , 3 , 4 , 5 ],1 [ 4 [ 3 ] , 5 [ 2 ] ]) 1.26451271
0.150744338 :(1 [ 2 , 3 , 4 , 5 ],1 [ 4 [ 2 [ 5 ] , 3 ] ]) 1.26451271
0.155031037 :(1 [ 2 , 3 , 4 , 5 ],1 [ 4 [ 3 , 5 [ 2 ] ] ]) 1.26451271
0.177140644 :(1 [ 2 , 3 , 4 , 5 ],1 [ 3 , 4 [ 5 [ 2 ] ] ]) 1.26451271
0.151848396 :(1 [ 2 , 3 , 4 , 5 ],1 [ 3 , 4 , 5 [ 2 ] ]) 1.26451271
0.151809041 :(1 [ 2 , 3 , 4 , 5 ],1 [ 3 , 4 [ 2 [ 5 ] ] ]) 1.26451271
0.1514675 :(1 [ 2 , 3 , 4 , 5 ],1 [ 3 , 4 [ 2 ] , 5 ]) 1.26451271
0.157941162 :(1 [ 2 , 3 , 4 , 5 ],1 [ 3 , 4 [ 2 , 5 ] ]) 1.26451271
0.157633926 :(1 [ 2 , 3 , 4 , 5 ],1 [ 4 [ 2 , 3 , 5 ] ]) 1.26451271
0.15353934 :(1 [ 2 , 3 , 4 , 5 ],1 [ 4 [ 2 , 3 ] , 5 ]) 1.26451271
0.155709236 :(1 [ 2 , 3 , 4 , 5 ],1 [ 3 [ 4 [ 2 ] ] , 5 ]) 1.26451271
0.154281255 :(1 [ 2 , 3 , 4 , 5 ],1 [ 5 [ 2 [ 4 [ 3 ] ] ] ]) 1.26451271
0.162357971 :(1 [ 2 , 3 , 4 , 5 ],1 [ 5 [ 3 [ 4 [ 2 ] ] ] ]) 1.26451271
0.154641337 :(1 [ 2 , 3 , 4 , 5 ],1 [ 5 [ 4 [ 2 , 3 ] ] ]) 1.26451271
0.159596437 :(1 [ 2 , 3 , 4 , 5 ],1 [ 3 [ 4 [ 2 , 5 ] ] ]) 1.26451271
0.156121186 :(1 [ 2 , 3 , 4 , 5 ],1 [ 3 [ 4 [ 2 [ 5 ] ] ] ]) 1.26451271
0.149599919 :(1 [ 2 , 3 , 4 , 5 ],1 [ 3 [ 4 [ 2 ] , 5 ] ]) 1.26451271
0.155391012 :(1 [ 2 , 3 , 4 , 5 ],1 [ 3 [ 5 [ 2 [ 4 ] ] ] ]) 1.26451271
0.158468426 :(1 [ 2 , 3 , 4 , 5 ],1 [ 3 [ 5 [ 4 [ 2 ] ] ] ]) 1.26451271
0.153539294 :(1 [ 2 , 3 , 4 , 5 ],1 [ 3 , 5 [ 4 [ 2 ] ] ]) 1.26451271
0.157110065 :(1 [ 2 , 3 , 4 , 5 ],1 [ 3 , 5 [ 2 [ 4 ] ] ]) 1.26451271
0.155875122 :(1 [ 2 , 3 , 4 , 5 ],1 [ 5 [ 2 [ 4 ] , 3 ] ]) 1.26451271
0.161950599 :(1 [ 2 , 3 , 4 , 5 ],1 [ 5 [ 3 , 4 [ 2 ] ] ]) 1.26451271
0.153899513 :(1 [ 2 , 3 , 4 , 5 ],1 [ 5 [ 2 , 3 , 4 ] ]) 1.26451271
0.154492083 :(1 [ 2 , 3 , 4 , 5 ],1 [ 5 [ 2 , 3 [ 4 ] ] ]) 1.26451271
0.154913638 :(1 [ 2 , 3 , 4 , 5 ],1 [ 3 [ 4 ] , 5 [ 2 ] ]) 1.26451271
0.154599685 :(1 [ 2 , 3 , 4 , 5 ],1 [ 5 [ 2 , 4 [ 3 ] ] ]) 1.26451271
0.151837577 :(1 [ 2 , 3 , 4 , 5 ],1 [ 3 , 5 [ 2 , 4 ] ]) 1.26451271
0.154289043 :(1 [ 2 , 3 , 4 , 5 ],1 [ 3 [ 4 [ 5 [ 2 ] ] ] ]) 1.26451271
0.153811032 :(1 [ 2 , 3 , 4 , 5 ],1 [ 3 [ 5 [ 2 , 4 ] ] ]) 1.26451271
0.15114133 :(1 [ 2 , 3 , 4 , 5 ],1 [ 3 [ 4 , 5 [ 2 ] ] ]) 1.26451271
